0;28.479620214587953;6.78898289208388;0.662603
50;36.9448010000251;5.972983954714659;37.107515
100;37.37776583387426;3.921401446957512;73.356561
150;37.45222297803388;5.807018572322471;110.472167
200;37.626268488518356;5.203860082212124;146.470759
250;37.573027395577185;5.108857653263695;183.063736
300;40.37560008297214;5.562116780208906;218.818242
350;39.77009422339988;7.464989785937244;251.193111
400;40.359244816039286;8.499800480459545;284.000935
450;44.13019748480181;9.363544017128978;317.360716
500;43.31152967202881;10.112605464599516;350.873227
550;43.978522478212206;10.287468107743823;384.60265
600;45.38898252272979;10.145379399329006;417.505759
650;45.60538887055834;10.225494755571258;449.612308
700;45.531247622103145;10.21086232576072;482.839843
750;45.96498375061264;10.668486445277367;515.362333
800;45.22446012945949;10.892320716024411;547.617561
850;45.34316566046472;10.793371966965688;579.980112
900;46.310566551058336;11.15575558513894;611.182297
950;46.32214238098937;11.433697860238265;643.697649
1000;45.74260302405234;11.632735032328734;674.628978
1050;45.68337599465613;11.90714200209461;705.808546
1100;45.49008488260733;12.169710852489581;735.778004
1150;44.66736027516992;12.465278950910578;767.01599
1200;45.45176736286064;12.649506054518518;798.98631
1250;45.0595322769892;12.719288922563662;831.697728
1300;45.50321591560062;12.95316988652254;864.60379
1350;45.93957978141554;13.13871654200088;897.462976
1400;45.770230692349266;13.522488779793587;931.059521
1450;45.04219917588483;13.735067889796392;963.65664
1500;45.819574021957514;13.93524269742631;996.20972
1550;46.349955003162556;14.16458432249312;1029.864568
1600;46.67236758151862;14.271545315711501;1060.823489
1650;46.77706775484948;14.384037781237224;1093.182835
1700;47.07547976554234;14.8021831667872;1125.194133
1750;46.66822218565078;15.037795628062652;1157.086063
1800;46.81452311322712;15.278680548039096;1190.233549
1850;46.16298829666993;15.329945785592962;1222.810687
1900;46.33492453390769;15.519264688509335;1254.772062
1950;47.607794292876655;15.816375450946733;1288.891408
2000;51.715889680435524;16.04357851252644;1322.380701
2050;52.151377771121695;16.388047515836305;1355.753835
2100;52.59330937647737;16.626993187644125;1389.163506
2150;53.358247570438515;16.73128292092372;1422.478247
2200;53.55443365919082;17.108096446897815;1454.812361
2250;53.59509035699444;17.276207929511774;1488.353367
2300;53.477017789406005;17.576007192884166;1521.296613
2350;53.24981547810481;17.766598060490423;1555.924779
2400;53.413650180244865;18.045394786345252;1590.02833
2450;53.252924942493934;18.362648242076027;1623.544978
2500;53.68587304055045;18.691254073250953;1656.984645
2550;52.826999412579625;19.004701196580395;1690.063339
2600;53.39450277480562;19.373027550983878;1725.028147
2650;51.52197224138209;19.560949324780296;1755.796455
2700;52.397583290970644;19.76023487180256;1788.348944
2750;52.656674405522175;19.86549539253364;1819.038465
2800;53.67025513889701;20.06048655763629;1851.929141
2850;53.61395896662524;20.238334612320525;1885.843904
2900;56.874365732524595;20.345703466662815;1918.511245
2950;72.6761333778641;20.55864834388888;1952.027301
3000;75.83272311036416;20.897335125311162;1986.788942
3050;76.02921127257488;21.11135168084113;2020.947906
3100;75.03196264582095;21.290884507298582;2055.139505
3150;80.76742945742393;21.53616972401531;2086.316417
3200;81.17112598509462;21.805748535944478;2120.113415
3250;81.81461211792018;22.17146132075998;2151.351938
3300;82.91160861737455;22.357123760321002;2185.517503
3350;83.68636887298481;22.404809703306594;2220.202848
3400;82.97263428983177;22.4460761095012;2256.423749
3450;85.29365912656199;22.49645633535777;2290.287909
3500;83.1719403178489;22.659940080102974;2325.438807
3550;80.35561798357872;22.76716128557296;2360.540881
3600;81.19576221264518;22.736551189483762;2396.931473
3650;86.50697317591472;22.80996125679713;2432.142917
3700;90.0330529947094;23.078516784228412;2465.889947
3750;89.92619070218961;23.367303210335464;2500.979602
3800;88.69636729498534;23.601794325680434;2534.186764
3850;92.03128986171619;23.93247196938792;2568.017545
3900;86.8944906497844;23.962532001800678;2601.421373
3950;85.96390562030454;24.11838490460782;2633.430605
4000;86.43352394323205;24.261913897071786;2666.38186
4050;87.26532703292033;24.39904497495084;2698.574036
4100;88.27504205418174;24.552382434908814;2732.517354
4150;87.48205968845994;24.679394355227966;2766.729461
4200;87.5109489186737;24.80372119034513;2799.434046
4250;88.40109169258531;24.954418569900646;2831.762461
4300;87.91908279007542;24.898980582990948;2865.0363
4350;87.92927063845818;24.9753143227583;2897.760774
4400;90.78427697131752;25.114633393015218;2929.232754
4450;91.01943756745803;25.231844453771767;2961.773489
4500;92.17028819510848;25.311057518563718;2995.086333
4550;93.17237896299703;25.414886595191287;3027.378295
4600;91.89242299065843;25.376542959345603;3061.178241
4650;93.4450541035093;25.509692102254498;3094.274623
4700;92.88788709828354;25.517445498660337;3128.024202
4750;94.05248509965115;25.635586612299413;3162.992942
4800;94.85882520505686;25.68258506749749;3196.927387
4850;94.49847784539477;25.786048014440354;3231.890877
4900;94.10905577881715;25.962871195961267;3267.764406
4950;94.6513198656362;26.072556234428628;3301.568309
5000;94.5982449019249;26.219681442057883;3335.623345
5050;94.40779874580623;26.296715421489388;3369.882771
5100;94.13542565785825;26.45555731600429;3403.689148
5150;94.48552200725655;26.505253130192408;3438.764187
5200;94.18280473192264;26.631354218633263;3472.741169
5250;93.9185334545736;26.689013230892943;3506.094321
5300;94.47535231388748;26.796709074543074;3541.216871
5350;94.40762963171237;26.891025995842245;3575.825452
5400;94.78459291367444;26.95670892365912;3613.35128
5450;94.56530723890793;27.077059769776763;3647.841716
5500;94.04455844745239;27.11783539922886;3682.64181
5550;94.61196320531286;27.186560011324925;3716.908682
5600;94.53681062125742;27.307647552809975;3750.390393
5650;92.1887267729826;27.38140541421859;3784.287625
5700;93.38085167427894;27.521603291981705;3818.355109
5750;88.9706263744033;27.599163689487177;3852.311458
5800;88.74959998366111;27.634783007653642;3887.192944
5850;94.88063741870978;27.68355586787029;3920.389305
5900;86.1722422446977;27.85800246737519;3953.432315
5950;87.58204031287448;27.906432324119855;3987.113073
6000;92.43133892939221;27.99343091717852;4019.709361
6050;94.60416944626141;28.07861428472819;4052.184934
6100;95.02485313296148;28.099648731251076;4085.235337
6150;94.33488537544757;28.1318136366032;4119.794582
6200;94.8562694465216;28.048441309542195;4152.806499
6250;94.43619496256764;27.990679691131845;4185.617745
6300;91.61643003832863;27.98130175045349;4218.211737
6350;91.70139426254711;27.99086121410179;4250.871976
6400;91.66698224378437;27.915710102387504;4283.694667
6450;95.69620675209347;27.92649676469837;4315.032057
6500;95.9125796528727;27.89936573209774;4346.297639
6550;96.04973950009344;27.88551247497785;4378.132099
6600;94.769336459436;27.83185241367459;4410.192132
6650;95.99317417514942;27.849932832086836;4442.003064
6700;95.44003166546835;27.879992663566252;4474.061189
6750;95.83277663206407;27.819633094270102;4506.665808
6800;98.02482780892915;27.864894026311916;4538.62687
6850;97.17546001109882;27.994500985510903;4570.225166
6900;94.89120090997814;28.1180498046528;4600.517217
6950;93.96674213106367;28.204247622385193;4631.471518
7000;94.30948841605984;28.269377406640388;4663.961675
7050;94.32991423139926;28.36750154502036;4695.771862
7100;94.56681304509844;28.401685047868245;4727.904643
7150;94.19870052165379;28.42450616058651;4760.284344
7200;93.8968452814649;28.52017587880578;4792.336747
7250;93.06183158815418;28.705155612275174;4823.302699
7300;96.16945464363079;28.8190961890486;4853.426883
7350;100.89185596983461;28.970646332635862;4883.66531
7400;100.44166773976849;29.08867576422927;4914.628943
7450;100.08339063248552;29.138188346129578;4945.551357
7500;100.49300349850174;29.291961043967262;4976.360065
7550;100.61681155475972;29.478098640660104;5007.524505
7600;100.2817259308474;29.60523644803999;5039.299718
7650;100.2798628922942;29.730513656240696;5070.570014
7700;99.71241805506439;29.872003238835454;5102.044213
7750;99.58244154693185;29.961913163655947;5132.762535
7800;100.33020606352915;30.08155092783511;5163.829699
7850;100.05477313533176;30.205969440792103;5194.699181
7900;103.14658067287532;30.31495338707819;5224.735015
7950;102.95855983188622;30.301743205021776;5255.986879
8000;102.99664070166847;30.230287946582813;5287.371985
8050;103.00721634230712;30.132786167824726;5318.657484
8100;102.88987404156019;30.15242855518382;5350.062521
8150;102.82387780378886;30.0964880757324;5380.921567
8200;102.71290701480274;30.09623249704409;5412.154915
8250;103.22438933183368;30.072717867556356;5443.538295
8300;102.94744036977836;30.133653375619005;5474.558023
8350;103.33582650949694;30.06904576927419;5504.879531
8400;102.67344061292879;30.033901738751236;5535.675077
8450;102.86210006747523;30.00742707375384;5567.306656
8500;102.55807846313708;29.965766917350216;5598.544127
8550;102.94941813203161;29.9174624594503;5629.497723
8600;103.12917043312856;29.9018329147238;5660.863205
8650;102.76991934673342;29.921318657496712;5691.909072
8700;103.14833014055017;29.86224845638409;5723.959445
8750;103.14140845733527;29.811136517150384;5755.281669
8800;102.90945345926254;29.853457187158188;5786.733191
8850;102.73563504903821;29.82837281602373;5817.867267
8900;102.36287583274469;29.731066408608623;5849.854873
8950;102.6900945754373;29.720840741465185;5880.578117
9000;103.07651208827525;29.701672567510105;5912.157839
9050;102.76275667624151;29.726654042869615;5943.482805
9100;103.30985760306793;29.667498214091584;5974.670863
9150;104.95687154858786;29.610766183122607;6005.839909
9200;105.21499060863691;29.595034560256934;6036.70797
9250;104.93683896144708;29.678490190268743;6068.963463
9300;104.78850146197472;29.59808749827584;6100.55898
9350;105.98935855463118;29.594541940033118;6132.17895
9400;104.96101062473325;29.62982701562656;6163.632647
9450;104.90844397738474;29.59032415768938;6195.201324
9500;105.07935758970473;29.657772949352815;6226.606203
9550;104.82007474831008;29.670099813070472;6257.774592
9600;104.83729939877686;29.622330663516422;6289.938371
9650;103.99772743713062;29.6137325070055;6321.329346
9700;105.3903159938826;29.69248178924033;6352.125336
9750;105.07897839729888;29.729427314637988;6383.417295
9800;104.44245432737802;29.78714882847386;6416.326244
9850;104.83694548351977;29.82097155253487;6448.144077
9900;104.33944563755007;29.774723331492865;6480.197663
9950;105.04644250404857;29.79822077818277;6511.492689
10000;104.37625749002193;29.774397403154516;6544.151569
10050;104.48643156510016;29.780086023178214;6576.798321
10100;104.26348018690365;29.740786545710833;6607.601379
10150;105.41556894759087;29.72189148501916;6639.663306
10200;104.725189481463;29.76940439607578;6670.726771
10250;105.22024538386054;29.821982111788547;6701.904309
10300;104.93909867325874;29.848936200056844;6733.870205
10350;105.33082981805188;29.921939575470965;6765.308913
10400;105.14121075200038;30.03499074122442;6796.394183
10450;105.13985688681012;30.10182903466111;6827.596256
10500;107.35002708230455;30.183505216625598;6858.12219
10550;107.51826991809003;30.321563278002433;6888.154573
10600;107.14642824651146;30.458134016778608;6917.936263
10650;106.95400466689364;30.5827800402966;6948.507015
10700;108.17926089342389;30.74454247845633;6978.195725
10750;107.55781835391717;30.829324928973225;7007.978969
10800;107.75044288249093;30.92305813429058;7036.99656
10850;107.66786689906658;31.05380643375985;7067.873524
10900;107.86541963624957;31.15910477942089;7097.891624
10950;107.45691902922088;31.29556257961972;7129.233259
11000;107.2792508650771;31.461653327183413;7158.604925
11050;107.75614830494729;31.55757598978186;7189.079456
11100;107.68181065209716;31.68887653263822;7219.109342
11150;107.33345661305164;31.84206121958747;7248.828999
11200;107.78835070726451;31.92168173829799;7278.649226
11250;107.48179443863489;31.968539197130706;7308.944883
11300;108.00825984162657;32.03944354137762;7340.016757
11350;107.80677921004379;32.13593018134588;7370.074241
11400;107.68957399110681;32.21454807558654;7399.309899
11450;107.55765297514057;32.28711380922239;7429.194764
11500;107.64090018899331;32.40565221850316;7460.274428
11550;107.45447666176732;32.523104232935296;7490.052705
11600;107.61731598820349;32.672836397876054;7520.383606
11650;107.51094257854206;32.74786718790219;7550.874957
11700;107.27143600660557;32.8755767729683;7582.404037
11750;107.51645164223218;33.01306676071133;7613.318506
11800;107.25629760503857;33.107359295697854;7643.324608
11850;107.69269018826618;33.17052835969076;7673.106042
11900;108.00034271839402;33.31720927280515;7704.088117
11950;107.99183775740804;33.40811289787383;7734.881863
12000;107.38490925322972;33.50621980940125;7766.088883
12050;107.72632312673456;33.614287542917964;7796.780708
12100;107.72319736665543;33.739634381325466;7828.750197
12150;106.94005386483201;33.80872778884292;7859.718664
12200;107.8230014357272;33.91904864895071;7890.237559
12250;107.46354091095107;34.03186877984844;7919.398295
12300;107.35777243047143;34.15400323065959;7949.476197
12350;107.86076189338499;34.21830735049049;7980.171614
12400;107.59864358298586;34.3111720729224;8009.987424
12450;108.11753667373328;34.42189938936236;8039.690488
12500;107.34623126622074;34.51541494672398;8069.851805
12550;107.7990095608447;34.60350130063947;8100.272382
12600;107.6222664713022;34.651056664641466;8129.984709
12650;107.62820131842494;34.69443783567317;8159.730321
12700;107.94135562233511;34.78911778144304;8189.844679
12750;107.49504343709368;34.88875240698508;8219.155408
12800;108.06944612607886;34.99855857765503;8248.576076
12850;107.34981308188469;35.06322216178865;8279.141393
12900;107.66893431911947;35.1655574937477;8309.722877
12950;107.56627691595062;35.263902067962526;8339.474416
13000;107.81554820898158;35.34652342476266;8370.896943
13050;107.02405149144474;35.41231393339529;8402.450265
13100;107.8574999924514;35.49308149928661;8435.121035
13150;108.07411838615396;35.590579525504616;8465.8541
13200;107.95437637479364;35.65324964725142;8495.107202
13250;107.43968790973724;35.70224129496498;8524.304946
13300;107.37215330242121;35.79885133670021;8554.85605
13350;108.04215994162992;35.863372108047486;8584.924757
13400;107.88000241162167;35.90195396760605;8616.50187
13450;107.79160283335423;35.985563544571356;8647.074133
13500;107.35566184621875;36.0752645463759;8677.608647
13550;107.23632664616274;36.104552050682905;8707.873175
13600;107.15217036798414;36.135498996176864;8737.583669
13650;107.15430168473684;36.189165939676755;8769.247583
13700;108.31189175425706;36.25223360354215;8799.919295
13750;107.80671860750276;36.333981672135046;8829.797716
13800;107.71920892251065;36.405771296394036;8859.689887
13850;107.21172612689415;36.48398308338722;8889.616482
13900;107.22598835817752;36.482251074607746;8919.660494
13950;107.837616428037;36.534599481414865;8949.788732
14000;107.86682745639355;36.623207126754465;8980.075893
14050;106.89388991797982;36.70701398317139;9010.26478
14100;106.75872672976051;36.7573168553446;9039.837934
14150;104.85632907329716;36.829959728138185;9068.947128
14200;104.7071381986721;36.81131594557913;9098.165219
14250;105.10554720954562;36.883130089455804;9127.502211
14300;104.93064524615336;36.93917633635877;9157.279506
14350;106.66404701189512;36.94468163304477;9186.856378
14400;105.23772073888527;36.94495827477546;9215.957386
14450;106.16995149916039;36.92352088316793;9245.287959
14500;107.23225903763486;36.9471375093943;9275.642284
14550;106.57241085504364;36.936599225669774;9307.070745
14600;107.01773289835977;36.96234672868224;9337.185117
14650;106.74556701041601;36.95502529297153;9367.04174
14700;106.82491076626845;36.97645631555891;9396.943784
14750;107.17449883833662;36.99868132028459;9426.653989
14800;106.61396948976775;36.97753764741364;9456.453123
14850;108.26655949715033;36.975180414656556;9485.907669
14900;107.77558491892113;36.967356910236006;9514.969626
14950;108.92597784520378;37.02586799281678;9544.710961
15000;109.49879687065939;37.02842803027674;9574.757119
15050;109.93456390517517;37.06000998043572;9604.414836
15100;109.47317820161913;37.07332781886257;9633.30864
15150;107.80340865305898;37.08291565358655;9661.874297
15200;107.67990116020785;37.140227831774055;9691.356034
15250;109.18857797708154;37.15585426697348;9720.865197
15300;107.79498191061401;37.191617857588746;9749.539574
15350;110.46089704590719;37.215516419518536;9777.657617
15400;110.9568170840838;37.23430548035641;9806.93879
15450;110.66696969489475;37.27132791357516;9835.25518
15500;110.77944110047358;37.30729302713284;9864.224229
15550;110.42551546535309;37.34787758420059;9893.411213
15600;110.40862758111578;37.322118942717516;9922.484944
15650;109.98986934366381;37.336651453816216;9951.505011
15700;113.30721724560603;37.368321889000896;9980.608429
15750;112.4111260830009;37.421886485916595;10009.23397
15800;115.41575714778632;37.46697167806847;10037.874926
15850;113.09755099445972;37.49596669784464;10066.707984
15900;113.7736694011105;37.562999069798515;10096.054112
15950;113.55610491711424;37.588009127657344;10125.210244
16000;107.51987017979093;37.63838008225107;10153.948922
16050;108.48274901255778;37.683267693158875;10183.477735
16100;110.17214165161448;37.746379225967566;10211.590409
16150;109.50027802306262;37.78336081093818;10239.780033
16200;110.23577642259227;37.842584572014076;10268.727728
16250;109.89218459582436;37.89210600216883;10297.956119
16300;109.69883467478142;37.950872822023996;10326.133133
16350;110.11087360663343;38.01794694648755;10354.832616
16400;109.76816818502272;38.054040001410655;10383.770138
16450;109.57720265757123;38.085984956469154;10415.818729
16500;108.95198566286153;38.13265700702365;10446.450961
16550;108.19791061786749;38.15257399355923;10475.627436
16600;115.39537452709328;38.126578742574495;10504.474424
16650;128.39633864662383;38.10186583192331;10532.184028
16700;130.23264099081283;38.02149127734044;10560.997603
16750;179.08764509419842;37.93366087291008;10589.611078
16800;189.99174919728938;37.872891140313435;10617.840525
16850;180.73938767606506;37.82382845429682;10646.318018
16900;183.399076902839;37.76479340077655;10674.240034
16950;206.1059544752947;37.695891914252954;10702.281157
17000;207.66094738748285;37.661266115126864;10730.055371
17050;207.8480056758644;37.6025196588078;10757.943173
17100;218.16160323836937;37.59345921859303;10785.851136
17150;216.3764858585576;37.56888353969141;10814.199874
17200;216.89005799834078;37.55683078515044;10842.551028
17250;218.22997164537188;37.510102142139736;10870.831099
17300;232.33073954776665;37.457800784180336;10899.818864
17350;230.61442344420874;37.37549137174475;10928.944312
17400;233.41155501706777;37.35366132244275;10957.994529
17450;232.80147751070686;37.26317191770097;10986.916264
17500;233.40168034669097;37.17759813660948;11015.794474
17550;232.18100914209168;37.14470526896544;11044.342117
17600;230.00712847602324;37.08511471266486;11073.689715
17650;234.08420552298168;37.015747148755246;11103.655497
17700;233.00868866634195;36.985959178852625;11132.668454
17750;231.94945162151834;36.87865983823461;11161.35268
17800;232.91013396703514;36.79016637305636;11190.878976
17850;230.8343788613665;36.7409769533213;11219.954979
17900;232.71200190936716;36.67757974445272;11249.208512
17950;231.28557211652893;36.599785919481725;11278.091882
18000;232.02387259206182;36.514757468545284;11307.689772
18050;231.72144380353035;36.425667862316836;11337.554133
18100;231.7525517274965;36.34907649420865;11367.224899
18150;231.20480896027908;36.29001349286997;11396.037473
18200;233.0454844280253;36.19347552775629;11425.485318
18250;232.85982872651692;36.142903610650556;11454.866582
18300;232.12446364136875;36.07429780978096;11485.084379
18350;232.69775094515768;36.010874876762685;11514.59843
18400;233.92531987895552;35.93729104932066;11544.863452
18450;233.06924219186098;35.88941348129529;11573.961407
18500;231.86993401002186;35.856241347983;11602.715752
18550;232.3403782110047;35.79050133861164;11633.94299
18600;232.68402023182432;35.71968998339018;11663.039136
18650;232.2388949752017;35.6682825599415;11691.981126
18700;232.3653918962176;35.61613492128048;11721.021835
18750;230.9481836703133;35.54741535392893;11750.223491
18800;232.69800943165149;35.508218319565565;11778.831538
18850;234.61732533249034;35.45723920462879;11808.36148
18900;232.35272966823777;35.365009079494314;11837.739391
18950;231.4182847202671;35.298950055276364;11867.00122
19000;232.56841272102704;35.247405469111385;11895.442915
19050;232.3630477638183;35.176005919345776;11924.567127
19100;232.8924269995254;35.09878171821468;11953.849369
19150;232.977780101802;35.04996186300668;11983.271791
19200;232.60439665845325;35.00068542075474;12012.392747
19250;232.3151117950703;34.96385531350275;12040.619629
19300;230.6638584318525;34.90789133740502;12069.611521
19350;233.64727099353905;34.82803343232388;12098.252945
19400;233.17588826862266;34.75001345527378;12127.815807
19450;231.81877309644292;34.72676489515046;12156.504568
19500;231.4837604542141;34.65250354704017;12186.610432
19550;231.73066721062307;34.59962403098665;12216.36423
19600;233.21599553812123;34.57098271691769;12247.118094
19650;233.88792813416111;34.52625558210986;12276.245134
19700;233.71482427943968;34.48926811577195;12305.355967
19750;231.63336018934558;34.43956645648793;12334.280168
19800;240.7497011868778;34.35052961663234;12363.360465
19850;238.45738278649878;34.242194823785674;12393.054186
19900;241.19879174869965;34.16372535724959;12422.393825
19950;241.3411587424572;34.07742749929123;12451.839746
20000;239.88191101744164;34.02950512522278;12481.361392
20050;240.18787065946267;33.921283712913294;12511.810106
20100;238.97027491750762;33.850504505546105;12541.679421
20150;238.51752433065042;33.742168006728605;12573.311557
20200;240.58545160438518;33.63660044506501;12603.017682
20250;240.35515512423575;33.59776459233781;12631.903053
20300;238.2633855046863;33.5243940595882;12661.723777
20350;239.66654251527524;33.45144995368832;12691.87587
20400;240.62852621124486;33.35562543949429;12721.492944
20450;240.70007717783128;33.26470185374963;12751.064766
20500;239.40489122030272;33.196760999282226;12780.897735
20550;238.97320871712228;33.15460628771767;12810.554584
20600;240.3526538531265;33.08764087044375;12840.070824
20650;239.73324615319078;32.98158841358954;12869.816904
20700;241.10909335238065;32.90404170659283;12899.471905
20750;240.13335515614878;32.82656585302373;12929.186916
20800;239.6520157444228;32.75481122627361;12959.571289
20850;240.61709560738404;32.6835642138728;12989.467529
20900;239.2783990121657;32.64260504489914;13019.637777
20950;241.4515625243612;32.56129588380706;13049.176265
21000;239.9638647056959;32.468649022503584;13078.876015
21050;239.90422891272786;32.381842716313244;13109.15089
21100;238.10348275393244;32.30395605537616;13139.121091
21150;240.9762935418268;32.22732586751461;13168.389631
21200;240.05342891844458;32.1460363686699;13198.569633
21250;241.1857814864532;32.09147274135471;13227.724915
21300;239.37537157605672;32.02758361458272;13257.766203
21350;239.9819662429071;31.944715287360435;13287.441923
21400;239.5525611710009;31.85852150638038;13317.685167
21450;250.01324124551633;31.79619288193706;13346.194445
21500;249.5212782270125;31.73003897260459;13375.864097
21550;249.80972398834248;31.644191884570812;13406.720707
21600;249.44057327118492;31.5650611951576;13437.036348
21650;249.7753173199079;31.50530426168502;13467.086657
21700;249.34363712799677;31.404693934230924;13497.686418
21750;250.25648652124238;31.334040138785657;13527.582993
21800;249.62914890987693;31.2391039721039;13557.756415
21850;250.43845904455938;31.14540152927651;13588.812792
21900;250.47287297370582;31.077014156815732;13619.261187
21950;249.8601437690917;30.988655139544363;13650.741011
22000;249.56130734866878;30.913819884880578;13680.655972
22050;249.79811784620804;30.85000010924686;13710.963968
22100;249.92275738313703;30.766222746126363;13741.565843
22150;250.1270045521969;30.67465492907685;13771.52905
22200;250.65409679799996;30.606281643544676;13801.790384
22250;250.0764079123745;30.54897405592168;13831.407327
22300;249.56679048016005;30.497538705255412;13861.376502
22350;250.1377040170141;30.452019369894934;13891.755414
22400;249.1378593443307;30.36888969855552;13922.03693
22450;250.14997587816487;30.291876581940254;13951.973328
22500;249.86192926876754;30.222932819670508;13981.575882
22550;249.24884615910875;30.15802060604141;14012.053708
22600;249.7937112126027;30.08727531893695;14041.868354
22650;249.68778889470207;29.99232590186527;14072.547191
22700;249.731088266204;29.923908968225778;14102.443732
22750;249.36978669899804;29.845968460923967;14132.039755
22800;250.31215149065446;29.762123724332714;14162.740736
22850;250.1716640510674;29.705853446013265;14192.363504
22900;250.1458389547937;29.63970626859516;14222.353273
22950;249.7327958416256;29.55945862014754;14252.537815
23000;250.12600752152824;29.472470343362446;14283.264729
23050;249.7699959721906;29.428179172612857;14312.813446
23100;249.58364288508784;29.376041192744037;14343.00786
23150;249.7867862868447;29.329875498745075;14373.627908
23200;249.64155481923265;29.25873624945796;14403.994878
23250;249.89814413758185;29.19306896426573;14432.790767
23300;249.56582616400044;29.116139463479097;14463.142304
23350;250.19977268037124;29.045476896110436;14492.924077
23400;250.03092949474186;28.967179397206383;14522.659582
23450;249.66768110746867;28.907851264167437;14552.399896
23500;249.46499057725381;28.84753690994881;14582.893791
23550;250.0331173425522;28.766217917914815;14612.721159
23600;249.58975758382272;28.71011045748922;14642.790641
23650;249.3953793678064;28.656329101071;14673.443891
23700;250.46531470810103;28.610034795149033;14703.14861
23750;249.82422013693377;28.5177736912765;14733.755044
23800;249.54504613386297;28.448474609021318;14763.860687
23850;249.51416587629848;28.388822011741134;14794.187235
23900;249.62897530295308;28.2983748330181;14824.866154
23950;250.0616112553359;28.228127890860534;14855.487064
24000;249.99932941239305;28.154495876588143;14886.354316
24050;249.56293424478855;28.111190651314395;14916.412111
24100;250.0819974149503;28.053420009899543;14947.414001
24150;250.08391866231668;27.98704252294142;14978.235066
24200;249.57901836789145;27.937793940885225;15008.4419
24250;250.17768250080965;27.88416732557178;15038.526443
24300;249.83534568891093;27.84159401816592;15068.527141
24350;249.58015886760077;27.788087492619393;15098.413617
24400;249.9787094449176;27.74300725605862;15129.307314
24450;249.96034528802974;27.696781338279603;15159.829801
24500;249.34079426693717;27.635897954553062;15190.219307
24550;250.48286980959176;27.574342826775485;15221.65997
24600;249.308099568683;27.539356833308904;15251.782829
24650;249.67084247268187;27.48239353548637;15282.268173
24700;250.1788912720453;27.419096339124618;15312.935229
24750;250.04653541742198;27.36887690136927;15343.152883
24800;249.84439366882086;27.312759642210928;15373.734688
24850;249.99783144632568;27.2343279344176;15403.72444
24900;249.4589604982475;27.173028805928883;15434.662335
24950;250.14016157857384;27.138525215848755;15463.832711
25000;250.12204007568562;27.062713844000488;15493.113072
25000;250.4720135056064;27.062713844000488;15495.460687
