0;-21.838742349419384;-22.464158042544362;0.663458
50;27.38849202577057;-5.831543544667312;38.675061
100;30.789163306528085;0.10187768791025789;76.456951
150;31.164944504828462;-2.5107060046672043;114.243464
200;29.909110695383838;-2.657023459442057;150.309882
250;33.11555861282364;-4.026522173524303;187.806942
300;29.21589545311312;-3.6726912114959838;226.272385
350;31.97596459815819;-2.652096687080306;261.819306
400;31.484133896133944;-1.687171462671741;296.399627
450;31.42325508191486;-0.7952302035240395;331.611767
500;31.344371762349507;-0.3424443980867574;367.237738
550;31.391996314603052;0.39683979466071784;402.893769
600;31.454396092371255;0.9921502738999437;439.327388
650;31.27673130678272;1.0630942313028195;477.38573
700;31.637963462532156;1.411427520002867;514.719714
750;31.66570151560575;1.291398793529567;550.530282
800;33.47999093501093;1.9443606241921507;585.504343
850;33.463961274361374;2.4309907498333185;620.410889
900;33.36826930606279;2.721435402421243;655.98364
950;35.5282185709668;3.0653183185627237;690.338384
1000;35.41873135376907;3.3701593894684048;725.317698
1050;40.44310052137546;3.9188849115660322;759.919588
1100;40.7872834889788;4.569024966134247;793.954089
1150;40.628044007872674;5.01082569570072;829.055101
1200;40.345056981080134;5.341931423984426;863.904216
1250;41.15858403530341;5.759106218372894;897.791997
1300;41.22837824326844;6.061745769436735;931.931619
1350;41.28581579595487;6.263583423041135;966.029486
1400;41.56748581328853;6.506619021687601;1000.52519
1450;42.737229918179395;6.754843851155759;1034.255945
1500;42.6536893658707;7.221328923084434;1069.070509
1550;42.959542056997236;7.620001106262558;1103.36777
1600;43.17481659308908;8.040994481925553;1138.006611
1650;42.763805366833296;8.24312054288113;1172.427927
1700;43.04420307976488;8.596804593696898;1207.623281
1750;42.87317710741533;8.879403378323103;1241.479671
1800;48.629253421435635;9.126693722019086;1275.905438
1850;53.18097818869557;9.029097863146736;1311.145029
1900;53.046838051551916;8.979520444058656;1347.477955
1950;52.028992900132046;8.794202608672865;1387.440156
2000;52.69355856381197;8.67039787811442;1428.115614
2050;52.910849482700804;8.609405554634911;1466.389654
2100;53.50603036225279;8.548204021297051;1500.841882
2150;53.48117743840137;8.522742461701075;1537.8039
2200;52.94793352842245;8.401278010869499;1575.352801
2250;53.50705176860947;8.328710938952215;1611.869505
2300;52.91836129954003;8.245492105511547;1646.96103
2350;53.471506450739106;8.09429359258385;1681.870025
2400;53.17161331953864;8.116883019301087;1717.290769
2450;52.317177764927735;8.131144848144016;1752.560836
2500;53.137678216287355;8.104710299900148;1789.215411
2550;53.71500636381699;8.059245638850888;1823.512964
2600;52.5221318188128;8.022184021110856;1859.212708
2650;53.18981146749027;7.971064786661026;1894.494817
2700;53.11248717386869;7.893242625447244;1930.701818
2750;52.274329350876904;7.852563882331964;1967.912241
2800;53.00896059132823;7.876509009377637;2004.70961
2850;54.63354158818708;7.8331250055290855;2039.682931
2900;53.732134199127024;7.76209477567746;2077.921074
2950;52.54178415281094;7.678740177021973;2114.087481
3000;53.86156258447888;7.64151291896208;2151.256388
3050;52.77510871324498;7.555342411631851;2188.474772
3100;53.59298457862655;7.506481679928586;2228.718943
3150;53.16728075243476;7.5112563573179925;2263.694489
3200;53.044844840325396;7.453471716461325;2302.432899
3250;53.20255587513352;7.374723931443789;2339.364322
3300;53.15178829053174;7.415154743142937;2377.608215
3350;53.477507867109516;7.470596801190337;2415.647856
3400;53.402043104925205;7.429374806668193;2454.930188
3450;53.56151693125114;7.43453929051252;2496.632303
3500;52.48970668043628;7.397103826750927;2531.485421
3550;52.85894776057756;7.335206920394183;2565.041607
3600;54.05602965233741;7.361032838732383;2602.887391
3650;53.903323995322474;7.434767473098407;2642.656874
3700;58.48446641319595;7.346092894944187;2680.74036
3750;59.25639725791225;7.294066190396796;2717.863543
3800;58.91673230234407;7.216755356382583;2754.848228
3850;57.95049268656735;7.152216761270334;2791.105637
3900;58.85644297049432;7.17888830697998;2831.629421
3950;58.834209542875904;7.173077362603264;2867.959544
4000;58.53948447776428;7.086302425129073;2904.172156
4050;58.7391945729039;6.978840498504903;2943.633255
4100;58.574967385417864;6.970170066015101;2982.217455
4150;60.94153521641055;6.918746275384199;3016.628849
4200;60.872519263037724;6.867735252684731;3053.238843
4250;59.79688525767749;6.886855658685305;3088.40865
4300;60.47093570906407;6.840421558296535;3125.861148
4350;60.01314103039212;6.7907021184509935;3163.378903
4400;59.72835760209291;6.729981481571636;3199.61666
4450;60.4719156458005;6.738596782362076;3236.914078
4500;59.61011681011145;6.7089777672436295;3273.634357
4550;60.45149935373098;6.6534377650797465;3315.232029
4600;59.53923180164074;6.623539241347829;3353.244844
4650;60.93326419537762;6.55235868862089;3386.553312
4700;60.55240303130229;6.501327697087821;3419.550421
4750;60.32051086442834;6.49802180617719;3452.709439
4800;60.883548107876976;6.491655354562299;3486.191399
4850;60.05024903850595;6.5082177532561225;3519.527389
4900;60.41432754748539;6.490346277600836;3552.932505
4950;60.99674080093721;6.4727292540106465;3586.917289
5000;60.480884853414665;6.4277789180255365;3620.145161
5050;60.12031311618972;6.415019613036954;3653.603685
5100;60.45025442010242;6.36480630050949;3686.329564
5150;59.98516275373051;6.300686978648836;3719.18792
5200;60.86845889821842;6.243289672701007;3752.96868
5250;59.64059710273309;6.257050114604526;3786.952135
5300;61.053148259604306;6.26715329617267;3820.379049
5350;60.90178911357864;6.272520278327813;3853.473941
5400;60.208154420812164;6.265895484581082;3886.93639
5450;61.05319005507857;6.211197050683698;3921.033263
5500;61.57448739529826;6.203841711984191;3953.713521
5550;60.76114495037409;6.225476383410007;3986.684959
5600;60.28065066679967;6.18385855693662;4019.647161
5650;63.89954628395171;6.134776658889452;4052.426931
5700;64.29386982987904;6.06435946914331;4085.765451
5750;65.30657014630994;6.053673690271442;4119.468141
5800;64.71586169603223;6.019296794893212;4153.332349
5850;65.19391049558322;5.993262310775763;4187.474792
5900;64.62029629036924;5.933676736018325;4220.900826
5950;65.13452611638343;5.861557826012501;4254.435187
6000;65.52980186260469;5.852207897498323;4287.992645
6050;64.76888116034714;5.831162731267258;4321.346118
6100;64.30280581935996;5.823709255755121;4354.82549
6150;64.80746143109552;5.777890827588852;4388.271121
6200;64.79033650050145;5.805379628995146;4422.259676
6250;64.86647743629447;5.802299807398613;4455.839067
6300;65.61471056651546;5.803360299172897;4489.652678
6350;64.90256716878143;5.785182621037118;4523.5645
6400;64.74069041291885;5.743180407729192;4557.578672
6450;64.96909384256725;5.740526141168941;4591.555799
6500;65.3654424345555;5.717177551432768;4625.342343
6550;65.26723484909903;5.704987015905776;4658.917225
6600;65.10124611289909;5.69102032477397;4692.427126
6650;65.24472794962361;5.676086101921192;4726.148971
6700;64.71822181485228;5.653364955390652;4759.422202
6750;64.69717159276301;5.646281233808512;4792.614254
6800;65.37543624588817;5.659994895959639;4826.343281
6850;65.72699986390616;5.634633781727163;4860.42921
6900;64.87986522562512;5.632713338554561;4893.813891
6950;64.82984229063887;5.6618289479056845;4927.603521
7000;65.36574460602309;5.621964193799983;4961.143966
7050;64.77728026179297;5.6201310994756595;4994.844911
7100;65.10346049027608;5.616788817192192;5027.813814
7150;65.09909246634587;5.564531291315825;5061.064015
7200;64.2741497379834;5.571073573883763;5094.845479
7250;64.62616696310704;5.590548528820501;5128.661324
7300;64.55459229692188;5.564790203036928;5162.433433
7350;65.45139274598164;5.570508001481766;5196.217873
7400;64.53806061082808;5.557316968223803;5229.656898
7450;64.63108159931402;5.579801803502072;5263.498708
7500;64.35094701132616;5.5798428404455365;5297.630161
7550;65.18000223685301;5.56814352062749;5331.493691
7600;64.84985350247808;5.5485096951649435;5364.823845
7650;65.18335817963903;5.520447550965278;5397.906687
7700;65.04702393712859;5.501913805933545;5431.935538
7750;65.08909230239672;5.475498467078264;5465.494117
7800;65.25733542136236;5.447236612273367;5499.211518
7850;65.2519615117475;5.406537303556013;5532.522842
7900;65.06525189554813;5.36698129379111;5565.642046
7950;65.43774269589979;5.39102481120506;5599.400827
8000;64.87384224961772;5.351408949902348;5632.723398
8050;65.83516251555858;5.3366051723794365;5666.937704
8100;65.3595925237765;5.318584773022558;5700.53366
8150;64.93042491919385;5.309435073171439;5734.237689
8200;63.931856384141156;5.314889043532762;5767.993262
8250;65.27157855316828;5.319811728770679;5801.825611
8300;64.74451540449869;5.316672166417343;5835.082221
8350;65.01254770198106;5.304954624594018;5868.754308
8400;65.70240926553365;5.291828576982571;5902.603226
8450;64.7858150012995;5.261575379189645;5936.761336
8500;64.61782973132182;5.257317858951927;5970.50412
8550;64.7941073874602;5.242768780434395;6004.322316
8600;65.13504016063973;5.2208253350943945;6037.964063
8650;65.230685683436;5.183371395615642;6071.538086
8700;64.9449623281666;5.153261705643845;6105.201167
8750;65.4417299327489;5.14715442905172;6138.812425
8800;65.02539972789074;5.18847067814295;6172.423696
8850;65.01181286395222;5.2076207035766044;6205.831015
8900;65.25353007367863;5.226066242632481;6239.475642
8950;64.99944698324664;5.213607366569807;6273.100056
9000;64.98604558317254;5.191597394998046;6306.903822
9050;65.42753457946453;5.203139769650914;6340.37432
9100;65.17778643738994;5.221564734278105;6374.002293
9150;65.02814789923573;5.232724513345462;6407.691221
9200;65.28782783884728;5.230267992136929;6441.072573
9250;64.70836809630336;5.230297281996123;6475.165599
9300;65.27790730187044;5.22321541409609;6508.705311
9350;64.81555317224952;5.2094063338624625;6542.909977
9400;64.39717890901983;5.193995183272616;6577.007727
9450;64.88081395802787;5.182344733601146;6610.956284
9500;64.86749931987711;5.166945625797857;6644.550551
9550;64.28263231388777;5.1658218129551745;6678.154212
9600;64.48365514185974;5.1455626924412865;6711.404568
9650;65.61130167700668;5.141882358874215;6745.187455
9700;64.83247671603836;5.154657631514086;6778.100929
9750;64.7121831608764;5.150039277911898;6811.355428
9800;64.79875237704708;5.151980023177903;6845.058582
9850;64.84670167047368;5.144252361790483;6878.822707
9900;64.81225231305174;5.167305504114647;6912.755409
9950;65.1517745827707;5.149827370059908;6946.758912
10000;65.59885899997374;5.1382400088073545;6980.38709
10050;64.9735944188239;5.148806335859962;7014.070785
10100;65.02505252408538;5.133318046914173;7047.798173
10150;64.49412844931948;5.121067467812474;7081.425377
10200;64.67689003452116;5.108404602287397;7115.341692
10250;64.99366469878493;5.10226540204013;7148.72092
10300;64.74801447851182;5.104693064554765;7182.161622
10350;65.40890303375231;5.082902463224852;7215.659598
10400;64.1970754975559;5.055412595993445;7249.395838
10450;64.71878069041391;5.039303044889371;7283.043768
10500;64.85764246230637;5.036806031226018;7316.312578
10550;64.96387259399488;5.03348064563027;7350.285284
10600;64.16539462323787;5.013726333439042;7383.5303
10650;64.61248979159585;5.010449050813869;7417.080879
10700;64.84603770218163;5.000885296659949;7450.936948
10750;65.3382425419346;4.995419134383692;7484.833112
10800;65.27716899481858;4.984906634542958;7518.311503
10850;65.30852645586248;4.963255977998061;7552.065192
10900;65.06932017241579;4.952639838747368;7585.972157
10950;65.29243247764555;4.960854501289858;7619.601756
11000;64.4548747220439;4.946456474793001;7653.003725
11050;65.40167018539017;4.955826436875932;7686.922623
11100;65.0020257218582;4.9542198809026825;7720.573551
11150;63.018133651849645;4.951941663534192;7752.85012
11200;63.975046373809384;4.971126826556164;7786.290695
11250;65.00524363640497;4.965265274300985;7820.046302
11300;64.90434972702356;4.986744523943913;7854.332862
11350;64.13110681227502;4.971842739666228;7887.602915
11400;63.48245369008834;4.985218988915461;7920.6474
11450;64.68632421672082;4.991687263462824;7954.263934
11500;63.98900805912499;4.994594107655303;7987.439898
11550;64.2731823063276;4.994553750483327;8021.025683
11600;63.74856251641037;5.015308243680936;8054.640033
11650;63.697540198618796;5.022340181301707;8088.060428
11700;62.87505827424135;5.031291477755916;8121.524507
11750;63.707808143478786;5.042274397819924;8155.072651
11800;64.19641806782792;5.0385194684689845;8189.945038
11850;63.43097298151978;5.046594500294489;8225.102029
11900;64.16870787430764;5.045069835471791;8261.862443
11950;62.96418868616686;5.055953287923099;8296.311075
12000;64.76134729477528;5.022938624489025;8331.734432
12050;63.52052411519431;5.036733944412369;8365.556196
12100;63.92284511168521;5.040901915153532;8399.910561
12150;64.00187397629948;5.0445951518293;8435.514295
12200;62.9628106726537;5.0491404186840665;8469.134368
12250;63.47836562491733;5.065151161719814;8502.533704
12300;63.33417597198525;5.053814055467132;8536.894076
12350;63.90456560403783;5.0560606401153665;8570.865277
12400;64.7304759835005;5.071926834623727;8604.776184
12450;64.73375783283115;5.052037355995008;8639.08504
12500;64.29994964723068;5.046772119573557;8673.08061
12550;64.42185889005079;5.070971512358396;8707.857467
12600;64.06257273083736;5.052481445054668;8741.84031
12650;64.2196787568982;5.050456416360729;8778.72084
12700;63.6989851801212;5.043727016070185;8812.573513
12750;64.12488358494666;5.027107710263509;8846.159742
12800;64.13437668030993;5.0286658019478985;8880.455529
12850;64.32916887771935;5.026950151376447;8915.131177
12900;63.62159573561584;5.010902320800385;8949.019489
12950;64.98074796648626;5.0065062888572385;8983.546073
13000;64.50189819208427;4.994582604338585;9017.594092
13050;64.44873206323592;4.998701016562061;9051.926688
13100;63.430929949745114;4.996545490598691;9085.645009
13150;63.33987649249622;4.99987615471177;9121.455744
13200;64.13572156196645;5.013529573581773;9157.03039
13250;63.535514634600055;5.013681547952507;9192.610243
13300;64.01844406058791;5.0155723848959335;9227.325642
13350;63.49861961782084;5.022920235504907;9262.578923
13400;63.907032737033035;5.037232433213947;9297.238273
13450;63.65153295009508;5.025095906937128;9331.79033
13500;64.21016821491965;5.032530246024701;9366.363628
13550;63.95130632847713;5.045631380003005;9401.061565
13600;63.99713854745434;5.074144322915849;9436.256665
13650;63.97589059896025;5.077290593928861;9469.374831
13700;64.15982023057477;5.100513596720768;9507.328287
13750;63.738434324577895;5.1165547931708035;9542.692138
13800;64.35665427852662;5.133409814670218;9578.354732
13850;64.87407321804795;5.144072716673198;9613.066247
13900;64.42200856308392;5.1396393767168504;9647.231983
13950;63.58431415360835;5.138716800922175;9681.281417
14000;64.34836985613421;5.133369064092728;9715.589334
14050;64.02836457383846;5.139573540790759;9749.322627
14100;64.66012521970242;5.142180951430456;9783.193006
14150;64.10334223060002;5.146500916566317;9817.037988
14200;64.1232035032123;5.155333818138867;9851.141146
14250;64.26781684950559;5.168816061828694;9885.09744
14300;63.643029836892076;5.189355956998324;9919.518692
14350;64.37134998871305;5.19293593492828;9953.237354
14400;64.37592098694498;5.215106395963246;9987.364394
14450;63.55146800189772;5.225198991059501;10021.129994
14500;64.10849245304425;5.250638755724953;10056.652023
14550;63.52213636395498;5.2539229522746504;10094.827093
14600;64.78999637027799;5.274039542461046;10129.674024
14650;64.60553981614594;5.292589052718479;10163.786371
14700;63.573245957585165;5.292143091466773;10198.333613
14750;64.52709446462963;5.310413253333165;10233.073001
14800;64.07256335540019;5.314936228655179;10266.746633
14850;63.60086777493774;5.3307801208126575;10301.686032
14900;64.24705967986458;5.317906111039241;10336.551758
14950;64.58170730530776;5.332115171945581;10371.692196
15000;64.04353390493216;5.338413303940075;10405.842913
15050;63.92576212629491;5.3543235521866706;10439.86485
15100;64.37657826351044;5.355485784391958;10473.786163
15150;64.02391139040695;5.371910013419355;10507.680982
15200;63.15388233143961;5.376836791040393;10541.70464
15250;64.04816992377445;5.387419000161735;10576.648474
15300;63.859628960239746;5.39195493394827;10611.236839
15350;63.129580199574036;5.394469812393095;10645.869308
15400;63.952630056403365;5.389802678591554;10679.11654
15450;64.03664366777014;5.406430513512448;10713.724682
15500;64.04152956980634;5.41154907963733;10747.698694
15550;63.841680784836164;5.422332440851656;10782.222396
15600;63.46948443870978;5.441593415205197;10815.936714
15650;64.01476125031996;5.446829543990849;10849.829725
15700;63.575931778794775;5.440903430938451;10883.826743
15750;63.39247496887678;5.462377650311583;10917.84266
15800;63.99451306286453;5.471939650480238;10951.675565
15850;64.44482024847254;5.478389348614926;10986.081658
15900;63.44964281195516;5.464866746393088;11019.655587
15950;64.05448678354443;5.469669825148306;11053.647444
16000;64.02777116708634;5.470219411343903;11087.889738
16050;64.15715170937848;5.476793205154566;11122.19772
16100;64.3395992006508;5.479548497650055;11155.995589
16150;64.28085626393653;5.475558483949407;11190.282951
16200;63.56793263966684;5.479019116727431;11223.818228
16250;63.71266375041621;5.492219445730513;11258.205066
16300;63.903261150827966;5.504922252772749;11292.243288
16350;64.1826724168172;5.503094256159304;11326.612068
16400;63.39035559275083;5.50576044363781;11360.601897
16450;64.39856573579021;5.5139870381039655;11394.223147
16500;64.27248688024378;5.52824972667355;11428.015316
16550;63.75322849474771;5.542060261549189;11462.246269
16600;64.04447429524912;5.555898648708123;11495.825307
16650;63.40695887967823;5.569389747642866;11529.782713
16700;63.12530444928056;5.559608275958772;11563.835762
16750;63.74081380014701;5.569849839925858;11597.662544
16800;63.964580080084396;5.583456578561468;11631.538697
16850;63.99533733593363;5.5931903602985;11664.991483
16900;63.965096507072396;5.606276845458911;11699.065305
16950;63.40998913038818;5.609964730306813;11733.206097
17000;64.20915712057572;5.593874882896731;11767.072581
17050;63.70890731104655;5.596525281075554;11801.275718
17100;63.97781387010935;5.593135426733997;11835.091812
17150;64.29150739465014;5.593756893079061;11869.198838
17200;64.60618265503355;5.5906871109499505;11903.052178
17250;63.85111683346447;5.601564976807011;11936.658618
17300;64.2206115262994;5.611843029606463;11971.120703
17350;63.908971784470125;5.595390189633388;12005.070996
17400;64.42914645637644;5.585590195187029;12038.816305
17450;63.97115386549976;5.579073396007096;12072.87603
17500;63.89474469543694;5.575624070032842;12107.00213
17550;64.49329563377879;5.57897321335429;12141.215029
17600;63.63058329141092;5.583906332506313;12175.078711
17650;63.993838176568964;5.578838118047252;12209.323121
17700;64.32366316312454;5.582360199742493;12242.854951
17750;64.13873909020035;5.589356912754186;12276.330829
17800;63.70092597976038;5.5995090408754;12309.880718
17850;64.70829139919937;5.589460062373571;12343.825495
17900;64.25297877450889;5.586836407095221;12377.036248
17950;64.57097710492609;5.5883203584981365;12410.452916
18000;63.55923143311709;5.587185565415599;12443.97782
18050;64.05045273773389;5.593506013258883;12477.482632
18100;64.01713401157245;5.591714287648096;12510.90409
18150;64.21490582608698;5.596989240244753;12544.773691
18200;64.14426333918448;5.596466932066533;12578.901292
18250;65.44167248003528;5.605783372278964;12612.971241
18300;65.11311907647755;5.603275757183658;12646.475674
18350;65.3766059472675;5.600956414236399;12680.514976
18400;65.48539355973018;5.614122483633322;12714.29698
18450;64.44527945710594;5.6327898759336135;12747.792551
18500;64.498013443422;5.639680468902872;12781.392242
18550;65.1829162796117;5.6486011844259725;12814.937557
18600;64.8447333392497;5.662472114475036;12848.508273
18650;64.3638043723556;5.6565332926595095;12882.000093
18700;65.1651638960687;5.658603236645128;12915.086636
18750;65.23890455210743;5.6653701401281165;12948.917465
18800;65.36425899653327;5.6720911697480005;12981.91994
18850;64.48773551111628;5.683469864941941;13015.531014
18900;64.59384749043629;5.6992433001624905;13049.099222
18950;65.11457795634216;5.699970662003065;13082.825307
19000;65.21688846171536;5.708877916528364;13116.710278
19050;65.6716979336955;5.724312040527292;13150.231573
19100;64.52509739963097;5.724933931798011;13183.232956
19150;64.29509398476193;5.740866118821055;13216.785291
19200;65.25365032216153;5.757996631524879;13249.921834
19250;64.9455710703177;5.770816977814319;13283.303405
19300;64.45309415445107;5.780778052747612;13316.837185
19350;64.46225115553406;5.800461062206616;13350.362526
19400;64.7896582207036;5.8077500979994925;13384.04051
19450;65.84271173342808;5.816228804811521;13417.66141
19500;62.79110724390782;5.820210187093409;13451.372503
19550;64.50914946235731;5.828334763912349;13484.756988
19600;64.21509644593601;5.8458399585535155;13518.326667
19650;63.59002936748092;5.846369828690383;13551.369721
19700;64.15210959847055;5.846556110033805;13584.744066
19750;63.341941013431516;5.860192335925413;13618.313349
19800;63.030564989493634;5.862919459518155;13651.323804
19850;63.147773603436015;5.866310939462312;13684.456601
19900;63.59023128791707;5.872248990104426;13717.748911
19950;63.276481940159464;5.873262689425268;13750.761682
20000;63.34208065341506;5.880408627179053;13784.099658
20050;63.358273871628946;5.887094429627529;13817.111384
20100;64.9708024642746;5.900184291577276;13850.731135
20150;63.01922018099562;5.901498431984563;13884.499004
20200;64.42102747000611;5.921912433371972;13917.926892
20250;64.06572159395546;5.932147689800569;13950.87498
20300;64.0506534675074;5.950225023128113;13984.324841
20350;64.46137395912757;5.976474237438647;14017.595274
20400;63.982761574012;5.969435743743614;14051.411457
20450;64.04833312178424;5.983411221624238;14084.492796
20500;64.29894739483257;5.993707546476369;14117.176499
20550;64.20013585792135;6.004431749974598;14149.922443
20600;64.1474288868238;6.011805995037188;14183.325237
20650;64.6380623157285;6.019832362100841;14215.789764
20700;64.73161212239556;6.030996153354615;14248.586006
20750;64.19758183291738;6.044132650478831;14281.903799
20800;63.493301238553215;6.049407921933206;14314.992322
20850;63.58317821087986;6.070251804005875;14348.256823
20900;64.92389684803014;6.080964053876479;14381.799953
20950;62.73800825378761;6.098288731733977;14414.818276
21000;65.11717046165845;6.111997605325663;14447.403535
21050;63.80294411876978;6.123834598310934;14480.503863
21100;64.20494614919588;6.135128952279217;14512.894522
21150;63.418691291621634;6.1424528015508315;14545.734304
21200;63.98362185788379;6.161592576834002;14578.908419
21250;63.204055376786776;6.164728576877043;14611.72481
21300;63.50837758318316;6.1758226879975;14644.401721
21350;64.22430744280254;6.182949017569563;14677.469561
21400;62.58875138263218;6.188645434183469;14709.614095
21450;62.61098043685077;6.217686125574309;14743.077959
21500;62.28445800093632;6.228885511217407;14776.629304
21550;63.216493738135334;6.242118649365404;14809.886973
21600;62.76049165068211;6.246828521264;14843.360718
21650;62.39315211860013;6.25464399295717;14876.567931
21700;63.54710406119346;6.278919887654578;14910.94085
21750;62.804611900031865;6.285023778525086;14945.224107
21800;62.200950386599054;6.3020592284503;14980.289075
21850;63.35726637551008;6.317692425990622;15015.994904
21900;62.839424287185274;6.33500653245587;15051.075211
21950;62.468371177437675;6.354346304420951;15084.726215
22000;63.445906473013686;6.362908813298241;15117.579093
22050;63.56888320296393;6.366907866140891;15150.870932
22100;63.929145575104194;6.3662710632275825;15184.72416
22150;63.72995316908945;6.369177340231314;15218.390495
22200;63.72657047781962;6.3685390279925445;15251.662427
22250;62.78637000637146;6.3735876205454955;15285.161277
22300;64.47144433040938;6.373511912646113;15318.53077
22350;62.095590953696494;6.374814307015043;15351.894443
22400;64.21056632699336;6.381169614794315;15385.487967
22450;64.4209281950448;6.371962402198588;15418.691798
22500;64.01325253327751;6.3695130830047635;15451.976773
22550;63.688177073636496;6.359814450216988;15485.298024
22600;63.20683735665873;6.3495780082572715;15518.538518
22650;62.91826160334693;6.356312970199941;15552.17564
22700;63.55119616642086;6.35252596527956;15585.367048
22750;63.79474463260215;6.347993299964706;15618.650571
22800;63.280095560842966;6.3509646067375485;15652.34257
22850;64.12143016700449;6.347776045453896;15685.923912
22900;64.00916713040174;6.359184335259949;15719.389609
22950;64.28071566716217;6.357211298385131;15753.259695
23000;73.06813355998665;6.356549814918714;15785.571987
23050;74.01177362719604;6.353353569321229;15818.197622
23100;72.45137368220219;6.349153712220607;15851.384273
23150;72.91057473774221;6.346000599675325;15884.73546
23200;71.92469059572095;6.339620270749129;15917.198392
23250;73.18560928273891;6.332199322916306;15950.819622
23300;72.9027309133524;6.34538572681631;15984.52392
23350;73.13794962217419;6.349792690905189;16017.737467
23400;73.61934216952051;6.350314586562128;16051.266755
23450;72.78016815964989;6.356678508037341;16084.771191
23500;72.47405683026233;6.358813887195295;16118.049551
23550;72.96545271340956;6.349702902040685;16151.33264
23600;73.21242404707246;6.348709780141988;16184.747012
23650;72.15937795062219;6.357034242107035;16218.426321
23700;73.40256243107055;6.36043975323361;16251.237176
23750;73.31460420763916;6.366751139833625;16285.049158
23800;73.5001501726153;6.36804273173432;16318.849496
23850;73.65677448021182;6.377957421338744;16352.4045
23900;75.12616514164057;6.382734755858267;16385.472063
23950;73.11298337543228;6.384660250461589;16417.776568
24000;73.93305246057842;6.391661957991468;16451.616646
24050;72.94435048647378;6.389513934823785;16484.856282
24100;74.24288593650795;6.3952155887219115;16518.356845
24150;73.40349900313204;6.390679992818412;16552.539732
24200;73.79940032915441;6.389734351150848;16586.583202
24250;73.65308472393158;6.393065439387565;16620.215579
24300;74.45802699808003;6.40083155624019;16653.790561
24350;73.88104011039073;6.401765518186634;16686.615287
24400;73.81243173301318;6.405391316926945;16719.663651
24450;73.19343454345243;6.399352619936851;16752.213877
24500;73.93843290758224;6.396586741520138;16784.913252
24550;73.12519742825468;6.409517864302085;16817.649599
24600;74.45203218964949;6.410547668712449;16850.158251
24650;73.69616455687704;6.412048752205002;16882.778338
24700;74.32575005242926;6.416498961354116;16915.379697
24750;72.92042327079092;6.422614225138671;16947.873153
24800;72.9093850620849;6.4194640993615115;16980.81661
24850;73.21467346838331;6.415415879469588;17013.124019
24900;73.08302271442268;6.4282632148572825;17045.582149
24950;74.86844595205864;6.4212429979226515;17077.947413
25000;74.18008548773811;6.415232782448564;17109.143881
25000;74.67106643144751;6.415232782448564;17111.912264
