0;29.88047364868769;26.49214695598044;0.652858
50;65.94499844800497;8.241809685919845;36.53849
100;65.95968850911864;7.811391675342925;77.01138
150;65.76383383470967;8.104026923566302;111.306882
200;65.83163332583634;8.976112845829329;145.298336
250;66.50706655224184;7.671963467800607;179.542847
300;66.48082223058071;7.151723919116085;213.235637
350;66.28594685792085;6.867725663195589;247.213572
400;79.85174089355556;7.212766139580289;279.868711
450;79.59726680611419;8.222381849734882;314.311749
500;79.49150823412657;8.330986423601772;348.456754
550;79.43894685358758;8.125362185854705;384.514836
600;79.54686072989051;8.435265840655115;420.961464
650;79.43700041559846;8.501493836909663;455.149979
700;79.97980856859549;8.313207955181516;489.291418
750;83.63224714085234;8.125976441907286;526.50575
800;83.71104945706443;8.385490547330914;562.81117
850;83.77603185999304;7.950641498484327;600.251847
900;83.58282670113819;7.9544943206288385;638.398108
950;83.81416620464134;7.770257967740369;674.444239
1000;83.82242364316855;7.747404835655503;708.88561
1050;83.95451310119566;7.617520929838147;746.923081
1100;83.69069079159186;7.657399024298061;780.8143
1150;94.96946933818798;7.600585870102531;816.357356
1200;94.68490476227026;7.657780883068035;850.217344
1250;94.07307062462439;7.930566332313419;887.488535
1300;95.37420140481527;8.136076603343968;924.390233
1350;94.98859658138878;8.42080299858837;960.541219
1400;95.56240128659456;8.815423158851551;996.287085
1450;95.07266341987608;9.010147508482484;1031.340925
1500;95.14662236702539;9.238612400984069;1066.697159
1550;94.72891377523007;9.593719402416829;1101.696949
1600;95.49208909227816;9.880438895723175;1137.052193
1650;96.49811732469362;10.42091470090416;1172.465834
1700;97.19152132334531;10.293425648791317;1206.849501
1750;96.58223655875476;10.343691649729305;1241.354321
1800;96.31679366294752;10.46830482581987;1276.314741
1850;96.51798518958793;10.290450947407887;1310.75803
1900;96.5113404958692;10.343800043627509;1345.47348
1950;96.3862729130215;10.376326946321663;1379.610859
2000;96.6513501839849;10.304055423216361;1414.195227
2050;112.00761970082195;10.419130851023883;1449.496054
2100;111.62831849754782;10.391911425599067;1484.357765
2150;111.6500729357237;10.59492403189815;1518.793719
2200;111.98009842346411;10.763466874232774;1554.123162
2250;112.16418925596957;10.866131100382823;1589.405496
2300;111.60990031952332;10.897545950108013;1624.425698
2350;111.97923552101675;10.926879786069533;1659.468519
2400;111.84451733603315;10.91476155029366;1694.164716
2450;111.68398290984304;10.985449520690402;1729.293444
2500;111.54853849255585;11.035532985241364;1764.73758
2550;111.71926708279398;11.057675154085313;1800.011953
2600;111.5488690572707;10.952480439354655;1834.495785
2650;114.80092410635741;11.067145351388236;1869.361016
2700;115.27062981044803;11.083739999000512;1903.907994
2750;115.15035412087742;11.20674240825303;1938.63442
2800;115.25780913166301;11.195053211375214;1972.65522
2850;115.17588274309367;11.312554956385975;2006.965138
2900;115.63985891947794;11.335150378997179;2040.892922
2950;115.82576050510305;11.409483435534746;2075.523607
3000;115.83790934955283;11.651938068235637;2109.652843
3050;115.33436534133008;11.76307965795406;2143.909771
3100;115.85287211969859;11.874542577270107;2178.49482
3150;115.99118829179231;11.917262558595036;2212.489253
3200;115.99838602985041;12.08930321951574;2246.815596
3250;118.682327708942;12.233652328077921;2281.342232
3300;118.2034257722549;12.114325556462889;2315.293753
3350;118.52617120135383;12.040139260230458;2348.277124
3400;118.06111192486632;12.085449608215415;2382.14268
3450;118.76285931299762;12.041391281862849;2415.508865
3500;118.13151577122628;12.015054587017213;2449.549326
3550;118.31758026613575;11.987234537495342;2483.452228
3600;118.41686056559179;11.794873824278142;2516.548273
3650;118.68873473373513;11.71929159448024;2550.122188
3700;118.72382833530008;11.71189558345795;2583.96954
3750;118.55625869596119;11.631921196406406;2617.669171
3800;118.38525015017916;11.634707955229848;2651.16371
3850;118.07488963746802;11.593515609317521;2684.75451
3900;118.58882794583371;11.554833878965546;2718.267472
3950;118.28507950656962;11.578060172814297;2752.964023
4000;118.65670742666367;11.541077588941349;2786.673982
4050;118.75059507175625;11.501270635832116;2820.408052
4100;118.36129480408351;11.444017470522086;2854.174255
4150;118.34610594963222;11.378033273183574;2888.067252
4200;118.6890320668344;11.375129337740722;2922.024939
4250;118.48299713673228;11.25878340682775;2956.057747
4300;118.86846370105373;11.322253696527223;2989.143953
4350;118.62293721482709;11.315992254117852;3023.231997
4400;118.73141106796045;11.469638097307595;3057.468294
4450;118.51121236613882;11.455755721098846;3091.649873
4500;118.73040410049309;11.54033306701684;3125.363885
4550;119.59614749274573;11.607832115118324;3159.072254
4600;119.58060558632133;11.675068819905857;3191.806557
4650;121.11283656462287;11.747245936024708;3224.575851
4700;121.26293384406667;11.756768433815644;3258.208957
4750;120.95897216412789;11.87802375405262;3292.164238
4800;120.70082828848977;12.038338302341286;3326.246929
4850;121.02738025211096;12.106318642401753;3360.151559
4900;121.29108155922822;12.330247093996249;3393.933529
4950;120.88528074450835;12.393333906287065;3427.436459
5000;121.24007429157773;12.468286896694078;3461.619444
5050;120.9477463273158;12.612975126298437;3495.343686
5100;120.70803831777326;12.729905102866107;3529.125612
5150;121.18840927895123;12.7856837776154;3563.034484
5200;121.20443325742443;12.791105721001436;3596.312227
5250;121.21430862915851;12.73920866549672;3630.481638
5300;120.95500196788336;12.863869415620812;3663.943463
5350;121.1707114289956;12.920369975210308;3697.889283
5400;121.07383938837569;12.980353099517245;3731.62938
5450;121.05381139290569;13.082130272635764;3765.044288
5500;120.90555731163398;13.049621625531907;3798.014873
5550;120.99460342219885;13.130009498561593;3831.450424
5600;121.1499634891125;13.117532393053363;3865.028973
5650;121.88725368902698;13.124095638305498;3898.313496
5700;121.75536142628921;13.082236930463887;3931.564876
5750;121.75972781870263;13.013034439410088;3965.428445
5800;122.025246870753;12.990759124041189;3999.250113
5850;121.74441798450484;12.888500843326913;4032.464349
5900;122.26036913363194;12.851886239811199;4065.904746
5950;122.6037934296157;12.826076132427705;4100.059789
6000;122.58311625752472;12.813716166740221;4134.237534
6050;123.12600469504154;12.892259690861593;4171.460353
6100;123.19080856103974;12.983277914328292;4207.18867
6150;122.33298619672554;12.9955005281303;4239.147049
6200;122.70654613439707;12.9382858689341;4271.863949
6250;122.6662900789406;13.01564415846939;4305.388015
6300;122.98414157340028;12.981793653254883;4338.454196
6350;122.63782163227253;12.93156062954558;4371.544917
6400;122.87746465914604;12.929834162953002;4404.460905
6450;122.60922946803542;12.935528103976667;4437.891601
6500;126.84747407096043;12.930203037319323;4472.244334
6550;127.046716957525;12.95700738693014;4506.361261
6600;126.48856447574742;13.015141659865051;4540.458668
6650;126.95698969351206;13.079237804212203;4574.230219
6700;127.3138494731314;13.07542320634709;4608.04263
6750;127.15776425150312;13.106887079608061;4641.674857
6800;127.03598319569835;13.122190570999669;4676.345878
6850;126.94801695090115;13.156964336118609;4712.115016
6900;127.22394048837404;13.096987629019907;4746.208288
6950;126.80813620423064;13.042328967578825;4780.977929
7000;126.5916259992564;13.021424230077894;4814.663859
7050;127.29626839845588;13.06653960116395;4848.410862
7100;127.50882494262494;13.039810677310856;4881.855854
7150;126.89273140708279;13.002987547856696;4915.361456
7200;126.84367377362022;13.002811676093556;4949.910384
7250;127.04862499926347;13.023621286917002;4984.541845
7300;126.76698807052362;13.019052693736725;5021.878993
7350;127.62474323021961;13.081165805988833;5060.217983
7400;126.8096730188836;13.117292234774432;5094.56434
7450;127.31360947493657;13.064363539250811;5128.140048
7500;127.21959746313632;13.084393217895228;5161.321622
7550;127.03320477259447;13.06838602681363;5195.043558
7600;127.51032281086407;13.067565650548438;5228.733244
7650;127.47351971225135;13.074723722562641;5261.725096
7700;127.02167051725105;13.092529242949052;5295.575743
7750;126.96434614581001;13.082057618505852;5330.077065
7800;127.26947644233833;13.133743792656068;5363.600612
7850;127.00921049274785;13.163856577523816;5396.535448
7900;127.4015346594383;13.187019427091386;5429.8787
7950;127.2352743774159;13.16418631080447;5464.135176
8000;127.00167983508126;13.110274901100311;5498.302985
8050;126.97020938746999;13.101936625713629;5532.01342
8100;127.26017018544995;13.090184108834885;5565.879671
8150;126.95366808430936;13.087240126377258;5600.592182
8200;127.3933848727152;13.104540813094635;5634.763489
8250;126.89963534322453;13.139231336872426;5669.588824
8300;126.78255468889061;13.138536597818344;5704.720278
8350;127.43222762514131;13.154648157396204;5741.239891
8400;126.69261932866031;13.115135157727176;5781.529392
8450;127.23869134093337;13.08964872276549;5815.232461
8500;127.41485194813016;13.059537708066701;5849.470568
8550;127.07199447231584;13.086630647304093;5884.036299
8600;127.34083596378386;13.052350783281897;5919.775756
8650;127.16484617665654;13.038524120754897;5955.004227
8700;127.54718396275779;13.076154451079042;5990.251465
8750;127.12336045480868;13.0579676680352;6025.710452
8800;127.00646897139428;13.092252436167687;6062.036639
8850;127.27702646089881;13.09143269670442;6096.640938
8900;127.3764321196399;13.038991899166616;6132.090434
8950;127.059000265605;13.04482137916221;6166.739217
9000;126.49806792810398;13.03559603542856;6200.944793
9050;127.12126695112192;13.076825989794715;6236.143541
9100;126.87338680332448;13.048010158710088;6273.217116
9150;127.02312370709849;13.053297866470416;6313.055385
9200;126.96805700479159;13.053959478902526;6348.748422
9250;127.24890417518696;13.100233074168916;6383.923538
9300;127.3324229531109;13.039710554572082;6418.730453
9350;127.76894825296047;13.055678898252976;6453.459336
9400;126.88480873635932;13.02875771732995;6486.763333
9450;126.71842420177987;13.02789525234498;6519.97808
9500;127.24148012026697;13.015654132272573;6553.183799
9550;127.2724319901703;13.007071965576786;6590.989896
9600;127.06870771526013;13.000569565333038;6628.452947
9650;127.04631100584825;13.000580161427916;6667.362803
9700;127.07280972655715;13.002886731745686;6704.260324
9750;126.35510735915518;12.961664318321082;6742.471537
9800;127.01649602763462;12.971630233409494;6776.280747
9850;127.1020777252357;12.935161657482059;6810.139569
9900;127.44796960967614;12.976968762535668;6843.960782
9950;126.8205592116772;12.973887230488536;6877.45234
10000;126.97196465453825;12.965269611516083;6911.608118
10050;127.32340881742365;12.950912923525774;6946.203395
10100;127.1460680664637;12.953274788319082;6980.280854
10150;127.07007295591963;12.943380037922822;7014.445272
10200;126.79242301265495;12.96841469448341;7048.272642
10250;127.273006506343;12.946772095090411;7081.488682
10300;126.79470585727852;12.915658709403953;7114.756877
10350;127.01560475945564;12.919288482070648;7149.07715
10400;127.11534241469876;12.953760466682823;7182.506038
10450;127.1564052063798;12.974839269645598;7215.896881
10500;127.1744722101323;12.978257188704058;7250.937311
10550;127.12692719689122;12.934238564624298;7288.565536
10600;127.04128675161154;12.921982868215203;7324.10592
10650;127.22640550210873;12.9134385485638;7360.376059
10700;127.14488109858036;12.886888257417707;7396.064463
10750;126.83888230327217;12.917334214929559;7432.957263
10800;126.48901088937404;12.914371053021908;7466.749531
10850;127.08699906628416;12.913376631959988;7502.710069
10900;127.21916499253093;12.848473547835852;7539.161143
10950;127.01366969795791;12.849217043796692;7575.830098
11000;127.12860567757686;12.831549147148;7609.697834
11050;127.039910942058;12.846565430811726;7643.923499
11100;127.33066498255603;12.85376993827314;7679.266781
11150;127.11380283584056;12.85083068224388;7714.764161
11200;127.00035995639692;12.845002979826273;7748.955532
11250;127.21786273028992;12.835083517563518;7783.236861
11300;127.29091329506485;12.821052621356134;7817.279814
11350;126.9808239492941;12.79569537892904;7851.449469
11400;127.63040372942677;12.781562798126542;7885.312878
11450;127.4596877074008;12.800780762774828;7918.032302
11500;127.15298015762411;12.792151268085089;7950.770861
11550;127.17521604646427;12.774507954942566;7983.302253
11600;126.93124604319597;12.73619635326061;8015.333887
11650;127.4082373331955;12.737069088542551;8048.345125
11700;127.11908420288702;12.703562547233961;8083.308301
11750;127.3571348359588;12.6867454895988;8116.514553
11800;127.33457686453907;12.687182102967162;8150.97211
11850;127.33765986820922;12.661803077924347;8184.965307
11900;126.7245946567304;12.64927656418797;8219.793305
11950;127.35028103700975;12.604689247594003;8254.519718
12000;126.91931855990816;12.585581578664264;8288.762455
12050;127.27810407623421;12.581413536527354;8324.001777
12100;126.98377833529925;12.609507241755582;8360.881441
12150;127.15312205480346;12.616456302053404;8395.281995
12200;126.99863226403153;12.611461336977449;8430.84388
12250;126.86151883301838;12.629424050483802;8466.72892
12300;127.1662368926279;12.677646465149639;8501.361837
12350;126.92116977536233;12.693500090280184;8537.507795
12400;127.20257729559195;12.667430286851904;8572.148024
12450;127.39699765330347;12.676004074827336;8607.623687
12500;127.25119149205355;12.64766105387861;8643.315379
12550;126.93538642166432;12.689051146456148;8678.729669
12600;126.98026112936239;12.703226265523503;8713.410807
12650;127.10355519122987;12.686154236740734;8748.845566
12700;127.33242755199014;12.696460656833594;8784.508719
12750;127.15436647014602;12.757559256312376;8819.782618
12800;126.48193058888869;12.735428207460943;8853.879422
12850;127.33212564224168;12.741510246718956;8890.071335
12900;127.05747117259416;12.710879156736436;8926.078481
12950;127.16765132359643;12.739570764416625;8963.198926
13000;126.86542080057447;12.782192615969251;9000.35867
13050;127.15960799161049;12.730648522819397;9036.655288
13100;127.0525587885271;12.727434243902344;9072.178682
13150;127.05960369259293;12.702870009709246;9107.36973
13200;127.28914602816738;12.689830377496474;9143.008743
13250;127.38019922650388;12.710320237676072;9178.100189
13300;126.9708129761317;12.72780528222398;9215.328222
13350;126.83809123595745;12.719890580328899;9250.060834
13400;127.07966896407903;12.723547610318837;9285.649688
13450;126.88142931724275;12.698918574631232;9322.902674
13500;127.34954612984517;12.732805879113426;9358.761618
13550;127.24159078342791;12.737773871677064;9395.613572
13600;126.7976315400255;12.736393138957272;9431.307189
13650;127.02365060920151;12.72919786758819;9469.504467
13700;127.14239485099695;12.723171994021946;9504.67652
13750;127.27300448340613;12.726567400882159;9537.888008
13800;127.14799686089836;12.7396109093363;9571.473452
13850;127.15958882851582;12.794827045918916;9605.064089
13900;127.2824540204352;12.788601854407082;9638.268937
13950;127.26550314838143;12.795323985165222;9674.306918
14000;127.04316313430178;12.750103398761553;9709.056242
14050;127.10019607172315;12.73156167668071;9743.001027
14100;127.28070240224261;12.725427342249958;9777.320205
14150;127.24690041727347;12.723973491601582;9811.357318
14200;126.82103938737374;12.744976336060263;9846.601018
14250;126.81099637641742;12.722645720075796;9881.82753
14300;127.25037576262348;12.749192135935365;9917.017381
14350;127.29645590666546;12.758752285680938;9951.926114
14400;127.15824650017686;12.744463073224853;9987.328622
14450;127.21575089781808;12.78652569819003;10023.153477
14500;127.0407006971993;12.744069629558792;10057.501324
14550;127.52603893987866;12.752500652267747;10092.987109
14600;126.87169908946358;12.785906643789806;10128.369806
14650;127.15055109955794;12.807579422725862;10162.974818
14700;127.14297658491725;12.812956275702948;10198.219785
14750;126.84707060201869;12.77635980106845;10233.356349
14800;127.13611820751389;12.804528468249949;10269.353596
14850;126.90676540611813;12.82540655373376;10304.184693
14900;127.16399507807216;12.821004445585167;10338.297793
14950;127.0308687435773;12.817540051824677;10372.342818
15000;127.03954308220176;12.834601844445514;10406.23385
15050;126.9317223719932;12.847484603061083;10439.794863
15100;127.44238313622432;12.818418401904646;10473.368545
15150;127.42531508291471;12.804323886291582;10511.331843
15200;127.05239595529974;12.81598965909403;10547.162864
15250;127.31617715579122;12.792686227339797;10582.805887
15300;127.24670563638321;12.814077833869362;10616.933162
15350;126.57329385553676;12.823395483957027;10651.121286
15400;127.26195592020369;12.82263854763682;10685.786427
15450;126.91322400985689;12.820422130862108;10719.583866
15500;126.49157285487519;12.818058613238176;10753.542796
15550;126.8523550009536;12.828392815175707;10787.548387
15600;126.85596198006947;12.81907430637405;10821.703689
15650;127.0998838026019;12.806964284367563;10855.455994
15700;127.2725755951799;12.804732617888495;10888.238344
15750;127.07819558909408;12.806957243939646;10922.60963
15800;127.08579188057189;12.824596881331153;10956.433243
15850;127.35902494078735;12.824144496825012;10989.622016
15900;126.92793380668014;12.796896510347091;11023.955305
15950;127.15425675065534;12.78896254557173;11057.685878
16000;127.08298274274524;12.801447062587414;11092.029194
16050;126.66725343500696;12.815647105628294;11131.340623
16100;126.93876666509797;12.796265126239941;11165.395919
16150;127.1338986617439;12.826652600173984;11198.771362
16200;126.90928754173932;12.837863099045979;11231.646735
16250;127.02034701240972;12.858756466385938;11264.816082
16300;126.3372276693298;12.838747200311609;11304.66815
16350;127.25068733585145;12.838898572544467;11338.966655
16400;126.70632942849184;12.86643736928682;11372.454888
16450;127.19412923503268;12.875830107219052;11406.673768
16500;127.03544604200697;12.891096694302256;11440.489315
16550;126.99458765547408;12.876063600456499;11474.98513
16600;127.24782839654503;12.897492042841472;11511.971035
16650;126.98679348079939;12.915170410795625;11545.460761
16700;127.05858934144928;12.907164778273454;11581.452286
16750;126.6166791480466;12.930297653608365;11617.379024
16800;126.92281901357195;12.908654553228391;11650.988907
16850;127.36775749742934;12.904195173453068;11686.212315
16900;127.4398241257121;12.897710199875965;11720.427096
16950;127.14391476424518;12.908468421766079;11762.229305
17000;127.37106049946817;12.92571276970003;11796.27063
17050;127.20810023871412;12.924605589313794;11831.944636
17100;127.16167690386278;12.928847186006985;11865.806692
17150;127.3827103192115;12.913258220744378;11900.414394
17200;127.24977087350649;12.926890716199075;11934.511679
17250;127.04463523557142;12.958811198136498;11971.599249
17300;127.2894559222945;12.958599145747069;12005.349162
17350;127.11971053315118;12.9643332577898;12040.675663
17400;126.89556438131484;12.965404272653238;12074.350648
17450;127.12889170449807;12.960910853926402;12109.011783
17500;126.97549327776042;12.97671884059685;12142.601532
17550;127.18035343744572;12.970549782569995;12175.850897
17600;127.1440764577419;12.970130630350916;12209.338321
17650;127.09133496863609;12.960325017802736;12243.543303
17700;126.92609996316061;12.971901693152068;12277.98162
17750;127.15985762598388;12.992862102786033;12311.67496
17800;126.91692340525816;13.041293761240889;12345.726498
17850;127.16362038024872;13.060462984151295;12380.073222
17900;127.1572845937661;13.021049626742432;12414.536846
17950;127.0811310727614;13.01085453721922;12448.523406
18000;127.03534982665235;13.011763648609964;12481.765861
18050;127.47494816440705;12.979409413869023;12516.232733
18100;126.7028410045078;12.98092510563281;12551.43413
18150;127.16325179630329;12.990325655235987;12585.068315
18200;127.22137864215912;12.996127519849356;12618.695595
18250;127.05431608539828;12.963955647208284;12652.586141
18300;127.25992285486029;12.96285227247131;12686.950696
18350;127.08806868218558;12.948746490608784;12720.366747
18400;127.06380544054964;12.936100911308234;12760.262487
18450;127.34989620382807;12.942555647608387;12796.771837
18500;126.98280604293468;12.955415997910174;12830.601112
18550;127.21486817714853;12.954662520716669;12866.920231
18600;127.03443285491696;12.950199417696131;12905.807504
18650;127.23640629354531;12.954771541698873;12941.847811
18700;127.26618662348712;12.943803250457384;12976.299477
18750;127.43140317421766;12.929561454636607;13009.879188
18800;126.78165261351648;12.934190611794365;13042.836705
18850;127.00115469382665;12.920800308937954;13076.345137
18900;127.00590294749163;12.91040725209669;13110.258204
18950;127.03218577704703;12.882295220548997;13147.631224
19000;127.0073330028236;12.916881238348688;13186.431949
19050;127.07394551108676;12.908713237495641;13222.721991
19100;127.00068833610736;12.909965946884128;13256.763928
19150;127.10024880174177;12.87907528760423;13298.131001
19200;126.97652770757226;12.860889119259395;13334.889154
19250;127.42573625845266;12.856609663032293;13371.51763
19300;127.48606105432569;12.871102036485121;13405.870835
19350;127.42314356256453;12.866738939383476;13448.045893
19400;127.0530023295808;12.876189238037872;13484.672384
19450;127.23439612451725;12.854789876593207;13518.668228
19500;126.8460013922633;12.860757613965438;13553.411366
19550;127.15075965887343;12.859556974181833;13593.907136
19600;126.85082098573601;12.852021577127902;13631.935163
19650;127.2694899058336;12.833485288334318;13664.351674
19700;126.86172833607597;12.848753234628678;13697.283438
19750;127.53996887039838;12.844212526452921;13731.0784
19800;127.22600605526515;12.838301710499524;13765.013628
19850;127.08781872618654;12.817517178854631;13798.330274
19900;127.05408116024364;12.80788596633595;13832.558437
19950;127.11883035580544;12.833706548920711;13866.722862
20000;127.19300436591095;12.85154193298268;13900.736444
20050;127.0900542708909;12.858756407381005;13934.349442
20100;127.16614685362633;12.849851480781096;13968.211586
20150;127.16121727392317;12.832869679985615;14001.736385
20200;127.17000692781284;12.843874997969767;14035.950867
20250;127.02798215553088;12.843091814579049;14069.325617
20300;127.02146249725229;12.821096243622812;14103.056538
20350;127.00218815909932;12.79425510308611;14137.77018
20400;127.13335085168734;12.824394540507603;14172.514696
20450;127.0243425486531;12.810815755542158;14205.507892
20500;126.86978938936653;12.806004094877114;14239.653809
20550;127.16629332764353;12.80229133050132;14273.569898
20600;127.35194154566237;12.820563729799463;14307.323833
20650;127.5067036404784;12.801165826698579;14340.891136
20700;127.22593324017511;12.826698217783472;14375.153848
20750;127.44722738800051;12.82667845441302;14409.344483
20800;127.08942019672936;12.810614715129889;14443.327777
20850;127.14738417381926;12.803140506923368;14476.365825
20900;127.03855330606993;12.796100435272864;14510.925597
20950;126.92684444126809;12.792106238819839;14544.199565
21000;127.572121041039;12.780013976442627;14583.248267
21050;127.54985332415184;12.783845670914411;14619.244323
21100;127.78860666979519;12.753543186190132;14655.401306
21150;127.09928297274763;12.757923173352113;14694.876555
21200;127.18730806581274;12.747792245774273;14731.559775
21250;127.46418494298553;12.776327461840536;14763.890688
21300;127.14947416355788;12.776466134585261;14801.375805
21350;127.13140963590693;12.787288818614206;14836.619279
21400;127.01068201667042;12.786092486074562;14868.939358
21450;127.19883720968795;12.782529000961212;14901.110182
21500;127.18859737605962;12.77836074981379;14934.377594
21550;127.5524570288922;12.787910169924046;14967.010352
21600;127.18436913999966;12.780702931577057;14999.277453
21650;127.42072267668917;12.780154338153793;15031.588833
21700;127.0462978720098;12.782729977496576;15064.26338
21750;127.08567525598352;12.784348820416513;15101.601931
21800;126.89583545041724;12.767690551319763;15134.763792
21850;127.13208639939552;12.77096750652751;15167.977895
21900;127.33732236344308;12.78041445671631;15201.225244
21950;127.44492533213567;12.763423420770604;15234.253334
22000;127.3547999301695;12.762384131312176;15267.382332
22050;126.84296714912493;12.762659559097166;15301.38476
22100;126.83839338028521;12.769084999165642;15335.646433
22150;127.4162731492851;12.757132936389613;15370.562321
22200;127.17027415569366;12.752480938090793;15404.729587
22250;127.27788119955467;12.760175203764613;15439.470036
22300;126.99019209698919;12.767218568856928;15474.428801
22350;127.11931232370182;12.771403808944646;15508.942547
22400;127.25446857328083;12.77929366955583;15543.502792
22450;127.42134923748232;12.779573497859063;15578.103177
22500;126.88746742323539;12.776090020748162;15612.263071
22550;127.1641788769557;12.771321464861485;15646.265667
22600;126.91875854612987;12.775313093668855;15680.548739
22650;127.48463137690968;12.74394098516618;15714.271588
22700;126.70424447410365;12.733742187971616;15746.974826
22750;127.21592551804349;12.725159530293869;15780.912568
22800;127.0959187204176;12.748233527085347;15814.409718
22850;127.16403122544585;12.726975070332271;15849.278988
22900;127.43143218109645;12.720970589781281;15883.214571
22950;127.23118687240368;12.730130639349703;15917.689902
23000;127.20473585393106;12.71789678986162;15952.347769
23050;127.23621993052393;12.712901027572407;15990.966631
23100;126.784679477505;12.721233808837878;16030.158477
23150;126.82151122875952;12.732078821485764;16067.252217
23200;127.0112485599032;12.73936519525641;16100.745639
23250;127.0496366602476;12.719510539289724;16134.968007
23300;127.31605966200374;12.707719805084615;16172.967874
23350;127.11800041032426;12.72448321507853;16210.392832
23400;127.1547087445945;12.69325026874648;16243.827007
23450;126.79287299855397;12.700591450076944;16279.157323
23500;127.33909917282352;12.670956676769755;16312.280198
23550;127.17329287781124;12.667552475619111;16346.48174
23600;127.16799655637391;12.664270450736801;16380.945906
23650;127.56387682353149;12.666863200549265;16414.261435
23700;127.63542857702785;12.6560289462999;16448.302429
23750;126.68311069511999;12.643167959472768;16482.114702
23800;126.90799831042999;12.636753801692656;16515.338871
23850;126.6264760845153;12.640855860234137;16548.404391
23900;126.77391202209245;12.64768268527891;16582.135874
23950;127.30241954214597;12.647073662466266;16615.437758
24000;127.13953255748092;12.646641554338263;16648.719543
24050;127.3279837251673;12.67023302284045;16681.074278
24100;127.57245613285762;12.670992602340455;16713.233454
24150;126.94179945933723;12.693822642099342;16745.929667
24200;128.1907592215667;12.714802960961205;16778.227186
24250;127.85084423168766;12.713401659082177;16810.499011
24300;128.3027877632935;12.70130177565473;16845.169296
24350;128.34130975780684;12.716723383515282;16878.148258
24400;127.8950541985561;12.730160004143757;16911.690924
24450;128.11750898475705;12.720366558564974;16944.625304
24500;127.80607344922248;12.739349707223242;16977.827398
24550;128.01689070381312;12.74672449287511;17010.680056
24600;127.96688121501003;12.74121070101236;17048.733686
24650;128.1607545207999;12.723536766268328;17083.445682
24700;128.3543160090476;12.73951173441787;17121.146208
24750;128.49675625186381;12.749386232351076;17155.229856
24800;128.18657226931202;12.733714775164357;17191.925208
24850;127.84354004859962;12.736715232536367;17224.84588
24900;128.16269461226338;12.734848963508314;17257.554344
24950;128.2510537030114;12.729997447461415;17290.844965
25000;128.0321009622131;12.736442100100968;17324.251274
25000;128.26943903810903;12.736442100100968;17327.251903
