0;-9.59411433390121;-13.643332462135632;0.654692
50;47.652238784130304;10.070364212641259;37.62029
100;47.63413735575591;12.389311267332262;80.698265
150;47.788762787536164;16.0408326473023;116.876217
200;47.7902445371821;15.782667040155362;154.553132
250;47.66747690051536;15.43995214121862;191.404586
300;47.707594785974344;16.109417146286127;228.512063
350;47.86176282123711;16.54709906963794;264.162736
400;47.70167495288473;16.73507451128021;299.527704
450;47.88170250406256;16.48750847119673;335.650826
500;47.55081162604117;16.875801651705245;372.532244
550;47.868567458554374;16.919230190466028;412.080387
600;47.6437954242625;17.114035685679717;447.629186
650;47.755419688981654;17.602509649939154;482.955183
700;47.32382436024593;17.707276745277497;521.974319
750;47.746033124012826;17.866824746875132;559.540756
800;47.82141174073094;17.786620299102783;597.496499
850;47.74843780491528;17.655943252631943;636.883471
900;47.6604821830744;17.564276888650905;674.44221
950;47.73821858083962;17.34466662138355;709.904282
1000;47.91820394620675;17.439547023014807;748.941612
1050;47.62538953831385;17.53034863654657;784.353124
1100;47.6478851191754;17.54200002747944;821.129059
1150;47.70814471389694;17.229703864250748;858.32681
1200;47.70512832966126;17.226437029196454;900.67567
1250;47.828572670661515;17.380028056211952;938.267305
1300;48.40334166301123;17.69589535428411;974.839361
1350;48.26049632399876;17.736100517856663;1011.507437
1400;49.143740281821074;17.585800249843814;1047.556739
1450;54.796644250326814;17.214850595898035;1084.149205
1500;54.98622804517774;17.25668690199813;1120.066944
1550;54.76335461943615;16.789670698133392;1156.727601
1600;54.75239670538433;16.412631947718385;1193.501632
1650;54.438112866331;16.377445985751624;1230.336068
1700;54.703993351928005;16.259477332869523;1267.573552
1750;56.66955055874862;16.093592405318827;1303.756739
1800;56.5203189394405;15.92207088131324;1340.55169
1850;56.77163828168601;15.764536742439814;1377.285117
1900;56.5968789185789;15.493258458585837;1414.056256
1950;56.754335643223385;15.539639720242773;1450.79459
2000;56.80739299245695;15.471046262927198;1487.567412
2050;56.73308318397319;15.367478119378022;1524.299929
2100;56.71420980679767;15.228157767736148;1561.116311
2150;56.878779920375166;15.046044645989667;1597.932914
2200;56.47835272942826;14.933173731493932;1634.733384
2250;56.929269836858104;14.868933101623421;1671.530458
2300;56.62568174653276;14.701916249416708;1708.280917
2350;56.47561365430002;14.477900136168369;1745.014562
2400;56.352640346790615;14.186759229733973;1781.782187
2450;56.10442524761075;14.08463442224862;1817.755526
2500;60.119537377205425;13.930088765942086;1854.293959
2550;60.30403924329046;13.958868097183089;1890.179439
2600;61.629673034777596;13.878266748138794;1927.14932
2650;60.20209405045412;13.904775371171976;1963.86156
2700;61.23617563078843;13.831179401859801;2000.459006
2750;61.21305897876634;13.771615719793255;2037.096644
2800;61.07862513841363;13.74766897492531;2073.757591
2850;61.347778374639205;13.77874091962832;2110.392459
2900;61.33113940799151;13.767400566510695;2147.126937
2950;61.2320863113466;13.76553728056812;2183.76496
3000;61.23375016357338;13.735583182593915;2220.392969
3050;61.224839353742524;13.659188292507944;2257.142778
3100;61.28039021250429;13.668407348844458;2293.943604
3150;61.36097266070282;13.64771208554134;2330.687063
3200;63.487094751296354;13.625804983139039;2366.805752
3250;63.6405438569233;13.716815845978518;2403.386832
3300;63.43146228967589;13.710650950006789;2440.106272
3350;63.476654404691146;13.712814602830857;2476.891918
3400;63.636490407980276;13.787490665284887;2513.628595
3450;63.37187860590538;13.863937807968766;2550.498079
3500;63.537515376280744;13.858433794845288;2587.277589
3550;63.490644691240185;13.90562810007433;2623.921258
3600;63.46770232742442;13.922508780443948;2660.609401
3650;63.43245311922195;13.905853204960499;2697.351867
3700;63.594628583575656;13.895603344258534;2734.130224
3750;63.64663507042642;13.828233063180798;2770.972129
3800;63.44542286410104;13.918956382023081;2807.706874
3850;63.48072647078179;13.95534556466696;2844.461237
3900;63.53657598452273;14.028458565556912;2881.156925
3950;63.51802849217435;14.010616848975895;2917.781176
4000;63.72242092880235;13.984514544324398;2954.540178
4050;63.63976403622886;13.92212986044254;2991.342393
4100;63.40450726387211;13.943285075963136;3028.062069
4150;63.515146042039824;13.976262444994875;3064.860707
4200;63.394855522157584;13.895873451309692;3101.684064
4250;63.559529220798424;13.91862944450556;3138.399313
4300;63.56146295035083;13.99459220898088;3174.482763
4350;63.511676386370034;13.93690255848258;3211.188527
4400;63.46644865754247;14.004829024788117;3247.931878
4450;63.4479321857061;13.940329047000654;3284.734475
4500;63.662714645801444;13.849712322732792;3321.524731
4550;63.538454200990515;13.855243701183838;3358.325574
4600;63.43795693113027;13.909871025722461;3395.044167
4650;63.526670422601995;13.891188119179592;3431.873526
4700;63.5962863356354;13.877713404352745;3468.855472
4750;63.34227117260636;13.914266536824444;3505.6352
4800;63.502870830053524;13.93822139575572;3542.446079
4850;63.61704785474994;13.930601167195732;3579.169988
4900;63.6386333566766;13.986245628489746;3615.917598
4950;63.44784784356124;13.971372031386881;3652.820897
5000;63.80081882771936;13.999407194424975;3689.57488
5050;63.46043711326131;14.035441548272148;3726.266407
5100;63.62376257050286;14.073612930130434;3762.955162
5150;63.57406365067852;14.004875460089526;3799.684213
5200;63.41489544946066;14.003688405535724;3836.407891
5250;63.703934311050396;14.01783607777163;3873.197403
5300;63.382527399656894;13.983801861482881;3910.074783
5350;63.55950462217195;14.004779038009314;3946.904506
5400;63.7952015317922;14.011418328578717;3983.669593
5450;63.63063585056639;14.05039680290279;4020.399351
5500;63.633858778069495;14.008866823393703;4057.158609
5550;63.69422924689448;14.005212495278961;4093.90387
5600;63.41307854568521;14.063900229755172;4131.68205
5650;63.481885391076815;14.052804328171904;4172.77531
5700;63.52449524407808;14.092880761901672;4211.82605
5750;63.641281309145214;14.113194100980577;4248.315858
5800;63.44129589645957;14.144428358909153;4285.137764
5850;63.5408655840251;14.199209507965481;4322.100542
5900;63.57219251716011;14.193261889339347;4359.417248
5950;63.454979050025294;14.160120626349093;4396.564289
6000;63.37695790082876;14.15985313667753;4433.442883
6050;63.708718099852895;14.104479554269592;4471.4947
6100;63.41604007840348;14.119639738728553;4509.14892
6150;63.67836421679076;14.09605596871291;4546.511602
6200;63.52020484897606;14.128220000166605;4583.841594
6250;63.34910130209944;14.117671209715102;4620.78708
6300;63.3568196155851;14.06169262155754;4658.449415
6350;63.5000027498801;14.104857641054267;4697.717955
6400;63.551633142788326;14.09478397783617;4734.765754
6450;63.487274929198975;14.109575241088711;4772.801954
6500;63.66056793503097;14.112460855431568;4810.610232
6550;63.47228310176138;14.118197263104191;4847.548277
6600;63.4939473608351;14.117836931869427;4884.470166
6650;63.56676368920316;14.09982526436573;4921.374756
6700;63.79121659317958;14.140028221685787;4959.758242
6750;63.48614925497204;14.113715513719745;4997.824267
6800;63.55471524863345;14.113371460547492;5040.435831
6850;63.679111488747964;14.091233761241774;5079.862409
6900;63.51420400400678;14.105420620878279;5118.316489
6950;63.876653102258814;14.119673041057178;5155.106056
7000;63.42193398752836;14.155984071191945;5192.017557
7050;63.483249741654674;14.19344348777995;5229.163938
7100;63.553749498874694;14.175985530411252;5265.944719
7150;63.55435272546034;14.183472308931352;5303.479392
7200;63.531603668667564;14.173331385994462;5340.278303
7250;63.42608316372875;14.182647754329414;5376.947408
7300;63.59428591895841;14.212650295340516;5413.612383
7350;63.48579643680582;14.197785598268874;5450.304849
7400;63.51336590924064;14.213601761982119;5489.520306
7450;63.59960628860042;14.244412780192938;5526.754423
7500;63.48347263501534;14.25749985958881;5564.327508
7550;63.50681685242237;14.25732483493918;5601.996453
7600;63.61131164030611;14.254838389659929;5640.077225
7650;63.709945864132834;14.224927806839517;5677.801843
7700;63.58257059252914;14.259763752952358;5718.111503
7750;63.63363520233575;14.232292565906551;5758.61221
7800;63.5870767386256;14.230220592570603;5801.270456
7850;63.54867600457738;14.20110358644173;5838.755145
7900;63.53230685452568;14.226613793997895;5877.659769
7950;63.57225514364485;14.26228364114632;5916.706951
8000;63.62470549835312;14.239454972025731;5955.61768
8050;63.48534686457514;14.265353486665976;5995.027181
8100;63.42827025790144;14.273236550157565;6033.783312
8150;63.66832860871254;14.270001500828188;6073.595707
8200;63.79166084887736;14.245902037302036;6112.599997
8250;63.609629252680634;14.283297618428096;6151.608134
8300;64.55475270601504;14.290655026299625;6190.05168
8350;64.25134734752929;14.314845859827345;6228.125265
8400;64.45852658932087;14.319642735790817;6268.331156
8450;64.39705573887287;14.354345227895529;6312.378831
8500;64.34245384835953;14.382212005648231;6351.587158
8550;64.50699968028502;14.420562438910366;6389.396991
8600;64.13857057097597;14.428891598174534;6427.982383
8650;64.21086801771096;14.41002774200076;6465.886647
8700;64.4180602965524;14.454342144330143;6502.493617
8750;64.39188186118646;14.48070361285404;6539.358503
8800;64.40371481621582;14.497991775666197;6577.849107
8850;64.02200443620268;14.504500236710577;6620.623109
8900;63.98923808508262;14.520734986408883;6663.244902
8950;64.14948204833804;14.558121578124775;6702.801287
9000;64.58108926970897;14.588536992779034;6743.796691
9050;64.40672372539308;14.612727901426986;6781.254867
9100;64.19706377659439;14.602982666793517;6819.097621
9150;64.09076985625808;14.61696934549664;6856.700823
9200;64.31361067263418;14.630405059621193;6893.997561
9250;64.22234366514121;14.66682992492627;6932.156095
9300;64.13389008940906;14.661465444343197;6969.67427
9350;64.34607177873916;14.686080280269604;7007.22499
9400;64.58357753141583;14.704248390395144;7044.286991
9450;64.1761069910778;14.717683746103488;7081.160698
9500;64.3770087356462;14.76311592674066;7118.112922
9550;64.34680371244325;14.78234983972214;7155.776324
9600;63.899816036940074;14.794584449007091;7192.978548
9650;64.32928400189854;14.807114072516663;7229.910899
9700;64.48574439156282;14.804184312664608;7269.948622
9750;64.35734080581437;14.84046406842072;7310.426611
9800;64.96004166349215;14.850364481406912;7350.277758
9850;65.28775069369861;14.836975008484059;7389.978458
9900;65.48912991520221;14.830234025377733;7429.68767
9950;65.14605148906449;14.791862647579606;7468.293208
10000;65.12484642786598;14.819889695033062;7508.524574
10050;65.30642088348263;14.842182506586221;7547.939891
10100;65.15063599750694;14.846941850734115;7587.720182
10150;65.0662069481485;14.867433061726578;7625.136746
10200;64.96358910233906;14.867404826572555;7663.368463
10250;64.89552696860729;14.877568047611778;7702.897987
10300;65.11480723327998;14.916287080173003;7740.533087
10350;65.38877628165037;14.913042555403665;7777.849983
10400;65.03090984650096;14.921296957711352;7815.924196
10450;65.04213965519062;14.935732499645468;7853.751818
10500;65.27330293898797;14.956828210277997;7890.946439
10550;65.26012522971251;14.969921334142054;7926.769767
10600;65.306435621311;14.95717869404728;7962.48376
10650;65.16117519279679;14.992790577579495;7998.046672
10700;64.91069494683495;15.007487848913263;8033.672246
10750;65.07726018070785;15.007892174395316;8071.792345
10800;65.33206525409429;15.020138696081096;8109.001298
10850;65.1174870287619;15.037876405973758;8147.373009
10900;65.07005424627658;15.036058673989906;8185.863268
10950;65.45237032899486;15.036749342004146;8224.351216
11000;65.18836123068536;15.03260694146834;8262.608658
11050;65.40352236160489;15.025101765934986;8301.742009
11100;65.19216887104655;15.03952480457694;8341.584305
11150;65.12836516494865;15.064197797889221;8380.687452
11200;64.84776025268086;15.076356923849417;8418.514236
11250;65.18533963796752;15.115442948144874;8458.241118
11300;65.30884819514647;15.144953334216437;8496.411939
11350;65.2080017446351;15.161152298655356;8535.710263
11400;65.09773102373194;15.169316048122528;8574.855172
11450;65.24407792890682;15.170446415219851;8613.984552
11500;65.13668741516197;15.17179086440763;8654.555854
11550;64.99287091327157;15.18469216205481;8692.367361
11600;65.1659980632839;15.192515447824851;8731.022926
11650;65.07814804555096;15.206831466418675;8770.843941
11700;65.28415487298525;15.2067716900197;8810.352269
11750;65.00880448093109;15.231457953050977;8848.157134
11800;65.39300653690691;15.235218866740068;8887.30104
11850;65.20534739364908;15.237902546400434;8926.611531
11900;65.1679867922558;15.263752894368015;8966.976467
11950;65.23530852402905;15.284638853526392;9007.93169
12000;65.16397290524942;15.30036580855912;9047.475769
12050;65.03514396203099;15.301403279327554;9086.517676
12100;64.96005369528103;15.316485313641566;9124.771368
12150;65.23802819866161;15.33099273836614;9164.136288
12200;65.11498290380528;15.361268794874675;9204.074576
12250;65.20058603374964;15.37379261174999;9243.177359
12300;65.0869230855863;15.369517082540174;9282.175081
12350;65.25531672667069;15.385883157935318;9322.777108
12400;64.9463328012272;15.412434067847672;9362.490397
12450;65.0509472928085;15.419728766719983;9402.839114
12500;65.1783148083464;15.426821227606974;9443.217529
12550;65.24778855156103;15.419952823940946;9483.877433
12600;65.28091975706468;15.4289315616052;9520.914476
12650;65.07610706008512;15.446593926965615;9557.76806
12700;65.14361367494692;15.476993772940117;9594.511727
12750;64.97707424091483;15.493483747576622;9630.503593
12800;65.22448765367344;15.510448378228674;9669.265873
12850;65.42419455717285;15.507870719566904;9707.610264
12900;65.12367293869035;15.494322654772954;9745.244457
12950;65.04006834338551;15.498235755447096;9782.66898
13000;65.11658015548521;15.494238907123735;9820.760429
13050;65.25106194389399;15.512665173717748;9859.147699
13100;65.43805941389147;15.534654606529726;9897.580978
13150;65.12222673883748;15.541366320094024;9935.97343
13200;65.12975907039532;15.534738560790299;9974.654811
13250;65.35674107052768;15.536697787919307;10013.211991
13300;65.34642575139087;15.539031010976515;10051.541543
13350;64.88613930714685;15.55440812135418;10090.184539
13400;65.37931351014707;15.553628886741068;10128.904186
13450;65.40201314944737;15.560152483466364;10167.681065
13500;65.37308407359595;15.55823951949429;10206.686848
13550;65.14777572762587;15.577943384386167;10245.755949
13600;65.40354988027043;15.574790575809365;10285.800726
13650;65.12716661665533;15.572625527408107;10323.128078
13700;64.97389934758523;15.55879365624066;10360.542475
13750;65.61465846521064;15.561848427599745;10397.627658
13800;65.13488949564481;15.561419440448896;10435.621359
13850;65.43914314937808;15.555540810012813;10473.079917
13900;65.21633003940846;15.544396954143009;10515.870879
13950;65.2350118535778;15.524414837324207;10555.500245
14000;65.51853598941045;15.499318135707679;10592.72642
14050;65.16893709228586;15.515341022250553;10630.069091
14100;64.96329429715105;15.537720781364076;10667.722394
14150;65.1921344427384;15.532275475437578;10705.703972
14200;65.01400428253879;15.544802265534052;10742.838419
14250;65.13670847031331;15.540018493327121;10780.391137
14300;65.26386338519306;15.535852561245939;10817.863541
14350;65.22114914240154;15.552805576004207;10855.158472
14400;64.70424670385911;15.54864597997677;10891.403135
14450;64.85359385462182;15.53993612324135;10929.263542
14500;64.75770567202305;15.520526721890612;10966.358805
14550;65.10957417663334;15.51721777500764;11004.087165
14600;65.0735861026542;15.514412029160203;11041.253437
14650;65.11021376392284;15.510963233909248;11078.912172
14700;65.11414719599158;15.528415658015419;11121.826637
14750;65.06316289158481;15.513155423089746;11159.555988
14800;65.17449801653372;15.500477947461459;11196.362562
14850;65.27248028357809;15.46948348179525;11233.199776
14900;65.00585488155053;15.475674830609028;11272.049162
14950;64.90319914661903;15.474142303207877;11314.442448
15000;65.04738057263324;15.472958094696693;11351.794025
15050;64.80015309975782;15.502335971482694;11389.343568
15100;65.02757261264225;15.524120949858014;11426.685758
15150;65.26398422946632;15.518761144425044;11464.48374
15200;64.94097393871596;15.516327408340763;11504.262183
15250;65.01732308318715;15.488928447324838;11542.301882
15300;65.05072910263952;15.482594862875482;11581.226894
15350;65.13761557880255;15.464305920469812;11620.427939
15400;64.93987419654749;15.45766198637202;11657.792963
15450;65.21587731655646;15.459494243040293;11696.401724
15500;64.82153344023874;15.46963059382383;11736.864424
15550;64.95964579915112;15.469098372073944;11778.744422
15600;64.94470159114506;15.454058218708498;11817.552737
15650;65.27367022929425;15.426060103837667;11854.446621
15700;64.79636565828501;15.40830036637585;11892.401793
15750;64.943776459283;15.40052577839212;11929.467874
15800;64.95013479426076;15.394362037102766;11971.076874
15850;65.26923010402591;15.396346155553044;12008.709343
15900;64.93225014255425;15.377123303043344;12047.567434
15950;64.85589258883583;15.361897851741944;12084.648418
16000;65.2219591685942;15.346420225426982;12122.678735
16050;64.83503965513393;15.353421017956176;12160.158135
16100;65.14038159945365;15.34551535659503;12197.744643
16150;65.09670451353651;15.340252884103082;12235.385962
16200;64.96705253123338;15.343060735894754;12272.800957
16250;65.02987887651636;15.356579992220906;12310.254672
16300;64.87500236075785;15.360262777181704;12347.438986
16350;65.16541541231453;15.350781828363095;12384.988934
16400;65.25092086737133;15.338593259309503;12422.48064
16450;64.98782099342388;15.321373409741629;12459.531962
16500;65.07256420058478;15.34433019100663;12496.833507
16550;64.71611035459615;15.360259523849258;12534.585109
16600;65.13789288054869;15.344729243936818;12571.763662
16650;65.05699498690018;15.33334810609506;12609.269463
16700;64.95684869559939;15.335961678353417;12646.918995
16750;64.7644068514167;15.327515071511279;12684.998065
16800;64.94961985391748;15.32183560088821;12722.022895
16850;67.10322816816361;15.311428256880786;12764.727473
16900;67.22807769977798;15.31663649337737;12803.742185
16950;67.43350476043935;15.337697903012822;12840.702424
17000;66.80644928152267;15.356821717101056;12883.373302
17050;67.06757566791097;15.36527324445446;12924.427367
17100;66.98841845651212;15.375592662707382;12963.894268
17150;67.09803723691358;15.401071279941522;13001.549974
17200;66.94358719604529;15.422373052991421;13038.495385
17250;67.04194858884178;15.439551402855889;13075.2542
17300;66.57351878744196;15.462718128305582;13112.783032
17350;66.88692763757973;15.473533331384056;13154.627749
17400;67.00775843232753;15.487806609379364;13197.141954
17450;67.43786308533434;15.507347337658556;13236.401967
17500;66.48372488212813;15.532006723453357;13278.216549
17550;67.3868766644683;15.55424941442785;13318.906177
17600;66.83080336276305;15.548062018454791;13363.249195
17650;67.26955864588517;15.564700217860354;13400.289673
17700;66.50665532074176;15.571169890659363;13445.835845
17750;66.67942281529213;15.582256554558894;13485.673368
17800;67.17634913612737;15.592313053317113;13522.469279
17850;67.49843246176371;15.604722565810492;13562.099031
17900;67.14218008574498;15.618554118691607;13605.828937
17950;67.20188488169704;15.634270650022986;13645.827921
18000;67.36175261782371;15.64037697833837;13682.667705
18050;66.52359464814103;15.640339468929643;13719.602858
18100;67.0597922247883;15.652060375067107;13757.383872
18150;66.76041797930947;15.640858159660958;13794.654385
18200;66.65899730580269;15.645775543450624;13832.421817
18250;66.8518594747331;15.654088871404584;13869.91322
18300;67.06970246085439;15.649725508027768;13908.144013
18350;67.05027955777065;15.637763661312963;13945.423254
18400;67.34391367976022;15.62840784137108;13982.605771
18450;67.51022644974883;15.619321597539543;14020.029721
18500;66.80114934759092;15.622165841688199;14057.180526
18550;66.6120220629048;15.631883501028614;14093.873649
18600;64.7832867193104;15.634202772621094;14132.008988
18650;64.32718289323327;15.624993578740423;14169.986167
18700;65.6132325674078;15.628087208150715;14206.246714
18750;67.01328185991407;15.633842569713096;14243.495853
18800;66.47649644997249;15.634853760207008;14280.58845
18850;67.21279770463748;15.612449073271168;14317.488381
18900;67.38984990554671;15.600315027291863;14354.684962
18950;67.22388610557756;15.594170072647673;14392.149174
19000;67.14026161821407;15.586330115419575;14429.640583
19050;67.51043755255684;15.564300912355998;14467.100539
19100;67.96874509865674;15.571355989587886;14504.710261
19150;75.85044859024363;15.564494036271116;14540.324684
19200;83.46830311363398;15.526697646097732;14581.349843
19250;83.77483009050712;15.491434846725982;14619.182652
19300;83.60218395893082;15.45269250653709;14658.53316
19350;82.80762351461631;15.39204457325127;14697.558345
19400;83.81982670208293;15.362435833565085;14736.067121
19450;83.68165959119472;15.324557980820934;14770.20579
19500;83.65785904043787;15.252527207599536;14810.299107
19550;82.93913451453534;15.20025217884474;14846.923867
19600;83.42173052854488;15.156935145916131;14881.341063
19650;83.38914934339637;15.128194547038193;14915.226345
19700;83.16466883125068;15.072862953189096;14949.68027
19750;83.5178433492979;15.016720898641651;14983.512727
19800;83.11515174411768;14.969240558600093;15017.607947
19850;83.09156926842712;14.926785716544902;15052.037599
19900;83.35213195583296;14.888102359483286;15089.247284
19950;82.99728687154565;14.836153750478317;15124.735304
20000;83.39058040090521;14.798616626135116;15160.104013
20050;83.62560887080477;14.750220198733606;15194.9411
20100;83.93673253308681;14.710771953117794;15229.623912
20150;83.65262277251551;14.656173544018081;15264.471998
20200;83.15409547436276;14.61877504996676;15300.507687
20250;83.10150592954757;14.60014559576366;15336.852889
20300;82.8549071716964;14.556262307771014;15373.503777
20350;82.87481250743744;14.523387925037207;15409.96666
20400;82.70587992159503;14.49535606487708;15446.113165
20450;83.24429329108497;14.452297308814044;15483.252577
20500;83.12508819465913;14.409628886605162;15520.089938
20550;83.36535830570102;14.359857913982685;15556.460651
20600;83.0860477900454;14.32914930236167;15591.951143
20650;91.95666996797497;14.303286424659381;15627.280468
20700;92.12048779934257;14.313183916510408;15663.364309
20750;91.96712494715271;14.302546523110683;15700.44814
20800;91.88678870714901;14.298702158281975;15735.707452
20850;91.48187829826028;14.294831833095124;15771.273567
20900;92.18260552432147;14.282586975310641;15806.601116
20950;92.10758593762402;14.281174673173474;15843.510047
21000;92.12912083829495;14.269740161003277;15879.718053
21050;92.22095936328125;14.251842299336746;15915.906154
21100;91.83183639676416;14.252650500865316;15952.178708
21150;92.42143568627897;14.25767134235558;15993.131546
21200;92.16798090970848;14.268396882422408;16035.495116
21250;91.99694023292095;14.26445088905693;16074.715094
21300;92.34375595794113;14.27275041570842;16110.078793
21350;91.53817055625542;14.23943697967677;16150.611023
21400;91.82885420171448;14.243983384831013;16186.456882
21450;91.6852172464246;14.252448516717022;16225.225893
21500;91.88960771852382;14.243229745650643;16261.692107
21550;92.03816146691945;14.223512580400007;16296.841592
21600;91.60239262687715;14.210252818024532;16332.099052
21650;91.81794584497803;14.211231611872737;16368.931723
21700;91.82158053008673;14.205601318414669;16404.34777
21750;91.74932155797171;14.201695568641096;16439.511621
21800;92.02361907548043;14.184512037851583;16475.242239
21850;91.60723375736636;14.155029971112876;16511.043438
21900;91.3836265511699;14.155060889664318;16545.606112
21950;91.84566677283217;14.145085517413015;16580.331591
22000;92.07998503449384;14.134380373777768;16616.179138
22050;91.85093627732424;14.129768022747854;16651.298948
22100;92.07716925638873;14.121752265266416;16686.258403
22150;91.53869915261672;14.118670603711566;16721.11111
22200;92.10666202935538;14.106961307186161;16755.976246
22250;91.95571041804004;14.111170137540174;16791.072684
22300;92.02459020005354;14.103802372380166;16827.368155
22350;92.13854829098753;14.095740149249078;16862.277245
22400;92.19033639181178;14.09069167204905;16897.01136
22450;92.50653547089874;14.077893481607083;16932.024091
22500;92.30793177383494;14.07967844550995;16966.48419
22550;92.58684849508273;14.083694406176571;17001.445819
22600;91.5278859936603;14.07592952630259;17040.204843
22650;92.00013264575728;14.078738385312544;17076.383383
22700;91.60564272111162;14.07982942181429;17113.483724
22750;91.90878720398696;14.090702734383129;17151.587265
22800;91.8032241126896;14.106841570018052;17189.594139
22850;92.33136059144461;14.096955127990391;17225.428988
22900;91.33297688557798;14.091074349970386;17260.124902
22950;92.14029799014602;14.079264104396685;17294.805006
23000;91.75289210425936;14.07448112038833;17330.011657
23050;92.03746727318612;14.06878179944789;17364.26559
23100;91.51298394597326;14.061626231210484;17398.799188
23150;92.18098649595024;14.062019039536438;17433.360417
23200;92.12017645973448;14.0654950425216;17467.064648
23250;92.14818236815613;14.043924492797773;17500.426256
23300;92.09320304180483;14.034531907613893;17533.96362
23350;91.7811930304643;14.021730318404602;17567.107618
23400;92.09441242286285;13.996875195150814;17600.716368
23450;91.84535390438953;13.98533316231878;17634.28774
23500;91.60194943554272;13.962461470192618;17667.017682
23550;92.35529410009556;13.95590213522672;17700.074839
23600;92.27579556386166;13.943936836987863;17733.328956
23650;91.5554542318878;13.931334938292776;17766.464441
23700;92.08665570928801;13.927725651283716;17799.552035
23750;91.65381688591093;13.922141522231058;17832.750915
23800;91.99226942598241;13.913660717755763;17865.737258
23850;92.16164030506425;13.893881047624989;17899.047028
23900;91.83416224569574;13.890755254671813;17932.66346
23950;92.14515289437726;13.902152570232479;17965.527003
24000;92.46631463996579;13.907379264992613;17999.206095
24050;92.56014004354003;13.901327408753097;18032.001431
24100;91.90281647083496;13.902319065206667;18065.421671
24150;91.61669110483737;13.897084628595936;18098.639526
24200;92.50506278649418;13.906100145483816;18131.573002
24250;91.82775888443236;13.912620240576354;18164.615346
24300;92.00125849186408;13.918269045846973;18197.2764
24350;92.10391866269062;13.922565909329286;18230.152294
24400;92.15373085640786;13.91200292340727;18262.827392
24450;92.63516268144895;13.91272833217581;18295.837529
24500;91.69294947360684;13.894554668262414;18328.278452
24550;92.04505943200711;13.896681122472023;18360.974551
24600;91.91019283751915;13.890246905575262;18393.657774
24650;92.09157537177971;13.90442665152668;18426.332948
24700;91.66692178640233;13.901828153717569;18459.189355
24750;92.04954681460207;13.899321235635016;18492.354958
24800;92.02610716555824;13.89458283571906;18525.399061
24850;92.62868149841006;13.893597770565973;18557.806844
24900;91.84897672071662;13.889475515006527;18590.654149
24950;92.46446590142945;13.88108978474234;18623.561585
25000;92.1891762263799;13.869137083787322;18656.713384
25000;92.25102869488968;13.869137083787322;18659.543589
