Improvement after: 0 steps, with return -1.311240237508914, Elapsed: 0.477581
Improvement after: 27 steps, with return 2.1614186400133937, Elapsed: 17.468937
Reevaluate after: 78 steps, with return -17.472674791033377
Improvement after: 79 steps, with return -8.258350930372464, Elapsed: 47.163394
Improvement after: 101 steps, with return 11.229714998259752, Elapsed: 62.698382
Reevaluate after: 152 steps, with return -15.66414574597655
Improvement after: 153 steps, with return -13.515371763519251, Elapsed: 92.671688
Improvement after: 159 steps, with return -12.995756969835842, Elapsed: 95.491726
Improvement after: 162 steps, with return -4.430450713812199, Elapsed: 96.895997
Improvement after: 164 steps, with return -2.299952585933262, Elapsed: 97.834276
Improvement after: 171 steps, with return -1.7008419500959904, Elapsed: 101.143536
Improvement after: 172 steps, with return -0.4843299283128914, Elapsed: 101.611881
Improvement after: 220 steps, with return 3.3724569960024384, Elapsed: 127.731154
Improvement after: 261 steps, with return 5.813172345291305, Elapsed: 151.369582
Improvement after: 274 steps, with return 40.92980717684014, Elapsed: 157.499868
Improvement after: 282 steps, with return 142.09345292303746, Elapsed: 161.873429
Improvement after: 313 steps, with return 143.34798470830822, Elapsed: 182.23765
Reevaluate after: 364 steps, with return 127.75363029814962
Improvement after: 404 steps, with return 129.62659874876735, Elapsed: 236.603492
Improvement after: 438 steps, with return 169.0551435337333, Elapsed: 254.699559
Reevaluate after: 489 steps, with return 165.84821307428334
Reevaluate after: 540 steps, with return 164.52891740262177
Reevaluate after: 591 steps, with return 173.79165990123911
Reevaluate after: 642 steps, with return 172.4340556182552
Reevaluate after: 693 steps, with return 163.102046286679
Reevaluate after: 744 steps, with return 159.7714498368677
Reevaluate after: 795 steps, with return 169.1892875252911
Reevaluate after: 846 steps, with return 162.98267981864905
Reevaluate after: 897 steps, with return 176.79394718231532
Reevaluate after: 948 steps, with return 167.0409007955386
Reevaluate after: 999 steps, with return 161.75679974752236
Reevaluate after: 1050 steps, with return 176.34523206881565
Reevaluate after: 1101 steps, with return 174.0171968600577
Reevaluate after: 1152 steps, with return 176.94933149758916
Reevaluate after: 1203 steps, with return 164.42810525981898
Reevaluate after: 1254 steps, with return 173.07567725411133
Reevaluate after: 1305 steps, with return 162.20281145238562
Reevaluate after: 1356 steps, with return 174.95012185046082
Reevaluate after: 1407 steps, with return 170.3437049672156
Reevaluate after: 1458 steps, with return 166.79286999824095
Reevaluate after: 1509 steps, with return 160.50308795231615
Reevaluate after: 1560 steps, with return 174.9620425140274
Reevaluate after: 1611 steps, with return 166.76665061998614
Reevaluate after: 1662 steps, with return 160.08571656508187
Reevaluate after: 1713 steps, with return 167.19241674798175
Reevaluate after: 1764 steps, with return 164.0536299477228
Reevaluate after: 1815 steps, with return 166.17100413492693
Reevaluate after: 1866 steps, with return 160.85002470907133
Reevaluate after: 1917 steps, with return 167.08470532925293
Reevaluate after: 1968 steps, with return 168.75241906123446
Reevaluate after: 2019 steps, with return 158.14052717993104
Improvement after: 2028 steps, with return 163.83670015064658, Elapsed: 1273.805244
Reevaluate after: 2079 steps, with return 163.33012497474405
Reevaluate after: 2130 steps, with return 162.76792440424106
Reevaluate after: 2181 steps, with return 163.04027628787486
Reevaluate after: 2232 steps, with return 163.50483089407993
Reevaluate after: 2283 steps, with return 162.7936453378426
Reevaluate after: 2334 steps, with return 163.33898058682456
Reevaluate after: 2385 steps, with return 162.19016929885206
Reevaluate after: 2436 steps, with return 163.88862936607921
Reevaluate after: 2487 steps, with return 163.1328246733226
Reevaluate after: 2538 steps, with return 163.98647556120346
Reevaluate after: 2589 steps, with return 163.51323486901666
Improvement after: 2628 steps, with return 176.6430295322277, Elapsed: 1665.084488
Reevaluate after: 2679 steps, with return 178.56728043130005
Reevaluate after: 2730 steps, with return 176.6837749432137
Reevaluate after: 2781 steps, with return 178.278565945277
Reevaluate after: 2832 steps, with return 173.76207225696038
Reevaluate after: 2883 steps, with return 178.16908130594197
Reevaluate after: 2934 steps, with return 174.43897630818736
Reevaluate after: 2985 steps, with return 175.5816919896062
Reevaluate after: 3036 steps, with return 174.9580134033524
Reevaluate after: 3087 steps, with return 177.76100499204873
Reevaluate after: 3138 steps, with return 177.2442044865473
Reevaluate after: 3189 steps, with return 178.5055850004374
Reevaluate after: 3240 steps, with return 179.96043306156074
Reevaluate after: 3291 steps, with return 175.68814338402237
Reevaluate after: 3342 steps, with return 179.0064803640285
Reevaluate after: 3393 steps, with return 176.7870177091584
Reevaluate after: 3444 steps, with return 174.32351887517171
Reevaluate after: 3495 steps, with return 177.79789822275808
Reevaluate after: 3546 steps, with return 175.32083504103952
Reevaluate after: 3597 steps, with return 175.28468942262958
Reevaluate after: 3648 steps, with return 178.63105424183954
Reevaluate after: 3699 steps, with return 177.64033907210603
Reevaluate after: 3750 steps, with return 177.518920154041
Reevaluate after: 3801 steps, with return 178.57232326947457
Reevaluate after: 3852 steps, with return 179.26041470366346
Reevaluate after: 3903 steps, with return 178.85199672836876
Reevaluate after: 3954 steps, with return 175.29479224072617
Reevaluate after: 4005 steps, with return 176.10721459743664
Reevaluate after: 4056 steps, with return 176.65659780042967
Reevaluate after: 4107 steps, with return 175.84202625874855
Reevaluate after: 4158 steps, with return 177.80527763074593
Reevaluate after: 4209 steps, with return 178.73457814560288
Reevaluate after: 4260 steps, with return 178.61880791872898
Reevaluate after: 4311 steps, with return 179.63989690457151
Reevaluate after: 4362 steps, with return 176.16401522794635
Reevaluate after: 4413 steps, with return 176.681658072049
Reevaluate after: 4464 steps, with return 177.32659069714603
Reevaluate after: 4515 steps, with return 177.04561758643652
Reevaluate after: 4566 steps, with return 176.6123596316159
Improvement after: 4615 steps, with return 191.54444617752029, Elapsed: 2965.583312
Reevaluate after: 4666 steps, with return 189.22758674047287
Reevaluate after: 4717 steps, with return 191.00243359695847
Reevaluate after: 4768 steps, with return 190.26123972190547
Reevaluate after: 4819 steps, with return 190.38662827186712
Reevaluate after: 4870 steps, with return 189.4775621571267
Improvement after: 4904 steps, with return 189.84368637063736, Elapsed: 3152.630304
Reevaluate after: 4955 steps, with return 187.07826929908225
Reevaluate after: 5006 steps, with return 188.7809970756
Reevaluate after: 5057 steps, with return 185.67129651424625
Reevaluate after: 5108 steps, with return 181.03161480653466
Reevaluate after: 5159 steps, with return 187.91344588452802
Reevaluate after: 5210 steps, with return 189.65148893645164
Reevaluate after: 5261 steps, with return 186.3975051613158
Reevaluate after: 5312 steps, with return 188.10734142965123
Reevaluate after: 5363 steps, with return 189.59678219848448
Reevaluate after: 5414 steps, with return 185.5756127449275
Reevaluate after: 5465 steps, with return 192.85889992470342
Reevaluate after: 5516 steps, with return 181.97468698353947
Reevaluate after: 5567 steps, with return 185.85415554007983
Reevaluate after: 5618 steps, with return 186.4050326312904
Reevaluate after: 5669 steps, with return 186.7267714189638
Reevaluate after: 5720 steps, with return 181.06419195709344
Reevaluate after: 5771 steps, with return 189.84931013895792
Reevaluate after: 5822 steps, with return 183.59041859326538
Reevaluate after: 5873 steps, with return 189.7007102827118
Reevaluate after: 5924 steps, with return 184.630551055618
Reevaluate after: 5975 steps, with return 190.38382821081169
Reevaluate after: 6026 steps, with return 194.03471786894167
Reevaluate after: 6077 steps, with return 187.27014394467784
Reevaluate after: 6128 steps, with return 185.16157695636764
Reevaluate after: 6179 steps, with return 186.20902923191298
Reevaluate after: 6230 steps, with return 185.94020848885276
Reevaluate after: 6281 steps, with return 188.2141827006211
Reevaluate after: 6332 steps, with return 185.8387328530133
Reevaluate after: 6383 steps, with return 182.73563006327717
Reevaluate after: 6434 steps, with return 182.50194548140814
Reevaluate after: 6485 steps, with return 191.25718761088578
Reevaluate after: 6536 steps, with return 183.38703256644374
Reevaluate after: 6587 steps, with return 179.41588174372725
Reevaluate after: 6638 steps, with return 182.22255387617096
Reevaluate after: 6689 steps, with return 179.2967206758775
Reevaluate after: 6740 steps, with return 190.05801667488186
Reevaluate after: 6791 steps, with return 182.93539836825812
Reevaluate after: 6842 steps, with return 185.5172303626178
Reevaluate after: 6893 steps, with return 186.2957887919467
Reevaluate after: 6944 steps, with return 193.1211686787721
Reevaluate after: 6995 steps, with return 186.24143767728813
Reevaluate after: 7046 steps, with return 183.04334041829088
Reevaluate after: 7097 steps, with return 188.52634232072663
Reevaluate after: 7148 steps, with return 181.4027898175053
Reevaluate after: 7199 steps, with return 190.02354838923006
Reevaluate after: 7250 steps, with return 185.23128250073438
Reevaluate after: 7301 steps, with return 185.94401203863652
Reevaluate after: 7352 steps, with return 188.76984059416688
Reevaluate after: 7403 steps, with return 182.62407868134042
Reevaluate after: 7454 steps, with return 189.45440049805927
Improvement after: 7497 steps, with return 192.530339790425, Elapsed: 4819.497022
Reevaluate after: 7548 steps, with return 193.31761694408289
Reevaluate after: 7599 steps, with return 196.78787927149148
Reevaluate after: 7650 steps, with return 194.4802463214398
Reevaluate after: 7701 steps, with return 191.55299838710772
Reevaluate after: 7752 steps, with return 193.15113819383654
Reevaluate after: 7803 steps, with return 192.9167957860343
Reevaluate after: 7854 steps, with return 192.80752222006876
Reevaluate after: 7905 steps, with return 192.93444006751216
Reevaluate after: 7956 steps, with return 193.04735135450466
Reevaluate after: 8007 steps, with return 193.02915028389143
Reevaluate after: 8058 steps, with return 191.50094262666207
Reevaluate after: 8109 steps, with return 194.203366653941
Reevaluate after: 8160 steps, with return 193.52098154929655
Reevaluate after: 8211 steps, with return 194.59513619388102
Reevaluate after: 8262 steps, with return 194.03411120917053
Improvement after: 8276 steps, with return 197.4916655208271, Elapsed: 5328.394461
Reevaluate after: 8327 steps, with return 199.07526917186135
Reevaluate after: 8378 steps, with return 198.677894634102
Improvement after: 8427 steps, with return 213.79922101040552, Elapsed: 5420.178238
Improvement after: 8437 steps, with return 215.40813072465107, Elapsed: 5425.459838
Improvement after: 8457 steps, with return 228.17398595568457, Elapsed: 5438.51843
Reevaluate after: 8508 steps, with return 228.211345215048
Reevaluate after: 8559 steps, with return 228.66996525212957
Improvement after: 8601 steps, with return 232.34859489649148, Elapsed: 5527.934355
Reevaluate after: 8652 steps, with return 233.1148592155439
Reevaluate after: 8703 steps, with return 232.05654186530313
Reevaluate after: 8754 steps, with return 232.1364162664995
Reevaluate after: 8805 steps, with return 233.49187073225863
Reevaluate after: 8856 steps, with return 233.9122034638348
Reevaluate after: 8907 steps, with return 234.1722038635186
Reevaluate after: 8958 steps, with return 233.5680192151057
Reevaluate after: 9009 steps, with return 233.90792473920015
Reevaluate after: 9060 steps, with return 232.61179275426383
Reevaluate after: 9111 steps, with return 232.13417180543303
Reevaluate after: 9162 steps, with return 232.75117784842868
Reevaluate after: 9213 steps, with return 232.4251922228945
Reevaluate after: 9264 steps, with return 233.13839233089416
Reevaluate after: 9315 steps, with return 233.58890835157817
Reevaluate after: 9366 steps, with return 231.94787899175338
Reevaluate after: 9417 steps, with return 232.22131995364407
Improvement after: 9422 steps, with return 238.784626722016, Elapsed: 6057.041635
Reevaluate after: 9473 steps, with return 237.1976908390597
Reevaluate after: 9524 steps, with return 238.33567621661524
Reevaluate after: 9575 steps, with return 238.56927116567687
Reevaluate after: 9626 steps, with return 238.15055095101496
Reevaluate after: 9677 steps, with return 239.3175353559048
Reevaluate after: 9728 steps, with return 239.32244010715175
Reevaluate after: 9779 steps, with return 239.040025730739
Reevaluate after: 9830 steps, with return 239.03545289693102
Reevaluate after: 9881 steps, with return 237.79234070754165
Reevaluate after: 9932 steps, with return 237.33725490870455
Reevaluate after: 9983 steps, with return 237.75871527540488
Reevaluate after: 10034 steps, with return 238.55844015297902
Reevaluate after: 10085 steps, with return 239.7023917549115
Reevaluate after: 10136 steps, with return 239.05929088067182
Reevaluate after: 10187 steps, with return 238.03470187766771
Reevaluate after: 10238 steps, with return 237.58620639735759
Reevaluate after: 10289 steps, with return 239.04370947068037
Reevaluate after: 10340 steps, with return 237.84073619735508
Reevaluate after: 10391 steps, with return 237.46198508144235
Reevaluate after: 10442 steps, with return 238.51830588780768
Reevaluate after: 10493 steps, with return 238.43797152383823
Reevaluate after: 10544 steps, with return 238.65918669599696
Reevaluate after: 10595 steps, with return 238.3011487190609
Reevaluate after: 10646 steps, with return 238.9752673302237
Reevaluate after: 10697 steps, with return 239.08232424522794
Reevaluate after: 10748 steps, with return 238.61961834694557
Reevaluate after: 10799 steps, with return 236.7081628335276
Reevaluate after: 10850 steps, with return 237.18237449042482
Reevaluate after: 10901 steps, with return 238.43526808487542
Reevaluate after: 10952 steps, with return 238.5714426415895
Reevaluate after: 11003 steps, with return 239.12932981638136
Reevaluate after: 11054 steps, with return 238.25605500329948
Reevaluate after: 11105 steps, with return 238.23050742634945
Reevaluate after: 11156 steps, with return 238.79209800459103
Reevaluate after: 11207 steps, with return 238.00169306232783
Reevaluate after: 11258 steps, with return 237.7067211661512
Reevaluate after: 11309 steps, with return 239.6016205837273
Reevaluate after: 11360 steps, with return 238.2116541446614
Reevaluate after: 11411 steps, with return 238.51530443623295
Reevaluate after: 11462 steps, with return 239.06967652837457
Reevaluate after: 11513 steps, with return 238.31079980083163
Reevaluate after: 11564 steps, with return 238.54951479639985
Reevaluate after: 11615 steps, with return 239.266617169888
Reevaluate after: 11666 steps, with return 238.8945392799927
Reevaluate after: 11717 steps, with return 238.80466502828753
Reevaluate after: 11768 steps, with return 238.72908528541174
Reevaluate after: 11819 steps, with return 239.3851600187301
Reevaluate after: 11870 steps, with return 238.8699517376473
Reevaluate after: 11921 steps, with return 237.8946622068046
Reevaluate after: 11972 steps, with return 238.1394287130266
Reevaluate after: 12023 steps, with return 238.02888198884776
Reevaluate after: 12074 steps, with return 238.2036673089239
Reevaluate after: 12125 steps, with return 237.2413028705956
Reevaluate after: 12176 steps, with return 239.0031713176872
Reevaluate after: 12227 steps, with return 239.4082453371894
Reevaluate after: 12278 steps, with return 237.8479299442422
Reevaluate after: 12329 steps, with return 237.99246222703286
Reevaluate after: 12380 steps, with return 237.91168369175935
Reevaluate after: 12431 steps, with return 239.14630802999505
Reevaluate after: 12482 steps, with return 238.9568694447521
Reevaluate after: 12533 steps, with return 238.36314067102904
Reevaluate after: 12584 steps, with return 237.8745482509684
Reevaluate after: 12635 steps, with return 238.18890320943336
Reevaluate after: 12686 steps, with return 239.542060457083
Reevaluate after: 12737 steps, with return 238.56791981497486
Reevaluate after: 12788 steps, with return 238.24523601303972
Reevaluate after: 12839 steps, with return 237.38365056900062
Reevaluate after: 12890 steps, with return 237.97091523484943
Reevaluate after: 12941 steps, with return 237.60817640674227
Reevaluate after: 12992 steps, with return 238.1799546541482
Reevaluate after: 13043 steps, with return 239.0440149387226
Reevaluate after: 13094 steps, with return 238.7154195767185
Reevaluate after: 13145 steps, with return 239.2847211377968
Reevaluate after: 13196 steps, with return 236.61570770041376
Reevaluate after: 13247 steps, with return 237.85355219428675
Reevaluate after: 13298 steps, with return 239.11919325251642
Reevaluate after: 13349 steps, with return 237.51093786105017
Reevaluate after: 13400 steps, with return 239.67394678541095
Reevaluate after: 13451 steps, with return 238.74214846968675
Reevaluate after: 13502 steps, with return 238.69265682118493
Reevaluate after: 13553 steps, with return 237.69049689896093
Reevaluate after: 13604 steps, with return 238.8671363121673
Reevaluate after: 13655 steps, with return 238.7173005895601
Reevaluate after: 13706 steps, with return 237.83635467788326
Reevaluate after: 13757 steps, with return 237.53439525670214
Reevaluate after: 13808 steps, with return 239.23529929687624
Reevaluate after: 13859 steps, with return 237.9612365285464
Reevaluate after: 13910 steps, with return 238.83675836673933
Reevaluate after: 13961 steps, with return 239.75007867038903
Reevaluate after: 14012 steps, with return 237.70750416701503
Reevaluate after: 14063 steps, with return 238.89986023634856
Reevaluate after: 14114 steps, with return 239.17854784531096
Reevaluate after: 14165 steps, with return 239.89009491825223
Reevaluate after: 14216 steps, with return 238.81803100952175
Reevaluate after: 14267 steps, with return 238.25560161961985
Reevaluate after: 14318 steps, with return 237.94092633016075
Reevaluate after: 14369 steps, with return 237.7950267392127
Reevaluate after: 14420 steps, with return 239.43935487050308
Reevaluate after: 14471 steps, with return 238.9803480973331
Reevaluate after: 14522 steps, with return 237.73760004769264
Reevaluate after: 14573 steps, with return 237.77974015530808
Reevaluate after: 14624 steps, with return 239.16756731361738
Reevaluate after: 14675 steps, with return 238.9050477602671
Reevaluate after: 14726 steps, with return 238.74928992569795
Reevaluate after: 14777 steps, with return 238.06804051520902
Reevaluate after: 14828 steps, with return 238.68442139560676
Reevaluate after: 14879 steps, with return 238.2726210216339
Reevaluate after: 14930 steps, with return 238.7845953215279
Reevaluate after: 14981 steps, with return 238.325028184176
Reevaluate after: 15032 steps, with return 239.6715053420259
Reevaluate after: 15083 steps, with return 237.6535246174673
Reevaluate after: 15134 steps, with return 238.42635617765632
Reevaluate after: 15185 steps, with return 238.0871808918051
Reevaluate after: 15236 steps, with return 238.80932775707646
Reevaluate after: 15287 steps, with return 238.34168014908263
Reevaluate after: 15338 steps, with return 238.50718888862747
Reevaluate after: 15389 steps, with return 240.00457875300026
Reevaluate after: 15440 steps, with return 238.6159920670366
Reevaluate after: 15491 steps, with return 238.54573518878018
Reevaluate after: 15542 steps, with return 238.69297569142577
Reevaluate after: 15593 steps, with return 238.84507284750356
Reevaluate after: 15644 steps, with return 239.0728822688411
Reevaluate after: 15695 steps, with return 237.88519086847958
Reevaluate after: 15746 steps, with return 238.0162340588491
Reevaluate after: 15797 steps, with return 236.88596603788946
Reevaluate after: 15848 steps, with return 238.96758411739074
Reevaluate after: 15899 steps, with return 237.76003546430806
Reevaluate after: 15950 steps, with return 238.75809446020168
Reevaluate after: 16001 steps, with return 238.8868390879075
Reevaluate after: 16052 steps, with return 238.1060210585757
Reevaluate after: 16103 steps, with return 238.97762780049226
Reevaluate after: 16154 steps, with return 238.29992683513962
Reevaluate after: 16205 steps, with return 237.69741404559468
Reevaluate after: 16256 steps, with return 237.6485430222523
Reevaluate after: 16307 steps, with return 238.76506023966402
Reevaluate after: 16358 steps, with return 239.00685603415042
Reevaluate after: 16409 steps, with return 239.24985803908254
Reevaluate after: 16460 steps, with return 238.0888130938274
Reevaluate after: 16511 steps, with return 238.65284297895528
Reevaluate after: 16562 steps, with return 237.9401702574984
Reevaluate after: 16613 steps, with return 238.24672735423033
Reevaluate after: 16664 steps, with return 238.57155554974756
Reevaluate after: 16715 steps, with return 238.9047210317804
Reevaluate after: 16766 steps, with return 239.26168116905265
Reevaluate after: 16817 steps, with return 239.7425445106141
Reevaluate after: 16868 steps, with return 238.08241966346046
Reevaluate after: 16919 steps, with return 238.55970491906245
Reevaluate after: 16970 steps, with return 239.7305367505788
Reevaluate after: 17021 steps, with return 239.03999077654197
Reevaluate after: 17072 steps, with return 238.43640767821284
Reevaluate after: 17123 steps, with return 239.7081284314273
Reevaluate after: 17174 steps, with return 238.13365605400426
Reevaluate after: 17225 steps, with return 237.938739863071
Reevaluate after: 17276 steps, with return 238.09589299158424
Reevaluate after: 17327 steps, with return 237.82886771255284
Reevaluate after: 17378 steps, with return 238.96431487816335
Reevaluate after: 17429 steps, with return 238.5387601673007
Reevaluate after: 17480 steps, with return 239.1440377298271
Reevaluate after: 17531 steps, with return 237.42143554074977
Reevaluate after: 17582 steps, with return 238.98698934222102
Reevaluate after: 17633 steps, with return 239.06521504143362
Reevaluate after: 17684 steps, with return 239.0337032508093
Reevaluate after: 17735 steps, with return 239.00367927781303
Reevaluate after: 17786 steps, with return 238.94376412218782
Reevaluate after: 17837 steps, with return 239.02111373686043
Reevaluate after: 17888 steps, with return 239.04214705096737
Reevaluate after: 17939 steps, with return 238.17948791809263
Reevaluate after: 17990 steps, with return 238.76518293994394
Reevaluate after: 18041 steps, with return 238.54851354196634
Reevaluate after: 18092 steps, with return 238.70675598803342
Reevaluate after: 18143 steps, with return 239.17705375446795
Reevaluate after: 18194 steps, with return 238.05150707839275
Reevaluate after: 18245 steps, with return 238.42337209393244
Reevaluate after: 18296 steps, with return 238.20411118478324
Reevaluate after: 18347 steps, with return 239.5332082724749
Reevaluate after: 18398 steps, with return 238.7342068471706
Reevaluate after: 18449 steps, with return 239.04845672729692
Reevaluate after: 18500 steps, with return 238.30713508837144
Reevaluate after: 18551 steps, with return 237.94919340329255
Reevaluate after: 18602 steps, with return 239.14668095319766
Reevaluate after: 18653 steps, with return 237.92191165617677
Reevaluate after: 18704 steps, with return 238.00583352366874
Reevaluate after: 18755 steps, with return 238.5812997168773
Reevaluate after: 18806 steps, with return 238.95085257024002
Reevaluate after: 18857 steps, with return 238.6849906357833
Reevaluate after: 18908 steps, with return 238.90191931215196
Reevaluate after: 18959 steps, with return 237.53605509753538
Reevaluate after: 19010 steps, with return 238.25198171498073
Reevaluate after: 19061 steps, with return 239.19239730103905
Reevaluate after: 19112 steps, with return 238.547488413029
Reevaluate after: 19163 steps, with return 238.97766947128406
Reevaluate after: 19214 steps, with return 237.28868105787825
Reevaluate after: 19265 steps, with return 238.46148692416773
Reevaluate after: 19316 steps, with return 238.08000487734293
Reevaluate after: 19367 steps, with return 238.14030375938563
Reevaluate after: 19418 steps, with return 238.69874806901424
Reevaluate after: 19469 steps, with return 237.5636263782448
Reevaluate after: 19520 steps, with return 238.9018775010125
Reevaluate after: 19571 steps, with return 238.89473252163702
Reevaluate after: 19622 steps, with return 239.0636298669493
Reevaluate after: 19673 steps, with return 236.013595536689
Reevaluate after: 19724 steps, with return 239.8800783497661
Reevaluate after: 19775 steps, with return 238.8321862245753
Reevaluate after: 19826 steps, with return 238.4243461188218
Reevaluate after: 19877 steps, with return 238.54217254307179
Reevaluate after: 19928 steps, with return 239.48893942383705
Reevaluate after: 19979 steps, with return 239.04535551450513
Reevaluate after: 20030 steps, with return 238.42037810130333
Reevaluate after: 20081 steps, with return 239.5117539420159
Reevaluate after: 20132 steps, with return 238.43983837081515
Reevaluate after: 20183 steps, with return 237.6604110085255
Reevaluate after: 20234 steps, with return 237.8604342659672
Reevaluate after: 20285 steps, with return 239.4788671495976
Reevaluate after: 20336 steps, with return 237.64449132381242
Reevaluate after: 20387 steps, with return 239.30403438750258
Reevaluate after: 20438 steps, with return 238.7186520653447
Reevaluate after: 20489 steps, with return 237.24804716310146
Reevaluate after: 20540 steps, with return 238.25477297184906
Reevaluate after: 20591 steps, with return 238.92015044447515
Reevaluate after: 20642 steps, with return 237.77004314815127
Reevaluate after: 20693 steps, with return 237.27723600000644
Reevaluate after: 20744 steps, with return 237.5001551725198
Reevaluate after: 20795 steps, with return 238.78117610388054
Reevaluate after: 20846 steps, with return 239.25137436554775
Reevaluate after: 20897 steps, with return 239.10546225334846
Reevaluate after: 20948 steps, with return 239.4070297374755
Reevaluate after: 20999 steps, with return 238.5276924187877
Reevaluate after: 21050 steps, with return 237.2319599030878
Reevaluate after: 21101 steps, with return 237.7694930451368
Reevaluate after: 21152 steps, with return 239.38728202644126
Reevaluate after: 21203 steps, with return 238.8918908945762
Reevaluate after: 21254 steps, with return 239.22159516988162
Reevaluate after: 21305 steps, with return 237.67465997497106
Reevaluate after: 21356 steps, with return 237.84929718632756
Reevaluate after: 21407 steps, with return 238.0447327941135
Reevaluate after: 21458 steps, with return 238.38467311795438
Reevaluate after: 21509 steps, with return 238.98852554952418
Reevaluate after: 21560 steps, with return 238.97773413002528
Reevaluate after: 21611 steps, with return 238.85224326795705
Reevaluate after: 21662 steps, with return 238.8362835120776
Reevaluate after: 21713 steps, with return 238.2177829104847
Reevaluate after: 21764 steps, with return 237.901168349035
Reevaluate after: 21815 steps, with return 238.6302582008895
Reevaluate after: 21866 steps, with return 238.15775095232328
Reevaluate after: 21917 steps, with return 237.25492629786194
Reevaluate after: 21968 steps, with return 237.6437379402149
Reevaluate after: 22019 steps, with return 237.53580701450633
Reevaluate after: 22070 steps, with return 239.04213181300133
Reevaluate after: 22121 steps, with return 238.94366804100727
Reevaluate after: 22172 steps, with return 238.56513421283535
Reevaluate after: 22223 steps, with return 237.43899703719367
Reevaluate after: 22274 steps, with return 237.35617586206757
Reevaluate after: 22325 steps, with return 238.492118419274
Reevaluate after: 22376 steps, with return 238.52344823335892
Reevaluate after: 22427 steps, with return 238.6944326851504
Reevaluate after: 22478 steps, with return 238.56534343641587
Reevaluate after: 22529 steps, with return 237.53002352129752
Reevaluate after: 22580 steps, with return 238.03637988677218
Reevaluate after: 22631 steps, with return 238.92701449155916
Reevaluate after: 22682 steps, with return 238.67265965865096
Reevaluate after: 22733 steps, with return 238.4070787610216
Reevaluate after: 22784 steps, with return 239.75013437026578
Reevaluate after: 22835 steps, with return 239.94832042457602
Reevaluate after: 22886 steps, with return 237.71039056072195
Reevaluate after: 22937 steps, with return 239.4689491542887
Reevaluate after: 22988 steps, with return 238.82022975282612
Reevaluate after: 23039 steps, with return 238.6746834986694
Reevaluate after: 23090 steps, with return 238.95104992664614
Reevaluate after: 23141 steps, with return 238.4863447957222
Reevaluate after: 23192 steps, with return 238.93812033351264
Reevaluate after: 23243 steps, with return 238.02347560884445
Reevaluate after: 23294 steps, with return 237.43319531838543
Reevaluate after: 23345 steps, with return 239.18562022155507
Reevaluate after: 23396 steps, with return 238.07803281094584
Reevaluate after: 23447 steps, with return 237.94772251542668
Reevaluate after: 23498 steps, with return 238.12099087978967
Reevaluate after: 23549 steps, with return 238.5169639111901
Reevaluate after: 23600 steps, with return 238.43056668317664
Reevaluate after: 23651 steps, with return 238.7184112679859
Reevaluate after: 23702 steps, with return 238.2051465422232
Reevaluate after: 23753 steps, with return 238.0651331595953
Reevaluate after: 23804 steps, with return 237.78232985339764
Reevaluate after: 23855 steps, with return 237.74319089682587
Reevaluate after: 23906 steps, with return 239.0992156572251
Reevaluate after: 23957 steps, with return 238.4595909057382
Reevaluate after: 24008 steps, with return 238.43505310243194
Reevaluate after: 24059 steps, with return 239.4404189256902
Reevaluate after: 24110 steps, with return 238.73243638340347
Reevaluate after: 24161 steps, with return 238.4759071662671
Reevaluate after: 24212 steps, with return 237.77055775464177
Reevaluate after: 24263 steps, with return 239.16798280568304
Reevaluate after: 24314 steps, with return 238.7775748482565
Reevaluate after: 24365 steps, with return 238.69981490104675
Reevaluate after: 24416 steps, with return 236.97170741325448
Reevaluate after: 24467 steps, with return 238.45121827230523
Reevaluate after: 24518 steps, with return 238.09619204306833
Reevaluate after: 24569 steps, with return 238.93175530752515
Reevaluate after: 24620 steps, with return 239.20818695587644
Reevaluate after: 24671 steps, with return 238.32783160409798
Reevaluate after: 24722 steps, with return 237.8370433127061
Reevaluate after: 24773 steps, with return 238.76050675913137
Reevaluate after: 24824 steps, with return 238.4227068765659
Reevaluate after: 24875 steps, with return 237.71286828669062
Reevaluate after: 24926 steps, with return 237.60399378357093
Reevaluate after: 24977 steps, with return 237.19740731272736
Total steps done: 25000
