0;29.507399394171774;28.282527956410874;0.007595
50;59.751349685410666;37.056328191559906;0.409343
100;53.74283398579008;38.57155226731928;0.862815
150;30.361509738572003;38.03328858296656;1.295196
200;34.29690601463449;36.4291922564894;1.636057
250;38.77041867936221;36.1072615408213;2.005438
300;38.33568046221833;36.70397758835651;2.429908
350;39.17912214223641;38.61426269235063;2.970002
400;1168.956092223317;56.62473052378327;4.785096
450;1181.7167323239998;67.61039255476585;7.395654
500;1181.7514079704983;84.26493866364278;11.02791
550;1181.7672455654795;94.57182960893523;14.585492
600;1106.8774431429586;107.23290889679663;18.465878
650;1198.6159460940619;136.83059430358546;24.474529
700;1198.8773456849494;176.30160956382022;31.952854
750;1046.2650448621043;211.6729819348931;39.775724
800;1179.608356256235;239.6995009033571;47.029406
850;1138.80553106479;259.34170628457485;53.729092
900;1178.0439543554119;283.18181863642644;61.21104
950;1138.6097383982076;299.3812026540791;67.893669
1000;1070.2951185031968;304.35005692800934;72.815554
1050;1157.45952635369;310.1998491558643;77.931577
1100;1199.1621835100832;317.8430830628902;83.615505
1150;1115.6363243697028;319.22939790015124;88.026388
1200;1199.167095808555;322.33238452976013;92.738168
1250;1199.3176294190685;326.62662553013416;98.096268
1300;1177.8562623482444;330.9829801234458;103.420856
1350;1178.175940207017;337.4926311922943;109.517282
1400;1199.2327953981135;343.0020397987412;115.124951
1450;1199.2288033298387;346.8047920998948;120.314263
1500;1182.6123301910193;350.1120071510196;125.461985
1550;1177.6656521318075;356.08414179286325;131.39467
1600;1154.7740444272174;359.047122343691;136.550378
1650;1199.2187511813777;362.68111898954936;141.955973
1700;1177.897920033597;366.0011464589414;147.339621
1750;1177.7502168824512;370.2260090323604;153.076339
1800;1081.050844530086;373.7325353693597;158.666667
1850;1135.3512626343374;378.8600472648098;164.77153
1900;1198.2367645892637;387.3835777979577;172.110421
1950;1177.4871580836468;400.82437642384906;181.370825
2000;1158.4192325681774;412.1614059525319;190.08114
2050;1098.87799802233;421.5725347620528;198.344031
2100;1017.5651161220095;426.03229632285615;204.782341
2150;1199.0104787896007;435.61605261520356;213.258778
2200;1155.8368818894344;445.13019159430814;222.084812
2250;1085.3490141749;452.3106410774026;229.983786
2300;1107.2347843899433;460.0169351741055;238.270268
2350;998.4722948127943;467.29428973372524;246.430756
2400;1065.109714307859;470.20023986541304;252.770692
2450;993.7298466945887;476.20028382262996;260.635189
2500;972.383304742644;480.64903041083704;267.824109
2550;1137.2925640170217;482.29701776711386;273.800747
2600;1013.5994065825246;485.0077963997066;280.380223
2650;1119.4708940292812;489.5521018698901;287.867593
2700;1142.3305594366166;496.3599494107626;296.636014
2750;1075.0432762800167;501.61542702373293;304.705171
2800;1103.953894531505;505.7680953467459;312.321189
2850;1198.3452423654962;510.0555558651396;320.281489
2900;1198.3971121171417;514.4515835998559;328.408077
2950;1157.1230016070444;517.1878733426787;335.609831
3000;1116.9896876758394;519.8564494867005;342.802645
3050;1079.299026048423;522.9652807577434;350.321518
3100;1197.260900249428;523.5756790596683;356.494962
3150;1197.6854231562022;528.0832141914827;364.993236
3200;1198.6124796049814;535.3718541003104;375.169379
3250;1198.9597117673538;541.7362493049803;384.950539
3300;1198.827426843487;549.6513226799885;395.890379
3350;1198.9827862470763;555.8425971060827;405.625732
3400;1121.9099633495618;558.6313998960444;413.574904
3450;1198.9612286866538;563.9538773755883;422.973353
3500;1137.0867401500132;568.1327638592081;431.70631
3550;1107.4792603016517;570.2289971353779;439.082105
3600;863.2222961701939;573.4443611412034;447.33348
3650;1152.6680063422737;575.6242266750291;454.749175
3700;1001.0651912989244;578.3103062547157;462.727784
3750;991.2998017316766;579.9701049383564;470.028585
3800;1178.4220157662448;583.0344005420247;478.204889
3850;1022.2323359373024;585.6321104783628;486.262546
3900;1184.0690764510248;588.8088770066025;494.799016
3950;1129.552541567687;591.7072665187198;503.254503
4000;1157.8546380382613;595.1004125533963;511.990254
4050;1198.2963335820816;595.6002733245814;518.696651
4100;1187.6842712467972;598.2378113532227;527.037694
4150;1030.1838748265718;597.3589463358106;532.905391
4200;1079.053165056399;598.466441055558;539.976119
4250;1163.9742114465953;598.2457132146991;546.192247
4300;1156.2190571255742;599.7705261960683;553.759627
4350;914.7858544015387;599.8441395012369;560.192732
4400;1079.0872939082208;598.1732701227542;565.144132
4450;1197.023450391913;598.9021696942008;572.062978
4500;1082.796150423069;600.2539004956599;579.569441
4550;1167.4643585946883;601.6543358295759;587.162589
4600;1195.720255432845;604.6278985336444;596.11971
4650;1131.5810937108065;605.8976817767406;603.624185
4700;1180.78743256953;607.4927830582342;611.46324
4750;1169.0566899935998;607.8586075422169;618.354665
4800;1156.9816431767288;609.342920423688;626.118598
4850;1159.585944286226;609.9389720477006;633.094335
4900;1198.0085485372238;610.9241244648724;640.550872
4950;1188.127604734829;613.3119102399831;649.324971
5000;1184.8555211475807;615.4819391341313;657.8567
5050;1192.4417196894856;618.3387564753932;667.145759
5100;1197.8083265731882;621.2777240195238;676.413125
5150;1178.7856232253587;624.8636991376266;686.449732
5200;1162.9616801128657;627.5247687860734;695.603296
5250;1167.816508645283;629.2649290643255;703.998859
5300;1166.6015172161378;631.760201300403;713.018515
5350;1192.3513498584068;632.5888197484566;720.635294
5400;1092.364775263834;633.6295660986742;728.341459
5450;1121.351399989336;633.4951817337105;734.931611
5500;1114.9081580714742;636.0867947485441;744.132983
5550;1154.8740713953325;637.4382446888777;752.251562
5600;1154.5284946874215;638.2061818159173;759.737729
5650;1109.683712674675;638.1143358219795;766.502521
5700;1136.9746219856054;637.3365656849585;772.500502
5750;1134.3533559155253;638.0342148456031;780.033768
5800;810.2279365059097;638.0355111248922;786.843983
5850;959.807646130126;637.8186637259588;793.006096
5900;1181.2927507794113;637.8839524868239;799.726499
5950;1163.6421365109702;640.0717814372085;808.832988
6000;1178.98914475698;640.3523183358755;816.01554
6050;1111.034549241634;642.2671473127477;824.998916
6100;1050.399912926009;643.7463226457731;833.315049
6150;984.9225539256587;644.9028950234195;841.368897
6200;838.9253394231289;645.2078326216009;848.336318
6250;1003.3528898291735;644.8343312864143;854.534761
6300;1075.909946802142;645.479809005147;861.936501
6350;988.9136631921002;646.9764399506017;870.333139
6400;1189.0017960955147;648.7041924534242;879.093045
6450;1196.6812730149516;651.4414000615374;889.210818
6500;1197.224527711125;654.8194906069549;900.24327
6550;1197.0353415546833;657.2167717619974;910.198988
6600;1132.800706714445;658.4607387350513;918.627446
6650;1198.008620950434;660.9198326104615;928.476931
6700;1197.712838697048;663.2009062099651;938.354259
6750;1193.4348060531547;664.1374952923936;946.618293
6800;1197.208301437663;666.0280617234666;956.065445
6850;1197.4351955688812;668.3500476691344;966.095346
6900;1196.6825179539085;669.8188712049563;975.084796
6950;1197.5922296275467;671.8292512703247;984.663415
7000;1197.2277092237098;673.850415955401;994.405442
7050;1194.5614593899625;675.7383977813245;1004.028713
7100;1193.3139595334026;677.7830857048112;1013.729542
7150;1197.0205368804457;680.2469746393871;1024.165979
7200;1171.038781316088;682.2836504563459;1033.969729
7250;990.9847328017828;682.310473523742;1041.128982
7300;1176.2966735694606;681.7873861710026;1047.536046
7350;1192.4570738682407;683.8086197787057;1057.456099
7400;1180.054069334156;684.8688947791103;1066.088471
7450;1130.2552817673864;685.9444837222359;1074.704171
7500;1159.8393918876434;687.5808875758436;1084.176081
7550;1153.2200657808498;688.4637991142681;1092.678439
7600;952.4024176315833;689.5081501537412;1101.414976
7650;1020.5982484575496;689.7442111985025;1108.756773
7700;947.5215011124776;690.3350967721082;1116.769612
7750;1047.8700719005037;691.7696900489336;1125.807943
7800;1184.505316420395;692.8244228359416;1134.374956
7850;942.8134518051685;693.9758758944215;1143.25938
7900;1196.404216475715;694.3550666579603;1151.0446
7950;1196.5019678343847;695.0418434012271;1159.298316
8000;1196.5951132435714;695.9079433844199;1167.941727
8050;1196.8624153232208;696.9187884355615;1176.827882
8100;1095.8232423449103;697.2350020966805;1184.587653
8150;1101.1826617709623;697.5748220225024;1192.4139
8200;1073.7185383063404;697.0964325163359;1199.039408
8250;1178.3618592653222;697.4087595199817;1206.720158
8300;1130.9941912085715;697.8026376102084;1214.725454
8350;1137.7827037994678;698.1325629546637;1222.476411
8400;1174.2567687360433;698.7727664014423;1230.829729
8450;1196.279011708213;699.4976890712203;1239.365502
8500;1175.1331954958491;699.8983246339318;1247.335178
8550;1191.5878454380752;700.0377451439825;1255.013062
8600;1188.149764262358;700.3319874123946;1262.897756
8650;1174.5818362804416;700.8712085040268;1271.073474
8700;1170.319731829933;701.503730702769;1279.517689
8750;1196.5799146274378;702.1055060616939;1287.902188
8800;1166.8190547403296;703.3942932830516;1297.282851
8850;1078.6567762476768;704.3387464353569;1306.265006
8900;1060.5862959847661;705.209292685158;1315.034801
8950;1040.4845435928526;705.5343820822379;1322.891715
9000;1137.088189626542;705.8656786772592;1331.419094
9050;1195.1003829194412;706.8227419842282;1340.478991
9100;1195.8091729516243;708.1112114468083;1350.623185
9150;1135.5720574938157;709.1792784285899;1360.037393
9200;1139.659366571248;710.0859022660408;1369.720662
9250;1185.786014846914;710.6532606153294;1378.590842
9300;1161.3045017021645;711.4783574978924;1387.570577
9350;1096.025093134897;711.7717002570622;1395.875692
9400;1091.3524215999107;711.6999386765006;1403.316316
9450;1147.979956653839;712.1072847292377;1411.63634
9500;1052.6626861515285;711.7359738615625;1418.728717
9550;1197.1418671001197;711.8816535679645;1426.481115
9600;1176.6630218574676;712.3712905755659;1434.778393
9650;1177.2618282645105;712.6460397595242;1442.757324
9700;1198.4048418880154;713.3925088742344;1451.498376
9750;1198.443254201602;714.3964078742652;1460.820462
9800;1198.3967852735009;714.2680453353869;1468.307963
9850;1198.4428026991136;715.2021159529774;1477.482549
9900;1198.531725480649;715.7719868933093;1486.277337
9950;1198.7399975137844;716.1471719445617;1494.4501
10000;1198.7787292968246;716.7601066930853;1503.133593
10050;1198.7596681653822;716.2258843225937;1509.768487
10100;1198.784294167014;715.7819149256723;1516.613167
10150;1198.7392603324797;715.3419604682771;1523.429568
10200;1198.749633737074;715.2783791763295;1530.901229
10250;1177.506973257329;715.0335746183943;1537.921141
10300;1198.6107692789874;714.2478680441159;1544.050167
10350;1198.5934129231937;713.657553492149;1550.575695
10400;1198.6019681218343;712.7268260603499;1556.430662
10450;1198.5976843179687;712.2473541704638;1563.117688
10500;1198.6359535849615;711.2232348993429;1568.746296
10550;1198.674366680245;710.1425336997597;1574.249917
10600;1198.7229169592413;709.854946387563;1581.255293
10650;1198.9012225290326;709.6437193981765;1588.258925
10700;1198.9218383471637;710.1082094956474;1596.759294
10750;1198.8875733909429;710.784584235427;1605.509277
10800;1198.8639051745574;711.2858734627192;1613.968537
10850;1198.9370277917299;711.7302671935901;1622.283381
10900;1198.9980314153056;712.2713077470773;1630.872074
10950;1161.8879995764169;712.9097929148855;1639.568257
11000;1199.1167273398219;712.5661310379455;1646.311146
11050;1191.2714299045174;712.8972340284846;1654.571501
11100;1159.4922129464371;712.8802585788162;1661.973938
11150;1184.2749084166414;712.9716999297717;1669.692139
11200;1177.620602289533;713.0119560845988;1677.305258
11250;1199.038251467294;713.1885886986166;1685.094242
11300;1198.9517204492743;713.1975869544088;1692.689305
11350;1199.0623107060264;713.5276282868274;1700.816534
11400;1193.057495866921;713.6921097201509;1708.569318
11450;1075.1294381595912;713.1478376127305;1715.010202
11500;1175.9541259626524;712.4476469172079;1721.033807
11550;1185.0366760550862;713.299462997533;1730.207618
11600;1175.343765603125;714.1908097838092;1739.626959
11650;1199.026724905781;714.7271768805231;1748.320115
11700;1199.0114738296286;715.4920402588501;1757.434865
11750;1141.4507491532636;716.0295885881981;1766.136267
11800;1199.0595828401592;716.2811834798271;1774.077494
11850;1187.4141040338652;716.9940333031195;1783.078158
11900;1164.0904485065287;717.0883458678868;1790.869218
11950;1199.014750570993;716.9281019178294;1798.092
12000;1174.0787018131332;717.3977496845353;1806.580628
12050;1140.5586014223882;717.3859586571945;1814.138874
12100;1199.1191903797078;717.7706164282051;1822.560276
12150;1151.9057026509086;717.8296697753655;1830.168413
12200;1181.5144257959973;718.5258198995148;1839.289738
12250;1182.9631151187289;719.0063469194246;1847.994794
12300;1147.6595923968875;719.5320376332375;1856.651147
12350;1198.9759587323563;719.743938645646;1864.721931
12400;1199.0415067138513;720.6777174012337;1874.307367
12450;1199.0683706832178;721.7916473629203;1884.319991
12500;1198.9095173253847;722.861942565078;1894.390499
12550;1199.02399563911;723.8094207341882;1904.179075
12600;1198.8225346731049;724.3180729281449;1913.03187
12650;1199.1216570286397;725.1486118603747;1922.460809
12700;1199.1592222908357;725.9222331600719;1931.919747
12750;1199.0726233913354;726.3153010989322;1940.529273
12800;1199.0410522004452;727.2185978351241;1950.212783
12850;1199.081233897635;728.1273423869146;1960.28575
12900;1199.0736348995829;729.2412194343044;1970.553071
12950;1199.1258487744483;729.8755704997781;1980.475492
13000;1199.1332421502757;731.0058846184185;1990.750789
13050;1199.1121397806837;731.8016132265246;2000.388492
13100;1195.979137717164;732.3251857774513;2009.393159
13150;1199.2384803313957;732.8432954298926;2018.526739
13200;1199.222431336239;733.4965783813294;2028.027721
13250;1199.203925891631;733.5070515102886;2035.846741
13300;1178.2426632734825;734.132223346058;2045.252332
13350;1199.198692540771;734.6208921170959;2054.189833
13400;1158.4257722221364;735.3121616367152;2063.760353
13450;1127.5266786292082;735.6993740592911;2072.519281
13500;1191.3667161514622;735.8470396910054;2080.578611
13550;1107.2306947815857;735.7726045178987;2088.186293
13600;1184.2748694041327;735.8571514207648;2096.096568
13650;1186.4330705520329;736.2365170711344;2104.820709
13700;1149.9683520163428;736.9957381188811;2114.372032
13750;1148.6379945552685;737.7712760443175;2123.898928
13800;1174.648634715732;738.192704383337;2132.877706
13850;1008.2216231072318;738.252525833295;2141.22919
13900;1062.8187437828644;738.4114762059527;2149.731721
13950;1111.3392735376276;738.7043243726102;2158.109391
14000;1163.3191770733572;738.6918513703714;2165.735435
14050;1184.083158253244;739.085901594593;2174.565338
14100;1177.4638119481817;739.2248832023641;2182.628263
14150;1114.922048476808;739.9277015517766;2192.221005
14200;1181.7829109368276;740.4902324818179;2201.278271
14250;1199.0308573229804;740.7737563181219;2209.802067
14300;1187.1378534852695;741.2808344761215;2218.828408
14350;1199.1122017673752;741.5987636923599;2227.481338
14400;1198.9853631090139;742.3148871127171;2237.25548
14450;1185.804499462226;742.7087218376469;2246.140504
14500;1199.0413643249535;743.48950259981;2255.882285
14550;1199.190708033862;743.7773881996025;2264.362014
14600;1199.1487134301606;744.3498647166015;2273.729047
14650;1199.118366572924;745.1960171568801;2283.762484
14700;1135.2292039232668;745.6786528743917;2292.792575
14750;1199.0310732795274;745.8700394250019;2301.114894
14800;1180.297027537508;746.2279688478617;2309.992672
14850;1182.4362249277092;746.6013061890263;2318.87477
14900;1199.0893713710395;747.0853491181092;2327.966517
14950;1199.0459007130057;747.6037032818257;2337.324773
15000;1199.0775794831184;747.9619603261958;2346.056288
15050;1199.0703241655613;748.357628406528;2354.910854
15100;1183.835210490117;748.8797946185997;2364.212436
15150;1199.1851395617582;749.2647937457936;2373.175148
15200;1199.1047293926706;749.8316553427701;2382.511574
15250;1120.920998364367;749.952499602998;2390.800972
15300;1105.6226609369978;749.8031890997871;2398.130675
15350;1178.96406594116;749.6947399718981;2405.707428
15400;1158.5691871850283;749.7742189707596;2413.882179
15450;1119.0499547768497;749.7504499492858;2421.593907
15500;1086.4973537793414;749.6349260142921;2429.135676
15550;1058.6039558956988;749.4502015430741;2436.36621
15600;1113.146178320746;749.2570951238415;2444.162938
15650;1138.527062932978;749.0311014398936;2451.449147
15700;1187.6112294565805;749.2275543787356;2459.930984
15750;1198.992161439667;749.3091737806196;2468.093684
15800;1183.0468299390948;750.0047559275345;2477.887885
15850;1198.885353048167;750.1804822023595;2486.273966
15900;1198.998484868393;750.2905695409027;2494.4038
15950;1198.9774364559646;750.6446080958458;2503.254594
16000;1120.8344035204304;750.731317529755;2511.461827
16050;1134.9098926499316;750.8797530245876;2519.597957
16100;1159.2890042301324;751.1830181236729;2528.370512
16150;1163.2480365389042;750.981330338089;2535.727839
16200;1199.187357396534;751.2947245258218;2544.423819
16250;1156.387202052525;751.5607072915225;2553.164003
16300;1180.5172177764982;751.4721257815199;2560.788392
16350;1199.2087892701425;751.3627128034743;2568.279762
16400;1115.2190025082382;751.6759521494162;2577.154518
16450;1180.1169262406997;751.7032460680612;2585.078571
16500;1181.512172115877;752.0584298076963;2594.122406
16550;985.111812542658;752.419412051275;2603.14225
16600;1075.8914998357898;752.4905596986765;2611.133399
16650;1118.086931329157;752.4782003032785;2618.793293
16700;1115.5410892458774;752.2695131305943;2626.030024
16750;1156.505307398074;752.3282854922546;2634.116594
16800;1157.4649321392722;752.4995619909648;2642.554814
16850;1174.2478757681044;752.8236758391646;2651.320413
16900;1126.0347089443787;752.8149741117517;2659.254841
16950;1139.6098351223764;753.183658646711;2668.13019
17000;1163.7009489570132;753.3083983692868;2676.417517
17050;1198.8483827093844;753.6109932034911;2685.142636
17100;1199.1014670806924;753.9201140955162;2694.117857
17150;1184.4917333035105;754.1730310976308;2702.849296
17200;1196.721775858999;754.6477171242725;2712.267113
17250;1198.9397927449545;754.8442953720512;2720.741125
17300;1185.3666486799414;755.3688150823541;2730.328574
17350;1199.016811031392;755.6516227912817;2739.19696
17400;1199.0282515440988;755.799407771926;2747.539418
17450;1198.8653537089838;755.9850174969565;2756.073521
17500;1198.9461543542436;756.5268262369342;2765.799132
17550;1170.5415667700179;756.531664575182;2773.67303
17600;1174.9858188009596;756.7667239943398;2782.359712
17650;1185.5464616228542;756.8115468602268;2790.37788
17700;1198.9763571931344;756.8391751863377;2798.488037
17750;1184.390053012376;756.8369457843421;2806.528088
17800;1198.8240189131989;756.896476901057;2814.629655
17850;1178.576304411062;756.9060082289058;2822.699455
17900;1199.12304899584;756.8121059867794;2830.303902
17950;1195.1947636906639;757.2326608579974;2839.729597
18000;1198.97538530338;757.4367794467909;2848.300055
18050;1199.0303035688544;757.1622375318868;2855.443714
18100;978.0054262108163;756.9058520992727;2862.647978
18150;1148.927042940649;756.1868999259773;2868.127459
18200;1198.790076396783;756.5784535069006;2877.294272
18250;1150.247920397245;756.7279608539309;2885.712609
18300;1076.2489166611144;756.9308963502904;2894.382674
18350;1093.313258704567;756.9940127923971;2902.386286
18400;1124.8109940977647;757.0748946649221;2910.616087
18450;1129.198817032522;757.1914537496082;2918.854966
18500;989.0209320934132;757.0501501373485;2926.366658
18550;1027.3732860998296;756.9175240405096;2933.643443
18600;977.0183377193644;756.8492211174337;2941.304805
18650;933.533221025258;756.738596707028;2948.652574
18700;1005.0551667952745;756.2247507218423;2954.732267
18750;1064.0530011229353;756.0742459255533;2961.948319
18800;1130.018803258929;756.2479103842104;2970.475736
18850;1157.026734483897;756.1874253631634;2978.11356
18900;1199.1549260981003;756.2738239811491;2986.442545
18950;1160.8854539890829;756.2602464262384;2994.46623
19000;1143.9220086544176;756.2987774361668;3002.50786
19050;1185.4908618188585;756.3466946576277;3010.668239
19100;1126.3924496595127;756.531163602033;3019.209593
19150;1043.7206428495958;756.6264935443696;3027.406585
19200;1090.0330442450543;756.649058019584;3035.380547
19250;1112.4287029419654;756.8764230434728;3043.982121
19300;1111.2742822707305;756.8051108528163;3051.688671
19350;959.6892193926095;756.8140626606851;3059.564044
19400;1116.4474162508945;756.768644331935;3067.244547
19450;1072.7326531672798;757.0331048014882;3076.198355
19500;1199.146980825183;756.9634518011461;3083.736009
19550;1199.1328250109095;757.0467828344928;3091.925212
19600;1164.8618291474763;757.1520510711141;3100.211666
19650;1026.2469093533064;757.2938580685841;3108.60486
19700;842.5237957433313;757.2706408730919;3116.393026
19750;994.891688640401;756.6177435834885;3121.774212
19800;1163.41171249197;756.0208246026589;3127.344673
19850;1087.6245297080688;756.0436410867657;3135.228534
19900;1153.2590523741972;756.3515070315735;3144.035103
19950;1126.2248401314175;756.3893308625286;3151.800701
20000;1199.1464669021584;756.2461754763857;3158.901203
20050;1132.883122914788;756.6494322141124;3168.151016
20100;1180.9765924355709;756.8313011543903;3176.567244
20150;1120.2384225952455;757.0874635553716;3185.143879
20200;1170.361495537692;757.2160883110347;3193.368208
20250;1135.6715823585876;757.3882994632055;3201.699417
20300;1159.999889778535;757.5602742576225;3210.107207
20350;1199.1439569739634;757.6345967783724;3218.029824
20400;1194.337106170491;757.9312240807923;3226.786948
20450;1164.8098406527556;758.1273899092979;3235.189952
20500;1199.0462842187562;758.4909586673565;3244.845738
20550;1199.1067711144287;758.6945250848536;3253.414472
20600;1199.0892999397868;758.9530589088567;3262.228849
20650;1199.067216184886;758.929921095712;3269.989824
20700;1199.1068999371853;759.063686212792;3278.203004
20750;1199.1367352664447;758.994349467709;3285.831441
20800;1199.1421473086173;759.3861932655318;3294.963718
20850;1199.0568856205175;759.5121843134001;3303.27953
20900;1178.1605618932829;759.5492388580432;3311.309581
20950;1199.0934457464045;759.8115654556756;3319.991753
21000;1198.932856627342;759.8332425384624;3327.934566
21050;1199.0843033906986;759.9853424794026;3336.202881
21100;1199.0862866884063;760.3132233028379;3345.263162
21150;1199.0871725528896;760.1310613883198;3352.330285
21200;1199.1939578788692;760.5516242476825;3361.666051
21250;1199.1682157535156;761.0045319634963;3371.260443
21300;1199.1877417174696;761.4004806839905;3380.531719
21350;1199.1912528507787;761.654296351999;3389.402446
21400;1199.1702399010535;762.2151289667402;3399.417321
21450;1199.1943585785998;762.6055734623386;3408.763665
21500;1199.1928293742994;763.0919186796757;3418.372249
21550;1199.237212661325;763.7597567577969;3428.777231
21600;1199.2136095974818;763.7981326459809;3436.845349
21650;1199.2705416051074;763.9016562431674;3445.157288
21700;1199.2082867336817;764.351729585631;3454.639719
21750;1199.2662850311722;764.7587848367291;3464.095437
21800;1199.2762109345942;764.7123675036353;3471.686104
21850;1199.2888018153672;764.9711740211914;3480.668037
21900;1162.2490137604439;765.2689041001174;3489.651335
21950;1178.618257470881;765.7291362806689;3499.292613
22000;1158.544630235029;765.6540080782195;3506.770979
22050;1199.2181116502736;766.045629745827;3516.209114
22100;1199.2078900778013;766.5768939430035;3526.301155
22150;1180.1358248381478;766.797597918148;3534.976892
22200;1138.707761907243;766.9526355773628;3543.526234
22250;1046.7861663739532;767.1144145184505;3554.429391
22300;1177.4286771585232;767.2366390048752;3568.505814
22350;1141.720286911133;767.2806139615649;3577.195627
22400;1167.6926135267613;767.4908596832547;3585.943939
22450;1135.5447898927905;767.7290321366276;3594.579894
22500;1111.061343956964;767.7288284570315;3602.22007
22550;993.232057899545;767.4012935316952;3608.681077
22600;1199.1550794394418;767.427635266969;3616.475303
22650;1177.5365357329551;767.5968997775432;3624.804134
22700;829.736418640319;767.8242687260015;3633.464139
22750;875.2625019878539;767.4436265623417;3639.408942
22800;1199.2699961669161;767.628504012911;3647.459645
22850;1199.2719686541832;767.977933447253;3656.41947
22900;1199.2599805181362;768.4088117396101;3665.789132
22950;1199.2723116712639;768.8502536424476;3675.20293
23000;1199.2612472362923;769.0195466298917;3683.559028
23050;1199.256945197617;769.4566292941962;3692.837443
23100;1199.2629032660961;770.0884593088782;3703.012437
23150;1199.276446029519;770.2931426137969;3711.384501
23200;1158.2293850656013;770.722465656458;3720.633173
23250;1199.3174968018443;770.5928863751658;3727.764974
23300;1137.7714790619532;770.6140577478056;3735.535278
23350;1199.3122623833806;770.6673423042503;3743.247481
23400;1199.3473560845694;770.7608331609252;3751.30302
23450;1199.3393597735605;770.8964063709026;3759.41554
23500;1199.2751992920196;771.0063842952101;3767.986932
23550;1157.1621693682052;771.2655280593;3777.128791
23600;1199.3792922148361;771.4316126518563;3785.561504
23650;1179.376964924935;771.7685635658313;3794.823299
23700;1157.3625048861059;772.2648605459586;3804.511053
23750;1138.2907031264824;772.4469269202791;3812.789601
23800;1078.3681320967364;772.3479395725132;3820.045244
23850;1024.2609400284985;772.3248340587895;3827.409862
23900;1199.2067147940606;772.3914792937744;3835.234545
23950;1159.2011449595059;772.8383731995643;3844.638901
24000;1178.09832790763;773.2212290653493;3853.771587
24050;1185.8823573761806;773.4205614507121;3862.285724
24100;1119.574481794539;773.595827683433;3870.777009
24150;1098.274267416626;773.8820464308011;3879.613224
24200;1089.3608166025456;774.0559898224703;3887.835326
24250;1112.4879878255579;774.1231873229283;3895.748878
24300;1157.7515078224114;774.1988897691358;3903.587831
24350;1096.4498969146887;774.385808097857;3912.047977
24400;993.9592881370393;774.3180596219478;3919.274917
24450;1056.4516789623392;774.1470443553953;3925.973224
24500;982.7250791653809;774.0018953993571;3932.972854
24550;1181.486495679781;773.7723775749288;3939.426155
24600;1199.2534402093872;773.8895694170722;3947.630749
24650;1085.8590619340341;773.7455871375796;3954.745237
24700;918.1575725759907;773.456407084608;3961.021896
24750;917.1457857195511;773.1552014675639;3967.235087
24800;891.0231270157888;772.8587010689968;3973.449241
24850;1054.9499006252577;772.6247695661007;3979.78321
24900;1111.7094078177513;772.7324108834091;3987.698778
24950;1199.0877406655268;772.7839567592733;3995.562055
25000;1185.1704099456726;773.1006731143897;4004.51162
25000;1186.8639711077515;773.1006731143897;4005.512929
