0;29.076277176614244;24.683851242622822;0.007014
50;27.085717375363238;28.156456032042687;0.324168
100;28.539405863400102;28.17951246332524;0.633187
150;97.59061012839017;32.20452833898623;1.075681
200;125.21497658582133;42.9683776859298;1.905131
250;167.47244674434683;49.68934599990916;2.790742
300;135.66688791596752;54.31658260483342;3.756918
350;174.8861763829687;58.1720251771749;4.671198
400;151.70448394109513;62.04275472262761;5.725559
450;321.3802250534374;66.91357074371776;6.92956
500;323.84025331994974;71.71174151341421;8.42564
550;334.78114434891353;74.96963069441304;9.996492
600;335.45294063992077;78.6291799804596;11.869878
650;444.55976464446127;81.38065117604509;13.45872
700;435.6816963618074;84.35119867454293;15.406842
750;445.585315610398;86.8417867233012;17.144461
800;425.0872414093636;87.47668099769437;18.744893
850;447.6633941361693;89.1077192449724;20.377563
900;1058.5691138899813;91.38805209761072;22.291073
950;1099.954067762037;92.73352086025865;24.634922
1000;1113.656214454324;95.99533441546944;27.25127
1050;1102.6926385007575;97.9075546536061;29.71742
1100;1056.307924249478;99.26007510579984;31.99868
1150;1066.7844771331645;100.34333889529032;34.270027
1200;1095.7360264679687;102.35068351696374;36.824499
1250;1103.4454150922988;103.49273130754655;39.225403
1300;1096.595792900274;104.40513923108287;41.786732
1350;1123.9732621377611;106.47182454119579;44.478247
1400;1072.7041404195902;107.0634308190012;46.749224
1450;1098.4879900081773;108.03909624525856;49.217818
1500;1112.7066356898795;109.58395745210954;51.878759
1550;1046.7990268547408;110.28025387413795;54.399439
1600;1028.2713187454906;111.90647714428451;57.037725
1650;1082.000099662729;112.68784216922447;59.339883
1700;1116.8510624116657;113.60534391398981;61.802195
1750;1076.8760117185943;114.24989038525801;64.210843
1800;1147.361434177858;115.09462304355205;66.747025
1850;1103.9372703604154;115.8665913963369;69.36099
1900;1123.301429736944;115.9597721399909;71.654328
1950;1108.141798348827;116.88097539930308;74.277932
2000;1100.9473604320312;117.96557941005608;76.992706
2050;1114.2449273541997;117.86701002921899;79.223688
2100;1152.7388095239846;119.73287427524485;82.252189
2150;1153.449045872843;120.78396660997477;85.077902
2200;1153.7336368938534;121.8407491713799;87.914109
2250;1152.7449813693038;122.83179973078315;90.750594
2300;1152.3118200604226;123.90693550885914;93.527373
2350;1153.0328247809723;124.9865484447096;96.507171
2400;1151.9847320323656;125.77040939830005;99.325685
2450;1153.5618129882946;126.35223789080626;102.04788
2500;1152.240192404095;127.58534252589902;105.146704
2550;1153.7217117763116;128.7679385109051;108.275548
2600;1152.0182505482649;129.83772990185042;111.272162
2650;1153.0068692875107;130.71191105663786;114.050853
2700;1152.4361969175675;131.45630238552673;116.777582
2750;1152.5005601788175;132.66472128927228;119.760702
2800;1152.8747916310924;133.34102866713846;122.486502
2850;1152.7773357531464;133.6142029291633;125.018788
2900;1152.2950639837866;134.10248061303173;127.66675
2950;1151.9457597904016;135.02561764409148;130.550254
3000;1152.9237401375221;135.67124362071402;133.306788
3050;1152.9708813669304;136.82498288010987;136.397241
3100;1151.955764305766;137.82912455780462;139.421605
3150;1153.3905311260926;138.00503910647018;141.94932
3200;1153.9259447310449;138.72825993266773;144.793361
3250;1152.094985071871;139.20007609775908;147.513608
3300;1152.5289253572732;139.67243035245565;150.229871
3350;1038.8295825078164;139.8848680968938;152.761635
3400;1069.0939361716169;140.72467415548203;155.617225
3450;1119.2073632907795;141.57428688454516;158.523057
3500;1093.4421037046015;141.80548599985562;161.080421
3550;1039.8038095458605;142.44384644023694;163.874362
3600;937.3538012909756;143.23198613954307;166.737792
3650;987.0976786781825;145.2010557576677;170.368332
3700;1166.3180370114294;148.12679832443018;174.690477
3750;1156.2724145122559;152.74061079910229;180.450286
3800;1170.5570479170558;156.10553107309326;185.388353
3850;1181.914683983194;161.7054202274472;192.010293
3900;1188.0877459240933;167.42084741386094;198.80571
3950;1172.6290445688405;172.37398068708697;205.121549
4000;1159.7420626355186;177.1551964904349;211.428605
4050;1193.9235005203057;182.28730424668174;218.10563
4100;1193.9368474506848;187.24627284904068;224.626838
4150;1194.2643840479568;192.11784325747337;231.219036
4200;1148.4375600300561;197.34097349599938;238.187977
4250;1123.0791634300194;202.2230978050608;244.921041
4300;1190.5950318430714;206.13728692400136;250.931927
4350;1180.258798288056;211.27017057239658;258.070283
4400;1195.0443977738564;215.46441362313058;264.554541
4450;1021.6450746756146;217.8317508703956;269.584075
4500;1194.8104088906593;221.36784898632627;275.486382
4550;1118.3605497555184;225.98826170814226;282.522401
4600;1146.068747780775;229.1313816397603;288.338069
4650;1132.3304617560395;231.1522358315866;293.252478
4700;941.6529112831787;232.77355762749025;297.872129
4750;1158.0308988846984;235.45033965930455;303.263622
4800;1194.5024408024683;239.43550755194752;310.09006
4850;1195.595882981776;242.51096030659608;316.195
4900;1187.569832375119;243.86764449803263;320.849365
4950;1169.6044897911024;245.35779635721178;325.677132
5000;1142.1370146779736;247.0163036562992;330.60874
5050;1163.0928890598288;248.90004298704315;335.739165
5100;1086.5057724001056;251.21731689553977;341.364549
5150;1195.9179379678503;253.54200495366763;346.998675
5200;1196.0043316854271;256.69712800431796;353.540486
5250;1195.9173639341245;259.2972451643942;359.626108
5300;1195.9400992295439;261.2827852013294;365.190733
5350;1176.1077409616692;263.3170256519979;370.859689
5400;1196.3923628272883;266.354223821314;377.487169
5450;1136.7512723032687;267.72761251086825;382.490833
5500;1153.9787240067928;268.83906072469557;387.230594
5550;1059.0133269390628;270.43965258384713;392.579518
5600;1072.4440620761616;272.013993839957;397.817847
5650;872.1751485133956;273.0700516946542;402.410511
5700;1193.6467651629127;274.84845887293966;407.620662
5750;1129.9050788449085;276.3396344144144;412.90777
5800;1183.010809293023;278.1612831553614;418.459109
5850;1080.6174300297812;280.0498508405124;424.125051
5900;1110.8891503784662;280.7655987606222;428.525617
5950;911.1507487698644;281.6519700142175;433.132441
6000;1195.5375793853666;283.57343255310934;438.725428
6050;1195.7211485871069;286.3361436613968;445.570225
6100;1179.9016586069934;287.9140814325626;451.057543
6150;1174.1835056458349;289.77311863885194;456.926709
6200;1109.4932883612469;291.1203991781424;462.250574
6250;1116.2966648174413;291.53169756350104;466.474209
6300;1162.9984115845969;292.48901552863737;471.263594
6350;1196.0919828255805;293.96392660539203;476.72352
6400;1146.5903865289083;295.8177620944362;482.691657
6450;1042.1830235009757;297.24805437714093;488.205906
6500;1148.5346269100332;299.331396863906;494.458484
6550;1178.7816069347011;301.80319415451817;501.318239
6600;1180.2580279546505;303.7898469586131;507.653959
6650;1194.7355210678556;306.7781603109873;515.234147
6700;1194.8156418332642;308.78475422147886;521.722574
6750;1174.5261905076438;310.03746205829685;527.28865
6800;1195.1448416374935;312.2994481496378;534.097001
6850;1179.7218347569317;315.15603414181487;541.748431
6900;1175.6276575244638;315.82148823876037;546.563621
6950;1184.8014471111157;317.0887020534433;552.245392
7000;1128.111358544525;317.8980590848101;557.274197
7050;1114.1796682471595;318.68927002757925;562.288632
7100;1145.7153531803983;319.9196152590068;567.847839
7150;1128.5115733220366;320.4466925051906;572.557486
7200;1157.500598486298;320.98774583701976;577.303288
7250;1147.7364275748496;321.11376693470226;581.521312
7300;1182.5318347710117;321.42709821800446;585.941814
7350;1178.326403463656;322.98611672720443;592.178258
7400;1197.2310420441618;324.11106095886106;597.807411
7450;1197.1786121535677;325.01925456266815;603.183699
7500;1177.3582195751624;325.33506241733716;607.759733
7550;1172.8669763431528;326.0524711361448;612.876707
7600;1197.191330428891;326.88931792994964;618.141961
7650;1197.1316765391819;326.8321438182974;622.180123
7700;1176.815683744505;326.73691790877393;626.181552
7750;1158.2573359389435;326.9528237398197;630.611149
7800;1197.1728676620214;327.1804166495986;635.037713
7850;1178.5012878939592;328.16002472660904;640.597793
7900;1181.0130504424021;328.2906731887486;644.93143
7950;1193.312103918798;328.14166518189165;648.79121
8000;1193.16009528826;329.0951100335771;654.347242
8050;1193.2167106033794;329.5507547689967;659.165872
8100;1180.8883279459253;330.1592143232636;664.194636
8150;1180.3588565009616;330.84296182006665;669.40858
8200;1186.4312528751145;331.87543441905024;675.170982
8250;1186.1971884277846;332.28244256451893;679.982686
8300;1186.4746985360532;333.6966104127872;686.426653
8350;1191.5899221927439;334.97012334946004;692.563372
8400;1194.3697300114454;336.5908454369601;699.303837
8450;1193.7441110719246;338.0445243785386;705.802558
8500;1195.3882954400135;339.6678655319803;712.516744
8550;1195.4660857865024;341.635824432889;719.869377
8600;1172.6384864396432;343.7629981781497;727.511809
8650;1171.0651658878987;345.9439278977041;735.306909
8700;1182.7118527779367;347.060959979411;741.364065
8750;1195.3070708303205;348.462958249457;747.929313
8800;1195.2099705380424;349.66216709095653;754.244594
8850;1188.7893313256159;351.1203652213782;760.990894
8900;1195.2540439711986;352.163280224015;767.069519
8950;1193.9655331958759;353.0991159027953;773.006458
9000;1195.2398762294988;354.0397324912763;778.954912
9050;1195.3205595418044;354.9948359070343;784.958024
9100;1195.1224077676836;355.1565292618826;789.649602
9150;1195.126205604636;356.0374985797724;795.558005
9200;1156.539377664362;356.4428517928782;800.597597
9250;1181.8089027173198;356.7045985538529;805.399519
9300;1189.5651148620354;357.1874208241777;810.615071
9350;1120.4825476471087;357.6289178626009;815.782086
9400;1195.842774260259;357.71281610082434;820.285623
9450;1180.915805629812;357.6598997050884;824.554988
9500;1176.7618276788216;357.8118931115417;829.221582
9550;1179.8607838283287;357.90538041283446;833.806157
9600;1176.623933126041;357.70778953352857;837.894789
9650;1194.2158429891797;357.14916078403655;841.33335
9700;1169.8913878125527;357.00521440109105;845.441677
9750;1180.5029697817108;357.1246369636802;850.038228
9800;1180.8955331946472;356.9753014531063;854.194198
9850;1196.014929163206;356.8966032525206;858.462879
9900;1196.0110625198624;356.5670749479542;862.269893
9950;1196.065430069159;356.20873821734415;866.033335
10000;1058.897613459153;355.73120323178483;869.507278
10050;1027.5975923447795;355.39547142381605;873.145581
10100;1033.389443758757;355.13291526136436;876.848122
10150;1148.9766415777276;355.0525791807453;880.942053
10200;1178.0004916013088;355.0691956892952;885.332159
10250;1181.3994002569555;354.66404653098283;888.871967
10300;1175.7932685121084;355.11330381953667;894.142135
10350;1169.8039615090615;355.0314431847488;898.356378
10400;1163.9390894646274;355.01203727002513;902.730476
10450;1174.5162802080756;354.6890008442205;906.486291
10500;1175.927787022165;354.6448237205637;910.785202
10550;1194.8104144218487;354.78300790473685;915.437104
10600;1175.3929399044341;354.7276081098346;919.744359
10650;1146.556893103621;354.19039435187943;923.080607
10700;1187.244533657367;353.9181212718966;926.914437
10750;1177.7364534032695;353.35079166572393;930.175389
10800;1194.90958881059;353.2005130802076;934.274967
10850;908.1992619949821;353.0088005287001;938.253379
10900;1008.103297443089;352.9913533680602;942.375574
10950;1164.142203514981;353.5748266916813;947.812253
11000;1137.4406220033256;355.0618170689324;955.17423
11050;1095.6899523580196;356.29962842403177;962.030513
11100;1066.322196703578;357.02403622880985;967.82936
11150;1150.531822937791;357.804203846268;973.702346
11200;1104.771558963277;358.9734372156551;980.45817
11250;1147.2556155155878;360.08046740906985;987.071723
11300;1144.2220152974578;361.31988408235355;994.099657
11350;1110.4439252707543;362.3079921571044;1000.600369
11400;1126.1850178867637;363.2040445830435;1006.808353
11450;1027.9638094115421;363.5410166585401;1011.936133
11500;975.8380198766307;363.2889685552251;1015.735149
11550;1146.1298600131238;363.35474870768155;1020.112501
11600;1174.7331976370747;364.09221613042297;1026.135907
11650;1118.5268298307346;364.5299813278562;1031.508518
11700;991.07797720582;365.0595133582245;1037.097098
11750;949.2553768684775;365.9205463741335;1043.213258
11800;948.6048897593663;366.6243541267715;1049.058397
11850;1145.2822284613917;367.11215281892555;1054.435751
11900;1150.3762447865752;367.64637279742914;1060.163431
11950;1153.8287227004662;368.78598178684445;1067.186481
12000;1137.7446674516418;369.4721029121199;1073.140322
12050;1157.9721536529844;370.4837932423794;1079.884618
12100;1144.948330870508;370.8442324061596;1085.200359
12150;1173.7277017887995;371.7817634806239;1091.747203
12200;1191.4751068650103;372.14019287248254;1097.116087
12250;1178.2054006059834;373.3155286237746;1104.339782
12300;1111.266701333676;373.9178278884282;1110.194163
12350;1076.010689138459;374.209870397339;1115.303013
12400;1120.5786263992295;374.9198789212549;1121.319737
12450;954.5353710969902;374.9209697429199;1125.826801
12500;1139.861089924885;374.9700334822915;1130.307773
12550;1177.8119667396081;375.13365184231486;1135.226794
12600;1193.9066323755542;376.2327884571834;1142.315896
12650;1195.3858269424397;377.36592559220577;1149.492117
12700;1168.7606468616136;378.0457558233796;1155.713226
12750;1162.3495717639794;378.6283824415024;1161.665254
12800;1174.322506652768;379.24443743966333;1167.729574
12850;1154.199429015905;379.5112247138007;1172.96623
12900;1101.9760444928297;379.78310346457874;1178.146969
12950;1192.9655294408135;379.7342474737387;1182.553208
13000;1196.1278121137814;380.78673148804484;1189.659705
13050;1106.9011183144692;381.13625480337805;1195.065931
13100;1118.5809035253337;381.52777379577464;1200.595333
13150;1194.247817313881;382.149201606107;1206.611786
13200;1070.361841648637;383.34327030334697;1214.136236
13250;1081.5541986059338;384.0315761259812;1220.349834
13300;1192.9591779827322;384.5723322991649;1226.252095
13350;1159.8604949632438;385.0912111428192;1232.136932
13400;1133.9427457342674;385.8000989579006;1238.548902
13450;1152.3848740724152;386.4929286693753;1244.817826
13500;1133.71479748364;387.01972435896727;1250.792461
13550;1054.0411765352198;387.9945634352118;1257.820003
13600;1166.422280837231;388.7209918016615;1264.246661
13650;1176.7504322804818;389.5072024785806;1270.922192
13700;1191.5814241470653;390.579125743034;1278.352116
13750;1180.799986746023;391.41249638390445;1285.126
13800;1075.4000904175002;392.0734729376863;1291.467873
13850;1075.652905052659;392.5490404715355;1297.31691
13900;1099.3719230276965;393.2142509878541;1303.665642
13950;1000.96830049093;393.6746800253375;1309.471074
14000;1091.763759219038;394.3047894810458;1315.664667
14050;1090.222716290475;394.5079676398252;1320.953724
14100;1157.8665347584836;395.51226454048606;1328.692382
14150;1141.0611820149963;396.0265275138662;1334.773833
14200;1094.5218786345793;396.93354355396417;1341.89566
14250;1159.482390445648;397.59129803273953;1348.633883
14300;1171.696489596563;398.27380025685125;1355.547052
14350;1126.9817719308166;398.77804881153725;1361.691207
14400;1113.9653248068216;399.28376297981595;1368.361011
14450;1069.4404482126206;399.59612581547225;1374.511146
14500;1034.5383733297554;399.68854703294386;1379.503875
14550;1064.0259414252869;400.15631529513763;1385.439108
14600;881.0277144143538;400.7815665548765;1392.11734
14650;986.0619679482038;401.5307615438754;1398.8924
14700;1155.341616735923;402.46438815352565;1406.072139
14750;1173.9548990927362;403.6501119867266;1414.580985
14800;1146.6919707099444;403.920990062427;1420.187355
14850;1093.6138025034177;404.1922022034984;1425.790717
14900;1095.8053844523674;404.1754603686566;1430.463069
14950;1139.3673276427614;405.0654454498478;1437.634864
15000;1186.8989715423556;406.0280229529812;1445.180691
15050;1173.2565081155328;406.5969862167977;1451.628683
15100;1075.632561389608;407.13742857674174;1457.963611
15150;1176.1369018545465;408.1962796045465;1465.716905
15200;1111.8468899420204;408.86337476320625;1472.619182
15250;1119.3892143742028;409.81545507479694;1480.157872
15300;1113.4773862509417;411.07817576853483;1488.897306
15350;1141.7699407697362;412.02006939301384;1496.504121
15400;1191.741481163656;413.0812933525027;1504.384863
15450;1182.8711448467857;413.982148220384;1511.812026
15500;1152.9931270740965;415.1416486788584;1520.130704
15550;1177.3480523062012;415.8845840298095;1527.109421
15600;1141.1145457057414;417.04918882723166;1535.424394
15650;1017.2276714023018;417.5761668004159;1541.906437
15700;1131.516071977302;418.05629105240746;1548.134092
15750;1094.2898006932953;418.9478365631889;1555.671687
15800;1164.135336811997;419.6989127051088;1562.718893
15850;1125.7988693138018;420.5715151318768;1570.178632
15900;1171.4248118433995;421.2146477416482;1577.031798
15950;1039.7916962702648;422.1974376414539;1584.854209
16000;977.8037036191267;422.6497118120633;1591.086379
16050;1035.9663278194269;423.51142669010886;1598.556438
16100;1118.4345164657386;423.8767394967262;1604.457434
16150;1052.932008928733;424.48774151959344;1611.271558
16200;1126.1179474293617;425.2574188012146;1618.449695
16250;1114.0170802192015;426.20981462551066;1626.212842
16300;1151.1402856583875;426.81377683831425;1633.079651
16350;1039.1162004403795;427.28566500652914;1639.466302
16400;1194.8283220193534;427.74339088257244;1645.758418
16450;1182.797563026191;428.5227750912753;1653.109879
16500;1147.7459200339676;428.68685923549873;1658.666923
16550;1079.5250521042838;429.1725942916757;1665.085394
16600;1107.4459110428388;429.5852080581121;1671.337998
16650;1100.2738707038914;429.5364763869411;1676.190448
16700;1161.0301488929115;430.4301986196781;1683.874291
16750;1108.4400096407824;430.9384847185446;1690.43692
16800;1158.094835860075;431.629328180729;1697.623248
16850;1068.9167222095168;432.22455447803094;1704.524947
16900;1128.6331251728616;433.1604881518197;1712.38453
16950;1171.525777504284;433.8650253242273;1719.6847
17000;1146.8906513027805;434.9076380324195;1728.106929
17050;1169.768826382925;436.22599552342393;1737.319185
17100;1154.5258044792974;437.3153403052164;1745.896891
17150;1149.9584555884635;437.7826088737829;1752.436405
17200;1070.3436243845554;438.0521088494257;1758.319814
17250;1060.8377046718508;438.4128378951388;1764.444197
17300;1170.9627807335175;438.76183615381274;1770.611997
17350;1170.317333928086;439.2859427831881;1777.414765
17400;1141.4612547136828;439.6134072863815;1783.555146
17450;1175.5700378889064;440.1156466818595;1790.245852
17500;1177.5058141366292;440.22378213953334;1795.780176
17550;1127.1211427907788;440.76925571661366;1802.61514
17600;1181.4701659539146;440.8563997143108;1807.953641
17650;1058.9455022324398;440.85582767814253;1813.14875
17700;1114.7266272131442;441.08841516669776;1818.963811
17750;1141.7890457035853;441.3826420522397;1824.960376
17800;1046.5136905403585;441.76322963680906;1831.285381
17850;1057.1799505508059;442.0308156248024;1837.193158
17900;864.4928166363917;441.5978986716203;1840.8679
17950;1056.3162492111658;441.46627544584385;1845.266609
18000;1131.2144301804096;441.6541639000189;1850.859454
18050;1072.8062395997829;441.7466584057674;1856.319857
18100;1090.1458779984214;441.7848446522431;1861.440079
18150;1105.4860981296688;441.8629011550059;1866.808732
18200;1041.1296365045291;442.18712058262287;1873.030464
18250;1078.0317049056039;442.40626460465927;1878.739189
18300;1185.3544538452816;442.4984836074419;1884.064627
18350;1156.1254101954257;442.7220849936799;1889.939717
18400;1056.0087729563868;442.86854641492005;1895.60067
18450;1148.8968692918422;442.5916234275969;1899.751266
18500;1128.9617017057622;442.2551379140813;1903.786369
18550;1129.9015267797356;441.83337342170853;1907.497003
18600;1124.5585442039635;441.27478338001924;1910.718145
18650;1151.041472627953;440.87863919575193;1914.480032
18700;1173.8009475152771;440.5372595665656;1918.457769
18750;1130.1087039347174;440.5034301679539;1923.514961
18800;1190.7217362710646;440.00709531608015;1926.850051
18850;1135.7573421515358;439.57993453298036;1930.544032
18900;1182.5144528577487;439.05275257199446;1933.832171
18950;1176.8373772232335;438.66996971828297;1937.675921
19000;1175.6836422452109;438.3262057084052;1941.634088
19050;1195.3410632869306;438.02506353300384;1945.741309
19100;1184.9977662271983;437.7513105211536;1949.952088
19150;1195.3682567577337;437.3213592616519;1953.76289
19200;1176.486583001241;437.03166462683527;1958.017376
19250;1175.1973845636721;436.7381151574078;1962.135512
19300;1163.0874317099403;436.324276183626;1965.819817
19350;1159.8373501739138;436.1345023292874;1970.242018
19400;1134.743539068502;436.1725295412275;1976.132778
19450;1196.5095651354138;436.0810785430607;1980.839148
19500;1176.131102538052;436.2722338566381;1986.613558
19550;1197.4410901706296;436.5406806782241;1992.638637
19600;970.7826280856933;436.5025216507687;1997.678383
19650;960.9493330926733;436.64443036518117;2003.112915
19700;1012.2479615230019;436.37891014415163;2007.146082
19750;907.6714771282809;436.2831425053933;2011.802139
19800;901.6831648407929;436.4350880831367;2017.432635
19850;842.5912146055151;436.3831875450444;2022.132119
19900;894.9839923864021;436.3501959173231;2027.017186
19950;838.7481041615882;436.07201835391425;2030.901051
20000;864.5783114742076;435.67522187878495;2034.31693
20050;801.6840382216396;435.24719509659167;2037.621716
20100;1062.4589759148348;434.9847406683446;2041.391737
20150;1026.900415301185;434.55554063199344;2044.990168
20200;1067.3475862430878;434.2056386602577;2048.767272
20250;954.7820476692849;434.1203259964014;2053.458686
20300;809.4734928673626;433.88132640801825;2057.479033
20350;1121.3879940911088;433.9619378986594;2062.537139
20400;1099.0428053050462;434.051612088838;2068.097077
20450;1054.6331678265967;434.75071428151017;2075.799787
20500;1138.155089013845;435.087911980775;2082.095567
20550;1127.6184722670941;435.3514363321835;2088.211979
20600;1161.6388679340441;435.6902883857244;2094.595149
20650;1129.854886573381;436.0681564238216;2101.073751
20700;1077.8846540728323;436.48697098640133;2107.744783
20750;1062.977413532608;436.7159449332234;2113.600944
20800;1110.334276346494;436.8840480040891;2119.300944
20850;1163.0299071967654;437.1211755053703;2125.335079
20900;1194.8882290036463;437.4255096336868;2131.734647
20950;1100.6229309870753;438.00504683263546;2139.486533
21000;1026.8838974952848;438.3332270207852;2146.150553
21050;1194.1763770178402;438.54723718372173;2152.210799
21100;1101.7091049247676;438.9241719358586;2158.855076
21150;1100.2453006967346;439.1103516125426;2164.703655
21200;1175.879889118838;439.44485012888646;2171.04933
21250;1170.7930178430136;439.84756828436974;2177.822765
21300;1196.0164754522766;440.22562103457767;2184.484634
21350;1098.7932673003936;440.3747402222931;2190.262178
21400;1118.8300946914608;440.53130022395743;2195.994808
21450;1159.6393254295851;440.8799530702018;2202.429277
21500;1196.8151756043867;440.99610969790706;2208.073711
21550;1160.723262155684;440.9902422460178;2213.248227
21600;1165.6961772641089;440.7414426130978;2217.416429
21650;1133.584002093662;441.1012096080474;2223.926856
21700;1010.6498169581849;441.3834474550197;2230.297385
21750;1072.3511728470703;442.2170153509576;2238.649958
21800;1118.8643857889972;443.0069896889436;2246.871727
21850;1182.4925485207882;443.70709306553823;2254.890846
21900;1189.2372216994054;444.7106083806244;2264.122817
21950;1186.350637090585;445.408142056438;2272.135977
22000;1153.646399306918;446.02290829176127;2279.794507
22050;1155.13086788952;446.59569573679147;2287.411198
22100;1156.9062556694155;447.00306978518296;2294.199654
22150;1159.3594735024155;447.7846673168932;2302.60455
22200;1151.1961732100901;448.16449001070856;2309.350497
22250;1157.5105516795456;448.6182165316163;2316.381313
22300;1140.5343097653115;448.7525642960594;2322.189811
22350;1134.3502831726196;449.22634967718784;2329.397048
22400;1129.1355969488604;449.55631326515305;2335.934878
22450;1100.185620544294;449.9393150425774;2342.649993
22500;1146.574505746855;450.4152262524212;2349.807451
22550;1055.8077853571488;450.61655631895445;2355.813613
22600;1123.4544651195295;450.613184198832;2360.966949
22650;1186.3630449335187;450.8117771736983;2367.037386
22700;1130.379497036597;450.78088958055474;2372.117055
22750;1087.3993312162402;451.03604303321197;2378.377873
22800;1166.5251305063578;451.14450634231497;2384.047543
22850;1167.8023815007973;451.82236286327634;2392.076721
22900;1074.589712538976;451.80879424594656;2397.22132
22950;1154.2499806423643;452.0470459052935;2403.435794
23000;1123.5166829608904;452.31611796881305;2409.786278
23050;1114.9563520583056;452.74951341172306;2416.912369
23100;1039.9896151364944;453.0049206125858;2423.190608
23150;994.4623696321808;453.20581185057597;2429.249293
23200;1083.046636952051;453.6860631069403;2436.514302
23250;1145.7927285766325;454.32218531246457;2444.945787
23300;1164.342885169571;455.11672087512414;2453.867923
23350;1138.147538763305;455.6580001636555;2461.586743
23400;998.2486396413045;455.88763510587455;2467.782992
23450;1132.2592706393855;456.18694170064293;2474.211818
23500;1087.7280829139747;456.1585249214221;2479.357287
23550;1163.7440654105508;456.5635866659622;2486.27033
23600;1063.7048365492928;456.7111191635333;2492.213015
23650;1032.6356090226757;456.79655986757757;2497.772724
23700;1107.488307294437;457.0393587200113;2504.026599
23750;1084.5407071455961;457.0489678115943;2509.331896
23800;1125.321891167344;456.7822691367787;2513.39208
23850;1132.7453554763954;456.61818044921273;2517.841045
23900;1112.5897581984414;456.6647189399668;2523.222081
23950;1081.4343038610757;456.82193701730057;2529.13093
24000;1122.2533779302437;457.02583952013543;2535.301537
24050;1145.1969460739563;457.0547891934883;2540.618601
24100;1133.6068028945958;457.2299570543529;2546.581993
24150;1080.7931046526285;457.43947479581846;2552.761084
24200;1091.1986204720595;457.55200204988597;2558.424037
24250;1067.194749582538;457.5216433742937;2563.55618
24300;1079.4367741026517;457.5392771867311;2568.780951
24350;999.7998455246317;457.5230936808552;2573.93695
24400;1178.8669737872044;457.56199680422236;2579.307177
24450;1180.7748921520915;457.7662372692285;2585.566651
24500;1126.3449892577748;457.8856789539702;2591.425205
24550;1159.0507858147619;458.06855292675635;2597.534373
24600;1139.5036454741885;458.2265899524475;2603.597788
24650;1114.7143603356621;458.1382942648805;2608.478936
24700;1071.455118167605;458.25143931220333;2614.164052
24750;1156.992038465062;458.3470268181286;2619.753979
24800;878.3803239321247;458.3019176588703;2624.766067
24850;1196.4949769454743;458.32307755525403;2629.929239
24900;1134.2258508318316;458.5351299608636;2636.220642
24950;1196.6259549543865;458.5210341223769;2641.45
25000;1138.0423891293021;458.2679639423715;2645.617563
25000;1196.590596284608;458.2679639423715;2646.652071
