0;22.886917357050336;18.354997811739555;0.00533
50;70.92224546159176;45.92496655197029;0.570126
100;268.7112262937142;95.4325014203269;2.082166
150;420.91266522954743;127.17635201015716;4.288993
200;412.2331805767175;145.5578789976343;6.753033
250;847.6150798138306;165.40686378017355;9.618062
300;1198.8751545387436;284.48946264220274;18.833744
350;1199.6761773224148;377.28478989685;29.101214
400;1199.7893031354147;469.6970467702497;41.141572
450;1199.7728995374387;547.6798125098286;52.864691
500;1199.9188130841608;597.5992598852451;63.334113
550;1199.9439711810096;644.5922227075516;74.521106
600;1199.9437601312131;670.1804775427657;84.081478
650;1177.5656271453902;696.4620896334841;94.273863
700;1199.9526943177502;705.5042733412366;102.733093
750;1177.3204549541897;712.176714018042;111.084857
800;1177.0683055719091;724.4869507517043;120.350489
850;1199.9527264434876;727.9185385934921;128.517774
900;1177.586574321783;729.1619278068275;136.349841
950;1199.960031501099;730.2354908442865;144.206376
1000;1199.9523906005163;731.7936768755206;152.176868
1050;1177.5831090469228;741.240620948347;161.673036
1100;1177.049435824975;738.8598421558535;168.955937
1150;1199.9536409809773;740.0720918140495;176.923665
1200;1111.1547675665047;747.6750806011419;186.339972
1250;1199.8608203643353;758.7861904935486;196.566205
1300;1199.8961353801844;770.5004503619605;207.138534
1350;1199.9494374273456;776.920487675772;216.623886
1400;1199.9477446974215;778.6676452549375;225.205567
1450;1199.9533145285493;781.7142121906797;234.113407
1500;1199.9517380028853;781.3312517034637;242.13018
1550;1199.9559292329498;787.6868019652206;252.033439
1600;1199.9443228884836;784.9345946496745;259.459438
1650;1199.9403839633821;780.6861149302486;266.328696
1700;1199.9442459550626;778.4436403621147;273.790174
1750;1199.8146949658976;778.0711508821355;281.786342
1800;1199.810832356991;783.2924430920615;291.595359
1850;1178.173109456916;779.4768894073958;298.320822
1900;1199.8795875650414;776.6903455947653;305.340532
1950;1199.9295152881016;777.1072325616182;313.481523
2000;1199.9409367071146;781.4701978778068;323.098131
2050;1199.9403077996428;788.5338899738596;333.755048
2100;1199.9176191369033;789.9284417892188;342.354257
2150;1199.920066303129;785.0733782670941;348.699715
2200;1199.8918447487185;788.8132414661571;358.353476
2250;1199.7912924738257;791.4764685190979;367.66358
2300;1199.868142139246;796.2995914212387;377.744009
2350;1199.8713193088481;801.0748690804825;388.070855
2400;1199.859139455552;804.4791048629804;397.886645
2450;1199.8636204644251;805.2792827992942;406.649333
2500;1177.4145434510515;809.0528221713232;416.803526
2550;1199.894717080073;810.1132206502914;425.514087
2600;1199.8936761867135;811.0622661538289;434.378816
2650;1199.8892745970445;811.2347005175734;442.914441
2700;1179.5282054104305;811.3621140757909;451.420477
2750;1199.8357074113233;812.3520231616296;460.286108
2800;1199.885402927627;813.5858696099199;469.2068
2850;1199.9170453943937;816.8484154704936;479.319923
2900;1199.8970379646903;817.2860115798558;488.011005
2950;1199.9101672057166;817.283783420534;497.433262
3000;1177.0860440573958;817.4161066524358;506.167149
3050;1155.9410590530335;816.0704774567532;514.511904
3100;1156.222767609887;815.6601331377551;522.690278
3150;1154.0640982892694;815.7659832282675;531.18099
3200;1199.9391817643898;816.8861709974267;540.027853
3250;1177.298155044436;818.2839214651884;549.243812
3300;1199.9332902821996;820.856186218422;559.197467
3350;1177.367399460782;821.834797241601;568.215825
3400;1132.7650066236545;822.5505203259814;577.133144
3450;1199.603559739328;821.2970539207096;584.653171
3500;1199.873022823696;823.8781362094209;594.573962
3550;1199.9177295576148;826.0852580364503;604.423828
3600;1199.9350157027648;828.9767162146599;614.647806
3650;1176.6151652702167;830.8623957581902;624.393011
3700;1199.9400855352974;832.0573254798762;633.718331
3750;1176.6306647558092;831.3396528414592;641.75312
3800;1199.9150374492988;832.763181983986;651.117978
3850;1199.913316071595;833.4376021098028;660.13952
3900;1199.9147472456643;834.1906590599181;669.22268
3950;1199.917586957766;835.4450136311373;679.102524
4000;1199.9232395986303;834.4632237107902;687.059751
4050;1199.95008164704;835.9992611917758;696.765556
4100;1199.9477498611072;839.228113828753;707.594454
4150;1199.9500123653418;842.0371061614619;718.254139
4200;1153.8627702341669;843.8410190366949;728.205367
4250;1199.9444192451758;845.4339263348352;737.994603
4300;1199.943443710838;848.373922534333;748.89447
4350;1199.9569603349016;851.0390473665848;759.446111
4400;1199.9681622174346;853.1929186546313;769.666876
4450;1199.9685747591432;856.2578368207191;780.850809
4500;1199.9567339479856;858.8569829118073;791.528061
4550;1199.9620199626597;860.7701534613935;802.228367
4600;1199.9690043003059;863.8561241823631;813.628771
4650;1199.9549144479981;866.6036069342018;824.567469
4700;1199.9435417315406;867.9326133671954;834.509799
4750;1199.9742871101234;868.9777535398149;844.093568
4800;1199.9656615085148;870.2284807496925;854.010035
4850;1130.778609011013;871.3460378687106;864.265023
4900;1130.3097840794062;870.3390205796716;872.100404
4950;1108.2633900449082;869.640850110189;880.30153
5000;1060.9123599996383;869.0391679480962;888.543371
5050;1130.4760358916794;868.0064282348891;896.354151
5100;1015.9921493189077;865.9405697471518;903.347697
5150;996.7375286626256;863.4492624855011;909.655724
5200;1084.5894153716981;863.3658338435479;918.235596
5250;1130.4902564357526;863.6901938524209;927.298887
5300;1130.1486756050983;864.6298360579115;936.822515
5350;1199.9683296580472;865.8509693277243;946.60155
5400;1199.968181284168;867.6213055181829;957.184306
5450;1199.9630244781688;869.5710235140791;967.954336
5500;1199.9657428320772;871.2585215517056;978.520278
5550;1199.9631670675308;873.8115108253254;989.827127
5600;1176.666143188614;875.8352090655624;1000.830783
5650;1129.8820862391947;875.6803638412327;1009.588032
5700;1130.2405584784633;875.7442988081897;1018.561915
5750;1199.954407301981;877.8419220270279;1029.508709
5800;1199.9553887334896;879.9057738361578;1040.811182
5850;1199.9598621259572;880.8482825119485;1050.941114
5900;1176.6157421721996;882.316736434745;1061.532051
5950;1199.9218711508424;883.8117983543358;1072.030817
6000;990.3861621258267;883.5889423397664;1080.701899
6050;1199.9196508864015;882.8879267536951;1088.857119
6100;1199.931987321002;883.3840105147962;1098.294897
6150;1130.7719597940925;882.402769937957;1106.127464
6200;1177.017384469964;881.3116120721053;1113.72809
6250;1176.7791360695983;881.391732042067;1122.789284
6300;1176.7143356145891;881.7184838393831;1132.035283
6350;1199.9754250151773;881.8372417549642;1141.166075
6400;1153.2176781283158;881.1469298301282;1149.380538
6450;1199.933196806848;882.0718462253664;1159.452496
6500;1199.955242533414;882.4892139321976;1168.790842
6550;1199.9515079015482;882.7955756225035;1178.178479
6600;1199.953378823685;884.1000990633671;1188.561346
6650;1199.9505299626778;884.2912966419004;1197.851631
6700;1199.946677695057;885.5267345178795;1208.385994
6750;1199.957296132442;886.6529647727111;1218.596445
6800;1199.951953137806;887.2593605440414;1228.790584
6850;1199.958233941176;888.261039969622;1238.957038
6900;1199.9592382505332;889.9498258345193;1250.099394
6950;1199.9583726907085;891.447234703712;1261.079464
7000;1199.948077104038;892.060394045834;1270.985436
7050;1199.9633152777167;893.2036540533688;1281.536902
7100;1199.9427589647282;893.104596192762;1290.532459
7150;1061.244006489289;893.9490605563292;1300.76296
7200;991.4117313019647;893.0086921798829;1308.546694
7250;1199.1130011844875;891.8883046165874;1316.018268
7300;1083.7948727768985;892.0812023077837;1325.235902
7350;1177.0825048058061;891.0869101985519;1332.921171
7400;1199.9771896661084;890.0963579797741;1340.689204
7450;1199.9529748027596;888.8832330788547;1348.134749
7500;1153.5083061886821;889.1575425433286;1357.428469
7550;1199.9755658554668;888.4349520638236;1365.501695
7600;1199.976082315091;887.5471726733385;1373.36687
7650;1176.6691443950094;886.4710827955391;1380.965105
7700;1199.9732505506593;886.0255100741442;1389.364822
7750;1199.9728453424416;885.1052281696768;1397.140247
7800;1199.9211760096443;883.4652188517676;1404.284117
7850;1014.3044874585487;882.2363434141181;1411.477025
7900;1199.9560965628948;882.1934589046992;1420.227143
7950;1199.9561813490675;881.7532255910362;1428.573985
8000;1199.9511001049414;880.0379514681362;1435.132679
8050;1060.1495757526422;879.1640916450114;1442.851953
8100;1199.9678187483948;878.6545250833346;1450.860422
8150;1176.780708399102;877.9766202317408;1458.843343
8200;1199.8475681533323;877.4354116767735;1466.985019
8250;1199.9520546097858;877.9063889253154;1476.450156
8300;1199.9646613823102;877.1596431924738;1484.260307
8350;1199.961036019185;876.4785235683125;1492.192441
8400;1130.0174348742712;875.6898212758196;1499.928824
8450;1199.9684303182462;875.073934398602;1507.865916
8500;1199.9737712553676;874.486818754655;1515.889442
8550;1199.972663389201;873.5092428337131;1523.318438
8600;1199.8010411607306;872.841400465499;1531.206415
8650;1199.8932075189782;874.1651612870048;1542.159456
8700;1199.889926012474;874.9367076853961;1552.390402
8750;1199.8866336708836;875.6596910560106;1562.589085
8800;1176.9296975149125;875.4800332582342;1571.136246
8850;1132.4742494537577;875.2517479389022;1579.79411
8900;879.1391643347217;875.0667609319979;1588.853113
8950;1152.68594475874;873.4877399133699;1595.142473
9000;1084.5351945927682;873.5342642874167;1604.001774
9050;1153.384175116845;873.7919397664839;1613.105554
9100;805.3033170348327;872.8393280517028;1620.466419
9150;1129.8854307355357;871.2242494659878;1626.406648
9200;1199.95275006764;870.5675503350317;1634.02531
9250;1177.1889679870808;869.9349566808602;1641.828326
9300;945.307859328891;868.7560175923696;1648.584675
9350;1199.9319231032196;867.6218327223205;1655.317508
9400;1176.7554805049356;867.5970161552319;1663.992375
9450;1130.5747523076004;867.6155949346505;1672.846573
9500;1199.8416827487424;868.2773291737645;1683.064538
9550;1199.9317157881972;868.7858417434584;1692.800293
9600;1199.9528251749302;869.0839847931719;1702.336868
9650;1131.0376328207994;868.6359224533085;1710.524342
9700;1037.4640922652482;867.8415944210269;1717.892156
9750;1109.1681786633633;866.5443991301157;1724.417578
9800;1154.0046209331076;866.2115461286169;1732.508016
9850;1130.4606479802894;866.2190419827059;1741.208209
9900;1199.9189330054385;866.7302574581452;1750.948087
9950;1199.927190934205;867.6314823553968;1761.429238
10000;1199.9186715318908;869.0831407068238;1773.450876
10050;1199.919216221851;870.246478103919;1784.610994
10100;1199.9178425172383;871.488860377744;1796.477226
10150;1199.9121469441175;872.8267297629473;1808.023096
10200;1199.9166770607003;873.9777462201885;1819.264907
10250;1199.9174518403822;874.6921025015084;1830.321726
10300;1199.9155455946332;875.7928601946032;1841.718211
10350;1199.9366100762586;876.7641773329833;1852.504053
10400;1199.906450742081;877.2383282065642;1862.519451
10450;1199.913260585574;877.3993837625931;1872.020396
10500;1156.870048960276;877.0602367371114;1880.290312
10550;1110.3361706805715;876.6660065298056;1888.444953
10600;1086.937406472199;876.0439091111438;1896.251177
10650;851.0334742396263;874.5920593180359;1902.435252
10700;1176.7042659009678;875.419465155369;1912.843554
10750;1199.898393588554;876.240336956524;1923.376547
10800;1132.7016185822113;877.0169981017234;1934.053559
10850;1199.770380756488;878.0739351475951;1945.570859
10900;1199.897643389366;878.7032748644612;1955.878451
10950;1199.861502680167;879.0653193890817;1965.743583
11000;1199.9341447657314;879.5255578163619;1975.650807
11050;989.0604975014704;880.1069745103649;1985.976285
11100;686.6790341702706;878.8680395518469;1992.273535
11150;1199.9235139583384;879.9029312595467;2003.089104
11200;1199.925969290636;881.0457184228686;2014.418946
11250;1199.9413408503174;881.8484774466785;2025.215792
11300;1199.9369737542925;882.0283736511398;2034.74511
11350;1199.9351922006026;882.9123683483775;2045.567549
11400;1199.9500105222778;883.3040430219407;2055.544679
11450;1199.9508810166976;883.9799004048296;2066.127957
11500;1199.945194051949;884.6192701548132;2076.621339
11550;1199.9264906373835;885.210730345118;2087.054128
11600;1199.9455707152013;886.3060005075923;2098.422768
11650;1199.9491149017638;887.521253288855;2110.226787
11700;1199.9441279130817;888.4430221940341;2121.247131
11750;1199.9495989293553;889.373786582901;2132.834587
11800;1199.952533029751;890.1807209129535;2143.658686
11850;1176.6718557897686;890.4827850189889;2153.500689
11900;1060.2832600325494;890.7266690949318;2163.214659
11950;1176.508598385311;890.8375670567042;2172.374173
12000;1106.7031819979916;891.0222714058223;2181.969625
12050;1199.9274768608652;891.1281320124265;2191.36072
12100;1199.9309649765737;891.5935132260704;2201.651174
12150;1199.9277208121264;892.0974413568222;2212.049019
12200;1199.9223430057914;892.7647061649147;2222.834645
12250;1199.9122753821323;892.6220250041835;2231.680119
12300;1199.948164138335;893.0552521109286;2241.928088
12350;1199.941053518451;893.9031899372853;2253.101162
12400;1107.0022349959913;894.7545131936482;2264.296479
12450;1199.9447794980242;894.5686411544764;2273.062896
12500;1199.9247899598802;894.8415308364024;2282.806538
12550;1199.9328655460965;895.6400792800173;2293.934651
12600;1199.9374616320292;896.5153961825777;2305.126561
12650;896.3051000401226;896.3496965249872;2314.57367
12700;1084.7220271360507;896.1946319346166;2323.204483
12750;1106.8268120369335;896.2364898669223;2332.484638
12800;1106.5297584025789;896.2266398781617;2341.480226
12850;1199.8309760946722;895.8657719444552;2349.83538
12900;1037.9342851853019;895.7103202429638;2358.610402
12950;1177.0573636215468;896.3201721102582;2369.180483
13000;1199.9369342208465;896.601320439027;2379.094837
13050;1199.9151588692077;897.141004159525;2389.428129
13100;895.777258385666;897.248366972049;2398.715339
13150;1176.691336986344;896.9199650228969;2406.808667
13200;874.0100569905303;896.6708997101232;2415.296225
13250;850.6873648017969;895.8548860272231;2422.307369
13300;1199.901267323166;896.2564606515547;2432.253937
13350;1199.9079088296803;897.1486441290537;2443.762675
13400;1199.9065175708326;897.819735373887;2454.702861
13450;1199.9050826939406;898.7012134163723;2466.164191
13500;1199.907398140939;899.4295043842819;2477.134072
13550;1176.883660483726;900.2617048715675;2488.977538
13600;1199.9035193810848;900.8420406618013;2499.690954
13650;1176.6202842556274;901.3367508947031;2510.111325
13700;1013.093364817078;901.6897766475875;2520.100961
13750;1107.767801802361;901.622641830002;2528.882648
13800;1013.4031982912405;901.3611005538266;2537.451322
13850;1036.4771414990732;901.1014179415953;2545.997987
13900;926.4511181746152;900.5200306521907;2553.756668
13950;993.3572182789372;899.7848465181729;2560.829274
14000;1015.6240936529498;899.4407874137805;2569.09777
14050;1199.885998637711;899.2786977618757;2577.714502
14100;1199.8898516699512;899.9016404507328;2588.536085
14150;1199.8892311536;900.4485099301533;2599.373187
14200;1060.5857896369805;900.8236865568978;2609.734739
14250;1154.2001239734927;900.8794728607056;2618.935628
14300;1177.4835069690778;901.0147151723911;2628.568237
14350;1130.0097091197758;901.3661703312529;2638.68127
14400;1177.6769246789188;901.6818016353817;2648.623521
14450;1199.8859511001401;901.7642395846959;2657.999015
14500;1108.4590394663703;902.2175924814126;2668.37408
14550;1177.3635312135195;902.5497663410677;2678.487385
14600;1199.8999063746783;903.0528764063142;2689.141853
14650;1199.8819338422736;903.3101700917499;2699.044115
14700;1199.8815751838863;903.9617425417031;2710.122687
14750;1199.8816544727788;904.3504309945271;2720.348577
14800;1199.9433127086104;904.934961012462;2731.243469
14850;1199.9274172722157;905.6786346742228;2742.547882
14900;1199.9321580986614;906.3224440364467;2753.461066
14950;1106.645581755712;906.8337998606365;2764.175924
15000;1199.948166379842;907.4686257790274;2774.942721
15050;1199.9490630101259;908.3007447815206;2786.525479
15100;1199.9556313088467;909.1496338640495;2799.491354
15150;1176.70492036376;909.1981927437924;2809.654038
15200;1199.952892613585;909.7076415860308;2821.020751
15250;1199.9359514643963;910.3315045570946;2831.941837
15300;1199.932566279809;911.1346869280973;2843.553865
15350;1199.9231614138505;911.7928015927456;2854.563502
15400;1199.9178141884483;912.5611288929697;2866.037438
15450;1199.919075351863;913.259336397029;2877.380526
15500;1199.9501789081003;914.031626247629;2888.978664
15550;1199.9531316484818;914.9386839963751;2900.882652
15600;1199.9601249175291;915.7103572212646;2912.977343
15650;1199.9536294091681;916.5360778591695;2925.548845
15700;1199.9418506718744;916.9289923582468;2936.470535
15750;1199.9370108393157;917.5402775842758;2948.084825
15800;1199.9532716119545;918.2102537007303;2959.41016
15850;1199.9432499058614;918.8212019129707;2970.613346
15900;1199.9398380067819;919.4362895680963;2981.851086
15950;1084.6912434290273;919.5308423858933;2991.556304
16000;1199.94236632028;919.7273550346964;3001.289112
16050;1199.9345304801348;919.6959632826887;3010.650278
16100;1199.9408519531678;920.2251079936824;3021.619511
16150;1153.599505618504;920.6492239969429;3032.119804
16200;1130.732659160164;920.1118749053921;3039.987102
16250;1176.7094458828053;920.3772479721431;3049.965415
16300;1037.5603157576695;920.4177863616095;3059.528655
16350;1199.937555886051;920.8676916233911;3070.010325
16400;1199.9321489959702;921.5420762387776;3081.487847
16450;1199.9465218538448;922.0882755949674;3092.596443
16500;1199.956156956291;922.5305347382604;3103.226794
16550;1177.0003959617222;922.8989806095556;3113.629245
16600;1108.1329955936937;922.392557694163;3121.411845
16650;1199.9543520184388;922.3880324789303;3130.655523
16700;1176.9576428957685;922.188594988455;3139.514244
16750;1176.9120974092305;922.1491736971057;3148.828094
16800;1131.6142051434224;922.222238537014;3158.333214
16850;969.4460702193796;922.296431420024;3167.944839
16900;1153.6965448777871;922.0236229576993;3176.210068
16950;968.1007962462427;921.8404496171037;3184.895095
17000;1176.906790926303;921.7471061138791;3193.879699
17050;1176.9098916375399;921.9868604870409;3203.891327
17100;1060.611492400081;922.0757050029396;3213.636479
17150;1034.0165163712618;922.2662936369146;3223.579033
17200;1057.7010149266207;922.4255821502344;3233.373793
17250;1034.0166376843963;922.5167893683848;3242.804365
17300;1010.2514739254926;922.4229392968301;3251.885326
17350;1010.2767887552159;922.3472978396284;3260.95959
17400;986.6761526679556;922.4161769963464;3270.489183
17450;1010.4267926988573;922.4074003956498;3279.784873
17500;1010.2988560979809;922.6309975104634;3289.825261
17550;1128.7429248598328;922.6052659884165;3299.373366
17600;986.7347549821806;922.6978811690458;3309.582515
17650;1058.0125739706498;922.7971660776396;3319.010279
17700;1129.8126509730628;922.8869886054375;3328.710428
17750;1036.043490839826;922.6694440911991;3337.436088
17800;1153.3615281898603;922.3857731623734;3345.819181
17850;1176.7748140574693;922.1760114132028;3354.704923
17900;1153.1833557167454;922.3698631307728;3364.789883
17950;1130.0427503429494;922.498815620532;3374.709781
18000;1176.4359846757916;922.4629452634209;3384.090565
18050;1082.9753252679984;922.6717174024351;3394.085692
18100;1059.1927620388217;922.5828013795483;3403.02737
18150;991.0264199284918;922.1075236100218;3410.662676
18200;1082.899150675532;922.0720994839692;3419.845116
18250;893.729640893569;921.747317041459;3427.982739
18300;1199.8990426673288;921.7370843646398;3437.00143
18350;1176.9973188197619;921.8043943218358;3446.520417
18400;1130.1287857072869;921.4885997204093;3454.73653
18450;1176.7378978245706;921.7791399472786;3465.118023
18500;1199.9104210673304;922.2825644968458;3476.083394
18550;1199.905326567922;922.8674403543897;3487.481655
18600;1199.9093856966474;923.3807426560353;3498.540456
18650;1199.9158472423715;923.9597642393027;3509.971354
18700;1199.901526766137;924.6204718247325;3521.533119
18750;1199.9288471006394;925.1095004589711;3532.678852
18800;1199.9379500783643;925.7946347677099;3544.342565
18850;1199.9279943974136;926.4849405225243;3556.236226
18900;1199.944281329887;927.2012168857162;3568.178492
18950;1199.94119158876;927.9055317450265;3579.915608
19000;1199.9448736565807;928.5262302511788;3591.526333
19050;1199.9511651502053;929.243466687518;3603.50328
19100;1199.9446622338212;929.8618328002747;3615.164007
19150;1199.9387449238532;930.441936354442;3626.527725
19200;1199.9403933681133;931.1365871400748;3638.496884
19250;1199.9339847509236;931.825287954614;3650.3091
19300;1199.9449726941834;931.9624420894252;3660.200652
19350;1153.6447902591217;931.7578166789453;3669.040148
19400;1108.6393464765426;931.5106991839067;3677.68968
19450;1153.5141833724304;930.9945615615408;3685.389268
19500;1199.9447589558026;931.1981941839484;3695.43474
19550;1199.9458108725128;931.6941755388194;3706.585645
19600;1199.9408371543486;932.1858432775163;3717.874466
19650;1199.9385687569315;932.8423158884018;3729.739711
19700;1199.9420892638339;933.502033120518;3741.616945
19750;1199.9301270846765;934.1637312326029;3753.55544
19800;1199.9230429291244;934.7914259304423;3765.23432
19850;1199.943241650226;935.1003166719872;3775.920638
19900;1199.9697612949385;935.6769847711518;3787.439648
19950;1199.9669361008735;936.0862022237894;3798.509726
20000;1199.965716476271;936.5288534956915;3809.539256
20050;1199.9654964336983;937.0372826018648;3820.994382
20100;1199.9701687931476;937.4018238860203;3831.750395
20150;1199.9639952316422;937.5739736800313;3841.959472
20200;1199.9667692796752;937.7491398245647;3852.254165
20250;1176.6553785717485;937.8534315552807;3862.240742
20300;1176.6529422975034;937.9826611251721;3872.310474
20350;1176.5989040611373;937.8456233195774;3881.239058
20400;1199.9601559450975;938.1654362803771;3892.03922
20450;1199.956097180073;938.6001463183686;3903.306135
20500;1176.657731266099;938.7128545519448;3913.165971
20550;1199.9600027680856;938.9070373122339;3923.502796
20600;1199.9603644656868;938.7240249128407;3932.485599
20650;1199.9637607019622;938.7615667076133;3942.291132
20700;1199.9273990845836;939.1978150419429;3953.36029
20750;1199.9587068782118;939.7980073521379;3965.283234
20800;1199.9715661173727;940.0806663522795;3975.943605
20850;1199.9599248563622;940.3685098550674;3986.850177
20900;1176.8510197732198;940.5678978824881;3997.042978
20950;1153.6744942872815;940.4379574043115;4006.218241
21000;1153.44329687437;940.4851884746842;4015.99875
21050;1199.9675714219609;940.7761225656727;4026.540144
21100;1199.9659750339015;941.1128971673518;4037.462897
21150;900.116340071706;941.2487698830382;4047.66554
21200;1176.5634478935322;941.3395364360541;4057.215349
21250;1199.9565850120675;941.3738139832545;4066.993494
21300;1199.9597442583658;941.7964853182585;4078.084111
21350;1199.952886762675;942.0018343789684;4088.558359
21400;1176.874665883236;942.0357354636029;4098.230306
21450;1199.9653631634524;942.143535628673;4108.292822
21500;1199.965974150767;942.549982521984;4119.499641
21550;1130.2750385510674;942.7058004001252;4129.787357
21600;1153.435999676784;942.7631534854299;4139.618023
21650;1130.4208458261105;942.7168268991356;4149.089025
21700;1199.9609712163426;942.627531522358;4158.172202
21750;1176.4664205226636;942.5983815938599;4167.953964
21800;1199.9602310972296;942.6944616776875;4177.972726
21850;1199.9538491307276;942.9079287976712;4188.354047
21900;1153.4321887214785;943.1201027286846;4198.853465
21950;1176.7399547852635;943.1429306132236;4208.416974
22000;1176.9486173144826;942.9858141714408;4217.459963
22050;1199.9337958390313;942.9592488147536;4227.001271
22100;1199.9609390386715;943.5332360758669;4238.794539
22150;1199.9601277322386;944.060290605241;4250.623147
22200;1199.9637816991547;944.4283408264132;4261.626643
22250;1199.9646962961838;944.7724723561015;4272.716865
22300;1176.7002980674517;945.1402194809926;4283.736786
22350;1176.7908760786568;945.5960326991813;4295.25361
22400;1199.9627433135304;945.6916599150705;4305.351894
22450;1199.9697141913232;945.965494563598;4315.947928
22500;1199.971401067119;946.1940803429887;4326.647038
22550;1130.0637505334778;945.8755650656811;4334.912469
22600;921.3837252649973;945.7750139797128;4344.125771
22650;1083.8901311590512;945.6807675387996;4353.184937
22700;1199.8796913610336;945.654922065303;4362.643211
22750;1106.523073325725;945.9478429309423;4373.511325
22800;967.5440522097406;945.8194002693011;4382.405079
22850;1199.928167683166;946.0974714228371;4393.043806
22900;1199.919039471611;946.6401607108135;4405.027419
22950;1199.926217606726;947.1454395688053;4416.847477
23000;1153.6517658183209;947.5626982588149;4428.129991
23050;1153.3757821661252;947.9584795529368;4439.277718
23100;1106.7978468854394;948.3278552139363;4450.304603
23150;1106.9079210714954;948.3358766734545;4459.959538
23200;1083.730038585285;948.5430864243266;4470.326498
23250;1129.7434904511697;948.4767793266551;4479.662866
23300;1012.0625573144914;948.3916787096928;4488.950901
23350;1036.546435729975;948.4760814393281;4498.678135
23400;1199.8427774360136;948.7192995894512;4509.278979
23450;1199.9101282694955;949.1873928696737;4520.800691
23500;1199.9048104557214;949.7244673903601;4532.83592
23550;1199.9169300973833;950.1723065600934;4544.478889
23600;1199.9212370221633;950.6526042969903;4556.290385
23650;1199.9128973792365;951.0937545731554;4567.74928
23700;1176.7981221554087;951.5128385602154;4579.168692
23750;1176.6606168523278;951.9118459918653;4590.628028
23800;1176.7608023695775;952.1938044054338;4601.544804
23850;1019.1601890829895;952.4706018052834;4612.426803
23900;1199.9182778984261;952.5359594484627;4622.115065
23950;1153.9803982017738;952.7408293435292;4632.767218
24000;1199.9233140837453;953.0317942370448;4643.593068
24050;1199.8541713657676;953.3630907197;4654.80651
24100;1105.87918160515;953.4302710269973;4664.707985
24150;1199.9652610686906;953.633668584495;4675.279518
24200;1199.9567232592722;954.0554307889398;4686.748599
24250;1199.962604746399;954.522948535636;4698.564662
24300;1176.7326872526712;954.88985212763;4709.981046
24350;1177.109991648773;955.108051224729;4721.401714
24400;1199.966864976264;955.3023693819481;4732.082751
24450;1199.9706415335602;955.6417768231896;4743.263868
24500;1199.966098565729;956.0168410140036;4754.799914
24550;1199.9598996377554;956.3358254351282;4765.671151
24600;1199.965799731459;956.805926263615;4777.146074
24650;1199.9639357420317;957.209638305846;4788.505739
24700;1199.9583543611902;957.6579894506746;4800.076748
24750;1199.9548773158194;958.0133648405595;4811.249951
24800;1199.956850931244;958.3468115662449;4822.16615
24850;1176.6474288217134;958.6191554439137;4833.070762
24900;1199.9497772121356;958.9642510852002;4844.314371
24950;1199.9601632074261;959.3438460699691;4855.556993
25000;1199.9630360428691;959.7776997695923;4866.98381
25000;1199.9567094434794;959.7776997695923;4868.039834
