0;-0.20235125866107087;-0.7748460576906894;0.421374
50;-0.20155533960065605;-46.105542385021394;24.126438
100;-0.26316516314069316;-62.542338726880836;47.210092
150;-0.19188522562655017;-250.9558440712198;71.016361
200;-81.99260349280985;-345.6061179090381;94.858636
250;-194.6299121884901;-415.4904053187887;119.532164
300;-369.98407570931477;-507.4330586392884;142.817771
350;-0.1074792068597335;-692.6885019862423;165.162408
400;-0.19936033516478371;-650.7416858798044;186.899062
450;-0.0478153197606126;-585.8064461385763;208.957432
500;-70.71962620576234;-548.7241235178334;230.642421
550;-0.37292471448373116;-503.2651045246692;252.264081
600;-0.16324020007726833;-477.24575893090554;274.678818
650;-0.13266195862339453;-451.05085502982064;296.500319
700;-0.35001210823101914;-422.86709731985513;318.213382
750;-0.333126629282596;-397.8685883673014;340.273931
800;-0.08907067111202167;-373.7660514882699;362.028013
850;-0.36214509470004086;-353.252562265234;384.773346
900;-0.5707038362309833;-335.2762150146828;406.480463
950;-83.33204625119471;-321.42607509613407;428.692295
1000;-360.25761022681377;-314.6478135237457;451.214846
1050;-0.8799077954103545;-303.1334006970195;472.89372
1100;-0.9968420111298535;-289.2906266540214;494.886414
1150;-0.5263326001578439;-279.0471321035299;516.530887
1200;-1.614731664988804;-271.5346077994353;538.582694
1250;-0.8331777533783656;-284.74321978800447;560.28129
1300;-2.7768835193204264;-280.6036924629708;582.359716
1350;-1.4965608357637175;-270.3217830748616;604.370291
1400;-2.8316309105274997;-260.98279684884346;626.406916
1450;-1.810641493797116;-252.10122675527091;648.570575
1500;-0.6252887347800414;-243.84442142473887;670.214424
1550;-0.768806027952064;-235.97320870808997;692.279436
1600;-0.9018738599269969;-228.70142829590316;713.972255
1650;-0.5430686380260186;-221.85984109843946;735.68404
1700;-0.3517367319868007;-215.29107458491566;757.807569
1750;-0.6550430509616563;-209.10292304180928;779.902615
1800;-0.2806789056680158;-214.25826423232715;801.583697
1850;-0.3808715170055004;-208.56249791883587;824.100539
1900;-0.35053225101103236;-203.04411251083675;846.264997
1950;-0.31667715589705925;-197.91318658671344;869.664101
2000;-0.5076383898130729;-193.7350018301685;892.159797
2050;-0.12251201712603266;-190.29118864340742;915.067985
2100;-0.9046220945777033;-186.40239860624595;937.166977
2150;-0.2684320740191669;-182.31181413951504;959.226868
2200;-0.23413365489189134;-179.27185357417366;981.300999
2250;-0.21370038830598342;-175.30083811952508;1003.762051
2300;-11.338147712315253;-172.0769130073265;1025.884767
2350;-8.24101546671782;-170.0765423585993;1048.4725
2400;-34.93902875545123;-168.20027266015632;1070.592823
2450;-135.40686391704506;-167.1235852529939;1093.260585
2500;-302.00152154186065;-167.72003825438915;1115.604437
2550;-314.4801952030191;-168.76758898999978;1138.432113
2600;-0.24384272178630922;-172.8838147729443;1161.197194
2650;-0.25805512289580335;-171.03723596063807;1184.352122
2700;-0.3819783526378189;-168.02758787333036;1206.984846
2750;-0.39890049095888874;-165.19411905225238;1229.156682
2800;-0.42288134620206563;-162.91227209933308;1251.241568
2850;-0.2487557837453751;-160.24840018554602;1273.083569
2900;-0.5324252004191952;-159.14800060681233;1295.836461
2950;-0.4879770787756913;-157.53149645107726;1317.91614
3000;-0.5105464186427013;-155.0360208694077;1339.911138
3050;-0.1965716633653116;-152.78581012701693;1363.166612
3100;-1.419605803246663;-151.75851252444235;1384.926377
3150;-0.2511613205924668;-149.85862527128384;1407.059632
3200;-142.7037970217849;-149.36572625394223;1429.334959
3250;-130.25285583625376;-149.08930471577568;1451.034834
3300;-84.81822993069946;-150.68002524631714;1473.568029
3350;-0.3043763928269583;-150.77004084593733;1495.94601
3400;-0.3582540679535869;-150.77277716896356;1518.130889
3450;-0.2889867212686458;-150.23250220140932;1540.192237
3500;-0.5997951099485693;-148.119041356826;1561.820109
3550;-0.297389529491428;-146.06440559111715;1583.484265
3600;-0.4305544890530782;-144.0671309424913;1605.387115
3650;-0.45633092274892995;-142.08876065786987;1627.46812
3700;-0.4351408876258078;-140.15910082920834;1649.489408
3750;-0.44379286020277375;-138.62324826419496;1671.535274
3800;-0.6057078757829238;-136.83098190128933;1693.11279
3850;-0.25940174687498;-135.0495528703939;1715.090508
3900;-0.20739867765357012;-133.30950397348528;1737.104719
3950;-0.20770680612536627;-131.64683462918975;1758.795451
4000;-0.3087366966087713;-129.99305875638368;1780.853626
4050;-0.15312656797738247;-128.41297746745295;1802.546437
4100;-2.624779817368897;-126.85384536449874;1824.628151
4150;-0.2991725225599131;-126.3356342224204;1846.65977
4200;-256.3150956156738;-126.6880307034876;1868.292449
4250;-0.5180940043355343;-128.1864060879284;1890.358931
4300;-437.6425845659809;-128.2164067326297;1913.23203
4350;-0.21231359455813664;-130.05479209101375;1935.158694
4400;-127.96663388290122;-131.00909280199335;1957.223966
4450;-712.6193942890022;-134.36744904216224;1978.893171
4500;-0.23553764530118507;-134.241792494753;2000.950492
4550;-0.2853051379433998;-132.75829270140656;2022.970851
4600;-0.2304418630469086;-131.3346988963147;2044.65115
4650;-0.25490698461548666;-129.9135014498637;2066.690852
4700;-0.11888508740280095;-128.7605813240009;2088.746165
4750;-0.2460186875440239;-127.58827444783184;2110.757618
4800;-0.20585592222777177;-134.4444128996988;2132.828509
4850;-0.21395188221879477;-142.44850539230782;2156.19623
4900;-0.09706306383048688;-260.07973066708576;2179.404905
4950;-0.16711436907340832;-300.48853004233547;2202.623539
5000;-0.3241306639300713;-306.4553574395328;2227.006683
5050;-0.2939551914083596;-323.31490373691855;2250.744144
5100;-0.3079011598604903;-323.1523206219903;2274.205558
5150;-0.1464527080973839;-319.99282021827213;2297.54232
5200;-0.4818654197451935;-316.8948602011761;2320.830127
5250;-0.25456708471922596;-313.91506962303254;2343.211735
5300;12.626091876620325;-312.07823266102633;2367.376525
5350;15.7051103763689;-311.6130345586363;2391.068068
5400;14.963103473475531;-313.121127923353;2414.651891
5450;15.721436024073187;-313.1498124108688;2438.082076
5500;15.045944702191257;-314.1249108517128;2461.210749
5550;15.65506494360398;-314.2414315673541;2484.302203
5600;15.089953195257872;-315.26853602640836;2507.310467
5650;15.287034517703;-318.31307974805856;2530.871263
5700;15.222322224767693;-322.2876018902815;2554.190216
5750;28.720041085837675;-326.6765065085911;2577.132753
5800;-0.9720837856310425;-331.27574207887415;2600.476896
5850;28.734365387298734;-334.3273356161323;2623.515513
5900;28.628967794719234;-339.33850407516286;2646.931413
5950;28.977928577436195;-344.29094323957565;2670.273354
6000;-0.32079850394755755;-343.61757059779825;2692.721978
6050;-0.35356304975438313;-340.7596148802418;2714.70399
6100;-0.20597499247421897;-337.9492890020544;2736.708161
6150;-0.46027662039721084;-335.18473078827816;2758.729572
6200;-0.23488403665949903;-334.01633535355506;2780.399864
6250;-0.4210980122654584;-333.6251116742294;2802.510605
6300;-0.2505255762224872;-331.0129676868057;2824.172887
6350;-0.34478442733030046;-328.44129352292185;2845.792468
6400;-0.41084586850990085;-325.8596182001088;2867.812312
6450;-0.3251538851019584;-325.2305562842363;2889.443574
6500;-0.26330875470018816;-322.71312171515405;2911.48046
6550;-0.2793732287085708;-322.09947319527305;2933.185212
6600;-0.1446686947954542;-320.0128252139649;2955.249055
6650;-0.1788310889565861;-319.3748183231605;2976.913665
6700;-0.09339715729999057;-316.97601122146085;2998.885668
6750;-0.10645221052136992;-319.5023335150135;3020.587667
6800;-0.20502720410521147;-319.5218384010711;3042.792904
6850;-0.260969955501066;-322.02367688918815;3066.437246
6900;-0.26289461344508736;-319.92019832019093;3088.083111
6950;-0.17531148088115955;-322.4651206891888;3110.249697
7000;-0.3058167912764174;-320.3595388132719;3131.864218
7050;-0.2679745927466127;-333.06091939422606;3154.447741
7100;-0.2400461548058269;-337.73356861095647;3178.132465
7150;-0.30303924238831637;-335.35671569349364;3202.802857
7200;-0.37439230768650306;-349.9425851213741;3225.943025
7250;-0.46109713201279556;-350.99531990703497;3250.445503
7300;-0.30184728911301173;-352.3933010454853;3275.655045
7350;-0.21337639664287175;-349.9804726802078;3300.276055
7400;-0.4004329001074612;-347.6004299998889;3324.363583
7450;-0.213039850510935;-345.7892895932383;3348.199219
7500;-0.3486219256289848;-343.51742105160855;3371.826078
7550;-0.2515708605748189;-341.3201200582846;3394.802609
7600;-0.11371469874887725;-346.0866279427565;3417.882521
7650;-0.3309650983127539;-349.54109732573824;3440.482246
7700;-0.09610129314625045;-347.30013474716003;3463.075538
7750;-0.39517623595770585;-345.04428543065086;3486.261626
7800;-0.20343927676708412;-343.04576255615666;3508.946085
7850;-0.3895837601009835;-340.8573433033551;3533.220642
7900;-0.0478077952015853;-338.85384415477495;3555.978102
7950;-0.16498813887630004;-336.7504131125036;3579.050555
8000;-0.04979369324922003;-334.6588904381923;3602.448478
8050;-0.38630036604890094;-332.76944355457147;3625.39552
8100;-0.41706313039814397;-334.519069340964;3648.337985
8150;2.7267648827066857;-335.8802179320528;3670.791521
8200;2.869188080606354;-335.6751445323345;3693.251697
8250;5.844005294048613;-334.3763997701514;3715.885938
8300;2.221491322428111;-333.3057923688015;3738.779397
8350;6.558320282010885;-333.08506472663953;3762.527873
8400;8.108137321296745;-331.3211424406553;3785.691915
8450;9.597683691423297;-329.5213251884838;3808.445002
8500;9.912922120605204;-330.3826157702172;3831.402867
8550;88.48428528735926;-328.6264779705401;3854.252033
8600;94.28146059085428;-326.7751666732877;3876.60878
8650;104.83174485988971;-325.06469558836983;3898.974773
8700;117.508682805949;-323.25254773806626;3920.928042
8750;143.9504541045565;-321.53549735549876;3944.250885
8800;144.65442540323937;-319.81368330817014;3967.664854
8850;144.34320150258722;-318.28798080439094;3990.014456
8900;144.4255767898103;-321.34729054414436;4012.821353
8950;144.3252280585949;-325.2388460242743;4035.747292
9000;144.29041045584228;-323.33125201836486;4058.587846
9050;144.37410132255584;-321.6499492451407;4081.240652
9100;144.23000288663115;-319.8799610250726;4103.349434
9150;144.3473247513528;-323.27925438768324;4125.668064
9200;144.46122107955927;-329.2578900774201;4147.831806
9250;144.43049019889457;-335.4234535333762;4169.944771
9300;144.46772487348747;-335.2195404384571;4192.031648
9350;144.0830612261004;-333.67512634290125;4214.112336
9400;144.42390640204542;-332.02588281409953;4238.300266
9450;162.0148883308373;-330.4657281771786;4260.114314
9500;182.28408789601954;-328.8609445215987;4282.518551
9550;182.7430535474822;-330.80998393091204;4305.089859
9600;182.21642500026755;-329.29059049357136;4328.225967
9650;182.54850206495658;-327.7719756841371;4351.629052
9700;183.1171375500123;-326.2895905074435;4374.181016
9750;182.71678146744097;-329.2228871201542;4397.119068
9800;182.5363064797814;-328.4477092795789;4420.064638
9850;182.43826770998385;-339.06173348398795;4442.834878
9900;182.76367236098523;-337.61772057203854;4465.95888
9950;182.54004091473797;-343.00990863808045;4488.728459
10000;182.1453962990742;-341.41208196666196;4511.761885
10050;182.25291926755915;-339.9016153523382;4534.818241
10100;182.6161776306191;-342.24696597750426;4557.867151
10150;182.53901379413313;-340.9457975182782;4580.507963
10200;182.39215190859989;-339.5317964210862;4603.584888
10250;182.58262834120768;-339.80636108489716;4626.429693
10300;182.42223046863802;-342.4579770080487;4648.703294
10350;182.39535850725392;-342.1783719473229;4670.722514
10400;182.6467187592654;-341.1095191682433;4692.893156
10450;182.57554006932142;-340.46759043171295;4715.093858
10500;182.63968499173785;-339.7283978166025;4737.418689
10550;182.67831526121788;-345.0794562712481;4759.871608
10600;182.39986875838852;-344.05114287051106;4781.950389
10650;182.45045447572716;-345.1516765105767;4805.033979
10700;182.7548992785004;-346.7430162632368;4827.481048
10750;182.40961371871379;-348.9499619425897;4849.641321
10800;182.76949030275796;-348.87895917314074;4871.813873
10850;182.09406621187995;-351.0713599698905;4894.465388
10900;182.21811550866906;-349.7028866204899;4916.579335
10950;182.47973254457247;-348.97337867673474;4938.78758
11000;182.1823591412001;-347.6274455373279;4960.791563
11050;182.5671491517836;-346.56836500055033;4982.974901
11100;182.3588082643165;-345.1286617394365;5004.933627
11150;182.3019054816822;-343.9601120521783;5026.97488
11200;181.8378302203595;-342.74904590585453;5048.989534
11250;182.3894063811428;-341.33217889904176;5071.077406
11300;182.69484191871743;-339.87818790508317;5094.067103
11350;181.9925253474616;-338.71363336315727;5116.173367
11400;202.16334328671167;-337.2163970546234;5137.897835
11450;202.2536709380671;-335.80905428245893;5159.96656
11500;202.34393845228453;-335.5761546059977;5182.142662
11550;202.45358273075016;-334.4754094303487;5204.213266
11600;202.28875021111335;-333.2553097763772;5226.198142
11650;202.2577297935841;-331.9080276453321;5248.292522
11700;202.31457233418107;-330.68234313769557;5270.31324
11750;202.25379452169125;-329.3262017591075;5292.403936
11800;202.3821523536748;-328.36067524693135;5314.497692
11850;202.53539548185364;-327.465668824481;5336.548284
11900;202.30526668976995;-326.46922054150843;5358.633367
11950;202.5653694742551;-328.5696602011182;5380.683817
12000;202.2110881748626;-327.22064148886335;5402.813845
12050;202.62918011305712;-326.12415579301313;5424.852707
12100;202.43339438029943;-324.92757543245284;5446.889977
12150;202.3365503507318;-323.67603939706896;5468.99239
12200;202.05409290094602;-322.50717934100817;5491.036899
12250;202.3925681715347;-321.29458785693015;5513.099751
12300;202.60881954900617;-320.22476031620283;5535.168565
12350;202.57083207896932;-319.81726773545296;5557.308658
12400;202.39644768480858;-319.8957258766685;5579.413001
12450;202.31270482370059;-318.84338475126054;5601.43394
12500;202.09666751221457;-317.6746020676937;5623.485261
12550;202.27433377000725;-317.6315414816762;5645.492825
12600;202.53454499859538;-316.70070446486653;5667.58557
12650;202.58209526444455;-316.9967195240707;5689.670324
12700;202.25470220122895;-315.84188394723225;5711.719726
12750;202.23945894687805;-314.7641830027493;5733.751068
12800;202.58039307289476;-317.3058265251633;5755.734914
12850;202.35644901414503;-316.21015828222636;5777.793626
12900;201.73258837296208;-315.18495465271883;5799.84175
12950;202.06945677710644;-314.3592634529064;5821.931828
13000;202.46667031110582;-313.4056954996156;5844.049525
13050;202.34571435051726;-312.88681242579344;5866.036994
13100;202.43489174637008;-311.88457687397727;5888.11116
13150;202.28091527788635;-310.7994528105934;5910.203863
13200;201.9364615438957;-310.01600588496495;5932.257543
13250;202.26166505295194;-309.0389597172491;5954.278846
13300;202.55350176115024;-307.9729513031234;5976.287013
13350;202.2430239526451;-306.8541367469339;5998.342682
13400;202.69438254730147;-306.36470466626633;6020.337776
13450;202.06290939579424;-305.3106818267011;6042.331098
13500;202.43242721020474;-304.30186919437614;6064.328163
13550;202.47715626272057;-303.4343609635693;6086.39791
13600;202.52300933762;-302.38757473667766;6108.424688
13650;202.11948476475655;-302.06563639859775;6130.509023
13700;202.41916952060035;-302.98027899958583;6152.658898
13750;202.44217571943074;-302.0124414971624;6174.703211
13800;202.32201104313003;-301.13876413003254;6196.320733
13850;202.59504846753177;-300.1367005607888;6218.355856
13900;202.49013853985173;-299.566122105195;6240.490715
13950;202.25599100743625;-298.61947227829535;6262.529605
14000;202.23855922655233;-299.5907569074261;6284.595267
14050;202.30488465850198;-298.6533551788135;6306.688277
14100;202.24764605478785;-297.75948533299396;6328.717642
14150;202.31980661223216;-300.17664856860574;6350.747353
14200;202.5445054074763;-299.1843043012533;6372.83703
14250;202.41610800757812;-298.2165624663646;6394.85939
14300;202.92954412166245;-297.9119509047181;6417.019546
14350;201.98702614655903;-297.04051136875154;6439.077331
14400;202.38599363909998;-296.2115801495096;6461.103006
14450;201.8861761929311;-295.29259640811694;6483.168072
14500;202.23545283122806;-296.0702741414072;6505.295042
14550;202.237528084393;-295.1370911516296;6527.318404
14600;202.7478590434326;-294.3338676883111;6549.307782
14650;202.5590528175063;-294.6032500335843;6571.338039
14700;202.30483263256372;-293.6789317554764;6593.379143
14750;202.2721248763607;-293.3586172884095;6615.504476
14800;202.4847784301618;-294.75265112831204;6637.602927
14850;202.82456561257644;-293.88010605436455;6659.63805
14900;202.23681219647153;-293.28907841473585;6681.732076
14950;202.36295408585457;-292.4621323774226;6703.765321
15000;202.22856993676626;-291.6643878699118;6725.821515
15050;202.12864815089696;-291.4832999640414;6747.879136
15100;202.43331354241045;-291.96132654296036;6769.937261
15150;202.3332718896914;-291.1537857880733;6791.932331
15200;202.46937491023354;-290.36306604570444;6813.971136
15250;202.35866239753838;-289.4696610638001;6836.036607
15300;202.38173618788144;-288.62267847932145;6858.084353
15350;202.75627047507115;-289.6425159429405;6880.152359
15400;202.38454250212934;-288.89513048905155;6902.221874
15450;202.6597227382038;-288.255395700998;6924.289253
15500;202.11858820645114;-287.61542855677163;6946.340795
15550;202.23045539757564;-286.75391459645016;6968.343278
15600;202.64129226711427;-286.08659657912983;6990.371567
15650;202.18413403464876;-286.91363916260946;7012.405992
15700;201.93345599872748;-286.11909049351635;7034.452318
15750;202.661087548727;-285.4188633891036;7056.509469
15800;202.3978162375101;-284.69151514642357;7078.50521
15850;202.43800300858905;-283.90169451328546;7100.558797
15900;202.14453683843965;-283.18996261348394;7122.678229
15950;202.1049344398003;-282.355002235154;7144.742422
16000;202.2784730230404;-281.58149020069726;7166.798991
16050;202.54470328350436;-280.87901389330784;7188.809475
16100;202.42630186530732;-280.1088844097872;7210.839764
16150;202.18540826516102;-279.3439477307726;7232.859647
16200;202.12862279733366;-278.60188255168634;7254.88564
16250;202.4649792855279;-277.83641278124725;7276.935483
16300;202.16222772815772;-277.03005084482135;7299.002408
16350;202.31217535612566;-276.35284723392044;7320.693654
16400;202.7726147360492;-275.60583253349705;7342.723573
16450;202.2757248809965;-275.135183008188;7364.874447
16500;202.3733772679376;-274.44339741109263;7386.934612
16550;202.0663839082074;-273.67311779809984;7409.00165
16600;202.733714254023;-272.9512785601333;7431.025251
16650;202.42444094933816;-272.26592869747276;7453.128862
16700;202.3342411735961;-271.54670564105265;7475.157391
16750;202.75925360072688;-270.8204037399274;7498.661281
16800;202.57050637681695;-270.13585411871276;7522.041675
16850;202.03186178119165;-269.43743665603193;7544.234206
16900;202.0891274117461;-268.78838611794066;7566.393645
16950;201.88450905037226;-268.09747351784927;7588.536013
17000;201.98772865995886;-267.47433653320314;7610.697906
17050;202.3561841468046;-267.03195668895205;7632.907963
17100;202.4252392701403;-266.32321767031743;7655.125802
17150;202.350484489962;-265.6685482491862;7677.334938
17200;202.24596216661834;-265.05148990513584;7699.88873
17250;202.37068051210252;-264.8626220708869;7722.053014
17300;202.40763472483647;-264.2147788168005;7744.179644
17350;202.7006998218919;-263.56754984044403;7766.272675
17400;202.1304923491217;-262.9296172338529;7788.400176
17450;202.51171746702963;-262.35318417205724;7810.662219
17500;202.11850016652977;-261.77802791653386;7832.838639
17550;202.130223546622;-261.2534252884476;7854.982617
17600;202.23058932743285;-260.62580231507917;7877.525989
17650;202.3785099820813;-260.10835207278615;7899.69189
17700;202.43196130692922;-259.4242812412444;7921.8799
17750;202.17086569415164;-258.80453296977686;7943.994037
17800;202.2998327748284;-258.1683651232585;7966.150107
17850;202.01521412126777;-257.57579554448415;7988.381623
17900;202.20934039232338;-256.93938743548824;8010.56989
17950;202.50159635355166;-256.3043676552859;8032.670488
18000;202.43477237514074;-255.99809667408778;8055.220166
18050;201.94100507304069;-255.34755182113662;8077.411445
18100;202.2876196658766;-254.74535729166382;8099.608255
18150;202.36430082861253;-254.17547012604746;8121.756204
18200;202.2267478042748;-253.85058589209737;8143.95343
18250;202.50045682030574;-253.35967379298646;8166.107948
18300;204.9004340469657;-252.7717778504331;8187.907613
18350;205.65836661384415;-254.11288705760563;8210.133492
18400;204.54709482966672;-253.51936992703753;8232.540291
18450;204.94528555450407;-253.019365960222;8254.682834
18500;204.7270006370596;-252.40841229421093;8276.825345
18550;205.32516817551442;-252.00141076818866;8299.106205
18600;205.095678548234;-251.42170477398943;8321.260052
18650;205.07257780826092;-250.90907744134134;8343.492015
18700;205.62081389764666;-250.5148163870138;8365.684624
18750;205.1868927183162;-250.44304014725196;8387.842596
18800;205.0476748432457;-249.867391561469;8410.390691
18850;205.35651817498604;-249.30331176137753;8432.57084
18900;205.230773767986;-248.72051752241813;8454.72976
18950;205.27828273317627;-248.18417687408188;8476.85284
19000;205.2778422213707;-247.67084961653478;8499.030968
19050;204.95092714557893;-247.14215736714326;8521.200791
19100;205.37073202565716;-246.63896905966692;8543.359962
19150;205.38938676123863;-246.10843860854013;8565.515878
19200;205.08812591105627;-245.56118932513237;8587.928549
19250;205.12617553061236;-245.20214524279805;8610.199333
19300;205.23726960161778;-244.65794652328321;8632.454056
19350;204.82385013071544;-244.10377108835766;8654.617667
19400;205.0327266174593;-243.81106708462556;8676.79519
19450;205.62491603899358;-243.36775354560763;8698.484583
19500;205.10447768965543;-242.8525076026395;8720.25231
19550;204.92237598616626;-242.31116198934296;8741.920922
19600;205.23276707746564;-241.82827234821886;8763.541059
19650;204.93444799641895;-242.0638631339081;8785.52465
19700;205.38718677118024;-241.60784630756095;8807.27612
19750;205.5821568997775;-242.797926993895;8828.840546
19800;204.92658949974705;-242.26590020546664;8850.374833
19850;204.96723043532504;-241.75493676065193;8871.962267
19900;205.2329619215561;-241.26163242970912;8893.506728
19950;205.48196494762536;-240.9785969303408;8915.082857
20000;204.87958233481734;-240.85019788510635;8936.578445
20000;205.0012517306326;-240.85019788510635;8938.500313
