[0.05265146]
[0.11931199]
[0.21759758]
[0.24300703]
[0.17261502]
[0.00293088]
[-0.17272226]
[-0.24164062]
[-0.25558785]
[-1.4282526]
[-2.937599]
[-2.87274082]
[-1.76833597]
[-1.63093435]
[-1.78368872]
[-1.32969914]
[0.21763717]
[1.97723532]
[2.15466773]
[1.95127019]
[2.6188425]
[4.84414226]
[7.21131157]
[8.08577944]
[8.52795658]
[10.0490739]
[13.02327857]
[16.06544053]
[16.875112]
[17.19347896]
[18.6569876]
[21.59291621]
[24.38203079]
[25.35459872]
[25.84883107]
[27.14592867]
[30.12980813]
[33.40161911]
[34.81735429]
[35.59331308]
[37.6292886]
[41.18478636]
[44.58871616]
[45.77944745]
[46.39187027]
[48.06515652]
[51.39693539]
[54.60378666]
[55.86121536]
[56.63620683]
[58.34671798]
[61.74633612]
[65.31724949]
[66.99794722]
[68.13641928]
[70.46676775]
[74.32692998]
[78.20547792]
[79.98711355]
[81.15409521]
[83.52726814]
[87.52932369]
[91.59989258]
[93.59215778]
[94.95218175]
[97.55475285]
[101.72737798]
[105.98196017]
[108.13806944]
[109.6566486]
[112.43866334]
[116.79726225]
[121.10046624]
[123.17121756]
[124.54578688]
[127.19782108]
[131.45474761]
[136.09981361]
[138.6056029]
[140.40067501]
[143.57431503]
[148.31281045]
[152.6606908]
[154.78087526]
[156.23328482]
[158.73865198]
[163.10597044]
[167.04661239]
[168.91629655]
[170.1236897]
[172.31852495]
[176.25213271]
[180.52805558]
[182.74745851]
[184.3031117]
[187.15501647]
[191.55862689]
[195.56821588]
[197.49924826]
[198.77088012]
[201.1952483]
[205.34054016]
[209.31017697]
[211.32227322]
[212.60212767]
[214.98679777]
[219.02831936]
[223.28821075]
[225.36282397]
[226.74872677]
[229.33329414]
[233.56837321]
[237.88979312]
[240.10875547]
[241.66578324]
[244.47262595]
[248.86748507]
[253.26441829]
[255.46321347]
[256.98353615]
[259.70140995]
[264.09182028]
[268.57035076]
[270.90590988]
[272.58303093]
[275.40125745]
[279.89610545]
[284.32565992]
[286.42505213]
[287.80313324]
[290.33636147]
[294.5940976]
[299.1475612]
[301.5220979]
[303.19752351]
[306.12111067]
[310.64813287]
[315.30119086]
[317.8987673]
[319.778292]
[322.92331182]
[327.52945537]
[331.6908528]
[333.62768981]
[334.96708295]
[337.32342131]
[341.4903391]
[345.68690214]
[347.70006338]
[349.01495434]
[351.45048352]
[355.56340158]
[359.93472058]
[362.25495538]
[363.90044692]
[366.74869442]
[371.19191794]
[375.65181924]
[377.86429218]
[379.3955992]
[382.13750307]
[386.55876243]
[390.79334712]
[392.9963142]
[394.44887497]
[397.06602894]
[401.33381183]
[405.58957084]
[407.74203712]
[409.20258838]
[411.84615739]
[416.11816681]
[420.64118596]
[422.95802306]
[424.58906416]
[427.45534879]
[431.95785171]
[436.51778263]
[438.89259601]
[440.57656196]
[443.53246642]
[448.08959623]
[452.61771946]
[454.9934988]
[456.66604666]
[459.56744677]
[464.09815901]
[468.87696619]
[471.29830214]
[472.98799654]
[475.91466846]
[480.57306446]
[485.2001217]
[487.50190252]
[489.04067906]
[491.7260657]
[496.14000492]
[500.86806503]
[503.4664461]
[505.38443005]
[508.57298886]
[513.35991886]
[517.81987267]
[520.08833432]
[521.74781527]
[524.53484639]
[528.92463002]
[532.89008038]
[534.50243761]
[535.57079636]
[537.30944481]
[540.90880448]
[544.44143521]
[545.97725706]
[546.91388027]
[548.74227832]
[552.34265633]
[556.08207833]
[557.91384678]
[559.13273285]
[561.45881246]
[565.36854745]
[569.30218821]
[571.14322116]
[572.37404468]
[574.82098426]
[578.86456208]
[583.0462939]
[585.181194]
[586.68910342]
[589.39652157]
[593.72290289]
[597.7322366]
[599.72178682]
[601.07276166]
[603.53715231]
[607.70922966]
[611.83352592]
[613.87124158]
[615.26411176]
[617.71386872]
[621.85245466]
[625.83123507]
[627.85122205]
[629.21822172]
[631.67841255]
[635.80955758]
[639.90110414]
[641.8111556]
[643.06512981]
[645.46370067]
[649.54580025]
[653.93363298]
[656.17839148]
[657.77102642]
[660.60463321]
[665.05695993]
[669.18470358]
[671.28013445]
[672.67023938]
[675.23600038]
[679.46391717]
[683.6479142]
[685.72049565]
[687.11012881]
[689.67612997]
[693.87442355]
[698.36273151]
[700.69552795]
[702.36101348]
[705.27956252]
[709.82098357]
[713.97433397]
[716.06987744]
[717.4526965]
[720.00631753]
[724.23669744]
[728.48455461]
[730.66430512]
[732.15350305]
[734.81052878]
[739.09354594]
[743.41752713]
[745.58941352]
[747.09628413]
[749.78645125]
[754.13421789]
[758.53224737]
[760.76784092]
[762.3378012]
[765.1184894]
[769.52928237]
[773.97614772]
[776.24307286]
[777.83740265]
[780.64867737]
[785.09651889]
[789.58419888]
[791.88657527]
[793.51740774]
[796.36400798]
[800.8491933]
[805.35475812]
[807.65379317]
[809.28398997]
[812.03187502]
[816.49522122]
[821.00397594]
[823.23682416]
[824.81515167]
[827.54072411]
[831.97469493]
[836.18683437]
[838.21873544]
[839.47336919]
[841.75792628]
[845.82757795]
[849.93929665]
[851.87959183]
[853.11300548]
[855.44264891]
[859.45080508]
[863.78892663]
[866.10928221]
[867.72495684]
[870.59839424]
[875.07375608]
[879.01162777]
[880.73154829]
[881.91909996]
[884.08003667]
[887.97664016]
[891.58627175]
[892.84542827]
[893.59663503]
[894.98635936]
[898.13897674]
[901.15409176]
[902.1764269]
[902.67615623]
[904.00443109]
[907.14022879]
[910.30041856]
[911.70577075]
[912.45023202]
[914.17765517]
[917.51366948]
[921.14860782]
[922.71724008]
[923.74428355]
[926.03851027]
[929.91702159]
[933.45030872]
[935.04415632]
[936.00348171]
[938.07129439]
[941.79644138]
[945.74365092]
[947.6081111]
[948.80760164]
[951.19977072]
[955.18015112]
[959.38936489]
[961.60466412]
[963.19304078]
[966.05074037]
[970.46857286]
[974.58709913]
[976.57735011]
[977.96446868]
[980.53151407]
[984.68447748]
[988.6475089]
[990.53941691]
[991.81653735]
[994.05443342]
[998.01620315]
[1002.20462642]
[1004.33576332]
[1005.80410248]
[1008.45782487]
[1012.71302978]
[1017.24810628]
[1019.5439874]
[1021.1983135]
[1024.13512085]
[1028.56993854]
[1032.65475992]
[1034.60260636]
[1035.94392268]
[1038.29151503]
[1042.34718813]
[1046.65579844]
[1048.74428648]
[1050.15630602]
[1052.74910596]
[1057.0092748]
[1061.52506683]
[1063.81838018]
[1065.41178057]
[1068.29189399]
[1072.76508791]
[1077.50558169]
[1079.98736727]
[1081.74749314]
[1084.78603777]
[1089.48177232]
[1093.79713177]
[1096.05744488]
[1097.58506906]
[1100.26602126]
[1104.63580295]
[1109.01724275]
[1111.2222994]
[1112.75790715]
[1115.46270392]
[1119.83850079]
[1124.27696526]
[1126.53937908]
[1128.12108858]
[1130.82967708]
[1135.23341181]
[1139.62078199]
[1141.72738656]
[1143.11805509]
[1145.65902412]
[1149.90450214]
[1154.42727845]
[1156.73990692]
[1158.34424165]
[1161.20154982]
[1165.66538466]
[1170.37018729]
[1172.94085631]
[1174.79299216]
[1177.92264243]
[1182.6748453]
[1187.17390467]
[1189.4630782]
[1191.13243944]
[1193.89325629]
[1198.2589852]
[1202.02764114]
[1203.52588822]
[1204.49091091]
[1206.21231708]
[1209.85031032]
[1213.61327273]
[1215.31591289]
[1216.39724872]
[1218.55830111]
[1222.35646185]
[1226.4172813]
[1228.51085341]
[1229.98933794]
[1232.68112256]
[1236.93499304]
[1241.13386171]
[1243.07386782]
[1244.34229624]
[1246.82690308]
[1251.00082237]
[1255.27883627]
[1257.48279833]
[1259.03198352]
[1261.80135403]
[1266.16723052]
[1270.53109973]
[1272.69283603]
[1274.17962532]
[1276.8153355]
[1281.15607632]
[1285.58643068]
[1287.8281714]
[1289.42232942]
[1292.2298083]
[1296.67245089]
[1301.08818942]
[1303.27690318]
[1304.79096561]
[1307.44325241]
[1311.80731982]
[1316.4563166]
[1318.79121628]
[1320.4253425]
[1323.29354593]
[1327.86211059]
[1332.40754957]
[1334.69110942]
[1336.23271487]
[1339.0134199]
[1343.44744219]
[1348.26230845]
[1350.93986493]
[1352.9037943]
[1356.22778087]
[1361.13750578]
[1365.53107894]
[1367.64423184]
[1369.12586949]
[1371.66120099]
[1376.06854879]
[1380.08024697]
[1381.89705955]
[1383.05352465]
[1385.15488963]
[1389.12397268]
[1393.12750091]
[1394.97508163]
[1396.1470581]
[1398.41125016]
[1402.34993556]
[1406.55373766]
[1408.778398]
[1410.37317036]
[1413.16982442]
[1417.54311561]
[1421.86307662]
[1423.86621265]
[1425.20914174]
[1427.74458641]
[1432.02150667]
[1436.30283379]
[1438.39074894]
[1439.78458378]
[1442.35921947]
[1446.58074771]
[1451.1901886]
[1453.67956753]
[1455.48722782]
[1458.66795756]
[1463.40567337]
[1467.6814523]
[1469.73770972]
[1471.14588796]
[1473.67654659]
[1477.99813379]
[1482.03609218]
[1483.96588478]
[1485.11756913]
[1487.30557415]
[1491.2383297]
[1495.47855692]
[1497.65506389]
[1499.20109989]
[1501.97423838]
[1506.31639696]
[1510.6844282]
[1512.84123173]
[1514.30566389]
[1516.989252]
[1521.34526509]
[1525.6397965]
[1527.76831098]
[1529.17675733]
[1531.74939046]
[1535.98104135]
[1540.61235461]
[1543.04710449]
[1544.76200139]
[1547.79399404]
[1552.46332057]
[1556.66827879]
[1558.76786867]
[1560.20520695]
[1562.68835252]
[1566.93490163]
[1571.23531398]
[1573.31083643]
[1574.73430821]
[1577.30222514]
[1581.57325179]
[1585.8423658]
[1587.91749775]
[1589.31031066]
[1591.81629418]
[1596.0188824]
[1600.63933173]
[1603.00955173]
[1604.59627017]
[1607.46302425]
[1611.99696466]
[1616.50094829]
[1618.74355455]
[1620.25921166]
[1623.04859146]
[1627.46084082]
[1632.25300475]
[1634.89280857]
[1636.74462718]
[1639.92178263]
[1644.73736334]
[1649.20126973]
[1651.33147105]
[1652.86143807]
[1655.24625535]
[1659.28257107]
[1663.01783382]
[1664.62251505]
[1665.72414063]
[1667.35905351]
[1670.7674209]
[1674.87291917]
[1676.8385473]
[1678.07896427]
[1680.53988971]
[1684.63090145]
[1688.65893535]
[1690.58492032]
[1691.85255249]
[1694.29615153]
[1698.35461076]
[1702.70736893]
[1704.97603022]
[1706.61297026]
[1709.51925081]
[1714.0108358]
[1718.14529011]
[1720.2235889]
[1721.61956464]
[1724.20124482]
[1728.43980015]
[1732.66523439]
[1734.75516797]
[1736.1345848]
[1738.6878987]
[1742.87919136]
[1747.26831999]
[1749.57658031]
[1751.18548625]
[1753.99447119]
[1758.41510815]
[1762.9242747]
[1765.19923923]
[1766.8312848]
[1769.68241892]
[1774.16356773]
[1778.28683436]
[1780.29072096]
[1781.62363646]
[1784.05631997]
[1788.17930758]
[1792.5412842]
[1794.72353043]
[1796.22454365]
[1798.98453582]
[1803.33316698]
[1807.95158763]
[1810.3932702]
[1812.1678425]
[1815.18664915]
[1819.84386056]
[1824.20620435]
[1826.48374942]
[1828.12815012]
[1830.8042866]
[1835.24981926]
[1839.3169377]
[1841.12431165]
[1842.20466558]
[1844.24085633]
[1848.16688228]
[1852.12464501]
[1853.93982773]
[1855.07100368]
[1857.25898168]
[1861.11821889]
[1865.40045839]
[1867.66352823]
[1869.15986424]
[1872.0078499]
[1876.30348346]
[1880.02082819]
[1881.32912688]
[1882.11462988]
[1883.65661458]
[1887.11662903]
[1890.26247901]
[1891.27137804]
[1891.73366791]
[1892.95738477]
[1896.07066685]
[1899.29182734]
[1900.60925411]
[1901.34906504]
[1903.10818191]
[1906.45581936]
[1910.14670271]
[1911.92616582]
[1913.10182427]
[1915.59036732]
[1919.58329786]
[1923.29219214]
[1924.94437389]
[1926.04560659]
[1928.3046417]
[1932.11051796]
[1935.59982173]
[1937.06480598]
[1937.97332909]
[1939.80597796]
[1943.37243658]
[1947.22563559]
[1949.0680195]
[1950.33744371]
[1952.84206808]
[1956.88317434]
[1961.03565333]
[1963.12704503]
[1964.6003902]
[1967.31275491]
[1971.63997456]
[1975.56967808]
[1977.46394786]
[1978.69071792]
[1980.98809249]
[1985.00361405]
[1989.09870555]
[1991.11095048]
[1992.49009505]
[1995.00970775]
[1999.17503681]
[2003.3803244]
[2005.4469966]
[2006.85662789]
[2009.41793235]
[2013.64678027]
[2017.98449762]
[2020.20447693]
[2021.76385157]
[2024.4761635]
[2028.84856872]
[2033.01200462]
[2035.16001018]
[2036.60999869]
[2039.16418213]
[2043.41197061]
[2047.59711775]
[2049.67799947]
[2051.08289195]
[2053.56669956]
[2057.74143365]
[2061.72250177]
[2063.70699432]
[2064.99686705]
[2067.35798279]
[2071.4157849]
[2075.4896644]
[2077.42713873]
[2078.71100305]
[2081.11962678]
[2085.20492036]
[2089.56618283]
[2091.73106268]
[2093.21033355]
[2095.91172366]
[2100.25160393]
[2104.60480509]
[2106.87018621]
[2108.45675804]
[2111.24891774]
[2115.66057612]
[2120.31087012]
[2122.61065058]
[2124.19622012]
[2127.03878966]
[2131.59117263]
[2136.13840135]
[2138.43707058]
[2139.99754807]
[2142.79131739]
[2147.23620637]
[2152.05455669]
[2154.73271483]
[2156.63351895]
[2159.85293584]
[2164.70780575]
[2169.16371286]
[2171.25252577]
[2172.68208309]
[2174.93255306]
[2179.01819501]
[2182.79826402]
[2184.49897069]
[2185.64693252]
[2187.61682839]
[2191.29126216]
[2195.26632714]
[2197.33195408]
[2198.68482163]
[2201.18120218]
[2205.28889038]
[2209.28113185]
[2211.08514181]
[2212.25228532]
[2214.44570276]
[2218.30061646]
[2221.77884654]
[2223.09773601]
[2223.90153707]
[2225.51953435]
[2228.99015243]
[2232.58794113]
[2234.20299293]
[2235.22996566]
[2237.34943073]
[2241.07833308]
[2245.08688751]
[2247.0552788]
[2248.43721921]
[2251.10964838]
[2255.30888841]
[2259.48659725]
[2261.469419]
[2262.7873484]
[2265.32527559]
[2269.53702927]
[2273.84543319]
[2276.05958578]
[2277.61359566]
[2280.40723374]
[2284.78906933]
[2289.16289283]
[2291.38073856]
[2292.88713628]
[2295.620357]
[2299.99652914]
[2304.62615423]
[2306.93275398]
[2308.52098325]
[2311.37435676]
[2315.93062061]
[2320.47221726]
[2322.79964525]
[2324.37947697]
[2327.16636961]
[2331.632935]
[2336.41156612]
[2338.86046671]
[2340.49234305]
[2343.31314503]
[2347.70250787]
[2351.55554501]
[2353.13898752]
[2354.17172719]
[2356.01343874]
[2359.76173152]
[2363.55005516]
[2365.14291804]
[2366.10648818]
[2368.13603814]
[2371.86946018]
[2375.87466875]
[2377.86918727]
[2379.22048101]
[2381.74348759]
[2385.84410217]
[2390.04195462]
[2392.1673765]
[2393.68239631]
[2396.44201007]
[2400.79660791]
[2404.85120974]
[2406.88125576]
[2408.2705322]
[2410.79758652]
[2415.02292342]
[2419.02985485]
[2420.94505717]
[2422.12346844]
[2424.38909128]
[2428.36680528]
[2432.41293078]
[2434.32603641]
[2435.55909343]
[2437.92482939]
[2441.95214232]
[2446.09006785]
[2448.27614384]
[2449.82467473]
[2452.54101952]
[2456.85433343]
[2461.08361766]
[2463.17841057]
[2464.65771868]
[2467.2552032]
[2471.49581238]
[2475.47735583]
[2477.38181371]
[2478.67145388]
[2480.93696973]
[2484.94567926]
[2489.0931804]
[2491.15968333]
[2492.56890447]
[2495.11948837]
[2499.31117452]
[2503.45739177]
[2505.44686634]
[2506.73134776]
[2509.18820897]
[2513.29087368]
[2517.77924027]
[2520.18825791]
[2521.94456831]
[2525.08049411]
[2529.7573113]
[2533.88443232]
[2535.75312605]
[2536.99983224]
[2539.30637998]
[2543.4773402]
[2547.31742186]
[2548.99788915]
[2550.03666839]
[2552.03947493]
[2555.87952623]
[2559.77440064]
[2561.52714959]
[2562.61759636]
[2564.80945602]
[2568.66580025]
[2572.76533226]
[2574.84536764]
[2576.27167119]
[2578.87829911]
[2583.07360223]
[2587.36278519]
[2589.47031264]
[2590.95644224]
[2593.68806355]
[2598.09069508]
[2602.06250978]
[2603.99871046]
[2605.24451881]
[2607.6259536]
[2611.69587562]
[2615.95835114]
[2618.13317305]
[2619.61375392]
[2622.27325448]
[2626.54086607]
[2631.08728743]
[2633.38349285]
[2635.02478889]
[2637.93993126]
[2642.52936262]
[2646.72761577]
[2648.83114566]
[2650.25000255]
[2652.76636454]
[2657.0216294]
[2661.30054812]
[2663.41995102]
[2664.87587109]
[2667.49585314]
[2671.77015858]
[2676.22356206]
[2678.545761]
[2680.18693153]
[2683.03585521]
[2687.5294325]
[2691.68424048]
[2693.78109212]
[2695.22182265]
[2697.75950435]
[2702.02562786]
[2706.2432376]
[2708.17432528]
[2709.41722714]
[2711.77018828]
[2715.8382183]
[2720.2113238]
[2722.31096839]
[2723.73017944]
[2726.36596872]
[2730.68211544]
[2735.19937876]
[2737.56099843]
[2739.23106633]
[2742.15023513]
[2746.69287369]
[2750.91522733]
[2753.07337471]
[2754.53505949]
[2757.21742456]
[2761.55942226]
[2765.81317071]
[2767.93513055]
[2769.36812813]
[2771.91254556]
[2776.17418869]
[2780.45111667]
[2782.48981426]
[2783.93677567]
[2786.5139794]
[2790.7581819]
[2795.0542329]
[2797.06844391]
[2798.44813032]
