0;25.86533925561153;3.544264240191607;0.656888
50;52.2633607012105;11.04037058435206;38.051379
100;57.56211489109323;9.325295437776367;73.937036
150;60.259783994648494;7.804620058836096;109.508919
200;60.48594128092807;6.971849414404164;143.907821
250;75.49142463360987;8.429688409867419;178.101059
300;74.97297009176368;8.46292345580921;212.446023
350;75.11013102858077;8.396607415391772;248.882798
400;75.77975771262278;7.782506988544214;282.156834
450;74.21782056545068;7.633932590987313;314.775674
500;73.76501629809884;8.176278794118177;348.120604
550;75.1943223141219;7.727333584326244;381.843958
600;75.30975161267101;7.256956834676077;415.118501
650;75.30549696712598;7.211216411352863;451.691802
700;74.1812663204158;6.976854746883147;486.244952
750;75.13826535353829;6.63699970817819;522.324878
800;75.21256896672232;6.6054221845044605;555.175796
850;75.80892283255166;6.409743507787282;588.167006
900;73.66862687213704;6.312469123554367;621.283679
950;74.84643251387195;6.347992605927403;654.774659
1000;74.76416946185583;6.213995330595175;687.903969
1050;75.73779454625804;6.179728931852085;720.518955
1100;74.60272687952963;6.096186302284449;753.845653
1150;74.1632640659849;5.9595094815516765;786.37343
1200;74.8382606553338;5.764945296307689;819.703378
1250;74.70044610755674;5.657408069121301;852.601509
1300;75.91053056421713;5.814161835723681;885.598703
1350;75.55140713168743;6.132522714609801;918.875258
1400;75.2045068968438;6.275717151954076;952.083653
1450;75.65011925524527;6.33770309334341;984.753991
1500;75.451529157762;6.573525477229169;1018.60154
1550;75.22640892760506;6.875162393080144;1052.679286
1600;79.10759925172142;7.239419800654737;1086.545932
1650;78.17973544468313;7.347491610497203;1120.053689
1700;79.21778236675944;7.44379941352582;1153.297817
1750;72.56823716273311;7.591949167571715;1187.315534
1800;80.59310812860036;8.077134447369618;1219.652086
1850;79.75442886425596;8.387335914714065;1251.871655
1900;80.62868084046089;8.741521917603102;1284.085969
1950;80.51996131971687;8.995833402856228;1317.968002
2000;80.43851671608293;9.22460429837602;1353.884781
2050;80.33227510557596;9.398785077733967;1391.056628
2100;80.10559522079812;9.630843839464866;1429.730442
2150;80.55732906238256;9.811124554801166;1465.946755
2200;80.43472566703481;9.96274976357884;1499.353432
2250;80.79585995140769;10.242521255848404;1535.361643
2300;80.54599173619566;10.359762352166527;1570.390254
2350;80.41065077638122;10.480830888715696;1605.632844
2400;80.2340205293071;10.522777689955168;1638.62783
2450;79.92225355946692;10.637261225302442;1672.302589
2500;79.95169351163305;10.721038970017194;1705.741619
2550;80.50374595518733;10.781134499497998;1739.414297
2600;80.2538090652818;10.918344761115074;1776.072077
2650;80.97572548995356;11.002634758518186;1807.558299
2700;80.61788537626272;11.172755116693457;1841.465871
2750;79.77912106734625;11.145286558604356;1876.209268
2800;83.57934961672122;11.25352563527478;1909.791095
2850;81.56277382698941;11.208051814045918;1945.094828
2900;82.18228536987121;11.165617434572376;1981.059956
2950;82.23280031860332;11.288747338817966;2016.404744
3000;80.1579233061713;11.395978283263384;2051.352294
3050;82.93752661375305;11.463552394252664;2088.340824
3100;83.78874774073437;11.525372810700176;2124.940144
3150;82.14956918139451;11.553478625508792;2160.195969
3200;82.15080683250596;11.588560706154524;2197.665419
3250;81.31341448631125;11.589180601393457;2235.748594
3300;80.87582764251512;11.601903034711784;2269.568106
3350;79.78387974970573;11.587706639893844;2307.77771
3400;81.40382908143096;11.670167622401516;2346.191969
3450;82.65904340202;11.785755991693334;2384.479392
3500;87.81824250320936;11.94228991135043;2419.639739
3550;88.89060201757607;12.138194620230212;2457.337852
3600;86.36261563028411;12.28877975764907;2497.361997
3650;88.5205755984096;12.480765037716445;2531.338079
3700;88.06153130691493;12.637128033347844;2564.917878
3750;88.334446097305;12.81126372909534;2600.831236
3800;87.24721697793326;13.0129387261553;2638.674818
3850;88.21859651611014;13.227987751337029;2675.570505
3900;90.41270034445245;13.402783618446612;2711.599726
3950;87.90827954407924;13.5102841317675;2748.587655
4000;89.86169988154914;13.675618887243607;2783.608973
4050;85.50201838588775;13.807957444267567;2821.684603
4100;84.61191823707854;13.847239211092658;2857.079296
4150;85.41509854589114;13.857803251865217;2892.225286
4200;84.81035119119633;14.051990011884397;2929.155646
4250;85.0971456105454;14.1043006865859;2966.414729
4300;85.27693450613188;14.202604149143246;3000.159055
4350;85.17147601953091;14.245934713919633;3034.699892
4400;83.91720679589595;14.381125681357474;3069.114212
4450;85.32233120455906;14.464595821184409;3104.663029
4500;84.91652369511914;14.478327864877997;3141.059047
4550;84.1210165211215;14.591390001143068;3175.008096
4600;85.81998350660577;14.628953234100267;3210.872686
4650;84.50906115201283;14.727868364906465;3245.877928
4700;85.32180707548112;14.803162514841993;3282.968381
4750;85.16921072331817;14.85294672126078;3321.985962
4800;84.72436059307942;14.881700116513676;3357.720306
4850;83.85021494544084;14.84801994858913;3389.788885
4900;85.02136929020236;14.927257385265243;3422.274387
4950;85.81007247188283;15.031289240865174;3454.608358
5000;85.48447502698127;15.0903011450117;3486.853923
5050;84.91012252247754;15.091247697436758;3518.676871
5100;83.71102840386052;15.127752410951539;3550.929989
5150;84.20873096472043;15.205338050651404;3583.183156
5200;85.32240427740831;15.310299008871507;3615.933234
5250;84.8680467414528;15.378011736904737;3648.102895
5300;85.36305209712613;15.417675990689625;3680.121219
5350;85.31174348431887;15.583507266830958;3712.666067
5400;85.51765296750938;15.633274901618492;3744.74837
5450;86.03548494412759;15.589676814077645;3775.996347
5500;84.93485975091536;15.656861584347041;3808.161707
5550;85.71795650297217;15.707334791251363;3840.124227
5600;84.89105892305582;15.73839159327615;3872.531598
5650;86.30912641972598;15.747114346096039;3905.167319
5700;84.88382634074696;15.813137816745586;3937.141257
5750;85.26653528324736;15.877970399654766;3969.358151
5800;85.91307857857375;15.913587275062975;4001.592555
5850;85.01213269745755;15.916971224261781;4033.856658
5900;85.90473552303911;15.938784653383388;4065.9702
5950;84.59255396291569;15.947539341005234;4098.128849
6000;85.00598365446115;15.94321739800085;4130.402273
6050;85.12024054233162;15.982936769449761;4162.521177
6100;84.94438977868549;16.033692176677032;4194.813651
6150;86.08023087992147;16.066088877483164;4226.951672
6200;84.8971838368209;16.116103590810496;4258.961074
6250;86.34237483769355;16.1531475790925;4291.310327
6300;84.06022825164993;16.14239664367285;4322.78989
6350;88.56008482565973;16.179188626078023;4355.142447
6400;88.02572716810515;16.265554679957308;4387.472768
6450;88.84966285996768;16.292093080119088;4419.463614
6500;87.4190156750861;16.33681028484331;4452.065798
6550;88.13767776221452;16.458941217557587;4484.238628
6600;88.00661272819488;16.42577496217009;4516.046221
6650;92.03153650490823;16.490526844012997;4549.334763
6700;91.9199826630396;16.546684013620403;4581.751723
6750;91.07600040495;16.545875271764697;4614.66253
6800;91.74233781268323;16.562320070217886;4648.201771
6850;92.49915303587485;16.621059896773076;4681.823276
6900;91.7656039907875;16.646912276055623;4715.473436
6950;93.07410787940196;16.706922269790407;4748.573072
7000;92.41042382054364;16.751103770614446;4781.321812
7050;93.07244472278751;16.742341491093246;4814.454316
7100;93.28996555832425;16.73275260975629;4846.821037
7150;93.08719545011583;16.781135201365387;4880.475483
7200;93.81230100082419;16.815348652056414;4913.446105
7250;93.4150830509359;16.846952871829686;4946.116148
7300;94.11076664292676;16.86088406801873;4978.861634
7350;94.29923010129174;16.842336706931217;5011.592527
7400;93.5184871756129;16.88120349049237;5044.414406
7450;92.49820911118466;16.920722666354195;5077.216325
7500;93.47568144000228;16.976307684392406;5110.378308
7550;92.65524174328985;17.00457321632432;5143.336673
7600;97.41809973345295;17.103469054472363;5175.864596
7650;97.0373613129771;17.1761030182728;5209.635971
7700;96.59628152208123;17.18380374140158;5242.176125
7750;97.31472227235653;17.196504555546372;5275.537444
7800;97.43140272921342;17.19104991102455;5308.456998
7850;96.87827363795404;17.24960693012808;5341.936786
7900;96.93014083958106;17.277837130594307;5375.463692
7950;98.39052878102733;17.328025714060665;5409.333072
8000;96.08504100340724;17.37054723426728;5442.417172
8050;97.6265059101043;17.404007346266006;5475.833039
8100;97.44537098072368;17.43365725014793;5509.215755
8150;97.2008777375341;17.46368632904519;5542.924061
8200;97.27758079475115;17.507875573394028;5576.585523
8250;97.14151337701718;17.54468064554701;5610.122644
8300;95.9716275223591;17.577043873688357;5644.154505
8350;95.88250825375873;17.652400238219993;5677.955697
8400;97.77343185852347;17.705480461842996;5711.107985
8450;97.14927782723532;17.752364715281967;5744.357741
8500;97.6574034649734;17.768280442790758;5777.440908
8550;97.8483506070743;17.81727632107228;5811.381305
8600;97.28739686708386;17.84953786224024;5844.322636
8650;95.78769008891035;17.85390400667137;5877.795808
8700;96.83842742416522;17.90597237611845;5911.242142
8750;96.96889158146566;17.94119766234621;5944.088961
8800;96.86186723659856;17.948088577368512;5977.190986
8850;97.10716801824128;18.002025462920326;6010.729085
8900;96.99914929974028;18.039727723397743;6044.547663
8950;98.09347329455531;18.06342446574804;6077.970266
9000;96.88019017504308;18.1240884578114;6111.539424
9050;96.4996242312355;18.106183179417858;6144.514981
9100;96.90386541090696;18.17365555356737;6177.741771
9150;97.71604933742543;18.196220810792855;6210.835545
9200;98.15801595975395;18.2186601414973;6244.291107
9250;96.53636037126903;18.24464780595135;6277.924186
9300;95.45307246092597;18.238568421662524;6310.6227
9350;96.95765054162132;18.25596664425832;6343.449778
9400;96.50870536919604;18.288018818784284;6376.643377
9450;97.68124382063384;18.31685862383488;6410.000658
9500;96.89329810633151;18.34008561331405;6443.114771
9550;97.16335957527949;18.348408409559728;6475.977888
9600;97.01220626121703;18.394495035946417;6508.654025
9650;92.91153357780591;18.39814545134832;6540.579671
9700;93.87909338436201;18.39888809545481;6573.594816
9750;93.2560679610824;18.407504675989895;6606.192149
9800;92.49485265294788;18.455100020034322;6639.597567
9850;93.62858742083796;18.50994767202369;6672.547957
9900;91.91069097944423;18.521801123675356;6705.285262
9950;93.6505051976968;18.543080541429056;6737.430758
10000;92.50687755211433;18.559321619682017;6770.372531
10050;98.66369604244507;18.57540678125677;6802.520553
10100;97.28840039831545;18.599535247543376;6835.249448
10150;97.21750645766265;18.632382901059266;6868.352575
10200;98.67551517142499;18.666077975660606;6901.219118
10250;97.30633036937951;18.665286232721684;6934.073227
10300;97.68922728172232;18.68381336068746;6966.686841
10350;97.94810169560235;18.725565889777716;6999.768564
10400;98.44608340270291;18.75558388325456;7032.372376
10450;97.73296665864791;18.77810444989745;7064.991254
10500;95.29890668601792;18.805626089821104;7097.625655
10550;98.19412728323988;18.829589496931156;7130.016867
10600;97.54905335542546;18.864844555966368;7163.02944
10650;99.45028142451598;18.898572202057306;7195.815399
10700;97.63262463691419;18.950231569579497;7228.656511
10750;98.1058274342481;18.98741894591228;7261.607185
10800;98.04904863617121;19.032962082105758;7295.034678
10850;97.26456254556929;19.073757307101054;7327.676827
10900;98.94023042463236;19.096687879315077;7360.294619
10950;97.8337623912033;19.13010096472661;7393.313219
11000;98.65705352686739;19.153198650911563;7425.899539
11050;98.45533987947259;19.17182548303917;7459.133997
11100;98.41651592001642;19.18949049725845;7491.732985
11150;97.88469604208235;19.19146076235208;7524.837083
11200;96.73473440080906;19.21157880904406;7557.628996
11250;98.18764913954784;19.23081547232734;7590.149034
11300;97.45602729449853;19.222812421797972;7622.899358
11350;97.18195397399478;19.271678460471566;7655.68785
11400;97.7352363897382;19.307538311678808;7688.554599
11450;98.46544395013647;19.333326893704317;7721.829222
11500;97.22002824443928;19.391160250954595;7755.730729
11550;98.30793517266684;19.443993259440408;7789.26493
11600;99.37650648218687;19.468940229259015;7821.683495
11650;99.53371120892955;19.513983525621498;7854.615859
11700;97.17387730655308;19.53246685531293;7887.839047
11750;97.56503888755567;19.55791035585262;7920.637399
11800;96.39782810868239;19.573807833023018;7952.836938
11850;97.4201204430879;19.590199281855497;7986.091602
11900;97.28247870052063;19.608387805628794;8018.579283
11950;97.8995076952619;19.646111198083684;8051.858191
12000;98.31201500371859;19.65389211090183;8085.104427
12050;99.29164877014271;19.6998853138417;8117.826214
12100;96.04732061570415;19.71622313554937;8150.433882
12150;98.2676490456799;19.727683597433955;8184.51824
12200;98.18850534472755;19.744442798647903;8218.805205
12250;98.68456268070514;19.76970964533592;8255.744694
12300;99.35464545544826;19.79060859414477;8290.100845
12350;95.05015686569459;19.83298280209666;8325.106482
12400;94.88502475550533;19.840507164049406;8358.816035
12450;95.1232668932764;19.860466363834703;8391.824155
12500;95.72309186388685;19.8781926594107;8427.025243
12550;94.32361436366793;19.894741728896282;8459.78758
12600;94.87929664523827;19.910148433945203;8492.676711
12650;94.49155888063673;19.913263445415016;8526.623161
12700;95.21294672299913;19.94659448120598;8559.796052
12750;92.94679317734372;19.928099534613402;8591.779787
12800;95.37293873821365;19.949541061308423;8624.537688
12850;95.32527401098419;19.962676427446645;8657.622601
12900;94.35346091148074;19.989081080187795;8690.768213
12950;95.07765127451096;19.98497876859448;8724.243863
13000;94.1320893604889;19.99932160705095;8758.432338
13050;90.27334547308057;20.009470628626463;8792.940152
13100;89.41481744160372;20.014677443706773;8825.941107
13150;89.49612717727692;20.034919907887527;8859.431468
13200;89.34737952071107;20.055125056929946;8892.932294
13250;89.87353980369632;20.051574495686722;8926.435163
13300;90.44814121794167;20.06802844504906;8959.779013
13350;88.97911823394823;20.066052834676846;8993.127293
13400;89.47622766238275;20.079845616234888;9027.334123
13450;90.13086555259366;20.09520419963314;9060.642871
13500;89.96192678969307;20.1097760925334;9096.012813
13550;89.87492573887472;20.119346611232103;9129.869227
13600;88.36693401549428;20.152319121217865;9164.532912
13650;89.34053349485482;20.16547354057806;9199.38162
13700;89.33457625025498;20.218699118631413;9232.637684
13750;89.11437662073229;20.22934235977083;9266.226983
13800;89.05402898962757;20.24087976915811;9299.167016
13850;88.85315658217515;20.244084947971636;9331.905078
13900;89.51203381742674;20.259958977041652;9365.918018
13950;88.21661070034327;20.280333498791386;9399.305312
14000;90.58587363912861;20.308279214374195;9433.824059
14050;90.01319424854678;20.30829975784117;9466.563938
14100;89.762654428039;20.33107174282365;9503.519489
14150;89.03067478177641;20.359014856144732;9538.257403
14200;89.74019733543322;20.375034637170394;9572.336126
14250;85.92149090055234;20.396449914595593;9606.469967
14300;85.8713305821631;20.403535747950777;9638.667775
14350;87.1570154255661;20.415882262071936;9671.699196
14400;88.1812956365803;20.435929277999428;9704.488563
14450;86.74737644422845;20.43626253939134;9737.024398
14500;88.29385412743932;20.454329907344064;9769.365803
14550;86.4595693696407;20.47942563248774;9802.496571
14600;86.82928764816398;20.499272105848828;9835.154731
14650;88.68558805161977;20.499168003427176;9867.360994
14700;87.68415138198915;20.50517142251238;9900.010362
14750;88.53920903225797;20.509464717967898;9932.320624
14800;86.13079715138112;20.53882607882746;9965.289164
14850;85.09455940074453;20.57396171142192;9998.334131
14900;87.10795224523548;20.57067569325789;10030.618706
14950;87.67055512296558;20.585674720362338;10065.454848
15000;85.14906465839464;20.599834942785588;10100.906674
15050;83.23299079147574;20.614329459323667;10133.478853
15100;82.44941305850548;20.62901997549271;10166.208386
15150;82.358088804803;20.642146518619402;10200.117424
15200;84.09980699367297;20.660378969042505;10233.680844
15250;84.0069307893487;20.690883687303856;10266.901643
15300;81.97717270053701;20.694023253791336;10301.085912
15350;82.91429417189471;20.706623488485572;10334.956739
15400;81.70891674643104;20.72560465131025;10368.749269
15450;82.96016845039632;20.759909623073757;10401.639018
15500;83.28195623719756;20.790952708615855;10435.265427
15550;83.36221620374168;20.809014759651692;10469.487413
15600;84.47082986422807;20.80470022306921;10501.809581
15650;82.71157314204284;20.807027953336853;10534.876443
15700;83.38267280910465;20.82246951038594;10569.371455
15750;82.86685195377633;20.838237511811457;10602.691119
15800;83.75657939009646;20.869391458576246;10636.828614
15850;81.87037884823656;20.901745096519512;10669.56962
15900;82.75557452154904;20.908543166001678;10702.704704
15950;81.79785565979155;20.93840795392667;10735.853115
16000;73.33927731326293;20.96371775996352;10768.150529
16050;86.6352583040673;20.961886267687454;10799.693455
16100;85.84654929940083;20.986700600850956;10832.924626
16150;86.22465285887914;21.01255711432601;10865.17271
16200;87.30136622748692;21.045757597006418;10897.7215
16250;86.15331399505916;21.044196400893416;10929.603631
16300;87.32580649693779;21.062374610766398;10962.867747
16350;86.81799406869942;21.076653880448774;10995.936558
16400;86.8561295994278;21.096337825496963;11029.027489
16450;87.96289757690477;21.111350660773624;11062.248889
16500;87.00052850851354;21.116232310661935;11095.541369
16550;87.21838540943027;21.11675096105135;11128.170702
16600;86.51877776585884;21.130979147736213;11160.845104
16650;86.0589729551329;21.156841905212865;11193.259723
16700;86.5958471938367;21.169287311468;11226.034833
16750;87.66108969103027;21.197908202535288;11259.039506
16800;87.03096829690243;21.211103116591563;11292.314003
16850;87.32352323781839;21.212174763812193;11325.00127
16900;87.44354801025813;21.231636494207788;11358.14706
16950;86.87779372708965;21.220575149907614;11391.428056
17000;97.45947419655955;21.25418558191668;11423.954664
17050;96.7082680231198;21.271746882148197;11456.103299
17100;97.71156415111079;21.291346833029458;11488.655425
17150;97.78010428768783;21.29736970330652;11521.255906
17200;97.3629700669937;21.28958991074552;11553.102767
17250;96.72794818366732;21.294036842594597;11585.116185
17300;98.20880429277726;21.30077897410575;11617.208139
17350;97.77433976792439;21.3131515542184;11649.420436
17400;97.34698024482317;21.30894249577572;11681.125041
17450;97.09559842045647;21.30733356523631;11712.627665
17500;97.47012733701666;21.31500667891929;11744.912733
17550;97.45640167069332;21.34071092965749;11777.482401
17600;97.87482371283824;21.376135088737247;11810.408002
17650;96.36390977277965;21.38813378352592;11842.703374
17700;97.32991328089709;21.393247760725195;11874.703066
17750;98.2857737954075;21.41184834775693;11907.246361
17800;96.97619846690378;21.429970979392525;11940.222296
17850;97.61436572326609;21.45051339247959;11972.564431
17900;97.18909341223862;21.453417623214715;12004.496616
17950;97.055611250915;21.455987755399246;12036.2206
18000;97.05187158153754;21.481828010389926;12068.756478
18050;97.39668466288329;21.501793221712706;12101.121552
18100;97.76858709514731;21.506673377967633;12133.280579
18150;102.0752787928438;21.52372022394813;12165.491218
18200;99.95174235024825;21.532094207083524;12197.513473
18250;99.35537268515189;21.532787160693367;12229.760098
18300;100.45402096197478;21.55054306766821;12262.32297
18350;100.04405435603746;21.59019897068766;12295.160681
18400;100.09871478676249;21.60104430245118;12328.048339
18450;100.15441348696291;21.610984617981156;12361.367595
18500;101.39545810919662;21.636963152800433;12394.09544
18550;100.06717017009734;21.636781392170434;12426.085796
18600;100.44176715976883;21.65823489693584;12458.535236
18650;100.31916210425744;21.68616751172788;12490.603514
18700;99.28811398736588;21.668432164624754;12522.226945
18750;99.84721528703912;21.686125830617613;12555.541103
18800;100.20447843729568;21.69619423322302;12588.365368
18850;100.92291150823938;21.710220191313418;12622.260368
18900;101.17023279329436;21.727790008451628;12655.547637
18950;100.0918500529418;21.735980844277645;12687.897132
19000;99.91910920823318;21.742720918118152;12720.018241
19050;100.37950884873129;21.759496108736457;12752.461972
19100;100.08032504808263;21.77811538385175;12784.932544
19150;99.90793792255927;21.781475306778937;12817.627543
19200;101.05207983218841;21.79091614587812;12850.227056
19250;99.61525094574155;21.797827863546747;12883.21082
19300;100.44916599711513;21.812857047200122;12915.551283
19350;101.46076724105833;21.8254462974334;12948.273767
19400;100.28700662260565;21.830598563259763;12980.684093
19450;99.86967128221404;21.843967599334484;13013.344271
19500;99.93454215876943;21.856155592329376;13046.143543
19550;100.87895872264697;21.872916564229794;13078.533694
19600;100.20906666446061;21.86947342154354;13110.690146
19650;100.04646145392871;21.85535922370586;13142.694159
19700;99.45636349701546;21.878007646655767;13175.847711
19750;100.01633420613622;21.90196188895454;13208.41861
19800;99.09722234222325;21.897074782406726;13240.460667
19850;100.91508668536166;21.898200367122012;13273.580677
19900;100.4085911014836;21.91688049453634;13305.821364
19950;99.6771800780357;21.938796731808868;13338.773853
20000;100.70590382238959;21.951123104893963;13370.84629
20050;100.33088345890812;21.952070391768682;13403.303803
20100;101.04903046942809;21.96119883115528;13435.613512
20150;98.50559501119173;21.971952201441376;13467.765238
20200;99.94440869968761;21.991779982568822;13500.359758
20250;100.44986965288226;21.994212981864884;13533.072928
20300;100.58806663128456;22.02543367318445;13565.937363
20350;100.89226695867633;22.036910069131032;13598.57844
20400;99.81067910389612;22.051295950620915;13631.354824
20450;100.2237482941581;22.05917789771134;13663.369717
20500;99.81634094100868;22.065757169326595;13696.222717
20550;101.17333289868137;22.068595889705552;13728.7742
20600;99.37568566916933;22.06090384535464;13761.13006
20650;99.31166622087697;22.07599066577758;13793.56414
20700;100.63620506986031;22.093859095187913;13826.558471
20750;100.77134326860525;22.09950440192383;13858.832492
20800;100.34406426627051;22.111461478377944;13891.2926
20850;99.50057755353563;22.123653414668876;13923.467397
20900;100.71481150407179;22.12840540643131;13955.857405
20950;100.22067539145728;22.127519459153685;13987.920883
21000;100.74860570247378;22.146875237064833;14021.099455
21050;100.45144899158544;22.169468132572657;14054.448661
21100;100.80909101360763;22.18129063764025;14087.289666
21150;100.8896742823883;22.199665101118153;14119.777217
21200;100.27448019234505;22.21335785748801;14151.926773
21250;101.21936218228898;22.222319814028808;14184.443201
21300;100.83839530900936;22.245395895505986;14216.781193
21350;100.11551330626327;22.258317360135944;14249.721289
21400;100.16539049362873;22.2514085890711;14281.565872
21450;100.82953065794925;22.252847947679157;14313.919724
21500;101.0113662957088;22.26118716834457;14346.815103
21550;99.99176691545848;22.267494246169452;14379.484402
21600;100.74596069095445;22.272654586568155;14411.83815
21650;101.24199702119584;22.266455203097713;14443.950613
21700;99.01107708269285;22.277787161993587;14475.852636
21750;100.02305905515682;22.300919531588008;14508.294741
21800;99.35904166755844;22.307785153488464;14541.277693
21850;100.37317437089938;22.332678046107496;14574.209125
21900;99.5703626478725;22.334005514619303;14606.239664
21950;101.17294546644085;22.350036713167324;14639.784596
22000;100.69523165758449;22.367976174210224;14672.23892
22050;100.30210001860608;22.376466790034673;14704.092935
22100;100.36118676783991;22.39094686113105;14736.608785
22150;100.35256576090512;22.3853462988009;14769.295739
22200;100.6629892106472;22.39907527980852;14802.285216
22250;100.43514181708848;22.399224761525;14834.867443
22300;100.63668897797176;22.39020269700148;14866.900367
22350;100.23914010393139;22.408953107812298;14900.245051
22400;100.98990014712139;22.41670444250872;14933.830124
22450;100.0531769044328;22.427393220569286;14966.263058
22500;100.01615004825464;22.428076850591445;15000.168492
22550;101.33863388421321;22.429013785362926;15035.344321
22600;100.0076429550355;22.4317357455978;15067.905097
22650;100.44291250043061;22.42174955015088;15099.9836
22700;99.7520526777916;22.436249257960313;15133.323357
22750;100.59005079730002;22.428070676652837;15165.609634
22800;100.73686686269872;22.446296040845912;15198.1188
22850;100.10768517541807;22.449403796059322;15230.644094
22900;99.19019178562361;22.45299343211986;15262.805335
22950;101.15611353604126;22.458529379771814;15295.879394
23000;99.66081489637604;22.450038331395124;15328.109265
23050;100.79910932934064;22.4537502408221;15360.666005
23100;99.33954837674327;22.46667593296966;15393.404099
23150;99.73409934305158;22.480274032316096;15426.390053
23200;101.56481857782626;22.49586323866247;15459.118041
23250;100.8228920734109;22.490499086583082;15491.594168
23300;101.04564637759617;22.498902635282985;15524.133065
23350;100.11809598328027;22.507667380367433;15556.341816
23400;101.32013185024164;22.51608291248933;15589.312098
23450;98.09853965685808;22.5274773432465;15621.816127
23500;98.78396549161164;22.52078316516841;15653.998257
23550;97.65255925823422;22.539168011108178;15687.137519
23600;98.73103935040145;22.53331589046747;15719.948871
23650;97.62394895327309;22.54494448955985;15753.218184
23700;97.919343812805;22.561423897142387;15787.077288
23750;99.6954462054515;22.578469439351654;15820.230562
23800;99.59662333806351;22.587023112993375;15852.905547
23850;98.71808181187875;22.601721413729752;15886.032475
23900;97.91765259232683;22.618475052435915;15918.829906
23950;98.58641670316334;22.637019711755435;15952.090489
24000;98.59180733022959;22.629700758869333;15984.361341
24050;99.52900211383104;22.641445767393776;16017.024855
24100;98.2493376047757;22.65101480753078;16050.049663
24150;98.07755095704404;22.653148536582012;16083.805193
24200;97.87842889265073;22.658930693634343;16117.407462
24250;98.3905347894468;22.66210030156052;16150.843524
24300;98.93478649247518;22.670124082971903;16184.282987
24350;97.49632781443916;22.64750270574001;16216.256281
24400;97.76607464835496;22.644060969581723;16249.07272
24450;98.33482929428716;22.64910613399022;16282.699345
24500;97.63744052716248;22.64909131081938;16316.256781
24550;97.97523548254816;22.634287396780582;16349.147939
24600;98.20298742012218;22.628244308402444;16381.951662
24650;97.68596634228437;22.623719427288346;16414.746758
24700;97.9110944687535;22.61549232998707;16447.959435
24750;98.03248490741225;22.617633356513988;16480.814975
24800;98.28150182551009;22.605166819036263;16512.742111
24850;98.40857102409733;22.608045891865448;16546.047519
24900;97.94895596372838;22.603387011820637;16579.413565
24950;98.06705227905972;22.59736326729066;16612.752141
25000;97.72967091348275;22.596380259039815;16646.427342
25000;99.06314664980009;22.596380259039815;16649.360905
