0;-22.87251131560827;-28.480733361877277;0.41898
50;1147.0532095949006;-133.50300461572417;24.557421
100;1316.3911791752485;-63.49629431838866;47.249315
150;1318.5553902650295;-48.77660452829464;71.730425
200;1644.762718504848;4.602301834441318;95.070549
250;1537.8804452567158;-12.361389442892106;119.078743
300;1551.3190385668192;-13.40497282405084;142.097588
350;1238.68123983713;-24.24482272018283;163.547879
400;1687.8756621178122;29.316720077640603;184.374387
450;1883.6464324293672;81.82640064399772;205.691481
500;1933.5192698629119;122.73611211375786;226.94288
550;1954.450955269246;126.00349376896015;248.247862
600;1861.76022851129;156.67360344900857;270.162178
650;1907.1845039156344;163.05180824334073;291.962079
700;1952.9347860583066;172.20847368829357;313.591958
750;1911.9183251353525;178.4910158092593;335.086344
800;2045.92821219949;208.0469762296658;356.221811
850;2056.043755582488;246.43509980186167;377.483878
900;2057.9645252051814;279.0518066346121;398.689725
950;2212.010182471791;309.91112367679517;419.020717
1000;2164.8122948701657;331.6778686490559;439.994461
1050;2284.633355637758;345.13493753189346;461.281761
1100;1828.9927029803157;357.9928562207936;482.670981
1150;2278.219193214435;374.8110602813328;503.334895
1200;2245.3986199542774;381.59120232753963;524.638395
1250;2250.5783575235196;393.83219122329433;545.714844
1300;2410.109041047817;414.5166532362157;566.641685
1350;2490.7490164663495;437.8194517682771;587.527554
1400;2488.390753865885;470.81227042431885;608.357388
1450;2511.547674880898;506.41528363575674;629.651432
1500;2558.3002474262366;530.9438390726913;650.309019
1550;2550.3025880996142;545.7513892708638;671.251547
1600;2550.8014088935593;544.8098768045105;692.588034
1650;2548.6070742606903;552.2264496824579;713.741579
1700;2550.505436896233;562.0781280387374;734.935564
1750;2562.219723021745;566.6580765617285;756.017785
1800;2633.0314669664153;571.4014114134671;776.707869
1850;2634.360884600914;572.3351262375977;797.694896
1900;2634.5146343677307;571.1184228640157;819.103021
1950;2632.3617929558745;569.427132943673;840.239778
2000;2624.611281092373;568.5857206634481;862.704429
2050;2493.026818986474;570.3075398792118;884.406669
2100;2491.634114708324;578.1872163203254;906.529231
2150;2532.8104717983124;590.727007455812;927.536474
2200;2746.703212514419;596.7802589741929;948.513013
2250;2742.4396908401036;609.0755673830332;969.222156
2300;2752.067721141257;620.605117479567;990.147624
2350;2752.797210768004;625.6244903479452;1010.892916
2400;2754.7871515434326;632.2015618598869;1031.926738
2450;2720.956977530463;638.4988695396419;1052.869918
2500;2724.7508243019734;650.040384248899;1073.828517
2550;2723.772773518233;663.6254404071351;1094.734639
2600;2721.877803699995;674.5828968163801;1115.815637
2650;2724.6055868247895;685.7682882229511;1137.080511
2700;3032.9490388508775;696.910080039679;1157.835721
2750;3029.3173853907774;710.8759110284755;1179.218699
2800;3032.4672005776492;718.8427598931289;1201.202521
2850;3012.4913074718497;726.3910681691248;1221.539074
2900;2898.085575572914;732.038224684188;1242.24036
2950;2994.72104607603;734.7919563167587;1263.1514
3000;3030.93071950257;743.362993358685;1284.338575
3050;3037.7154437175864;750.307046885622;1305.211805
3100;3084.101135606628;757.1334636624549;1325.412517
3150;3159.102947586669;762.0759290710648;1345.710168
3200;3168.8998998311063;770.3351256798458;1366.717493
3250;3154.507123596578;780.2249521798404;1387.021349
3300;3159.1434324515103;783.7341445166867;1407.781403
3350;3150.633312588926;790.110987161988;1428.330584
3400;3158.8309258637933;795.9404012516571;1448.855021
3450;2854.339234336147;798.2358383832919;1468.877211
3500;2810.625273861263;798.8088383453323;1490.278609
3550;2830.673168459679;798.5926730785086;1510.726788
3600;3071.1538721447405;805.1396510705986;1530.670122
3650;3146.0585364634962;812.9628904628855;1550.491019
3700;3026.016326481741;815.9192080972646;1570.523665
3750;3022.794483296754;820.9154309823612;1590.417405
3800;3024.373063898813;826.9932114939824;1610.624248
3850;3118.069617212617;836.9380270375868;1630.125742
3900;3131.686249630885;847.8768880156947;1650.025714
3950;3115.389447142808;859.7363796914856;1669.545829
4000;3121.2813880304743;868.4467732532862;1689.280723
4050;3118.6706137141655;877.1715824024593;1708.945783
4100;3117.290109299768;886.2320840887188;1728.729322
4150;3127.7074522893613;895.0769819829911;1748.455019
4200;3130.3674390519263;901.5658572106718;1768.391403
4250;3009.553087194115;905.2330796290858;1787.916289
4300;3227.065667633371;908.0404956638321;1807.865487
4350;2810.1337047707207;912.3214186947472;1827.755413
4400;2841.0587026142416;918.06339765298;1847.434747
4450;2940.192049803957;923.1046270155067;1867.530628
4500;2952.7651325749007;925.8961579561451;1887.059725
4550;3030.154566221571;932.5636922251405;1906.87822
4600;3027.6902495665536;934.5997566690601;1928.040016
4650;3040.2305398096323;939.9229202529956;1947.859081
4700;3039.778612975998;941.721949405501;1968.14063
4750;3192.2476748552353;943.6759417786112;1988.270624
4800;3198.1903101768844;944.8432200701208;2008.195693
4850;3195.151508050624;949.427196588343;2027.903692
4900;3209.775474496674;950.7444716253335;2047.873462
4950;3198.0957163699645;955.243059728905;2067.531694
5000;3208.4282356147028;958.3851539862204;2087.460052
5050;3189.756120311876;961.7411938655638;2107.634365
5100;3185.6497196269115;966.0205649689296;2127.4386
5150;3196.554047448268;968.7458278379313;2147.909674
5200;3196.299802927193;973.5721900714376;2168.52456
5250;3126.7404525865527;973.584294436111;2188.071591
5300;3090.424271645256;973.5681776278373;2208.968424
5350;3163.5666881047723;973.6975319036511;2230.295565
5400;3016.1421702703556;976.6601339155077;2250.604963
5450;3008.012947300151;981.0767502683394;2271.248522
5500;3056.5665309869714;980.0690151700029;2291.509904
5550;2993.284845224396;979.9183108217113;2312.131054
5600;3087.9849377819583;981.1461565520499;2332.412998
5650;3050.267960579372;983.3317453691868;2352.702841
5700;3070.800230644439;986.3910933511186;2373.927793
5750;3066.1128053475886;988.6503845562115;2393.796508
5800;3002.549310896651;988.6936223838005;2413.048648
5850;3062.2924462982774;988.8091943029834;2432.912729
5900;3064.68226932942;986.8032806302825;2453.091854
5950;3066.8631381526584;985.10293119425;2472.751439
6000;3044.6786904213077;983.1509526528837;2492.575118
6050;3156.6618807320365;984.918638725926;2512.047291
6100;2977.336980428403;986.4480879298808;2531.622986
6150;2677.9584540868696;988.0451695757978;2551.112743
6200;2570.3203563430425;987.3700719782692;2570.195305
6250;2618.383177872924;989.8774890162143;2589.379726
6300;2973.388184803642;993.1244338840212;2608.802383
6350;3038.5822258127982;995.3562795537708;2627.884802
6400;3166.160261759123;995.8655460851323;2646.904842
6450;3152.511910851701;994.553146497543;2666.277077
6500;3018.820212558955;997.2081298925352;2685.568408
6550;3060.5024233805966;997.3650894913771;2705.235846
6600;2989.220494595506;997.7040187778372;2724.252039
6650;2954.0128780695536;999.3308276193881;2743.610035
6700;2962.086989991383;1001.2014355408593;2762.639528
6750;3210.975649700197;1007.6819566175001;2781.362755
6800;3205.276816207637;1011.9369479412032;2800.730347
6850;3297.593353925109;1018.6337166022822;2819.947398
6900;3305.160888423902;1024.3700819647572;2839.320312
6950;3298.2846354811163;1028.738434474123;2858.630576
7000;3296.7292330591717;1032.4350306954514;2878.277034
7050;3293.8616650709255;1035.913603610332;2897.260968
7100;3300.116094967247;1040.1311587312578;2916.474115
7150;3299.0754614087527;1041.7654872359178;2936.232201
7200;3407.191267198743;1045.7035377192353;2955.371343
7250;2916.0666841855204;1047.775896581042;2974.822324
7300;3139.05806049848;1050.5179835582203;2994.275258
7350;3035.646292915404;1053.144756741294;3013.437296
7400;3037.409064911952;1058.4461277919113;3032.775445
7450;3029.26093440463;1062.3135320337178;3053.609756
7500;3013.1263928520616;1065.5757950094303;3073.426554
7550;3068.5378524397383;1068.3503663862216;3092.74445
7600;3091.619621956495;1071.74204143249;3112.275016
7650;3132.416961672731;1073.9466107548326;3131.962802
7700;2954.644488162205;1078.2126513791022;3151.5978
7750;2926.9723450868064;1084.8602823164235;3172.616647
7800;2432.707245222989;1089.2511385949806;3194.283351
7850;2913.59751230293;1093.6551534817536;3214.756325
7900;2996.8963382124293;1097.3566835611593;3235.434271
7950;2955.3923672670453;1100.8848581231405;3256.889795
8000;2996.85051004056;1103.0495771869228;3278.984435
8050;2906.506524434822;1106.1880158139872;3300.532478
8100;2954.9540058034745;1109.72684401639;3321.766992
8150;2882.159623184002;1113.1290774967972;3343.582622
8200;2975.820192699023;1116.3119322155696;3364.812742
8250;3072.089631686887;1121.24678104952;3385.543272
8300;3088.2259831484052;1125.5188958379965;3406.571317
8350;3080.9262304621498;1128.1703195589953;3427.513377
8400;3081.7678069598223;1130.5267222984075;3448.384753
8450;3094.7013346655144;1134.682475831264;3468.476742
8500;3083.772284307385;1135.93972806805;3489.744866
8550;3226.7462043636992;1139.0167545330976;3509.99006
8600;3265.9696382166944;1142.8589273928158;3530.911462
8650;3275.4414177802782;1147.4247213655492;3551.074699
8700;3284.5193909674;1150.3565704329055;3571.724733
8750;3280.1872940567864;1153.0239776934538;3592.375494
8800;3284.388673327161;1156.2899213995856;3612.792378
8850;3388.214688500542;1161.3926022993683;3633.231015
8900;3373.55301399461;1162.7917405336138;3654.156844
8950;3364.699883432955;1166.0712603661711;3673.643163
9000;3385.6264097943244;1169.6040745429477;3693.513947
9050;3385.6951590014883;1172.67148646994;3713.709265
9100;3395.3345543586415;1174.2009349566513;3734.173992
9150;3391.095958481938;1176.103865827155;3755.109976
9200;3382.0095714413674;1178.1898671938811;3776.145439
9250;2820.109525310655;1180.6263121769623;3796.496916
9300;2899.184309544806;1182.20245775444;3816.228509
9350;3024.0727932485042;1185.8575463421341;3836.168847
9400;3041.282733644941;1188.919724754532;3856.637597
9450;3090.920814100752;1191.9729344967373;3876.518034
9500;3077.5784461191492;1195.238829216907;3896.46499
9550;3117.3270733264294;1197.818605256929;3916.539226
9600;3162.19450706993;1201.4466915803036;3936.963927
9650;2978.70649727693;1204.0249270566258;3957.209658
9700;2459.3436832327716;1207.0060477999793;3977.6218
9750;2788.029364551927;1210.422848588236;3997.63647
9800;2903.7532687789035;1213.1233433275522;4017.548286
9850;2959.477250196118;1216.9760841324205;4037.243446
9900;2832.1758833468716;1220.4452106384326;4056.904846
9950;2658.876131064034;1223.0140644233068;4076.519408
10000;2488.2616811940356;1224.6488792719504;4096.20814
10050;3300.870150862572;1225.1085367385895;4116.228824
10100;3539.086068885474;1228.9945818244594;4135.393295
10150;3562.325951197987;1233.4876017838876;4154.495178
10200;3227.220375331684;1238.625200872014;4173.497048
10250;3317.8395271823742;1242.708257406648;4192.898756
10300;3212.1010049517777;1245.7999632918252;4212.286902
10350;2961.915373903896;1248.7806757257458;4234.638329
10400;3120.060618397624;1252.4766799200554;4254.184524
10450;2983.2925900527903;1254.9391840380117;4274.528347
10500;2818.5550825290575;1257.8884215580472;4294.421409
10550;3415.8336971560457;1262.8121710168803;4314.100666
10600;3434.2017982714874;1267.1867909126547;4334.17205
10650;3424.2755737772964;1270.0767844325333;4354.735238
10700;2992.507325701152;1273.0741134250086;4374.8648
10750;3299.538399154742;1276.8321317013615;4394.654202
10800;2600.685889609823;1280.1226538014253;4414.762983
10850;3303.262777083843;1283.4355886032909;4434.437921
10900;3266.1656900542557;1286.49304019362;4454.344245
10950;3600.904785640565;1290.2560331047735;4474.037381
11000;3457.936402624642;1294.5002885546178;4493.52342
11050;3550.338729228943;1298.2864954671434;4513.44781
11100;3411.528977065418;1301.287060350431;4533.910979
11150;3410.2088763730017;1303.837360631118;4553.952717
11200;3434.5288685590604;1304.9157964744418;4573.928457
11250;3287.40668099427;1305.6377831134605;4594.283773
11300;3403.0762221879604;1307.2804914920628;4614.373825
11350;2815.747116583412;1305.9781221575226;4635.160438
11400;3296.7653425012745;1306.892888386757;4654.504361
11450;3477.710993709811;1308.7500012188623;4673.713517
11500;3244.8268842015964;1311.0923662722576;4693.201355
11550;3357.181465893662;1313.526855988135;4712.41336
11600;3558.9977366697794;1317.500876920464;4731.340334
11650;3571.4102567854834;1319.698775218092;4751.469175
11700;3545.6527465263516;1322.3012589308619;4770.465158
11750;3567.3747443408583;1324.5849447487099;4790.173409
11800;3552.645065361702;1326.5013800230322;4810.467008
11850;3591.9007080086053;1328.9810173126507;4830.446071
11900;3558.643586022614;1330.0567025294024;4850.340674
11950;3566.6740468612265;1330.2497818826137;4870.687087
12000;3553.384420274979;1329.0741910790691;4891.225309
12050;3531.3181391466046;1329.0798104252733;4911.162522
12100;3570.748187968549;1327.3867447251728;4931.41947
12150;3556.484000328797;1327.8589520683;4951.170277
12200;3459.858779884585;1327.2214026872934;4971.429572
12250;3563.5494727082846;1327.637827019296;4991.180235
12300;3628.6379977623037;1327.2521827941557;5011.018475
12350;3682.929904984042;1326.8628823105814;5030.748727
12400;3677.619308694812;1327.642979043362;5050.716692
12450;3655.0982377266437;1328.312150800499;5070.63628
12500;3664.7167711465527;1327.1816834562271;5091.712998
12550;3665.7589493293576;1326.988546478286;5112.36637
12600;3650.2904405245704;1326.0012103861388;5132.898585
12650;3662.178764541194;1326.9081225548416;5152.949147
12700;3660.0434113666956;1327.0759416757544;5172.883988
12750;3657.4980741489308;1327.486933431803;5192.967263
12800;3661.324026204766;1325.586920252074;5213.381921
12850;3674.5484080528568;1324.0537517098253;5233.861211
12900;3665.196929715677;1324.7192470608657;5253.894668
12950;3663.455526084257;1324.6201366067385;5273.97925
13000;3648.615395889823;1323.9719618672407;5294.17162
13050;3651.125070765467;1323.9861214726245;5313.933868
13100;3663.752298026454;1323.826347053996;5334.391069
13150;3653.0652328921938;1323.3098377256813;5354.621505
13200;3667.506032819876;1322.7841862281875;5375.081509
13250;3663.4071049300533;1322.942601538063;5395.028724
13300;3663.853762910011;1322.5464583015737;5415.518558
13350;3653.1923706516022;1322.1482812998756;5435.763485
13400;3677.4742669909815;1321.7428063868158;5456.069835
13450;3671.1490240147505;1320.2787255824896;5476.586045
13500;3670.089082940618;1317.9841321332199;5496.906777
13550;3663.278263569629;1317.536104896005;5516.997609
13600;3674.1814985171677;1317.967480943855;5537.246285
13650;3663.3898482993;1318.529483462587;5557.247642
13700;3615.2668181294457;1317.3926757425702;5577.255757
13750;3693.3843336135255;1318.6997863603772;5597.035767
13800;3701.6004730447607;1319.475269327396;5617.163313
13850;3705.669911018541;1319.932520153319;5637.105223
13900;3661.7383717815605;1319.4914859457576;5657.431324
13950;3354.716504949154;1318.576527092615;5677.766344
14000;3679.4261279149755;1318.3067781143975;5698.269303
14050;3276.137626721288;1317.4600101392534;5718.649847
14100;3343.10320228543;1316.2709217238817;5738.880017
14150;3507.0641397840914;1317.3024012279427;5758.843987
14200;3507.502855306715;1317.858760537721;5779.129439
14250;3479.0330390382273;1318.664655075298;5799.386575
14300;3445.4376073405797;1319.0981602804648;5819.613681
14350;3364.37961674587;1319.5502034523297;5840.004117
14400;3494.649392056613;1319.8558412308264;5860.456011
14450;3430.606858531169;1319.79524032744;5881.136921
14500;3496.300550306509;1320.6681408363784;5901.446721
14550;3518.6772410545773;1321.8295073047389;5921.624914
14600;3064.2729404011848;1321.9912780242323;5942.18926
14650;3190.0808867437045;1321.6025069996995;5962.439093
14700;3362.486430253127;1323.1270436812654;5982.208995
14750;3369.519071327628;1323.323453152785;6001.803184
14800;3268.802480176012;1323.775017881382;6021.209497
14850;3429.7775994821404;1324.3148593733988;6041.126088
14900;3227.610491947417;1324.8616188244469;6061.122233
14950;3355.0203943592874;1325.1941133781193;6081.239523
15000;3346.5114832160807;1326.0441046288202;6101.074327
15050;2112.9568319482637;1323.3832854914747;6121.189455
15100;3348.24055383147;1320.2904242025945;6141.94086
15150;3361.4463059323207;1318.8993019363693;6162.261872
15200;3338.625899839011;1317.9056049592464;6182.625708
15250;3338.6099045911924;1316.060864078325;6203.172243
15300;3384.4844420679474;1313.3630288933991;6223.885903
15350;3400.157867974937;1312.475895988515;6244.255262
15400;3385.055673391094;1311.4063247646313;6264.765731
15450;3403.2795220766584;1311.1782448722445;6284.768153
15500;3383.266511803908;1308.6768281960944;6305.796596
15550;3394.296000335305;1307.1994714095988;6326.519062
15600;3640.5959050030197;1303.338029728867;6347.146139
15650;3518.2463190973795;1301.9020318502182;6367.498588
15700;2517.77683547371;1300.018415405969;6387.882149
15750;2606.4239883608507;1296.607483716801;6408.524519
15800;3256.298520342689;1297.8616296747439;6427.79924
15850;3242.8445427284455;1297.2772243160082;6447.669159
15900;3337.9351659141125;1297.333849716514;6467.091816
15950;3400.7684804782407;1297.688943982625;6486.635217
16000;3391.2291931227787;1296.8749917694297;6506.598899
16050;3377.991457166895;1295.282442593392;6526.743289
16100;3375.9562330256495;1292.909111380469;6547.178904
16150;3398.469962333106;1289.2826677098044;6567.6762
16200;3397.3948662222533;1285.3155935886136;6588.057048
16250;3213.998008892352;1283.321358367782;6607.721254
16300;3381.3115252308057;1279.6254345198945;6628.497912
16350;3376.672053116973;1276.3221832616084;6649.034499
16400;3383.687726957887;1272.2900938343996;6669.71002
16450;3357.635730535709;1267.6172173222494;6690.3502
16500;3479.4713443382348;1265.0934222855158;6710.602793
16550;3418.779997655364;1263.6659488708838;6730.265583
16600;3512.2793121752534;1262.2139949406949;6750.016336
16650;3504.5836536664165;1261.5487863806036;6769.937225
16700;3513.8983014928313;1261.5423397019317;6789.93776
16750;3521.4658571011673;1261.5559827132804;6809.600792
16800;3499.8336182521302;1260.1114027123697;6829.555188
16850;3505.1297667575354;1258.6757894878365;6849.941948
16900;3515.9444035257065;1256.012113646566;6870.363483
16950;3517.280264613329;1255.2172452938148;6890.144119
17000;3481.3148043837373;1254.3118109637057;6910.122747
17050;3480.388603430899;1253.4525155837184;6930.199459
17100;3594.787224078047;1252.1101133930872;6950.311846
17150;3590.112569315912;1251.7327371760575;6970.392709
17200;3577.72135378254;1249.8480007543399;6990.6843
17250;3600.2227512248996;1249.0939123155795;7010.292163
17300;3590.9963873831502;1247.2616346951272;7030.715511
17350;3582.207341050268;1244.882330383065;7050.877791
17400;3605.0955511285365;1244.852728909851;7070.497913
17450;3582.9286166609154;1242.9279118266054;7090.917831
17500;3593.7366501457805;1241.3288768645707;7111.119316
17550;3561.0928413888923;1240.0640935829617;7131.269431
17600;3588.356145250324;1238.861149913363;7151.859223
17650;3585.0680770978533;1235.659119479648;7172.042082
17700;3582.5112286586054;1232.6470995649945;7192.605125
17750;3673.557153015688;1230.8484217333237;7212.61195
17800;3762.6218892192437;1228.181007549592;7233.153512
17850;3171.616886962976;1222.9805465916259;7253.559692
17900;3477.6561121707655;1220.6117180433757;7273.864542
17950;3207.1711687258676;1218.2798339477224;7294.003691
18000;2744.18751131368;1217.6532903804464;7314.112334
18050;2749.7902460468495;1217.6574433574788;7334.27819
18100;3357.137410801461;1219.0967738271368;7353.697584
18150;3649.2951329923612;1222.1228221439123;7372.496443
18200;3624.453976752559;1223.746057989454;7391.653507
18250;3599.969759101199;1225.509987337249;7411.088883
18300;3617.7099508553347;1225.7185341702702;7430.797624
18350;3620.3650548867568;1224.6414681081728;7450.671652
18400;3608.78853986152;1223.6381492471253;7470.377703
18450;3604.4073468658044;1223.2426530692017;7490.14657
18500;3622.987049271444;1222.068644194763;7512.82234
18550;3615.093087299689;1221.2670452293462;7532.807335
18600;3604.0185138321667;1220.114616220047;7552.383531
18650;3627.6121783421204;1220.0937225072314;7572.145864
18700;3611.1054643015814;1219.0590553713055;7591.994508
18750;3629.61597032113;1217.7644551285225;7611.946868
18800;3618.698502352937;1217.0132403458754;7631.647746
18850;3643.5481041428893;1216.6412715407014;7651.418675
18900;3627.5899795626797;1215.343691707112;7671.302943
18950;3615.886362651507;1214.9871983111877;7691.372339
19000;3605.069509872631;1213.5011895751795;7711.802536
19050;3620.0117028436707;1212.767259263067;7731.364268
19100;3616.0311427634106;1211.3944376957975;7751.361388
19150;3626.141822717556;1211.1373147180277;7771.320054
19200;3621.767714929296;1210.6408354414082;7790.353813
19250;3721.9974692989954;1211.0995108693505;7809.655997
19300;3735.508406299977;1211.5935368067114;7829.374942
19350;3750.4328725015034;1211.7901536469174;7849.077948
19400;3770.312097097564;1213.1552608299803;7869.162708
19450;3779.2658934380383;1214.7765650242854;7888.475113
19500;3779.177488624889;1215.8620627216528;7907.973452
19550;3777.500611965846;1215.7980436219143;7927.7556
19600;3756.441792834249;1217.2371163483258;7947.250616
19650;3705.000925846626;1218.437592579794;7966.64887
19700;3717.017349195413;1219.473895892901;7986.447195
19750;3728.3601453530223;1220.65397588563;8006.1803
19800;3782.001539706836;1221.4876615921296;8025.793417
19850;3518.285916322651;1222.6396620235103;8045.584798
19900;3511.6733571305786;1223.4278078276425;8065.544513
19950;3674.0228562828993;1224.2603149786837;8085.048128
20000;3662.8672817399593;1225.6972952127264;8104.619435
20000;3670.6477877937577;1225.6972952127264;8106.305839
