0;-2.0262627087759726;-304.8522636795525;0.423651
50;497.28860196175333;-287.0705962374572;24.584741
100;804.9297550498725;-352.7328944597881;47.565431
150;1017.4175355779863;-261.25173789874674;71.292262
200;1059.349868109708;-376.239525035585;95.385421
250;988.8256179746426;-444.1984617087758;119.919825
300;1087.133837522061;-532.2309966963512;144.093874
350;1084.8673242465388;-589.4878966304673;167.042825
400;788.7775057774019;-635.8603096475691;189.927555
450;610.8159879452759;-712.0798178161959;213.041311
500;959.6772069550738;-769.4161422943124;236.169914
550;1175.358286126833;-839.0078912350621;258.934323
600;503.190703364475;-831.4139432999445;281.98366
650;1001.9008254907269;-790.226258999144;304.036386
700;1081.3235922780077;-749.4291773770193;326.065688
750;1116.1588747269911;-675.4026164550655;347.181096
800;1266.3148066244225;-630.6523021276059;368.986303
850;1263.2910355166998;-610.9091011313799;391.595199
900;1168.3477409768557;-617.371208011607;414.45961
950;1265.9963319737114;-614.9259685528914;437.039087
1000;1501.0187974781982;-626.347606077688;460.260637
1050;1492.4485842088084;-688.0261692119783;483.422687
1100;1494.1088757470425;-754.1122874593553;506.599783
1150;1526.8604363632196;-814.5364162871196;529.670742
1200;1528.6679201769925;-886.0348850160672;553.210462
1250;1498.7074161495943;-931.2675270282148;576.361342
1300;1367.6080319536597;-948.4204752317684;599.229796
1350;673.7175681428864;-1014.0514594333681;622.580207
1400;1085.5871916552496;-1048.9858476288666;646.017404
1450;1390.2300527774285;-1036.325345117927;667.792735
1500;1679.6150726650626;-1042.0611925103838;690.184672
1550;1727.154711566765;-1012.1573786823305;711.920265
1600;1891.311561096393;-1009.5452991509266;734.645942
1650;2172.0790546080843;-998.6908775168387;757.060658
1700;2168.2643347527282;-982.8660978889687;779.606066
1750;2260.1432949862206;-959.2951183585079;802.174543
1800;2265.812232736927;-928.1719843694744;824.692768
1850;2262.4316214660857;-898.3592769136898;846.918333
1900;2296.2045198722903;-879.4664651517013;870.80757
1950;2293.243419564998;-853.5268335440388;893.682003
2000;2288.9280773594573;-843.0536471328351;917.2287
2050;2290.262648099534;-822.0459021353536;940.105165
2100;2289.996943588314;-808.2637242771973;963.277996
2150;2297.0353360010104;-807.6613122799416;986.663504
2200;2296.6100024036623;-788.6004649440156;1009.615525
2250;2297.188447260958;-771.1224561396912;1032.619485
2300;2284.6881783248195;-757.0703590828604;1055.621526
2350;2281.7185276152604;-748.2643806339945;1078.933589
2400;2295.2769395943833;-742.3765009580519;1102.64369
2450;2293.2000354051665;-734.0867252486116;1126.205013
2500;2304.4703059661347;-723.9134984743348;1149.528126
2550;2296.000844485586;-712.0925830431947;1173.265155
2600;2278.040090695464;-701.5419445906795;1197.299253
2650;2293.8828017208243;-683.7043778080447;1219.527396
2700;2290.502907841579;-674.6945789642698;1242.464129
2750;2292.1631762787983;-664.2379657976059;1265.144416
2800;2297.557060928966;-656.3878033061673;1288.390278
2850;2297.4719960665893;-657.4744419194566;1311.459379
2900;2294.49695222622;-649.2800223408043;1333.983972
2950;2294.055631772332;-643.7838532464668;1357.748739
3000;2298.0692952361483;-636.248330129973;1380.409939
3050;2296.9472158290723;-629.4279645765162;1403.150337
3100;2295.021956537585;-623.9652059305116;1425.872018
3150;2290.3225178476237;-619.2366385243417;1448.73879
3200;2302.9442416352276;-607.4703228359624;1471.443011
3250;2296.9454455050322;-605.6113069679894;1495.196772
3300;2294.875015845055;-595.3320133998857;1517.882127
3350;2292.733094207053;-590.9350939818743;1540.220292
3400;2296.4323354029098;-583.769605252192;1562.902729
3450;2287.0446043750317;-576.6427015265662;1585.362905
3500;2298.255416372693;-569.4168903771869;1608.246338
3550;2295.4458118342673;-560.0897775481437;1630.711826
3600;2293.085865829098;-552.5865315588666;1653.221546
3650;2291.7630008596134;-547.3098682678809;1675.928813
3700;2292.968790260082;-543.3083492541869;1698.556915
3750;2298.6948067639255;-535.1163723526504;1720.901725
3800;2293.0937659366436;-532.7439226745203;1743.567387
3850;2293.2991725086904;-525.0808832008673;1765.97585
3900;2295.563650894716;-521.9297482215234;1788.712755
3950;2293.3868508398336;-513.8792517589025;1810.971778
4000;2297.863481394653;-511.2925253749672;1833.536838
4050;2296.7721879747755;-509.2218415071219;1856.214472
4100;2294.3597955266227;-504.1700190949635;1878.777564
4150;2296.8093955203153;-499.75280743787624;1901.201942
4200;2298.4586385258253;-498.6499286374534;1924.835027
4250;2287.5300009544026;-497.19239863268024;1947.794132
4300;2291.9217771000854;-492.7282974095162;1970.365469
4350;2293.392714178611;-489.07702117339323;1992.911646
4400;2295.756331107206;-486.467005738721;2015.643731
4450;2295.831991700072;-484.0269907435909;2038.258362
4500;2294.285122051308;-483.6558060746061;2060.958413
4550;2289.7760204283186;-481.1141518635145;2083.638482
4600;2290.2620760638674;-477.48265842932915;2106.54375
4650;2292.8042008877337;-474.45907999202257;2129.11653
4700;2285.6033584537918;-469.7681468936113;2152.332056
4750;2289.5125766676833;-469.86133936882266;2176.040439
4800;2296.802836969136;-468.17225646766116;2199.303069
4850;2291.850961761954;-468.1836051443001;2223.921933
4900;2296.3202976317493;-468.66234479357513;2247.691435
4950;2296.7339459078826;-465.4851870626845;2271.412778
5000;2298.7887943117316;-459.8399604153316;2295.179016
5050;2291.298049898095;-456.4556309386018;2319.11672
5100;2286.788738222683;-451.4284298706108;2342.397452
5150;2294.001050820108;-453.78445363139116;2366.948246
5200;2297.8860810756228;-453.25171958273603;2390.585121
5250;2298.5837914719486;-450.12527598803047;2413.23253
5300;2297.1791913974926;-442.39721363253847;2436.027626
5350;2294.3370871542384;-440.6619120263978;2458.727209
5400;2296.9549468086525;-439.9467451838309;2481.542289
5450;2296.9897016591726;-436.7185834570463;2504.254782
5500;2291.151785108461;-435.3122565979718;2526.983608
5550;2287.810711251093;-431.6425562811239;2549.352733
5600;2288.629295406017;-432.79952231173945;2572.30445
5650;2292.2206631707454;-431.064648727496;2595.001451
5700;2457.2894281716503;-428.4419415939822;2617.153912
5750;2461.2498845891237;-424.54746879679914;2639.594399
5800;2452.465388247768;-421.13997843076504;2662.034873
5850;2458.1045851891804;-420.4125491089906;2685.00008
5900;2458.6519934705134;-415.5037706480321;2707.464087
5950;2463.112882486182;-411.43186479350317;2729.988102
6000;2467.4871075823294;-407.80837522146857;2752.603735
6050;2454.414910200298;-403.06131695411403;2775.09553
6100;2463.9188078734423;-399.0036573166553;2797.61985
6150;2457.0978402751225;-394.78983160690626;2820.081043
6200;2463.6527754764215;-389.9356281303141;2842.494037
6250;2447.952402675797;-386.56826646740484;2865.208855
6300;2467.8395800147223;-383.8921515670889;2887.816947
6350;2491.034851037699;-382.5849828016015;2910.572337
6400;2423.816263094646;-381.1996496616008;2933.225876
6450;2484.4948276449336;-381.0163995307675;2955.874203
6500;2446.694928363859;-374.8985801857889;2977.978356
6550;2372.198548951905;-371.83170846864357;3000.382266
6600;2196.4962624138207;-367.457620842335;3022.213577
6650;2314.6274553085223;-360.3359417289937;3044.01768
6700;2341.012772526836;-353.31039718790225;3067.036478
6750;2336.3746128708462;-346.95618976871435;3088.9583
6800;2253.710359564777;-341.33831207332446;3110.859046
6850;2187.5127452533516;-337.48289860229835;3133.273004
6900;2252.556689363702;-332.74176255558854;3156.058784
6950;2149.260592990098;-328.40448661898967;3180.362178
7000;2155.9674451210235;-323.829949549085;3204.597745
7050;2250.6196599709288;-316.5589267712297;3227.748926
7100;2301.8769642102316;-311.14773230731635;3252.459427
7150;2290.100228755224;-305.8366753322674;3277.34283
7200;2279.3053301660216;-301.31126203396184;3302.57491
7250;2300.020544123298;-294.8935527874392;3326.663242
7300;2260.532380804261;-289.2970776732031;3351.271386
7350;2265.019913160705;-281.60546556391705;3374.880675
7400;2011.7920504297624;-273.5185978463373;3398.167737
7450;2103.942583688532;-266.6952869957485;3421.261902
7500;2144.8919600049617;-258.87387257176425;3443.521148
7550;2152.574492216372;-250.30745157994747;3465.783632
7600;2148.308030787064;-243.4678618876284;3488.747519
7650;2146.9023342094665;-235.41609769388302;3511.527391
7700;2144.6001575763344;-228.093225773318;3535.568016
7750;2222.240695558701;-219.57288731500057;3557.965594
7800;2072.1803560152407;-212.86283928661226;3581.471341
7850;2270.446007192284;-207.49005481810735;3604.672744
7900;2288.556049160504;-200.64497975550466;3628.037058
7950;2205.4372646476636;-194.87949774920597;3650.854081
8000;2265.9862067549843;-189.9640291996881;3673.291793
8050;2233.433645111042;-183.63337234661805;3695.456688
8100;2241.4675386778486;-179.64584276432342;3718.748672
8150;2258.7275087107864;-173.78201121474848;3741.601094
8200;2269.2624327466683;-168.94002084660914;3765.300639
8250;2215.1035142859605;-163.15159368730295;3788.503336
8300;2334.596873612606;-158.56989812999004;3810.663791
8350;2279.1129543763104;-152.48193029172555;3832.77928
8400;2057.1249763655896;-147.4483268342262;3855.476632
8450;2121.120907615107;-143.22856677843103;3877.71827
8500;2159.5117828120237;-139.42297471250373;3900.059153
8550;2156.780881176122;-134.6877604027617;3922.23126
8600;2147.135407633713;-130.98841189662818;3945.595211
8650;2156.931671260062;-128.8881252233759;3968.992846
8700;2154.627514540134;-126.1928448957479;3991.722243
8750;2180.714149757422;-121.96333196040074;4014.489842
8800;2136.5316011482437;-118.70119666523269;4037.455526
8850;2150.9195851057925;-114.16907575619334;4060.026309
8900;2163.5644611071725;-110.63481371427669;4082.592293
8950;2162.4781307180087;-106.88296049492288;4104.534438
9000;2168.7841107447553;-101.50100965469939;4126.575226
9050;2165.760247351417;-97.67667223834646;4148.533916
9100;2300.7157456889363;-95.08071630804403;4170.434243
9150;2227.6947553615396;-93.02449552037044;4192.653073
9200;2466.217668025758;-91.43309739847565;4215.248853
9250;2456.753564408949;-90.18616613822464;4239.892048
9300;2441.0735312764027;-89.05569795268943;4262.21479
9350;2432.611303854291;-86.78845378407696;4284.797626
9400;2430.3927475131222;-83.95856937154267;4307.75595
9450;2306.270359559714;-81.58316895653326;4330.840298
9500;2383.3260522136193;-78.55963984823272;4354.575879
9550;1985.7222240275407;-75.02111246465505;4377.324097
9600;2214.4132692908333;-72.22619686079678;4400.259082
9650;2547.005512108367;-69.1987556675313;4423.334434
9700;2544.9632308416844;-63.94782218891624;4445.723609
9750;2539.5674062962735;-60.19308913111854;4469.042922
9800;2541.326535894933;-56.591052250278935;4491.966137
9850;2539.9296580963123;-52.27224850218117;4514.995919
9900;2540.6176365913757;-48.160256204980364;4538.123144
9950;2541.1638947209976;-44.061484327297855;4561.237014
10000;2541.2800094755007;-40.754609134454604;4583.701411
10050;2534.219361487223;-36.96795542674203;4606.845281
10100;2528.65125252322;-35.269856946400914;4629.925781
10150;2524.651913328182;-32.56576111698783;4652.357734
10200;2531.5440777277727;-30.21737546299103;4674.592147
10250;2532.3960670710694;-28.22908305557801;4696.966915
10300;2523.159003648781;-29.97083026474411;4719.489527
10350;2515.533176847571;-28.2693660161867;4741.979928
10400;2430.4998353288906;-25.930294631709945;4764.480834
10450;2414.059456900827;-23.260031055352776;4786.756593
10500;2331.7034862558585;-20.01124906692234;4809.674965
10550;2269.788560969241;-14.381757691751398;4831.853424
10600;2479.86793358231;-7.893863153926492;4853.497684
10650;2515.0275432607314;-3.296320872726146;4876.201571
10700;2567.865869835726;0.7489424001890481;4898.47023
10750;2504.3926714052423;4.353603912178015;4921.016716
10800;2573.9427943866067;9.656544720374331;4943.246809
10850;2565.758475488087;14.381749814158411;4965.445473
10900;2579.859399060881;19.07458128638911;4987.410662
10950;2580.3930737720743;25.006072406808048;5009.39573
11000;2574.5987975593052;29.776865664910687;5031.504373
11050;2576.878171298304;34.14990273217361;5053.627395
11100;2580.153973791598;39.08903234322103;5075.607308
11150;2579.0564222016937;43.80676009740679;5098.617431
11200;2581.270443748141;47.369142288994546;5120.823817
11250;2582.6063340554333;50.6156048028461;5143.062101
11300;2578.7162475607756;55.30834766512685;5165.08023
11350;2579.1567307749074;59.2222546028878;5187.30656
11400;2577.568883209307;63.391789198770155;5209.3798
11450;2577.4248004882174;68.01703528891038;5231.368384
11500;2636.7496758363454;72.15343956966915;5253.481244
11550;2672.3191109576255;75.67528071280708;5275.330392
11600;2732.2322105150297;79.04327812063809;5297.712464
11650;2732.334371874571;82.24307443733984;5320.054238
11700;2735.614585183376;86.18632514358241;5342.292706
11750;2735.0341977507487;90.14532275684587;5364.50971
11800;2733.141142443213;92.70354377944074;5387.032935
11850;2730.234103408654;95.76832940657607;5409.56457
11900;2736.847814961524;99.80333354833367;5431.813195
11950;2729.640643805825;103.40885216020142;5454.031813
12000;2737.221863648498;107.48662488772788;5476.232775
12050;2792.4257991404634;111.21360246969358;5498.021424
12100;2790.596060943844;114.70774135693404;5520.277217
12150;2790.806668612709;117.19824768028842;5542.740694
12200;2793.385758882272;121.17640579613601;5564.949556
12250;2788.575066339002;124.50210481374003;5587.109213
12300;2795.1394856690517;127.72166609343519;5609.555617
12350;2794.5011428500934;131.1482457047291;5631.647802
12400;2792.87231460111;135.3974459487127;5653.691192
12450;2795.179101039257;138.98535074411188;5675.936322
12500;2790.906236392596;142.99440049058333;5697.918986
12550;2792.5987863558503;146.7789502683834;5720.090617
12600;2791.8450086537223;149.62654323664313;5742.295232
12650;2794.765443433813;153.603660757628;5764.354875
12700;2790.999190336565;156.7788050595668;5786.437046
12750;2793.660813883979;159.72578927043259;5808.737443
12800;2789.653438082574;163.87829634099302;5830.758564
12850;2791.6785376305947;168.0562814833065;5852.776381
12900;2793.5124683099193;171.59594133079418;5874.90829
12950;2794.9242981596653;176.2863121133384;5896.700171
13000;2792.2476549067815;181.0957572084951;5918.600536
13050;2790.243268962642;185.39339346558927;5940.568593
13100;2790.765710889757;188.29415197526458;5962.886059
13150;2793.8964272213384;191.80466546774562;5985.003349
13200;2791.486685510541;194.46787340209;6007.14755
13250;2792.7030381264117;197.5048310861913;6029.429697
13300;2789.1038399950207;199.79342470990903;6051.784035
13350;2790.908418296913;202.67506888103645;6074.207383
13400;2795.72685886672;206.0401930730821;6096.4106
13450;2797.646087514896;208.56814537991113;6118.61207
13500;2790.2710142229816;210.07174998172763;6141.135936
13550;2791.933109935755;213.2648773341057;6163.225972
13600;2793.964667628989;216.51205154190913;6185.29575
13650;2794.1632169311115;217.9916459642566;6207.680149
13700;2791.362480227282;220.65818251356959;6229.958528
13750;2791.8088338630128;223.44934606134277;6252.226498
13800;2789.46466721481;225.1894124267313;6274.556924
13850;2790.4136572054285;228.14421395889445;6296.811376
13900;2793.1023978867797;230.1230028747395;6319.276177
13950;2793.3478872410196;232.4290400517738;6341.131362
14000;2793.2742661949724;235.1879076849743;6363.410401
14050;2790.989158555167;237.86589182105038;6385.693816
14100;2790.8739298140927;239.5685183399088;6407.707039
14150;2791.1498940158303;242.24892680117827;6429.936658
14200;2792.9254038809886;244.494971125024;6452.31507
14250;2791.7426670212094;246.2336619201688;6474.661336
14300;2796.454569627323;248.26380554605475;6496.960477
14350;2793.8352994284355;250.71563080458105;6519.213938
14400;2796.6622407707673;251.64822766630098;6541.740146
14450;2795.1676602973785;254.78430904210276;6563.789842
14500;2793.716083182434;258.17908755195;6585.831344
14550;2797.580120862168;260.2275186449127;6608.123498
14600;2795.1617895301583;263.452274634982;6630.131325
14650;2791.286468584357;265.4050415245051;6652.308318
14700;2794.198210575996;268.4405311003133;6674.367868
14750;2794.6256147167674;270.01053121754927;6696.575498
14800;2795.9871549607924;272.09260441383753;6718.789398
14850;2791.16082001828;274.6452164176506;6740.996733
14900;2793.4814661993564;277.0970843787462;6762.985919
14950;2791.271636669566;279.1974411031852;6785.211533
15000;2790.80953948438;281.95538141861044;6807.323528
15050;2790.0601655371697;283.31555102054494;6829.798817
15100;2790.322249916623;285.0773496080779;6852.139166
15150;2792.7239015420037;288.09352351392783;6874.28578
15200;2791.5326789238884;290.94646072404066;6896.317244
15250;2793.0979102644446;292.74645842693405;6918.717864
15300;2791.3031120029023;293.902654237696;6941.145082
15350;2790.8748943641895;296.38177322160175;6963.352985
15400;2793.271822692614;299.15650947016167;6985.648367
15450;2794.9018257786765;300.90233965745324;7008.026744
15500;2794.8609293584686;304.23152142758096;7030.040025
15550;2793.089932680467;306.15424672025046;7052.275857
15600;2791.2874554657355;308.84626886227085;7074.288005
15650;2795.024043939407;310.75618808260145;7096.466839
15700;2794.7658866409583;313.0656740505061;7118.52082
15750;2788.750709478342;314.9790084854005;7140.698814
15800;2790.4331720781943;317.3067882069754;7162.702586
15850;2791.5976496212656;318.9536410920817;7185.098104
15900;2797.13584587782;320.7610521252838;7207.317175
15950;2792.4023157903193;322.29575984587507;7229.635417
16000;2791.5744501358654;324.85744628403415;7251.821954
16050;2790.0540881236816;326.99454888744333;7274.048617
16100;2795.3542105342694;329.4861145651501;7296.085386
16150;2794.0342944681174;331.1795676218207;7318.464269
16200;2789.502231565537;334.1334925326801;7340.476793
16250;2794.096299269368;336.85640788927833;7362.624656
16300;2793.045233962727;339.4317754973894;7384.654981
16350;2793.3008057757734;341.3701499233087;7406.768108
16400;2793.2204918782427;343.14659795479207;7428.96761
16450;2792.5383328054636;345.26017448957094;7451.285063
16500;2790.611812215001;347.95559494920894;7472.681176
16550;2793.246153978249;348.921760129025;7494.94761
16600;2790.9875026470672;350.7662653364841;7519.855884
16650;2792.1471748472545;352.1249158116113;7542.209198
16700;2793.463868302382;353.55723037515435;7564.71645
16750;2794.2132251634025;356.38079597426264;7586.701971
16800;2789.8236076657295;359.0648628841924;7608.745219
16850;2789.0006028146745;362.0209852769441;7630.813915
16900;2790.4935732307536;363.6094578784009;7653.230674
16950;2792.3199580687524;366.4445181913194;7675.313951
17000;2793.4056988386496;368.0584443980497;7698.211016
17050;2791.0648485503766;369.15569786196943;7720.814895
17100;2787.1624815085834;370.80613021601835;7743.278371
17150;2791.531746999724;372.7944298994779;7765.472094
17200;2793.199039814201;375.8874312994733;7787.491697
17250;2790.8678098254277;378.0684919157189;7809.790295
17300;2794.2476895392065;379.67713689235524;7832.191788
17350;2793.1627695808124;381.8627641028422;7854.410448
17400;2792.2211813730187;383.9087397039577;7876.996117
17450;2792.657125722387;385.26572113233334;7899.367563
17500;2793.449608300081;387.10977743772474;7921.662848
17550;2790.1937578169554;389.6933259990952;7943.787215
17600;2788.883821769699;392.34774054986804;7965.861802
17650;2792.7759108659047;394.2217528520514;7988.018748
17700;2794.7892705370887;396.13654230241985;8010.275722
17750;2786.912789404632;398.03360794218713;8032.597342
17800;2791.628014890019;400.3531406992902;8055.178537
17850;2789.0359730175023;402.15207814528367;8077.505212
17900;2791.8298630189033;403.3891670218271;8099.934794
17950;2792.6464501496694;405.0633693697387;8122.350466
18000;2792.224288320985;408.0107202384727;8144.179789
18050;2794.202614989458;410.1901107211561;8166.320182
18100;2792.474626744152;411.70520910853907;8188.571899
18150;2790.434121661585;413.7982829916332;8210.7028
18200;2792.4954945299423;415.5068101630349;8233.369829
18250;2794.8319589000016;417.6310686169158;8255.51657
18300;2790.365168116068;419.2631610324272;8277.773799
18350;2793.7008682588666;420.87171106204585;8300.118494
18400;2793.1211568589997;421.9774585396633;8322.566304
18450;2794.8399771451536;424.2127122417546;8344.799782
18500;2788.5158051780577;425.8173854382814;8367.131204
18550;2793.9584580587675;427.03017660100556;8389.447504
18600;2789.6515143991232;428.1463666759893;8412.466228
18650;2792.4908240403493;429.52359603428005;8434.776112
18700;2794.656213730831;430.7403633764328;8457.21161
18750;2789.522789550461;432.25049383768084;8479.526054
18800;2792.000696769515;433.2273405833305;8501.941828
18850;2793.292031037924;434.18925575660427;8524.54643
18900;2792.2793966880067;435.66644094025884;8546.939887
18950;2788.6447747088823;437.63017370125476;8569.303845
19000;2791.9793120902577;439.176867702714;8592.069709
19050;2796.4189916119153;440.2128443760185;8614.109451
19100;2792.171017600908;442.12739928569454;8636.416577
19150;2790.556033590698;444.0320897872037;8658.776248
19200;2793.9374136195374;445.66371567467735;8681.06276
19250;2790.3615116156143;446.9740722539153;8703.577672
19300;2790.4694991198025;447.7668446767174;8725.550023
19350;2794.56746369264;448.7352777990323;8747.481761
19400;2790.155657136411;450.11351406037284;8769.593359
19450;2795.358023086059;451.10142453663536;8791.713228
19500;2793.347447945478;451.3675341404147;8813.880086
19550;2790.595951621034;452.5155528422865;8835.718905
19600;2792.471073221322;454.19055104309933;8857.434605
19650;2790.7677193508243;455.55886757375265;8879.181789
19700;2790.81655264281;456.0179518752807;8900.999358
19750;2793.0481440415333;457.1292111530988;8922.737291
19800;2791.37363623994;457.30486817933314;8944.638603
19850;2798.700891654909;458.03487735930327;8966.364008
19900;2790.4804351233697;459.74605309923743;8987.808253
19950;2794.461183141468;460.5602826678157;9009.9204
20000;2791.5434852117014;462.3342974357538;9031.511933
20000;2791.3678204273792;462.3342974357538;9033.382134
