Improvement after: 1 steps, with return -726.6448437395375, Elapsed: 2.747174
Improvement after: 3 steps, with return -60.82072026489857, Elapsed: 3.541767
Improvement after: 4 steps, with return -38.81064321745675, Elapsed: 3.917868
Improvement after: 5 steps, with return -35.353755706249395, Elapsed: 4.295018
Improvement after: 8 steps, with return -28.22244982692228, Elapsed: 5.431808
Improvement after: 11 steps, with return -12.192541611985337, Elapsed: 6.596404
Improvement after: 48 steps, with return -10.754867514827067, Elapsed: 21.569123
Improvement after: 89 steps, with return -7.312961559449103, Elapsed: 38.485345
Improvement after: 93 steps, with return 392.43800435325096, Elapsed: 40.018777
Improvement after: 120 steps, with return 628.0906199861148, Elapsed: 50.26085
Improvement after: 133 steps, with return 656.429690042117, Elapsed: 55.423823
Improvement after: 151 steps, with return 687.738409957378, Elapsed: 62.314045
Reevaluate after: 202 steps, with return 132.90424175501667
Improvement after: 221 steps, with return 832.6678470892772, Elapsed: 89.553212
Improvement after: 222 steps, with return 931.4065831114154, Elapsed: 89.907692
Improvement after: 236 steps, with return 1034.8866579584183, Elapsed: 95.080089
Improvement after: 273 steps, with return 1270.4873827480385, Elapsed: 111.002528
Improvement after: 274 steps, with return 1455.0437025941594, Elapsed: 111.34138
Reevaluate after: 325 steps, with return -253.12908774887825
Reevaluate after: 376 steps, with return 1112.0786869793317
Reevaluate after: 427 steps, with return 723.8676307584353
Improvement after: 437 steps, with return 1835.9127157535556, Elapsed: 172.628047
Reevaluate after: 488 steps, with return -10.235837978898468
Reevaluate after: 539 steps, with return -80.5387132827928
Reevaluate after: 590 steps, with return 1280.5748056704372
Reevaluate after: 641 steps, with return 759.8736412172453
Reevaluate after: 692 steps, with return -688.6384320132225
Improvement after: 729 steps, with return 2191.737466147663, Elapsed: 281.475611
Reevaluate after: 780 steps, with return 526.7654571412219
Reevaluate after: 831 steps, with return 1703.7573984945034
Reevaluate after: 882 steps, with return 729.284996687875
Reevaluate after: 933 steps, with return 1660.6380479543445
Reevaluate after: 984 steps, with return 702.9911530259623
Reevaluate after: 1035 steps, with return 1503.3790738234302
Reevaluate after: 1086 steps, with return 1465.9409997522364
Reevaluate after: 1137 steps, with return 720.415511675203
Reevaluate after: 1188 steps, with return 601.3809965735554
Reevaluate after: 1239 steps, with return -307.8574676488285
Improvement after: 1255 steps, with return 2254.722750364676, Elapsed: 481.328101
Reevaluate after: 1306 steps, with return 823.6878255783807
Reevaluate after: 1357 steps, with return 1400.8256850586536
Reevaluate after: 1408 steps, with return 1114.2585880302322
Reevaluate after: 1459 steps, with return -55.14305576846736
Reevaluate after: 1510 steps, with return 323.96632740262896
Reevaluate after: 1561 steps, with return 267.21338205205245
Reevaluate after: 1612 steps, with return 1043.236781994431
Reevaluate after: 1663 steps, with return -320.57538103168235
Reevaluate after: 1714 steps, with return 597.9046703823009
Reevaluate after: 1765 steps, with return -31.791377804560362
Improvement after: 1787 steps, with return 2329.2074116152717, Elapsed: 676.320674
Reevaluate after: 1838 steps, with return -17.036644874473687
Reevaluate after: 1889 steps, with return 1232.2109758528463
Reevaluate after: 1940 steps, with return 2046.3747286371804
Reevaluate after: 1991 steps, with return 319.5102444288109
Reevaluate after: 2042 steps, with return 1902.5696913600295
Reevaluate after: 2093 steps, with return 171.93922566556495
Reevaluate after: 2144 steps, with return -638.2835242751069
Reevaluate after: 2195 steps, with return -645.9075910644788
Improvement after: 2230 steps, with return 2380.124354609516, Elapsed: 839.515198
Reevaluate after: 2281 steps, with return 937.2562166025771
Reevaluate after: 2332 steps, with return 672.821342356737
Reevaluate after: 2383 steps, with return -32.82353842443782
Reevaluate after: 2434 steps, with return -242.61948183437275
Reevaluate after: 2485 steps, with return 219.6020295130707
Reevaluate after: 2536 steps, with return -126.53824652343121
Reevaluate after: 2587 steps, with return -42.884971699740085
Reevaluate after: 2638 steps, with return 649.8947913452002
Reevaluate after: 2689 steps, with return 14.83872746506172
Reevaluate after: 2740 steps, with return 355.6831612114887
Improvement after: 2778 steps, with return 2398.869185853675, Elapsed: 1045.507167
Improvement after: 2786 steps, with return 2407.459462510504, Elapsed: 1048.496162
Reevaluate after: 2837 steps, with return -770.3640287010672
Reevaluate after: 2888 steps, with return -809.9774098586171
Reevaluate after: 2939 steps, with return -301.94495608509607
Reevaluate after: 2990 steps, with return 996.4954613145208
Reevaluate after: 3041 steps, with return 298.76521890292935
Improvement after: 3073 steps, with return 2585.319625854382, Elapsed: 1154.471839
Reevaluate after: 3124 steps, with return 92.58986394765898
Improvement after: 3174 steps, with return 2873.036059822102, Elapsed: 1191.396402
Reevaluate after: 3225 steps, with return -202.01557250354557
Reevaluate after: 3276 steps, with return 1784.3437109870654
Reevaluate after: 3327 steps, with return 1499.7845996173771
Reevaluate after: 3378 steps, with return 1193.895806782888
Reevaluate after: 3429 steps, with return -149.1406439559916
Reevaluate after: 3480 steps, with return -85.01528267455912
Reevaluate after: 3531 steps, with return -357.8388924156676
Reevaluate after: 3582 steps, with return -153.37703589671546
Reevaluate after: 3633 steps, with return 399.9675741168791
Reevaluate after: 3684 steps, with return -75.18751781090516
Reevaluate after: 3735 steps, with return -100.29276942436304
Reevaluate after: 3786 steps, with return 1534.0283539958066
Reevaluate after: 3837 steps, with return -972.7043566813627
Reevaluate after: 3888 steps, with return 995.9088481736632
Reevaluate after: 3939 steps, with return -8.93469057518821
Reevaluate after: 3990 steps, with return 393.8262040903446
Reevaluate after: 4041 steps, with return -1317.6489232764768
Reevaluate after: 4092 steps, with return 447.4339065117373
Reevaluate after: 4143 steps, with return 962.4943214421762
Reevaluate after: 4194 steps, with return 483.52763205112603
Reevaluate after: 4245 steps, with return 311.8437861873781
Reevaluate after: 4296 steps, with return -530.4657072842006
Reevaluate after: 4347 steps, with return 263.76455452945504
Reevaluate after: 4398 steps, with return 377.89666484666697
Reevaluate after: 4449 steps, with return -770.6415174579035
Reevaluate after: 4500 steps, with return 121.57087343324228
Reevaluate after: 4551 steps, with return -121.09811123958502
Reevaluate after: 4602 steps, with return -120.44068935835676
Reevaluate after: 4653 steps, with return -181.51386123185333
Reevaluate after: 4704 steps, with return 284.21194272210295
Reevaluate after: 4755 steps, with return -207.1070639824828
Reevaluate after: 4806 steps, with return 1304.569228958953
Reevaluate after: 4857 steps, with return 1436.4630998205316
Reevaluate after: 4908 steps, with return -40.07246859730539
Reevaluate after: 4959 steps, with return -156.6474479644632
Reevaluate after: 5010 steps, with return 1949.827382469625
Reevaluate after: 5061 steps, with return -258.9924875913859
Reevaluate after: 5112 steps, with return -609.3984987091242
Reevaluate after: 5163 steps, with return 1400.6325445278235
Reevaluate after: 5214 steps, with return 520.5873314323496
Reevaluate after: 5265 steps, with return -92.89509568065532
Reevaluate after: 5316 steps, with return -48.4237852253465
Reevaluate after: 5367 steps, with return -421.15060203746236
Reevaluate after: 5418 steps, with return 426.86584536353973
Reevaluate after: 5469 steps, with return 1876.1601179009915
Reevaluate after: 5520 steps, with return 833.8351450958011
Reevaluate after: 5571 steps, with return 376.7148799433704
Reevaluate after: 5622 steps, with return 277.0007338764286
Reevaluate after: 5673 steps, with return 1132.8457256355864
Improvement after: 5678 steps, with return 2868.8544825876843, Elapsed: 2122.019275
Reevaluate after: 5729 steps, with return 98.89090852229074
Reevaluate after: 5780 steps, with return 63.27240039169893
Reevaluate after: 5831 steps, with return -220.11538792518564
Reevaluate after: 5882 steps, with return 325.76182967028217
Reevaluate after: 5933 steps, with return 96.450254636769
Reevaluate after: 5984 steps, with return 408.3393410586822
Reevaluate after: 6035 steps, with return -168.62518140117714
Reevaluate after: 6086 steps, with return 1138.1845665238093
Reevaluate after: 6137 steps, with return 917.8155746359922
Reevaluate after: 6188 steps, with return 619.9600933285495
Reevaluate after: 6239 steps, with return -191.21360486163695
Reevaluate after: 6290 steps, with return 166.13153155431087
Reevaluate after: 6341 steps, with return 883.5625318014603
Reevaluate after: 6392 steps, with return 69.88699008647166
Reevaluate after: 6443 steps, with return 477.5349620622052
Reevaluate after: 6494 steps, with return 311.85726871474264
Reevaluate after: 6545 steps, with return 1145.7268733854007
Reevaluate after: 6596 steps, with return -674.9650877836984
Reevaluate after: 6647 steps, with return 2338.1585952339783
Reevaluate after: 6698 steps, with return 1295.0351961418078
Reevaluate after: 6749 steps, with return -150.36652294451534
Reevaluate after: 6800 steps, with return 1516.8728131565538
Reevaluate after: 6851 steps, with return 1222.1546269890828
Reevaluate after: 6902 steps, with return 1915.8844096014993
Reevaluate after: 6953 steps, with return -491.1426373498597
Reevaluate after: 7004 steps, with return -170.60997392689856
Reevaluate after: 7055 steps, with return 1198.0550663996269
Reevaluate after: 7106 steps, with return 717.4068025093006
Reevaluate after: 7157 steps, with return 361.0173211449056
Reevaluate after: 7208 steps, with return 1009.1759888324148
Reevaluate after: 7259 steps, with return -86.7441408302657
Reevaluate after: 7310 steps, with return -136.18336911578075
Reevaluate after: 7361 steps, with return 1458.4258532812612
Reevaluate after: 7412 steps, with return 1157.794215182858
Reevaluate after: 7463 steps, with return -258.3358853655979
Reevaluate after: 7514 steps, with return 1105.920754847648
Reevaluate after: 7565 steps, with return -316.7296627144169
Reevaluate after: 7616 steps, with return 635.8167202002867
Reevaluate after: 7667 steps, with return 280.99347362766366
Reevaluate after: 7718 steps, with return 1407.9288159068508
Reevaluate after: 7769 steps, with return -86.82450493853496
Reevaluate after: 7820 steps, with return 1108.6328630170065
Reevaluate after: 7871 steps, with return 27.601992535227225
Reevaluate after: 7922 steps, with return 1350.534985367918
Reevaluate after: 7973 steps, with return 149.34649613213637
Reevaluate after: 8024 steps, with return 1570.3537155718163
Reevaluate after: 8075 steps, with return 11.883072344029884
Reevaluate after: 8126 steps, with return -1746.7023539994493
Reevaluate after: 8177 steps, with return -4631.208354356453
Reevaluate after: 8228 steps, with return 170.61541754277923
Reevaluate after: 8279 steps, with return 1312.3173222324265
Reevaluate after: 8330 steps, with return 31.86972836033317
Reevaluate after: 8381 steps, with return -176.55012595253143
Reevaluate after: 8432 steps, with return 761.4686544051065
Reevaluate after: 8483 steps, with return -762.5515730905636
Reevaluate after: 8534 steps, with return -548.6070361513475
Reevaluate after: 8585 steps, with return 1961.1551356561577
Reevaluate after: 8636 steps, with return 688.6051915308648
Reevaluate after: 8687 steps, with return -1479.6162498765248
Reevaluate after: 8738 steps, with return 1689.9099048505498
Reevaluate after: 8789 steps, with return -7.967235936774394
Reevaluate after: 8840 steps, with return 358.04845558713276
Reevaluate after: 8891 steps, with return 645.3209200810695
Reevaluate after: 8942 steps, with return 191.5046596034951
Reevaluate after: 8993 steps, with return -668.9916649415352
Reevaluate after: 9044 steps, with return 1967.7460079619996
Reevaluate after: 9095 steps, with return -501.91121926672866
Reevaluate after: 9146 steps, with return -592.2488084627487
Reevaluate after: 9197 steps, with return -600.6608053528586
Reevaluate after: 9248 steps, with return 428.5700624444962
Reevaluate after: 9299 steps, with return -69.41953030576646
Reevaluate after: 9350 steps, with return 1266.8738674462788
Reevaluate after: 9401 steps, with return 272.1880360165986
Reevaluate after: 9452 steps, with return 1029.8617302788161
Reevaluate after: 9503 steps, with return 1180.5867375877585
Reevaluate after: 9554 steps, with return 564.37859682884
Reevaluate after: 9605 steps, with return 1606.7976746141724
Reevaluate after: 9656 steps, with return 554.8358280534003
Reevaluate after: 9707 steps, with return 1502.366630444311
Reevaluate after: 9758 steps, with return -166.42992318116416
Reevaluate after: 9809 steps, with return 386.5078863845408
Reevaluate after: 9860 steps, with return -277.86099607388803
Reevaluate after: 9911 steps, with return 910.5057305215156
Reevaluate after: 9962 steps, with return -566.450513041307
Reevaluate after: 10013 steps, with return 553.4441092302682
Reevaluate after: 10064 steps, with return 564.1726602495625
Reevaluate after: 10115 steps, with return 364.7499581368511
Reevaluate after: 10166 steps, with return 36.89362542353867
Reevaluate after: 10217 steps, with return -573.515137813761
Reevaluate after: 10268 steps, with return 396.3940555395473
Reevaluate after: 10319 steps, with return -196.4773369342265
Reevaluate after: 10370 steps, with return -317.3084288027452
Reevaluate after: 10421 steps, with return 1519.6753869410563
Reevaluate after: 10472 steps, with return 1211.8442622564378
Reevaluate after: 10523 steps, with return 532.2413731920112
Reevaluate after: 10574 steps, with return 1293.4773682943578
Reevaluate after: 10625 steps, with return -1386.075426508117
Reevaluate after: 10676 steps, with return 2043.5832684609818
Reevaluate after: 10727 steps, with return -2416.124618082689
Reevaluate after: 10778 steps, with return -768.8520939631777
Reevaluate after: 10829 steps, with return -0.34882483816319587
Reevaluate after: 10880 steps, with return -178.46085603493017
Reevaluate after: 10931 steps, with return 246.75335489901417
Reevaluate after: 10982 steps, with return 1271.0838093515451
Reevaluate after: 11033 steps, with return 1273.0388311155314
Reevaluate after: 11084 steps, with return 497.76040328183825
Reevaluate after: 11135 steps, with return 807.5668290842802
Reevaluate after: 11186 steps, with return 464.53520240972165
Reevaluate after: 11237 steps, with return 654.9761779065573
Reevaluate after: 11288 steps, with return 113.47141528437632
Reevaluate after: 11339 steps, with return 2002.2034619424146
Reevaluate after: 11390 steps, with return 916.542287552095
Reevaluate after: 11441 steps, with return 1196.9878620233892
Reevaluate after: 11492 steps, with return 1193.9600675137401
Reevaluate after: 11543 steps, with return -321.4687186256811
Reevaluate after: 11594 steps, with return 2079.6863355260816
Reevaluate after: 11645 steps, with return -34.70171046306683
Reevaluate after: 11696 steps, with return 1643.866870788196
Reevaluate after: 11747 steps, with return 659.4489197409354
Reevaluate after: 11798 steps, with return 25.63505742950282
Reevaluate after: 11849 steps, with return -37.81366406979038
Reevaluate after: 11900 steps, with return 381.40066717145663
Reevaluate after: 11951 steps, with return 1273.99865652574
Reevaluate after: 12002 steps, with return -329.1720581530694
Reevaluate after: 12053 steps, with return 504.14283292434203
Reevaluate after: 12104 steps, with return -630.6501778192633
Reevaluate after: 12155 steps, with return 1168.333518557271
Reevaluate after: 12206 steps, with return -786.0059438649616
Reevaluate after: 12257 steps, with return -722.7410623310443
Reevaluate after: 12308 steps, with return 52.67586501814192
Reevaluate after: 12359 steps, with return -612.2608631283161
Reevaluate after: 12410 steps, with return 1119.4105357638482
Reevaluate after: 12461 steps, with return 1222.924915821338
Reevaluate after: 12512 steps, with return 1508.645761779743
Reevaluate after: 12563 steps, with return 29.153113005595667
Reevaluate after: 12614 steps, with return 576.0501661385515
Reevaluate after: 12665 steps, with return 1917.1457217865136
Reevaluate after: 12716 steps, with return 91.29266718372676
Reevaluate after: 12767 steps, with return 1169.3352952927544
Reevaluate after: 12818 steps, with return 533.9781534881462
Reevaluate after: 12869 steps, with return 118.30881282686842
Reevaluate after: 12920 steps, with return -521.4952447062929
Reevaluate after: 12971 steps, with return 514.1191518004982
Reevaluate after: 13022 steps, with return -1128.5062379417973
Reevaluate after: 13073 steps, with return 1910.0335874141947
Reevaluate after: 13124 steps, with return 1932.6077706135554
Reevaluate after: 13175 steps, with return 576.6400640356841
Reevaluate after: 13226 steps, with return -73.21771265452816
Reevaluate after: 13277 steps, with return 590.0869524161246
Reevaluate after: 13328 steps, with return 1074.8850162112435
Reevaluate after: 13379 steps, with return -222.57760090592606
Reevaluate after: 13430 steps, with return -980.5233828513801
Reevaluate after: 13481 steps, with return 156.38208203044076
Reevaluate after: 13532 steps, with return 1586.7606981802335
Reevaluate after: 13583 steps, with return 423.0210377505388
Reevaluate after: 13634 steps, with return 533.2587641675229
Reevaluate after: 13685 steps, with return 537.1456311286013
Reevaluate after: 13736 steps, with return 1195.7637118304544
Reevaluate after: 13787 steps, with return -457.6118220020136
Reevaluate after: 13838 steps, with return -63.487703695710785
Reevaluate after: 13889 steps, with return 1975.0405017400662
Reevaluate after: 13940 steps, with return 628.5945830209433
Reevaluate after: 13991 steps, with return 1512.964578491362
Reevaluate after: 14042 steps, with return 1272.9269019668886
Reevaluate after: 14093 steps, with return 1372.9891205394338
Reevaluate after: 14144 steps, with return -660.8963930384361
Reevaluate after: 14195 steps, with return 1632.5005067213829
Reevaluate after: 14246 steps, with return 339.2111465031015
Reevaluate after: 14297 steps, with return 1346.200111345571
Reevaluate after: 14348 steps, with return -252.64395640718152
Reevaluate after: 14399 steps, with return -17.775811757251162
Reevaluate after: 14450 steps, with return 289.9018339598475
Reevaluate after: 14501 steps, with return 298.4014263511353
Reevaluate after: 14552 steps, with return 1032.92912332263
Reevaluate after: 14603 steps, with return 968.5746804966805
Reevaluate after: 14654 steps, with return 126.43044853611414
Reevaluate after: 14705 steps, with return 1153.6889844677087
Reevaluate after: 14756 steps, with return 1429.291308773818
Reevaluate after: 14807 steps, with return 640.6131413410928
Reevaluate after: 14858 steps, with return 781.4588290699415
Reevaluate after: 14909 steps, with return 1447.5443445421495
Reevaluate after: 14960 steps, with return 366.53505810815614
Reevaluate after: 15011 steps, with return -499.04996113266236
Reevaluate after: 15062 steps, with return 179.585611262673
Reevaluate after: 15113 steps, with return 820.2532782112218
Reevaluate after: 15164 steps, with return 357.94969980741644
Reevaluate after: 15215 steps, with return 150.0993992916232
Reevaluate after: 15266 steps, with return 467.6047387610544
Reevaluate after: 15317 steps, with return 596.3343476207173
Reevaluate after: 15368 steps, with return 613.110067495624
Reevaluate after: 15419 steps, with return -568.3743845080306
Reevaluate after: 15470 steps, with return 391.00951875958424
Reevaluate after: 15521 steps, with return 214.26225778036542
Reevaluate after: 15572 steps, with return 1402.950911096283
Reevaluate after: 15623 steps, with return 153.38117341800586
Reevaluate after: 15674 steps, with return -306.6235913745024
Reevaluate after: 15725 steps, with return 851.5893162845701
Reevaluate after: 15776 steps, with return 574.3231400089727
Reevaluate after: 15827 steps, with return 989.1973346344832
Reevaluate after: 15878 steps, with return 1127.803945983186
Reevaluate after: 15929 steps, with return -53.328293073229176
Reevaluate after: 15980 steps, with return 1797.9393295656907
Reevaluate after: 16031 steps, with return 907.2624787463861
Reevaluate after: 16082 steps, with return 312.74701885338305
Reevaluate after: 16133 steps, with return 1105.5770102310714
Reevaluate after: 16184 steps, with return 1356.1821992208738
Reevaluate after: 16235 steps, with return 410.57549828420053
Reevaluate after: 16286 steps, with return 1087.423536653265
Reevaluate after: 16337 steps, with return 931.5932010492488
Reevaluate after: 16388 steps, with return 1298.3846601020448
Reevaluate after: 16439 steps, with return 972.1208992313523
Reevaluate after: 16490 steps, with return -670.9014810851633
Reevaluate after: 16541 steps, with return 1435.61183741831
Reevaluate after: 16592 steps, with return 938.4960283461371
Reevaluate after: 16643 steps, with return 1400.8430364124451
Reevaluate after: 16694 steps, with return 1824.3670453432492
Reevaluate after: 16745 steps, with return -355.5630028967731
Reevaluate after: 16796 steps, with return 581.4976963012751
Reevaluate after: 16847 steps, with return 964.6273171760556
Reevaluate after: 16898 steps, with return -20.473814363604255
Reevaluate after: 16949 steps, with return 202.624287453161
Reevaluate after: 17000 steps, with return -131.59852218354007
Reevaluate after: 17051 steps, with return 706.9510289269381
Reevaluate after: 17102 steps, with return -1559.6102526326738
Reevaluate after: 17153 steps, with return 1000.9546284502321
Reevaluate after: 17204 steps, with return 70.54887715521173
Reevaluate after: 17255 steps, with return -659.3688413893814
Reevaluate after: 17306 steps, with return 118.16189223201184
Reevaluate after: 17357 steps, with return 842.0783924013087
Reevaluate after: 17408 steps, with return 122.79749220736706
Reevaluate after: 17459 steps, with return 2139.7841857808467
Reevaluate after: 17510 steps, with return 1891.0362347702169
Reevaluate after: 17561 steps, with return -228.7582752521797
Reevaluate after: 17612 steps, with return -6657.692778636231
Reevaluate after: 17663 steps, with return 73.21229872688238
Reevaluate after: 17714 steps, with return -227.37651351285427
Reevaluate after: 17765 steps, with return -62.711971061227324
Reevaluate after: 17816 steps, with return 1313.7394014811173
Reevaluate after: 17867 steps, with return -716.2930220321027
Reevaluate after: 17918 steps, with return 1658.2311982494527
Reevaluate after: 17969 steps, with return -75.54667398018206
Reevaluate after: 18020 steps, with return -292.6667973198134
Reevaluate after: 18071 steps, with return -142.18240558522314
Reevaluate after: 18122 steps, with return -136.34488161057803
Reevaluate after: 18173 steps, with return 1199.5535633788436
Reevaluate after: 18224 steps, with return 202.5297264384847
Reevaluate after: 18275 steps, with return 287.161905308645
Reevaluate after: 18326 steps, with return 2737.2922833614184
Reevaluate after: 18377 steps, with return 878.9597782659536
Reevaluate after: 18428 steps, with return 913.3418917248479
Reevaluate after: 18479 steps, with return -702.3080945974586
Reevaluate after: 18530 steps, with return -1450.5073031654179
Reevaluate after: 18581 steps, with return 1276.7531147215082
Reevaluate after: 18632 steps, with return 1663.4238677844987
Reevaluate after: 18683 steps, with return -380.9030638518027
Reevaluate after: 18734 steps, with return 898.3733128820556
Reevaluate after: 18785 steps, with return 669.7315214802084
Reevaluate after: 18836 steps, with return -353.9449482279573
Reevaluate after: 18887 steps, with return -1705.5832830006689
Reevaluate after: 18938 steps, with return 1737.9075996914337
Reevaluate after: 18989 steps, with return 1568.0957669747213
Reevaluate after: 19040 steps, with return 1058.5476248819646
Reevaluate after: 19091 steps, with return 699.4684058488621
Reevaluate after: 19142 steps, with return 606.4720385746118
Reevaluate after: 19193 steps, with return -125.35558492788498
Reevaluate after: 19244 steps, with return 1827.1964304402347
Reevaluate after: 19295 steps, with return 480.04394378154865
Reevaluate after: 19346 steps, with return 1071.5231362195814
Reevaluate after: 19397 steps, with return 258.0731350622115
Reevaluate after: 19448 steps, with return -1046.121691979173
Reevaluate after: 19499 steps, with return 2211.8623792093827
Reevaluate after: 19550 steps, with return -361.7851942296453
Reevaluate after: 19601 steps, with return -599.9541921137738
Reevaluate after: 19652 steps, with return 1110.5053832506865
Reevaluate after: 19703 steps, with return 729.8438216252385
Reevaluate after: 19754 steps, with return 299.7143835262361
Reevaluate after: 19805 steps, with return -891.7405009883572
Reevaluate after: 19856 steps, with return -113.61040802521322
Reevaluate after: 19907 steps, with return 746.1038073053212
Reevaluate after: 19958 steps, with return -1752.4298779733203
Total steps done: 20000
