0;20.37362896830436;22.205548225521234;0.005666
50;53.43377267490821;31.35294276648272;0.415926
100;235.19598899858408;77.6761238200906;1.676223
150;1016.5137808217501;140.07184971710518;4.531988
200;1098.6940236921162;266.1917974841394;11.643481
250;1198.400727115769;334.42663041849994;18.274233
300;1129.5118646300782;359.00939428320936;24.098653
350;1199.8474816788582;403.47081800319665;31.289686
400;1199.8498408043183;440.3981114966203;39.493376
450;1199.857468656575;464.04443310615477;46.460165
500;1199.8534537039197;488.3249004364921;53.919669
550;1199.8408253213156;493.84905633851935;59.972825
600;1199.8557217469338;514.3148188474755;67.673583
650;1199.8537234233468;522.034770561123;74.287822
700;1176.5956242441978;525.9248101989576;80.598555
750;1199.856128087958;535.4314714308028;87.675157
800;1199.860945701487;544.2505314630444;94.889562
850;1199.851481150997;556.1541992566275;102.690295
900;1176.455272494507;562.8521990557701;109.86474
950;1199.8545611101788;566.9246335461742;116.710278
1000;1199.8496038909298;571.1063153358216;123.676112
1050;1199.8532187941219;572.2852774496932;130.192455
1100;1176.4518052411197;577.363596476915;137.474287
1150;1199.8541339804751;585.9597127338371;145.479021
1200;1199.8544891498555;595.9858733829979;154.012156
1250;1199.8425319463631;601.0581945204802;161.604318
1300;1176.359683128086;599.5659417969882;167.748724
1350;1199.8528218541373;600.2758581738401;174.433821
1400;1199.8471931146332;601.2848894655651;181.195196
1450;1199.853072131807;600.5210862937181;187.479359
1500;1199.8475430416997;606.4167464779865;195.568516
1550;1199.8960253919718;614.7235319834009;204.260381
1600;1199.8953615489156;620.9501632465468;212.605963
1650;1199.8946546894883;623.859302271874;220.061963
1700;1199.889510366934;633.5367664347644;229.648556
1750;1199.9077276597861;641.1161614734575;238.62235
1800;1199.9046080143778;647.4108411951273;247.419316
1850;1199.9138207664482;650.3973391510453;255.24992
1900;1129.179669844916;650.9823637251238;262.240325
1950;1129.091800662158;649.8219420106763;268.695234
2000;1199.9304184378045;651.1884167539481;276.028833
2050;1199.930291503544;657.4560024008299;285.217757
2100;1199.9297046969834;659.513040530688;292.959397
2150;1199.9128355868486;664.8067272732463;301.905116
2200;1199.914874072309;665.9256276164919;309.382882
2250;1199.9086721970398;666.6465603871634;316.720749
2300;1176.7731516974707;668.3582209078547;324.474593
2350;1199.928300479074;667.7304451127684;331.100417
2400;1199.9302034691011;671.5506352624668;339.759568
2450;1199.9282097821765;674.6576277147359;348.197094
2500;1199.9276838364278;677.4909907430407;356.583352
2550;1199.932647395723;681.5262460757806;365.524344
2600;1199.93235644687;687.2363899206289;375.322534
2650;1199.930594378793;691.9956023523669;384.750491
2700;1199.9266824131157;694.9996315341863;393.462082
2750;1199.9268563996245;697.0399165072974;401.752835
2800;1199.9207187755296;698.2475646085865;409.618581
2850;1060.5629624996625;700.3234755200373;417.848302
2900;1199.9405498507087;698.7415173670503;424.117931
2950;1152.782007935683;697.4036506151365;430.762608
3000;1059.2524710233813;695.1626588545417;436.697457
3050;1036.543168146286;694.18645616922;443.293722
3100;1105.2739822883934;691.6304944080097;449.014758
3150;1199.8195299289014;689.6338954654985;455.100802
3200;1199.9023617659907;687.6591758041494;461.11866
3250;1199.9414044008674;689.0878026690136;469.060706
3300;1199.941354532848;690.2315553049293;476.97965
3350;1152.8057778111083;691.3080210208475;484.88534
3400;1199.8769055411933;690.3089302386863;491.463521
3450;1199.9337398533387;691.806754804107;500.614096
3500;1199.9291727763684;694.565219334883;510.134861
3550;1199.9402534966987;695.6497842030358;518.592456
3600;1176.4221887096905;695.3010820858162;525.697299
3650;1129.5735264441485;695.531396200433;533.18363
3700;1199.9465272065388;697.011433657829;541.310378
3750;1199.9394257585034;697.6852656525807;549.112804
3800;1199.9549211101462;696.9813525975745;555.777963
3850;1199.961055398252;697.7138101932604;563.421192
3900;1199.961735306017;700.1277259392645;572.407736
3950;1199.96201715057;700.2102479640744;579.79739
4000;1199.9640039178485;701.3448718565309;587.95661
4050;1199.9648566254943;703.8107222713588;597.070088
4100;1199.9619619769392;704.6889375124484;605.100923
4150;1199.9643849246886;705.8609564767415;613.335074
4200;1199.965048480388;706.6229675603196;621.264735
4250;1129.789523870752;706.1863225535407;628.351751
4300;1199.9487312960512;706.6281268526391;635.997251
4350;1199.9488415992923;705.9557693121334;642.703361
4400;1199.951904185282;704.7076424487863;649.052339
4450;1199.951924659065;703.8527150999148;655.6697
4500;1176.4471021831603;702.1946500734136;661.546974
4550;1199.9472727323493;701.4242655454957;668.214398
4600;1152.6680775832565;703.4602487823452;677.461685
4650;1106.4028714393673;703.1694621395529;684.482956
4700;1129.373177536356;703.3500927142504;691.829862
4750;1105.893922807663;703.1729973188388;698.828891
4800;988.3843855396216;704.8914624091759;707.579998
4850;988.6765420342099;705.5045008167889;715.169577
4900;1153.0168412488101;705.0093302051298;721.775145
4950;1059.0536322126957;706.283833726376;730.202927
5000;1129.7135775727959;705.9814786174027;737.165946
5050;1199.0587407449352;706.3538244422389;744.830519
5100;1199.9295169652546;706.1971916341704;751.985343
5150;1199.9271853066518;709.1504093904019;762.095097
5200;1199.9113357402741;711.6494579894805;771.723005
5250;1153.6873794154824;714.2608051923169;781.602648
5300;1199.9047967849508;715.927239066106;790.647648
5350;1176.352543756206;717.4141684556819;799.730661
5400;1153.1445285215823;718.5590877539853;808.775381
5450;1084.178218349138;720.1737270452559;817.73716
5500;1199.8028117835156;721.8296964067487;826.835588
5550;1199.9034121445723;725.6481109819775;838.111431
5600;1199.911391627272;729.4810373268282;849.59604
5650;1199.8878535792603;733.1672279888553;861.261773
5700;1199.8896260395431;736.7017850662411;872.68834
5750;1199.8911750562363;740.381240192474;884.19006
5800;1199.8864391004022;744.1147784550052;895.862825
5850;1199.8915912094762;747.9022293225638;907.646678
5900;1177.0480073070366;750.1832782129849;917.713711
5950;1199.9404258716518;753.0727965730648;928.500358
6000;1199.911973675994;756.0218822170741;939.540887
6050;1199.9201324917656;758.9240563453227;950.590264
6100;1083.4135317084144;761.1682759910908;960.892986
6150;1199.6813457205744;763.7595978947394;971.642408
6200;1199.782075450067;764.6062792935155;980.479007
6250;1199.7604222796283;765.2610985983436;989.081756
6300;1199.8342048494271;765.8620726394223;997.767462
6350;1199.9324811558927;768.3582184769164;1008.514841
6400;1199.9573464628475;770.2954697868346;1018.648084
6450;1199.9313694391437;773.5051696741365;1030.282506
6500;1199.920589081649;776.4485346122218;1042.137536
6550;1199.9192597607528;779.405179114243;1053.736954
6600;1199.9434643385632;781.2510249237109;1063.956995
6650;1199.9487831466597;783.3289730436243;1074.609546
6700;1199.9548428826038;785.6596298668994;1085.437049
6750;1199.9554111096818;788.1419524684105;1096.688725
6800;1199.9696445956656;790.415330811005;1107.604212
6850;1199.9716145160598;792.8555131869076;1118.862967
6900;1199.9689004505117;794.6954578874876;1129.309332
6950;1199.9642522233253;797.1488336400032;1140.64063
7000;1199.9607514839079;799.3116081732767;1151.515713
7050;1199.9602638813494;801.752713045948;1162.928291
7100;1199.9651189158662;803.7187432913896;1173.773049
7150;1199.9647541430418;805.6383763489515;1184.577012
7200;1199.9641045739345;807.4469090813427;1195.318081
7250;1199.9693351137055;809.8254517285751;1206.80263
7300;1199.9682612491258;810.7713275374907;1216.445643
7350;1199.968311375276;812.9439620462956;1228.061383
7400;1199.966250195238;814.8876351278078;1239.127181
7450;1199.963517038063;816.389088915216;1249.594418
7500;1199.9624222692555;818.3269427043347;1260.667795
7550;1199.9619302752262;819.8506204373025;1271.229268
7600;1199.9639601830513;821.3525771109704;1281.64742
7650;1199.9636640772565;823.1139217368473;1292.572778
7700;1199.9341593605416;825.3042158945407;1304.046796
7750;1199.934803622357;826.8963288844692;1314.833262
7800;1199.9336638098916;828.1337652147548;1325.142332
7850;1199.9376738017352;829.987359803973;1336.328707
7900;1199.9501074421275;832.1381347010522;1347.99153
7950;1199.944780433987;834.0321492166321;1359.303791
8000;1199.9604105280907;835.7382554930592;1370.401713
8050;1199.9619834447167;837.2952843734831;1381.292527
8100;1199.954031820499;837.963228413998;1390.781019
8150;1199.960932715522;839.1689948979866;1401.514623
8200;1199.9539466332828;840.4149698856218;1412.183255
8250;1199.9571416720803;841.930865052;1423.158742
8300;1199.959876441706;842.635961479953;1432.783928
8350;1199.9605873886126;843.8253488126859;1443.279523
8400;1199.9445091366565;844.468905074815;1453.007257
8450;1199.9671447728515;845.3992159885177;1462.9797
8500;1199.9738262837159;846.8346788571047;1473.920929
8550;1199.9684138238863;848.461874472931;1485.178225
8600;1199.9742556429737;849.3701113481183;1495.347035
8650;1199.969485136628;849.8439373567338;1504.856489
8700;1199.9704313514203;850.6680374665991;1514.91733
8750;1199.9702564908505;851.1592396135395;1524.481911
8800;1199.9660038536906;852.2477375754781;1535.01533
8850;1199.9711040244506;852.9524936902804;1544.901882
8900;1199.9723380190924;853.6605868642889;1554.859222
8950;1199.9681830958941;854.4709928136563;1564.977123
9000;1199.9738737836974;855.5249446875082;1575.518414
9050;1199.9721100051895;855.9682180447192;1585.445348
9100;1199.973495107388;856.812800944648;1595.753499
9150;1199.9706264426939;857.4738160600307;1605.680097
9200;1199.9715221878544;858.3949075673963;1616.070128
9250;1199.9679360007724;859.2588879745545;1626.359342
9300;1199.9684868252166;859.9530420661849;1636.363664
9350;1199.972195120696;860.7888622145999;1646.638265
9400;1199.971164160315;861.9275725364206;1657.452414
9450;1199.9709837447328;863.3580482115135;1668.785368
9500;1199.9731402512546;864.388092067417;1679.705817
9550;1199.969911128503;865.3676824244475;1690.39374
9600;1199.9694607753233;865.7521044382506;1700.064216
9650;1199.9729192625196;866.5598029100136;1710.470827
9700;1199.970357978884;867.1295616752076;1720.497549
9750;1199.9682350939459;868.0207204715078;1731.063718
9800;1199.9706152660503;868.8848742399006;1741.589689
9850;1199.9710151311738;869.6209648718623;1751.921064
9900;1199.9692418553313;870.7700165776206;1763.243738
9950;1199.971504695733;872.0881587109435;1774.902555
10000;1199.9737543705173;872.7842407468336;1785.202844
10050;1199.969324550368;872.8162454336466;1794.802588
10100;1199.965402382267;873.248388692767;1804.642158
10150;1199.9648385961816;873.8769109621337;1814.693259
10200;1199.967963912852;874.6006501436015;1825.134505
10250;1199.9728857835391;875.0768795046224;1835.826956
10300;1199.9682395660766;875.1668468617139;1845.061573
10350;1199.9711196868727;875.5193976685263;1854.789459
10400;1199.9687063066672;876.4629600876276;1865.633055
10450;1199.9699626295742;877.647714410877;1877.06351
10500;1199.9714980983074;878.3414566439989;1887.44786
10550;1199.9612389248255;878.9357838631609;1897.670278
10600;1199.9617588788412;879.387195590235;1907.636459
10650;1199.9618443080922;879.8617188887945;1917.624819
10700;1199.9669483519435;880.5955559981716;1928.131349
10750;1199.9684296663572;881.1844517502714;1938.383205
10800;1199.9721268024803;881.5541335406333;1948.592284
10850;1199.9728906677565;882.0109609445085;1958.672185
10900;1199.9684831516383;882.6872740366686;1969.163417
10950;1199.9708219968506;883.5327465080373;1979.979796
11000;1199.964924290301;884.0319255953591;1990.153674
11050;1199.9689715665263;884.9863308088964;2001.268215
11100;1199.9701692297836;885.6284903961971;2011.732865
11150;1199.9656169555872;886.490333373051;2022.642065
11200;1199.9669133893908;886.9653219490505;2032.781336
11250;1199.968920048864;887.3703153123455;2042.630656
11300;1199.9666625723064;887.7238205349477;2052.553478
11350;1199.9549740443142;887.8546494206239;2061.841967
11400;1199.9571975760489;888.0426310148157;2071.415119
11450;1199.955934430955;888.3618669998692;2081.245325
11500;1176.880620245202;889.118117082058;2092.007344
11550;1199.9536893387815;889.3065609798402;2101.569161
11600;1199.955071003121;889.4764093840124;2111.086995
11650;1199.9682868970674;889.521240214275;2120.376936
11700;1199.9642158329364;890.2979400386693;2131.628377
11750;1199.961116263213;890.8668781448788;2142.130578
11800;1199.9533613417088;891.753679669372;2153.068838
11850;1199.9640855939585;892.5809435925116;2163.912201
11900;1199.9615374380896;893.4968388143016;2175.095494
11950;1199.9646754864207;894.0348483084402;2185.470743
12000;1199.9523253240206;894.6068565716529;2195.932709
12050;1199.9485498994954;895.5069023976783;2206.962047
12100;1176.5819369977921;895.2802029911302;2215.69585
12150;1199.9675679143088;895.197609261125;2224.753774
12200;1199.962597109615;895.4291947000903;2234.560478
12250;1199.9652520521647;894.8519099404475;2242.500856
12300;1199.9669547020221;894.9649037561737;2251.845163
12350;1199.963700191915;895.1705032710732;2261.542956
12400;1199.9652703963254;895.7286774034748;2272.041304
12450;1199.961889098106;895.5880373393811;2280.976279
12500;1199.9604812571038;895.8050373500414;2290.699405
12550;1199.8492076637417;895.7698265072863;2299.886904
12600;1107.0143678146253;895.6514188643463;2309.108549
12650;1106.4913587773783;895.2383490757902;2317.503137
12700;1199.8435570110364;895.592519174556;2327.391919
12750;1155.1185426449529;895.1019709140146;2335.368598
12800;1199.9121987182111;894.9246364473896;2344.136493
12850;1176.9912621322298;894.6771651046398;2352.782524
12900;1154.5738469988758;895.1389247587699;2362.880595
12950;1107.683157709685;895.0725975390194;2371.756558
13000;1154.1265533728802;895.1745138001764;2381.16191
13050;1176.887358336037;895.1807758992055;2390.376886
13100;1176.6147624543573;895.0343964551796;2399.076986
13150;1199.9087555198096;895.3053018202605;2408.938943
13200;1176.4221798731214;895.7955995952811;2419.419582
13250;1199.90453784605;896.329217294861;2429.941829
13300;1176.709793896385;897.188027921381;2441.264376
13350;1199.9466854890225;897.940192580338;2452.169367
13400;1176.7365717715627;898.69030662408;2463.096655
13450;1177.0179240241926;899.2084784973695;2473.624943
13500;1199.9455299154813;899.90041196691;2484.584332
13550;1177.445239597842;900.4666858542092;2495.706819
13600;1154.2330143813874;900.9131103656351;2506.128446
13650;1153.9344556028486;901.092200502219;2515.828106
13700;1130.2928362645405;901.1716690072294;2525.076158
13750;1176.7796546772024;901.0391849961627;2533.919224
13800;1177.5527067947755;900.5347728840047;2541.887843
13850;1129.9424981969353;900.4754329074465;2550.824121
13900;1037.2053776039925;899.8965013647;2558.548863
13950;1037.0073729108296;899.4079294670181;2566.406679
14000;1153.5996422850249;898.9427599639739;2574.31751
14050;1107.5753535221668;898.9488193233767;2583.564269
14100;1107.2219991658917;899.2387416126086;2593.57259
14150;1060.313231343084;899.0340819883779;2602.344677
14200;1107.6391595826071;899.4019779250542;2612.216599
14250;1199.9191528196316;899.7253402183459;2622.013338
14300;1199.8814403299245;900.3644294234309;2632.84907
14350;1199.9182827392824;900.7779902238149;2642.992314
14400;1199.916316102179;901.3497879317672;2653.714074
14450;1199.9453070042573;902.099854287898;2664.772208
14500;1199.9448568990724;902.8127522879275;2675.870081
14550;1199.9353846523054;903.6005826589198;2687.200554
14600;1199.9331572333128;904.4469732035576;2698.641502
14650;1199.9331147055223;904.976230154156;2709.341682
14700;1199.9443221834124;905.4704288693547;2719.85711
14750;1199.9352418153994;906.0264558713565;2730.581614
14800;1199.932905709639;906.4595546153056;2740.847527
14850;1153.6894219213882;906.7296673167522;2750.808743
14900;1153.22979232106;907.3559274988713;2761.716186
14950;1154.5179600598553;907.841062038624;2772.065979
15000;1177.4782758507317;908.3813321645166;2782.799658
15050;1199.938913073718;908.938380881171;2794.561393
15100;1199.9347000712696;909.7963908124318;2807.084302
15150;1199.9462322424397;910.5596019920245;2819.183419
15200;1199.9526520471334;911.4625953773748;2831.032587
15250;1199.9467461482375;912.2919576103621;2842.632345
15300;1199.9531187397658;913.0569367712703;2853.913234
15350;1199.9561480746486;913.8917861583792;2865.543119
15400;1199.9316629351492;914.1893714707165;2875.677131
15450;1199.9373398849891;914.545051170568;2885.975596
15500;1199.9554303449324;915.3475761337238;2897.486058
15550;1199.9463356110418;916.1131323690568;2909.32896
15600;1199.918306442091;916.9463786219047;2921.95924
15650;1199.930634480452;917.7543449427104;2934.197777
15700;1177.3490921939335;918.0141872928097;2944.663433
15750;1199.9409515832872;918.1427539619319;2954.510425
15800;1199.9490051652483;918.4014605523456;2964.617542
15850;1199.9416437365874;918.9406502080028;2975.364438
15900;1199.9393259730796;919.511277684733;2986.350333
15950;1199.9384492715296;919.9074009309055;2996.888433
16000;1199.9419307372425;920.2396485714357;3007.26463
16050;1199.9426549229515;920.8642246543826;3018.422528
16100;1199.9574655007566;921.4399442029353;3029.356761
16150;1199.9562024862735;922.0633239432265;3040.565987
16200;1199.954126294949;922.7815088418598;3052.083743
16250;1199.9523072235502;923.4607211135753;3063.486758
16300;1199.9740439761167;924.2466874884692;3074.911099
16350;1199.9800161265973;924.3121207881634;3084.174101
16400;1199.9710656094896;925.0978238096608;3095.552391
16450;1199.9816849230303;925.5870074523216;3106.22303
16500;1131.1804430640834;925.1038322104757;3113.892186
16550;1108.363496324618;924.2983233347918;3120.712052
16600;1131.8280271143856;923.5698087676273;3127.738126
16650;1199.9646149198486;923.840830704229;3137.726467
16700;1153.4564663971607;924.0153030635325;3147.381426
16750;1199.9310109454677;923.6960866711353;3155.657516
16800;1199.949024367448;923.7822277555848;3165.052507
16850;1199.9659060052504;924.0215408111328;3175.150719
16900;1153.5011373400785;924.0867027099333;3184.491279
16950;1199.9659545349634;923.6803778712352;3192.346181
17000;1176.8241279709828;923.3810462317621;3200.73868
17050;1036.8275464479177;923.2080422820649;3209.513098
17100;1199.9201800221467;922.7766126005503;3217.365677
17150;1130.699569928828;923.0506170762668;3227.36568
17200;1176.5291910374242;922.8915037585953;3236.145332
17250;1199.9524377687087;922.6544684985034;3244.60695
17300;1176.5463043773373;922.3855866038597;3253.118199
17350;1129.8491005736607;922.3432336724444;3262.168773
17400;1199.9632067041775;922.3415251111971;3271.462734
17450;1176.878563470517;921.974368686433;3279.487232
17500;1176.593512535757;921.7958875067362;3288.149541
17550;1107.2429726883042;921.3891536578922;3296.317874
17600;1130.5072033456213;920.6784869057473;3303.813858
17650;1199.9744728628893;920.229086818587;3311.747318
17700;1199.971732632107;920.2830765796851;3321.206689
17750;1154.5458829543534;920.2876546221759;3330.384595
17800;1130.2972933617868;919.5447420896794;3337.240972
17850;1199.9713361168806;919.3458386680978;3345.978321
17900;1199.9666174008364;919.3720588092741;3355.487001
17950;1199.9633073793798;919.5815556251339;3365.319626
18000;1199.9755976793986;920.0700552927497;3376.356572
18050;1199.9595326308754;920.5261139217363;3387.096656
18100;1153.805109338531;920.9357871143087;3397.738366
18150;1154.261856037303;920.9428863135062;3407.032889
18200;1154.1197759113968;921.1329417262003;3416.886639
18250;1199.970200802549;921.6173890925094;3427.603858
18300;1199.9669322116815;922.1419728373068;3438.70117
18350;1199.9665244991324;922.5504919708211;3449.220891
18400;1199.970423809605;922.7087815887747;3459.121673
18450;1199.9701077083469;922.8834141536776;3469.056915
18500;1199.9685482527989;923.5107188236686;3480.589249
18550;1199.9647508653898;924.2346349865977;3492.451263
18600;1199.971245809448;924.8611475163035;3504.025234
18650;1199.9520137242557;925.5140136642189;3515.456363
18700;1154.1183191782206;926.1651838708896;3527.054609
18750;1199.9719161295664;926.2183809643843;3536.35082
18800;1176.7618679999787;926.1250109641234;3545.33436
18850;1199.9814243241153;926.1169743812338;3554.576336
18900;1199.9790979940349;926.4493769281518;3565.002159
18950;1199.9812221721268;926.6730371080624;3575.086065
19000;1176.6467240375862;926.7750780771553;3584.767779
19050;1199.981160424314;926.8692695168933;3594.525796
19100;1176.668485671669;926.8168495228769;3603.669005
19150;1199.9790290983701;926.9652319308933;3613.459007
19200;1131.1327836130022;926.6877712107181;3621.623385
19250;1176.643726108224;926.7296737535568;3631.013458
19300;1199.967979993197;926.4188592999913;3639.239865
19350;1199.9671607122827;926.4874185354622;3648.900031
19400;1199.9606550148264;926.770244136447;3659.291089
19450;1199.9645703377835;926.7450870906002;3668.371661
19500;1199.9666289949746;927.0931551156816;3678.919995
19550;1199.9641257395983;927.2376716868903;3688.585556
19600;1176.921738787857;927.0197638233013;3697.229523
19650;1199.9634223684627;927.1998295618745;3707.156293
19700;1199.964040168841;927.2927943727049;3716.684485
19750;1199.9730304224947;927.4418289003557;3726.527198
19800;1199.9613713509602;927.6480244953229;3736.434374
19850;1199.9583852111837;927.7313763458474;3746.13528
19900;1176.9911449225033;928.0044019062678;3756.291709
19950;1199.9733741671232;928.129455366898;3765.823905
20000;1199.9766186745783;928.2476892003696;3775.587268
20050;1199.9751801082714;928.3016943489109;3785.121923
20100;1199.9630020775933;928.4098174489797;3794.684109
20150;1199.9638080829732;928.0882604176303;3802.886703
20200;1199.9677315360836;928.6641592726824;3814.184394
20250;1199.9653495450348;928.9367502062197;3824.526466
20300;1199.9665674087366;929.2351648125316;3834.905833
20350;1199.972006239189;929.8307471915066;3846.406341
20400;1199.9670482020476;930.232948588971;3857.153834
20450;1199.9696875356751;930.7346690725702;3868.3668
20500;1177.5935554033354;930.3808195079948;3876.42684
20550;1199.9710483882338;930.0508144681783;3884.392128
20600;1199.96857144418;929.7472835498858;3892.70475
20650;1199.9726907073423;929.5297912148312;3901.319682
20700;1199.96727572022;929.5749838356911;3910.812395
20750;1199.9597631330826;929.7831595798381;3920.956761
20800;1199.959418892327;930.0977561742699;3931.347992
20850;1199.966941485107;929.9860511692268;3940.12065
20900;1199.9669741519854;929.7147728168261;3948.4963
20950;1199.9687893344817;929.6955894245432;3957.857025
21000;1199.945721246176;929.852146106893;3967.853375
21050;1199.958235928042;930.0790337657915;3978.112949
21100;1199.9615885708895;929.8792791217604;3986.896956
21150;1199.9523372314209;929.4725875376159;3994.749783
21200;1199.96669995182;929.8512343323915;4005.378843
21250;1199.9679884041395;930.34755985546;4016.617194
21300;1199.9668476418772;930.7908461499262;4027.664568
21350;1199.9680126909266;931.2406107928853;4038.760083
21400;1199.9582802805742;931.4707635143124;4048.797073
21450;1199.9697198963095;931.4389824436383;4058.035531
21500;1154.0081347833736;931.3216821318196;4066.78401
21550;1153.747818046758;931.0252327536822;4074.959947
21600;1176.9107660963948;930.66113613255;4082.840669
21650;1199.9628469129125;930.6938527147936;4092.155675
21700;1199.9684603647727;930.4722119325671;4100.693573
21750;1199.9678216456223;930.382779765632;4109.718742
21800;1199.9663780482313;930.267406415602;4118.636787
21850;1199.971896037706;930.0971286170605;4127.372111
21900;1199.9641465635934;930.1600194768554;4136.777277
21950;1199.9691236171575;929.9979294269766;4145.524052
22000;1199.9660131427302;929.6284070348227;4153.462114
22050;1199.968112601809;929.1123488725259;4160.904445
22100;1199.9693715965043;928.9181828846595;4169.596214
22150;1199.9632259399132;928.5851469558361;4177.636891
22200;1199.9736020348157;928.2175338788004;4185.587241
22250;1199.9601109967107;928.37817872582;4195.357644
22300;1199.9582243710706;928.6383324449846;4205.714543
22350;1199.953660344723;928.9178441539959;4216.16046
22400;1199.948706660659;929.1454888488349;4226.208946
22450;1199.9714979083335;929.7088938142924;4237.592315
22500;1176.9052995538657;929.8977412190071;4247.474014
22550;1199.9795209278127;929.8534028769669;4256.567366
22600;1176.9804708770646;929.9898080725277;4266.412244
22650;1199.976331468898;929.8500506966208;4275.114912
22700;1199.9761731012572;929.9536285278169;4284.694645
22750;1199.9723948130088;930.2283335151511;4295.088878
22800;1199.971643167662;930.470031647672;4305.356177
22850;1199.9702460482447;930.64783314537;4315.214288
22900;1177.2632705642284;930.9605668187055;4325.859022
22950;1130.9840777050124;930.4531548399657;4332.941605
23000;1199.9700769824842;930.4995018932956;4342.370751
23050;1199.9748133301755;930.7443748357721;4352.704197
23100;1199.9720780927664;930.9159817743198;4362.688444
23150;1199.965280034928;930.9573352842488;4371.992655
23200;1199.9722827418852;931.0315367491203;4381.447468
23250;1199.9677459252548;930.992637768415;4390.584044
23300;1199.968640245618;930.7920421310669;4399.112179
23350;1199.975781372373;930.866792327141;4408.589738
23400;1199.9748251496965;930.9339646442697;4418.169503
23450;1199.979507005515;930.990424284179;4427.512627
23500;1199.9781955566568;930.6901300091189;4435.616307
23550;1199.974496179651;930.4940976137165;4444.113714
23600;1199.9752075611912;930.3190529405525;4452.749371
23650;1199.9708895292245;930.1769222503125;4461.316741
23700;1199.963530605668;930.3453508177922;4471.320393
23750;1199.9651464865929;930.6716600816603;4482.004613
23800;1199.971970311964;930.5484573230167;4490.657931
23850;1176.6661186101192;930.1547304973069;4498.325519
23900;1153.382383906222;929.8430814892988;4506.304501
23950;1199.9687447866354;929.6941669841389;4514.944381
24000;1199.966265700241;930.0682748547946;4525.715894
24050;1199.9730555381802;930.1774288211893;4535.560179
24100;1199.9700495222432;930.4096224489078;4545.8722
24150;1199.9536793869222;930.8891527449813;4557.077665
24200;1199.9590025909906;931.2586193649637;4567.974229
24250;1199.949528477714;931.6745256965256;4579.095216
24300;1199.971817513407;932.1766778307564;4590.396538
24350;1199.9764561438917;932.3532689411794;4600.308075
24400;1199.9725664637656;932.3193585711291;4609.470601
24450;1199.9730095890582;932.4821069323135;4619.496185
24500;1199.9780227122446;932.3765366697029;4628.361158
24550;1199.9716406665566;932.5843718319894;4638.551907
24600;1199.966429801634;932.4131280211465;4647.127757
24650;1199.9746196515468;932.3772217633405;4656.269745
24700;1199.9729008032168;932.7506903156647;4667.180792
24750;1199.9704748328631;933.0521045115847;4677.659392
24800;1199.9744339222918;933.3123032973219;4688.09252
24850;945.7919049879404;933.5794154717504;4698.426452
24900;1199.9742083959293;933.557178006008;4707.260104
24950;1199.9786661467303;933.5891698209921;4717.391585
25000;1107.939329577639;933.3270572754801;4725.442433
25000;1154.2145436222056;933.3270572754801;4726.412474
