0;-43.08798044160614;-255.0334582893805;0.467656
50;9.497058165298723;-523.2423731243077;24.806256
100;661.7791081889958;-561.243621795424;48.266039
150;794.7540251821209;-635.080540243199;71.549895
200;787.6712007849517;-727.851054557392;94.820372
250;789.624217069118;-774.4450426103139;118.062539
300;1032.1595001893809;-774.0220785041186;140.73779
350;1028.097608670751;-713.1713893678158;163.594859
400;1018.7444827091355;-683.7842488713286;186.306067
450;1035.9936191704937;-671.9284427053676;209.078983
500;1027.8609350412398;-662.6603444765401;232.037829
550;1018.2049188738487;-651.142943634923;255.019483
600;1226.3106990670742;-629.3398911509214;277.696546
650;1215.7122220422661;-600.3055475672555;299.811074
700;1383.695144873385;-569.6702570085746;321.950283
750;1950.5102001526675;-543.3652308253277;343.813562
800;1950.519480867718;-536.16517915945;366.61763
850;1950.9006179758785;-528.9515574141903;389.238545
900;1952.2239051100346;-527.8311661089125;411.951242
950;1949.081949187911;-516.6685000451698;434.472273
1000;1941.5172529848248;-507.6568712268948;457.232561
1050;1945.388461768406;-496.68047644711964;479.877325
1100;1945.7318960462767;-484.3420472449303;502.416735
1150;1944.9277037115753;-472.2785797819812;524.976536
1200;1952.7501995442567;-461.84366620073166;547.626811
1250;1942.5634994619163;-459.8597404298663;570.39879
1300;1949.8577388835217;-450.21956663093925;592.930952
1350;1947.4365643495862;-446.3742780971705;615.857763
1400;1948.8811607466123;-436.5623950913557;638.506872
1450;1946.9707804320826;-432.55222281557207;660.992485
1500;1942.1647488813624;-426.97538625895817;683.725049
1550;1952.0508514610708;-425.1403886548071;706.323293
1600;1907.0043823131082;-423.91493340476467;728.972951
1650;1947.1105591918342;-423.3288481951801;751.626142
1700;1947.3653007247235;-420.89642408843144;774.399037
1750;1944.4252493113156;-416.88159029503834;796.811289
1800;1939.9927750095326;-415.3001001713892;819.257589
1850;1947.8852100651438;-415.32410963738823;841.945118
1900;2053.998308950015;-407.8674571975529;864.032971
1950;2064.1769890583923;-401.92623940386085;886.857091
2000;2068.0393479185645;-399.0431505235791;909.587909
2050;2064.9824595975115;-391.3290681035933;932.217806
2100;2079.21621196212;-385.09089309699556;954.763207
2150;2085.371248672094;-381.8724462182337;977.617542
2200;2066.5974242048983;-373.91398086195454;999.87003
2250;2039.4484776754728;-366.7086225462237;1022.51048
2300;2077.264552569456;-368.4110758556772;1045.26054
2350;2038.9839587634688;-366.11267135859526;1067.805265
2400;2034.7059730650426;-362.0125704237508;1090.33349
2450;2085.239715135052;-358.3517233465491;1113.040402
2500;2036.1947545115572;-348.84240548466073;1135.622144
2550;2073.7070132708914;-344.30921724679996;1158.152166
2600;2084.3727361714778;-344.2580211208199;1181.077745
2650;2084.3240279235933;-344.8481357468831;1203.740848
2700;2078.467572297837;-340.75597857545597;1226.375654
2750;2074.7002797371065;-336.49311774567644;1249.272094
2800;2042.6517926472775;-333.05917461904033;1271.989189
2850;2078.8609483841715;-331.8366464906592;1294.824027
2900;2082.8583978138336;-329.93836133791433;1317.697925
2950;1997.0674152249564;-326.97410451002224;1340.521122
3000;1999.5825792214894;-326.75033800092933;1363.653121
3050;2091.520055420956;-322.2123741157996;1386.502654
3100;2076.7751246070907;-320.4656610690343;1409.204259
3150;2033.4967525809543;-317.19718383508126;1431.785121
3200;2082.5743384262487;-315.461498679459;1454.591379
3250;2074.710830768744;-314.89554187893094;1477.290988
3300;2079.9823741335954;-316.0953413625735;1500.259668
3350;2079.9587140332724;-313.70180604129064;1523.205839
3400;1671.1115830543793;-310.30829992213455;1545.50682
3450;1710.7643725297019;-308.3032436293428;1568.35205
3500;1718.6539133082479;-307.5526423335611;1591.199681
3550;1624.9068607702782;-302.8292179640573;1613.090276
3600;1623.9366364741252;-298.1192075632711;1635.633035
3650;1619.1466219067454;-294.7498150861859;1658.350059
3700;1691.8850864752687;-291.27190496429;1680.866158
3750;1730.3593156768045;-288.2837895990985;1703.421289
3800;1756.2494484942704;-284.36410573486876;1726.2207
3850;1716.487739857182;-283.94110446235527;1749.209378
3900;1730.471375255895;-279.82456206439207;1771.568887
3950;1727.3735756296262;-275.4173397913287;1794.184241
4000;1718.7671404496434;-273.9125697303735;1816.993114
4050;1737.0154609625888;-272.32172175046514;1839.800159
4100;1709.6141133159388;-270.8814449307859;1862.468776
4150;1844.077641892014;-268.38219627015354;1885.110349
4200;1853.2510105683389;-263.1131227256988;1907.34191
4250;1845.0220227025877;-259.5524986878712;1929.535427
4300;1851.1096327455107;-257.7167617061088;1952.016001
4350;1851.6552973565153;-253.35103870733553;1974.173659
4400;1811.9359151894282;-250.01710501461025;1996.493561
4450;1854.1002904009222;-245.93421584320453;2018.675186
4500;1779.0457601183368;-243.01093536516586;2041.012191
4550;1852.1721136162873;-239.8788278469124;2063.285435
4600;1847.0644578934734;-236.94043624883403;2085.056541
4650;1854.2819013813898;-234.691112215464;2107.511064
4700;1943.2972518734803;-232.62741004121943;2129.869905
4750;2022.591718823791;-231.40694799855004;2152.319344
4800;1953.3308639972483;-229.65800197601035;2174.506345
4850;2023.8624035059395;-228.64755455552464;2197.020875
4900;1963.0738288404227;-226.07530101730813;2219.285834
4950;1987.738890316801;-224.16617349861042;2241.672024
5000;2040.9082726811569;-222.29511039129508;2263.948172
5050;1983.2545241208873;-219.48501361764178;2286.33474
5100;2014.7114335957795;-218.39800395450365;2308.393471
5150;2014.8359032726335;-217.33337857246948;2330.784883
5200;1873.257540959317;-216.13207651455454;2353.072955
5250;2036.540129379894;-214.33320624834687;2375.235666
5300;1982.624941544786;-212.21152757386457;2397.378074
5350;1997.4477638718347;-210.5314169063116;2419.613037
5400;2032.2897109690218;-208.65677732345762;2442.022749
5450;2042.7549667153603;-207.88247987371474;2464.471727
5500;1999.3969097340132;-207.40791787286588;2486.564188
5550;1934.2195100832198;-205.36876168051222;2508.879676
5600;1936.98724759626;-205.50082268307318;2531.431104
5650;1957.019332182053;-204.80092994075437;2553.88148
5700;2033.569621943991;-203.74775272949503;2576.307455
5750;1987.044087305367;-202.013065936439;2598.705699
5800;1990.190198824739;-200.6290267703604;2621.138368
5850;2024.282117039841;-200.07562487640882;2643.568382
5900;1992.0871146384295;-198.37259441657443;2665.791992
5950;2017.2209920630378;-197.49831686192266;2688.195009
6000;2031.1276506873305;-196.24757077005935;2710.469519
6050;1986.7049411559392;-195.64602595393538;2732.859426
6100;2004.8509257395644;-194.4557068999138;2755.088514
6150;1844.0999741952962;-192.0805408092255;2777.320294
6200;1797.340783119589;-189.55913429978244;2799.470233
6250;1800.2978300535888;-189.05898591715598;2821.134906
6300;1821.1989937358146;-188.86425041851825;2843.072934
6350;1775.0128891069264;-186.73606196892555;2864.803232
6400;1797.765768908098;-186.50398622869326;2886.907128
6450;1821.691532358711;-185.48345802293383;2908.698868
6500;1462.205900672318;-185.25342349432157;2930.237741
6550;1366.5065054048955;-184.52986695279725;2952.301836
6600;1363.0578281728012;-183.14650346083076;2973.55495
6650;1398.4180026753538;-183.01337223913828;2995.506314
6700;1999.0595824911209;-175.71867818487004;3016.082531
6750;2099.312441329703;-167.064412000854;3036.275317
6800;1862.7312906463144;-159.06588191352552;3057.076915
6850;2216.156847464755;-152.0675817163804;3077.965328
6900;2226.5231788832334;-147.017161098085;3098.626891
6950;2160.776257134211;-142.00072523578174;3119.493286
7000;2185.63520322136;-137.36782882533953;3140.540108
7050;2210.757229371285;-134.78217698254628;3161.941562
7100;2217.826561733546;-131.13145736923278;3183.306708
7150;2160.8821658333363;-126.83732981342433;3204.577253
7200;2199.8682813751266;-123.7551517465012;3225.951385
7250;2173.1284410800854;-119.08896592016468;3247.127372
7300;2154.1091600397167;-115.08211740367736;3268.6126
7350;2184.771701545541;-109.44987203222128;3289.453939
7400;2186.026734557149;-104.3559225256031;3310.711278
7450;2423.5701582486104;-98.52296946261939;3331.854964
7500;2360.422293241785;-93.82514637142953;3353.097354
7550;2397.682843770825;-89.138647446791;3374.331427
7600;2262.1092831260894;-83.59137222433678;3395.404005
7650;2422.938627313792;-78.51782954331198;3416.696758
7700;2401.0816623323994;-73.67552903317714;3437.734614
7750;2406.469576525061;-67.76369870290844;3458.864965
7800;2395.061691698147;-62.2634577582852;3479.892231
7850;2413.5895023178014;-57.33404792295107;3500.984545
7900;2407.1788470892266;-53.3762059468136;3522.148962
7950;2415.7825426238587;-49.190137577969054;3543.471914
8000;2327.2151868162755;-46.61917055523962;3564.948499
8050;2402.4639822932013;-41.310972700738205;3586.022791
8100;2347.9196416319596;-36.57173852154258;3607.103029
8150;2380.6817686456357;-32.353734368547286;3628.373841
8200;2406.9880794706078;-27.029787742322362;3649.340817
8250;2402.436948668584;-22.8046471638553;3670.643363
8300;1994.5413000133847;-18.968883852147528;3691.772883
8350;2264.6355892300726;-14.309793425270053;3712.379404
8400;2285.907764667495;-9.143698213303638;3733.380386
8450;2278.5401835393627;-4.651540970903233;3754.515099
8500;2282.7037893399147;-2.4994544446242113;3776.075503
8550;2270.8848271235847;1.1787892529016069;3797.417133
8600;2281.182225058382;4.59964644199762;3818.598646
8650;2285.7826091712573;8.462857674076226;3839.821834
8700;2281.747520355855;12.36588574711209;3860.962384
8750;2276.916369429326;15.748628962190935;3882.102035
8800;2287.9779592442837;19.040214071753898;3903.428497
8850;2372.518245695971;21.757906001912865;3924.427752
8900;2304.849711975228;25.803531952328782;3945.746121
8950;2338.68517335176;29.963660791242567;3966.954137
9000;2337.3906459521763;33.4522855520512;3988.314
9050;2310.47538230596;35.612073869268905;4009.851606
9100;2250.2883547434453;40.2542180774344;4030.949473
9150;2372.0469116545155;43.16057664531565;4052.409091
9200;2320.632383554457;45.992350283193204;4073.826469
9250;2363.9046806593124;49.57652915809235;4095.150152
9300;2348.7473391351486;53.44174346477337;4116.254173
9350;2071.79289824005;56.27237771709746;4137.689128
9400;2463.1089534890984;61.141247488229496;4157.921811
9450;2527.2029446308707;65.05749595542423;4178.85171
9500;2512.1151179727726;69.444180586036;4199.680818
9550;2522.0253977737248;72.85784979654467;4220.625835
9600;2559.4039831852515;76.31926938076536;4241.667503
9650;2517.994313630064;79.51632510518161;4262.648087
9700;2495.258772719157;83.39784095056964;4283.471285
9750;2506.644424679153;86.38670889591008;4304.549287
9800;2509.7559950077975;90.37366856053893;4325.384243
9850;2510.013822906985;92.67997849937923;4346.496515
9900;2492.658461235229;96.36016015649366;4367.387007
9950;2464.477237494342;100.10326368893122;4388.286276
10000;2521.6483149611486;102.25180061007022;4409.599142
10050;2532.7355773736876;105.07748828322914;4430.677345
10100;2481.616448654864;107.89931437950513;4451.597325
10150;2557.5730635084724;110.44627379744229;4472.380423
10200;2509.230743460952;112.67133995340096;4493.411238
10250;2517.2464691086307;115.34985051212395;4514.479689
10300;2548.573411985436;118.6356054485448;4535.40178
10350;2517.15244722979;121.98907114781274;4556.271547
10400;2548.661799870334;125.40827096101087;4577.008959
10450;2524.3253892944376;128.20462874811048;4597.910013
10500;2517.0880512463445;130.4561152941097;4619.058366
10550;2510.9602652690664;133.04741472639034;4640.002379
10600;2521.197688636659;135.81292906572344;4660.972279
10650;2424.253134152412;137.89083945659686;4682.160876
10700;2491.697008888523;140.93938211011795;4703.035732
10750;2473.3123342707217;143.50955430585984;4724.104133
10800;2494.071722434726;144.9981751459147;4745.460674
10850;2493.4567818070277;146.09432657419296;4766.917765
10900;2502.706548112766;147.48818052002872;4788.397472
10950;2507.5975519115736;149.5658297812458;4809.250902
11000;2467.413402278748;151.32993038584908;4830.526522
11050;2478.267985438404;152.73899057897063;4851.917656
11100;2498.314929478795;154.43260154649082;4873.097863
11150;2506.413633197668;156.4956355188184;4894.025283
11200;2475.849878753898;158.82596569098624;4915.131692
11250;2491.9253614545996;160.3946906058417;4936.272058
11300;2480.7098681539137;162.53512314837863;4957.342355
11350;2516.3260537270385;163.9205588860869;4978.559935
11400;2468.19010592867;165.9904032904218;4999.607669
11450;2486.9276691060354;168.15920730336944;5020.749755
11500;2477.706625349052;170.02416130970528;5042.041809
11550;2463.781400771589;171.28812390130778;5063.374824
11600;2404.7784444825493;173.10581009409972;5084.449779
11650;2399.748769530708;174.3982857311111;5105.690963
11700;2394.952331920688;176.54885433515003;5126.617428
11750;2393.8558532520183;178.6502808254219;5147.274687
11800;2392.7333491226573;180.31737960483338;5168.314647
11850;2419.627208161995;180.88904920533503;5189.700799
11900;2383.557194862664;181.84935124305017;5210.648425
11950;2328.375279345099;182.97051558572298;5231.815474
12000;2353.7299330475844;183.88432604195413;5253.196268
12050;2399.265384445728;184.91976216441157;5274.480183
12100;2359.762151190882;185.91706582798142;5295.658149
12150;2347.458066367326;186.68309574172224;5316.958251
12200;2435.200645902465;187.60975546539942;5338.224431
12250;2361.0085251655123;188.46738181634328;5359.574266
12300;2396.142388713399;189.95603051045345;5380.668878
12350;2351.276976850031;190.53447320226988;5402.098386
12400;2351.551285779385;192.757501917206;5422.975682
12450;2344.115207194511;193.67742053546198;5444.074399
12500;2135.745943025351;195.96638366080842;5464.964084
12550;2133.75857619475;197.41637712054074;5485.958711
12600;2156.299654888637;198.5804894427901;5506.99643
12650;2183.822334352086;199.0176628829337;5528.109457
12700;2171.735811043879;199.51944914522815;5549.323742
12750;2142.8844479427066;201.04920147457202;5570.224584
12800;2133.871611855341;201.70851475263612;5591.3492
12850;1849.9987018304967;202.91635509648043;5612.538757
12900;2022.516575782366;202.1347938949884;5633.239602
12950;2118.2195329356637;203.71838270774848;5653.985433
13000;2238.2980327425807;206.18803027260557;5674.201295
13050;2250.9697087678574;208.34732092365587;5695.21575
13100;2227.982622531359;210.37420853683145;5716.220714
13150;2246.6385542792955;211.88601636633564;5737.473623
13200;2371.257726140615;214.52117215603673;5758.045602
13250;2362.6388125394137;216.7225545501858;5779.067325
13300;2363.2516074963073;217.69849207312504;5800.402766
13350;2372.132456163905;218.4798038303049;5821.62405
13400;2380.059749097303;219.93189333216426;5842.942182
13450;2384.1694819372033;220.1069828075002;5864.545369
13500;2371.482172382478;221.05739144086874;5886.009494
13550;2368.0449525268014;220.6603269742583;5907.923167
13600;2358.519003455793;221.43136368932215;5929.753766
13650;2357.000832318403;221.86200710748238;5951.24311
13700;2374.8759009578616;222.4253763394742;5972.52157
13750;2348.3434834425843;223.82756659410862;5993.808542
13800;2373.362114056557;224.46227366606738;6015.657393
13850;2357.2950992967158;224.767478145231;6037.62597
13900;2356.660461242908;225.1441114226136;6059.059148
13950;2368.184035236685;226.70295741280484;6080.421235
14000;2363.780825211091;226.0264842900196;6102.202679
14050;2323.286393790592;227.16086081580218;6123.625926
14100;2362.6822885313604;227.307685911101;6145.365231
14150;2375.9434775395384;228.65279319584053;6166.694913
14200;1925.194961023988;229.02682865410947;6187.912802
14250;2032.9509605394235;231.29386761736325;6208.195781
14300;2056.504182391192;233.57067035579513;6228.89374
14350;2197.485455933485;234.7248727900703;6249.778735
14400;2181.687188016133;237.42133245070943;6270.391143
14450;2183.8353736514277;238.62957332486332;6291.172225
14500;2144.1442800120467;239.61147799960332;6311.702251
14550;2146.146327115681;241.54876100220125;6332.404385
14600;2155.9541029632337;243.13531644063377;6353.25415
14650;2149.5728314219195;243.92525708195214;6374.232442
14700;2137.5712192956216;245.69069863021662;6395.007196
14750;2128.7044361821227;247.10687128065084;6415.50151
14800;2109.0744081302605;249.42891023466987;6436.059308
14850;2111.9056236673473;250.55322572954495;6456.952161
14900;2089.5447540488412;250.9141281231791;6477.965481
14950;2181.6942576535907;251.80004567336331;6498.547943
15000;2164.1398681048963;252.65832960948975;6519.353107
15050;2276.3230899875916;252.1281501641089;6540.762211
15100;2275.376627028605;253.19740495437426;6562.019412
15150;2260.9455790643387;252.21792157549856;6583.096193
15200;2249.495562350122;252.1309383642972;6604.237662
15250;2319.0171278555536;251.28624867370596;6625.414482
15300;2337.332130560824;252.61967004294206;6646.146942
15350;2329.701583976844;253.22160203416288;6667.098798
15400;2311.234770016624;251.91043064295795;6687.938773
15450;2347.164233964195;252.0099403358887;6708.93358
15500;2222.5044998759104;248.4895906248171;6729.893162
15550;2277.4574066846153;247.0995927047349;6750.865686
15600;2233.2628540476553;247.20934533933487;6771.665882
15650;2291.0443442145256;245.67524990819658;6792.766573
15700;2300.458038856267;246.01259869374772;6813.804305
15750;2222.798421384432;245.09037968196495;6834.301664
15800;1950.2227353455298;243.86283235807542;6855.12609
15850;1982.0794160635437;244.13762142952487;6875.929625
15900;2250.906840837346;242.0428891694862;6896.552608
15950;2270.316869316753;239.8539930736272;6917.613276
16000;2269.4746094515262;240.37894930151887;6938.409893
16050;2269.861487190302;236.4409946240332;6959.721661
16100;2268.0407484545344;236.09885325935014;6980.44755
16150;2252.4829055473397;237.34686053854855;7001.210433
16200;2266.292620277052;236.311292331161;7022.186727
16250;2268.423413504623;237.0674263054635;7043.081475
16300;2279.710499635438;237.24201681268815;7063.80957
16350;2255.4304871896093;237.48721418064787;7084.537467
16400;2271.5435294576623;238.02228445520169;7105.43566
16450;2271.618123389123;237.8062061725147;7126.156965
16500;2236.1190422101567;237.2763898512374;7147.044914
16550;2275.2076763010955;238.5459402846307;7167.841925
16600;2276.7709644120414;237.6743495144527;7188.716331
16650;2211.76600342888;238.0863146022594;7209.573279
16700;2274.384768129247;239.5162386903454;7230.404616
16750;2215.5443928017335;239.85300981770624;7251.413505
16800;2221.5155424584477;239.13914104223824;7272.064306
16850;2206.6791670737;236.86514079077693;7293.391441
16900;2173.6665847399977;232.4846447781432;7314.617768
16950;2184.0361708478113;233.2510618832748;7335.388926
17000;2337.2785337421587;231.96808853566634;7355.991985
17050;2279.638171878305;232.36249812986975;7376.816737
17100;2271.1400999334433;233.28812005294355;7397.604154
17150;2316.3495962303223;231.3530219487546;7418.5542
17200;2220.5053486027596;231.98520680544445;7439.349725
17250;2329.200530199693;231.24731871907943;7460.335236
17300;2278.0791635013393;232.45714544674027;7481.026937
17350;2318.876705788664;232.87786522958166;7501.947157
17400;2210.1804971716992;232.2566806020227;7522.979059
17450;2318.0756048127455;231.3537058684567;7543.963464
17500;2290.836610013527;232.8963816063947;7564.63991
17550;2329.6328506012783;234.03857199394668;7585.408195
17600;2311.2182450268483;232.8090855873051;7606.266571
17650;2318.5686675144193;232.3924623558091;7627.190765
17700;2302.167815789113;225.9322962411692;7648.262431
17750;2312.6443390384734;223.8595091610004;7669.449472
17800;2287.0822988887257;222.44047357207134;7690.502591
17850;2314.1261090274747;215.3721881019464;7711.71436
17900;2253.2714111526425;212.75413427848915;7732.018257
17950;2315.447971317802;214.0156280407122;7752.676363
18000;2277.7243417693103;211.25854569072155;7773.834813
18050;2316.0385667928526;212.53425882539642;7794.564466
18100;2315.1290492199473;209.77600229782573;7815.42214
18150;2073.718048475179;210.50242035008648;7836.289784
18200;2217.04898779985;210.36398917400524;7856.960566
18250;2212.448742969357;208.87005218030154;7878.087936
18300;2217.6696738538512;205.66148275092706;7899.375535
18350;2210.036301249498;202.3634057620917;7920.610272
18400;2209.9578078952522;198.34312367967632;7941.942363
18450;2216.401274664244;195.40448871332842;7963.3091
18500;2237.062973081687;189.10290290701582;7984.917131
18550;2183.822181728795;184.57276349633315;8006.300601
18600;2192.2093471144362;181.44343790322807;8027.84178
18650;2208.290653115053;180.71555097313887;8049.154197
18700;2165.891963083018;175.36375240699812;8070.636371
18750;2214.407095061957;173.59184839379688;8092.072759
18800;2188.1754901630966;170.57837681184012;8113.434829
18850;2189.393858322487;168.81763474435593;8134.962583
18900;2210.0593124216416;165.73801865304043;8156.372382
18950;2246.7552081018634;166.5618630731958;8177.610814
19000;2198.2423373234556;160.66554403582214;8199.123974
19050;2226.826440845246;159.31370149760187;8220.479422
19100;1648.3664019791242;158.63682433785107;8241.955004
19150;2080.144165613023;158.32242836512282;8263.062115
19200;2104.75337291526;155.8582675781686;8284.620555
19250;2042.0714016965073;156.63305199454132;8305.937298
19300;2014.8278230819262;157.72528753271385;8326.474718
19350;2045.18613331622;154.83199558044984;8347.633864
19400;2078.926201977761;153.84754518108252;8368.95371
19450;2030.3607021990913;153.86321270435946;8390.281015
19500;2086.349778097276;148.87787633160818;8411.681718
19550;2060.963883733585;142.76413399536693;8433.249571
19600;1723.2215325265781;142.45372485498433;8454.317178
19650;1597.2928534219918;139.83862011688382;8475.747186
19700;1770.9398501609262;140.52139332625393;8496.612717
19750;1813.9725077472126;139.95816964485314;8518.204336
19800;1819.5418151604326;140.58005215092902;8539.647007
19850;1787.7896873108393;139.25331151871674;8561.366339
19900;1749.6429873006743;136.83214566111016;8583.191073
19950;1738.142414090475;135.03697677577952;8605.153663
20000;1780.3070968135594;132.94090065940472;8626.211777
20000;1719.5517638870215;132.94090065940472;8627.962647
