0;-119.72683449297256;-227.5127632916001;0.396069
50;438.89352798340036;-346.10663489599483;23.268931
100;429.5849757456503;-358.1248602312417;45.762453
150;176.0288319686134;-428.9455879975188;67.239495
200;847.317128679963;-514.2773751989245;88.226319
250;871.9529176173502;-499.2059641446045;110.061064
300;699.6854976505819;-485.31986218672955;131.779203
350;759.6937106649525;-483.2365240623043;152.7735
400;17.291457634975007;-486.12291649764967;174.342921
450;137.99693963719662;-516.7105256170129;196.401656
500;1840.2019752894055;-459.57763426998366;217.175266
550;1730.4633434847947;-387.532387055304;238.852442
600;1822.0456410440331;-350.08242851972847;261.12676
650;1762.4915915901;-308.6447605391019;282.912752
700;1444.9951839291732;-289.13731862820913;304.527656
750;1535.29555037975;-276.83048730000513;326.444061
800;1900.820864508432;-253.67491208960664;347.797421
850;1748.313866143778;-229.22444228624212;368.877468
900;1777.6941707050853;-209.71609958183882;390.193025
950;1596.631301277206;-198.59223267834858;411.491963
1000;2136.595332589027;-189.26113866088383;433.718289
1050;2279.4020639028113;-152.14872858381707;455.233676
1100;2645.364093102989;-116.76899383360886;476.916991
1150;2626.421182354993;-90.66778597365962;498.468773
1200;2661.6791995190183;-65.83713210163012;519.97869
1250;2655.0156886230707;-50.81551041842454;541.5468
1300;2638.685718706763;-35.91377752336734;563.238102
1350;2637.029766687419;-23.794319474764254;584.79432
1400;2637.0099373032276;-13.204941881742908;606.343058
1450;2648.7219961473743;-8.623714502906019;627.635594
1500;2624.164572870964;6.793543221785804;649.082477
1550;2647.8172675845394;13.477976428337634;671.012053
1600;2511.099560970469;24.533170210842098;692.329027
1650;2564.3902573542036;34.028259166538504;713.684708
1700;2558.495026907335;51.944380685450156;734.878584
1750;2547.9939653479637;53.895179976725274;755.987668
1800;2542.4842236436325;59.22384434807653;777.665076
1850;2561.567917308678;61.439952884565656;799.257142
1900;2530.830252958646;72.04450974948304;820.774809
1950;2562.447099727569;79.80266743472077;842.042235
2000;2569.223030892588;92.40935808685384;863.339379
2050;2573.8531794259693;98.61167783825465;885.218867
2100;2698.439693767249;109.63015425453189;906.603634
2150;2671.5848524986486;113.22307883730804;927.887283
2200;2698.338005483412;127.05096006925731;949.034396
2250;2682.9642396885442;137.30426679156895;970.03832
2300;2687.213704317186;141.37910410967027;991.909804
2350;2663.796884791585;144.5772206752086;1013.135756
2400;2688.7512590188794;152.09453251325476;1034.636454
2450;2677.2309410624466;157.3093539836098;1056.299034
2500;2696.6709291767515;158.42423576721674;1078.15155
2550;2725.8714157931117;165.55332324381095;1099.694592
2600;2631.685900056412;172.91717190472195;1121.057126
2650;2693.4616744389054;175.40820857204085;1142.609543
2700;2687.6017728444353;178.42281246753686;1164.397099
2750;2625.369301983916;181.63158886140343;1186.119981
2800;2664.6135034040612;182.801060077755;1208.139407
2850;2707.2720413401853;184.1235204129276;1229.802521
2900;2708.7396921385844;188.23144191455341;1251.350512
2950;2664.276757038253;194.11375257032583;1272.783941
3000;2687.9998305132003;195.61397444216175;1294.093488
3050;2688.763951949913;196.1590489355725;1315.682829
3100;2674.326559856607;202.1436301522459;1336.942234
3150;2667.2133139709927;202.89749131765885;1358.374692
3200;2680.07744651442;204.90587748394515;1379.923559
3250;2673.507331013812;208.56063541125692;1401.433616
3300;2690.6405594896187;210.57936577746253;1422.913864
3350;2696.4752667470807;213.91548721875466;1444.197351
3400;2661.2833671711555;217.15419318456784;1465.590076
3450;2696.389278521458;215.63564430082437;1487.598086
3500;2668.149562313297;215.44559023784672;1509.330178
3550;2697.3148416618815;218.03520485181403;1531.185944
3600;2610.0012549601147;219.01292765298157;1552.69875
3650;2606.266984983261;214.94127296918043;1574.102163
3700;2609.1948514365026;215.50698117989003;1595.194267
3750;2616.138361756647;213.7852443604455;1616.253582
3800;2610.0263543185715;213.14725512206195;1637.404471
3850;2585.447076984038;212.4941308547192;1658.250072
3900;2613.1186866363896;213.30547820019123;1679.232443
3950;2579.159644973187;212.85687430279998;1700.205256
4000;2678.696336646547;216.81168758072187;1720.984332
4050;2682.2603778022517;221.061795396999;1742.339444
4100;2676.179253279253;222.33552566902492;1763.678772
4150;2670.435714254576;225.52845616508193;1784.96771
4200;2960.5775274123816;226.19016516431876;1806.161608
4250;2947.6576770976176;230.9036472428196;1827.718378
4300;2919.981680772914;230.2311162385468;1849.695955
4350;2932.0256859962274;234.5597559138642;1871.316009
4400;2932.059860292014;236.3541606131583;1893.143231
4450;2902.14554281477;238.39697376401747;1914.79591
4500;2947.0396996207755;241.2083978538526;1936.479428
4550;2954.7050803189263;242.69911372808653;1957.976593
4600;2950.485109673225;245.2684542816829;1979.715635
4650;2582.3715935099726;248.00998583108554;2001.319616
4700;2566.8329615743514;248.15428110219952;2022.872494
4750;2569.3179959672993;249.9531884497693;2044.440048
4800;2510.5363400179644;246.86816371211953;2066.549853
4850;2571.613224800979;248.59993295928265;2088.280955
4900;2568.0716151912184;249.58109615248136;2109.749331
4950;2514.383935631023;248.85865312378414;2131.643952
5000;2577.045403523608;249.6686727310907;2153.357806
5050;2598.698103747854;250.50864439473344;2174.569308
5100;2604.695823535603;252.47816145281462;2195.709982
5150;2567.887211710599;252.05130992744736;2216.999999
5200;2479.2194213046578;253.24403265725235;2238.258945
5250;2429.660007367262;255.7243674690093;2259.218563
5300;2408.694687995184;258.8783321127232;2280.826662
5350;2410.321379996636;261.7737135753388;2302.321614
5400;2410.328721156952;265.7932349839427;2323.913558
5450;2409.0870589352494;270.43464623541314;2345.195148
5500;2411.0355294289043;274.2857889507838;2366.612503
5550;2412.2209856024156;277.28335307909884;2387.832899
5600;2412.0716245038684;280.61252229158174;2409.411829
5650;2410.523624109746;282.7430515064483;2431.01827
5700;2411.076818451976;284.66172604063445;2452.701672
5750;2408.5235684453273;284.9530846287337;2474.511587
5800;2405.8946298542414;288.43382617421656;2495.733641
5850;2411.3325431164853;292.9635231426608;2516.982591
5900;2631.9091571620766;297.8004156105008;2537.708101
5950;2359.060306279722;301.3987471345867;2558.790541
6000;2351.9351720133723;304.81770472021697;2579.891411
6050;2336.334181262717;307.233097846676;2601.45384
6100;2307.6980531677846;309.85563002210586;2623.034146
6150;2332.1265496918595;312.0567738270772;2644.493234
6200;2260.374844714736;314.4022600142889;2666.131097
6250;2260.11887325875;317.0814432778556;2687.791415
6300;2367.9744851441765;319.28359149265304;2709.16203
6350;2360.8554519228524;321.09956114746956;2730.911468
6400;2361.061950550723;323.7663380184872;2752.442018
6450;2373.59336591554;325.60941591732967;2774.02968
6500;2466.284322216412;327.240543208731;2795.467273
6550;2486.404266953604;328.13776730147123;2817.41376
6600;2464.445867849822;326.54072180390665;2839.622154
6650;2471.9353625185026;325.44672739513567;2862.02117
6700;2432.0713124726562;324.18251344459554;2883.820882
6750;2430.4086870289643;322.6427992793008;2905.953146
6800;2486.272193018845;321.04370212470525;2928.038926
6850;2368.4282507575585;319.7563229392257;2950.196502
6900;2461.145185931266;321.160229492517;2971.47954
6950;2457.487450762247;322.1117698914372;2993.392215
7000;2453.2945863139867;323.3667537452223;3015.22204
7050;2470.1738818174845;324.1749932752337;3036.785104
7100;2483.563362767661;325.5915205562921;3058.13065
7150;2526.197666592752;326.08275763689306;3079.88437
7200;2544.287913146729;328.6726976866138;3101.311452
7250;2564.7043397185694;329.2706149134295;3123.081316
7300;2553.5795356685157;330.078965805339;3144.750743
7350;2571.003417182622;330.34403854558417;3166.40913
7400;2545.4482022847124;331.2992789979723;3188.065462
7450;2572.5122734485835;333.39744268409316;3209.532114
7500;2557.704869410638;332.92987193798274;3231.372934
7550;2569.2108479627377;333.9134640623683;3253.021027
7600;2568.358312353456;334.09258503835724;3274.719749
7650;2515.9675852981513;334.58836577996516;3296.333623
7700;2562.483610906929;336.2559435434832;3317.740585
7750;2561.090442482948;336.1187944322048;3339.556385
7800;2558.9938538597976;336.7188179156203;3361.177174
7850;2552.356574232223;336.37733306361747;3382.858153
7900;2562.7319752442395;338.5743711039363;3404.337945
7950;2570.4371068097275;339.85306406385047;3425.860923
8000;2548.4508091597395;341.07130607998863;3447.285566
8050;2557.7976838334735;342.75278369001165;3468.757391
8100;2528.501880156745;343.37895142643197;3490.359565
8150;2553.2592522127907;343.7685205687518;3511.783572
8200;2614.4346136414174;344.4297018838717;3533.143995
8250;2613.928772274635;346.3715724329046;3554.599459
8300;2622.130280561515;349.1045246633313;3575.885536
8350;2615.2761950322897;350.92075808425403;3597.382952
8400;2612.7713515571686;353.1841442352457;3618.906567
8450;2616.4492134578536;353.96276158077296;3640.624874
8500;2503.438602053005;353.25842673433704;3662.698587
8550;2612.5222478593587;355.07345046885376;3684.246918
8600;2558.396704781715;355.75439971073996;3705.89127
8650;2497.1839508782596;356.2782005905947;3727.413337
8700;2558.271959168598;358.39271117959146;3748.80516
8750;2554.6578707394656;358.4317934977778;3770.488982
8800;2555.7546769388;359.6469545673885;3792.11333
8850;2615.640877554671;359.5969661330511;3814.11364
8900;2617.8532781147082;361.29764995251486;3835.699458
8950;2614.5439538366363;361.7149441552589;3857.514432
9000;2605.7011729320925;364.2358356376018;3878.826514
9050;2613.298182481289;365.7564245956741;3900.429955
9100;2553.238262063784;367.09833846494666;3922.108242
9150;2727.095092718421;368.78848298844116;3943.205992
9200;2742.1365341731844;369.6456795770789;3964.77883
9250;2751.0821599544647;370.603658307899;3986.349336
9300;2740.6306696230167;371.86689909274514;4008.114052
9350;2734.608187597475;374.44088356679674;4029.648214
9400;2747.0459619749304;376.6692434171937;4051.02696
9450;2731.9981796654874;378.2089279623595;4072.286447
9500;2733.831404120662;379.6029437677749;4093.876556
9550;2696.1472721489713;381.8507069342607;4115.383552
9600;2733.484207824937;381.14863055689074;4137.411703
9650;2744.2974384888994;383.7335303120529;4158.597546
9700;2737.573526437895;385.811771009649;4179.93453
9750;2703.7437814885316;389.2607665114031;4201.17662
9800;2739.7927197183394;390.2435789001373;4222.604516
9850;2748.9740564270214;391.852344802683;4243.830187
9900;2742.20847030452;392.23469661958404;4265.43639
9950;2772.5783967645034;392.95409248459816;4287.087875
10000;2754.7808206844797;393.9067080870417;4308.561531
10050;2758.7380965723232;395.474128894848;4329.842328
10100;2732.323018876145;397.2897789754294;4351.198665
10150;2761.7257687659094;397.48570232538134;4372.634942
10200;2744.7486523808625;397.67936565926055;4394.340429
10250;2737.8937912722013;399.74116443421485;4415.631588
10300;2738.461722759559;401.6312534487108;4436.846312
10350;2740.354144795627;402.79678794147145;4458.251202
10400;2747.1182477738203;402.95701065223255;4479.881648
10450;2751.827208995295;403.18242849726136;4501.394303
10500;2740.3035440029107;404.69835577150724;4522.885649
10550;2740.2529923537923;406.23371504492087;4544.263833
10600;2743.2154319081087;407.4088290765533;4565.616377
10650;2745.740006042773;408.06928342200393;4587.072473
10700;2744.356373722714;409.29963053225174;4608.555982
10750;2748.762340079958;411.18682428916657;4629.738221
10800;2743.229980762842;412.1412717186851;4651.372723
10850;2752.471166758392;413.2869102846458;4672.748485
10900;2745.729722120339;414.4827812475516;4694.238894
10950;2736.13513358513;415.52086387360185;4715.774412
11000;2741.7939546698367;416.073077636851;4737.350885
11050;2736.427118020128;416.6901474311617;4758.973065
11100;2688.254796156715;416.4199434590911;4780.492105
11150;2747.398197933102;417.0603699744516;4802.10848
11200;2757.434193638683;418.45370322975947;4823.382911
11250;2740.1123800557752;418.8480317525708;4845.095252
11300;2733.735045459354;419.9471578708433;4866.569127
11350;2727.4822309514075;421.8527267492546;4887.769009
11400;2731.530094815119;423.53135482873455;4909.178997
11450;2737.615594489134;423.97638356551647;4930.9132
11500;2982.089510975763;425.53636935912465;4952.240485
11550;2986.863637985917;427.6848591062122;4973.56876
11600;2981.7961399562523;428.4254040715033;4995.396006
11650;2993.815435761176;428.9992366811298;5017.149844
11700;2995.3878295860513;430.1374294474752;5038.619819
11750;2992.41316049544;430.2050510084867;5060.18018
11800;2981.2267128387243;430.59170955505454;5082.050066
11850;2981.7860167419176;431.5095516178694;5103.615278
11900;2999.600651692357;432.7276551047163;5125.284558
11950;2986.590163098958;433.76392776011886;5146.90539
12000;2989.801057749353;434.87046496156427;5168.329743
12050;2990.759025770304;434.7417972469522;5190.218059
12100;2991.30107126534;436.14919728088074;5211.721245
12150;2989.5500251334074;436.94312124322295;5233.29487
12200;2989.4264427515645;437.65938286151874;5254.598628
12250;2979.820801029635;438.29187132589163;5276.253261
12300;2980.76433233967;439.246064373295;5298.028863
12350;2983.5123091787846;439.81294405459556;5319.749163
12400;2973.998255387296;441.68618966456415;5340.975109
12450;2992.3358028698776;442.61653480598034;5362.553426
12500;2989.724013557859;443.61686437689934;5384.074064
12550;2989.8753150408256;444.0079406100865;5405.724819
12600;2991.4317932831555;444.91059543989275;5427.196161
12650;2989.485981867135;445.9092875035777;5448.765768
12700;2993.266772112024;447.4247494434676;5470.127572
12750;2987.0469655911133;448.5543794764437;5491.764268
12800;2984.309796899547;449.9383218306565;5513.219765
12850;2978.279106996032;450.4741471221943;5534.928287
12900;2982.1867334850413;451.0602180866621;5556.623398
12950;2984.6539976664685;452.34487579011414;5577.950963
13000;2981.893927523022;452.69360548896003;5599.741801
13050;2980.805536896256;453.0834925884488;5621.452355
13100;2982.520839440693;453.8091910240101;5643.053965
13150;2982.889148469701;454.2924970708553;5664.714217
13200;2988.422327159958;455.4922449065163;5686.349495
13250;2992.2431151157816;456.03546592677395;5707.96631
13300;2989.9986275178294;457.27500177049774;5729.610887
13350;2990.780853023655;458.0220931680968;5751.259722
13400;2992.786287485198;458.91303085693727;5772.939698
13450;2991.6665035657497;460.2302160152601;5794.579004
13500;2995.0510170615116;460.71431302655515;5816.394906
13550;2987.599554747145;461.4932525962833;5837.989873
13600;2989.1611192264727;462.72779811183295;5859.399622
13650;2984.9873172351577;462.9583838960367;5881.249317
13700;2990.5657352759235;463.8897934864259;5902.852605
13750;2988.9763030850077;464.74418380684625;5924.323826
13800;2993.5663388642697;465.71983319656675;5945.881721
13850;2995.020720058044;466.32045670710534;5967.297869
13900;2989.322855257011;466.9991014612365;5989.028834
13950;2969.586074977504;468.5857275140912;6010.10454
14000;2979.4584996290278;469.65894225158775;6031.616778
14050;2977.610344828581;468.5803591165687;6053.146767
14100;2965.299096302984;468.46917762335636;6074.604846
14150;2444.0714849322294;468.1970373964479;6095.759104
14200;2494.5138892534474;467.3038804459058;6117.384442
14250;2506.363043978101;467.6243208176554;6139.01931
14300;2477.558440510566;468.7610837538616;6159.986948
14350;2497.97190581896;468.9811629157397;6181.541701
14400;2625.8848763808;470.2506452089774;6202.973638
14450;2628.4375428473472;471.41831233653903;6224.288724
14500;2623.2235015952506;472.79333391667234;6245.732645
14550;2622.363719538861;474.8546154909784;6266.773046
14600;2807.845377688303;476.55149460831615;6287.601495
14650;2808.414548354465;477.31459625130225;6308.896307
14700;2802.812563720765;477.8801059439354;6330.439573
14750;2812.0930537000504;478.6247240403282;6351.871378
14800;2807.291214276934;479.8575745040738;6373.23788
14850;2825.7242972377035;480.93578009589737;6394.507408
14900;2812.2417165449865;481.1355588633419;6416.023157
14950;2811.5164912343466;482.5509607854945;6437.532319
15000;2809.9485028382837;482.90480482022997;6458.931224
15050;2803.952838655927;483.5914110856851;6480.22863
15100;2814.8466298042335;484.6410954344069;6501.447836
15150;2806.240950771351;485.47033668381306;6522.929444
15200;2819.7434202648537;485.45927457320175;6544.615146
15250;2827.130610516744;486.3298277980736;6565.92493
15300;2820.089054290278;487.01187615869895;6587.166252
15350;2817.568357912296;487.7622753364024;6608.52669
15400;2813.126459928273;487.9367276772015;6630.175619
15450;2803.4954982063755;488.46639676252346;6651.524927
15500;2818.537715259004;488.6332402581023;6672.960586
15550;2809.0601353587676;489.9629649524152;6694.267294
15600;2808.7859531889617;489.8081899942585;6715.474723
15650;2798.2877594355336;490.45789314550535;6736.853835
15700;2808.9667892868365;491.20089483424056;6758.152152
15750;2804.5750626923714;492.27392482267743;6779.318692
15800;2810.1314929510945;493.1891033796558;6800.558503
15850;2811.362539469554;493.73004044661644;6821.852579
15900;2814.58804048538;494.2786230936195;6843.128589
15950;2820.1266283744517;495.709767922652;6864.340802
16000;2820.047919256195;496.3614061650236;6885.53086
16050;2806.820446686146;497.6109821812741;6906.831168
16100;2805.31020465424;498.68183814153656;6928.244583
16150;2808.7643599433522;499.7004522878829;6949.603524
16200;2806.577010170342;499.67285783121184;6971.082545
16250;2811.9476059771423;500.025092436321;6992.621021
16300;2809.0596206559726;501.05557363548627;7013.886949
16350;2817.134822593293;501.72234232913894;7035.229916
16400;2820.4267782535435;502.81769794890096;7056.614631
16450;2809.8947946033495;503.96908767955836;7077.877715
16500;2806.8667501067894;504.48470385460075;7099.419826
16550;2809.585564733711;505.60596578650717;7120.666144
16600;2813.334332297148;506.51300884877026;7142.147073
16650;2816.7377399658003;507.0933279824647;7163.461672
16700;2807.58911077586;507.43719764148994;7184.930409
16750;2816.2358436556456;508.7771542690465;7205.928204
16800;2806.560164860285;509.8611103188719;7227.183561
16850;2809.0205599513974;510.1039081321989;7248.645222
16900;2808.3456793775035;510.52633602874437;7270.081155
16950;2816.221333470907;510.99424402890037;7291.397172
17000;2803.8257075609126;511.5507428165886;7312.941772
17050;2813.0705849878946;512.3290555829709;7334.438918
17100;2815.3602694811607;513.2015227388563;7355.490422
17150;2819.5344116231568;514.2493609692926;7376.767674
17200;2818.347552928441;515.1266781976334;7398.067638
17250;2813.005056435878;515.2774848598247;7419.547814
17300;2797.9866623735033;516.3020434307512;7440.812842
17350;2808.0792228821433;517.5669320107643;7462.200325
17400;2809.7967645889453;517.0718446702582;7484.11712
17450;2803.5489476359494;517.1591696424731;7505.710444
17500;2816.0212534822854;517.8415356431801;7526.92187
17550;2804.0022253110133;518.7449345629676;7548.275878
17600;2812.4205529910746;518.7265673980373;7569.727229
17650;2814.0896522803787;519.5003265870448;7590.98645
17700;2800.185531280295;520.2489839518436;7611.997507
17750;2798.359878467575;520.7960787471251;7633.420977
17800;2794.1049728235857;522.1590524586369;7654.526517
17850;2800.4509964725403;522.8590809784072;7675.95871
17900;2807.1436060807573;523.2553704350547;7697.445867
17950;2808.663462949;523.1622450265432;7719.202808
18000;2809.799381938838;524.7300790349993;7740.23861
18050;2809.818764074888;525.5281213905738;7761.581732
18100;2813.417812255962;526.239768714551;7782.80009
18150;2675.836500207698;527.3601836590143;7803.828219
18200;2518.2040627519464;528.5486917574555;7825.077074
18250;2529.89910734094;527.9919877612995;7846.868106
18300;2635.9047384323653;528.670364120163;7868.16284
18350;2631.5390184855905;529.0066590705995;7889.567783
18400;2617.4681113542056;529.88777822789;7910.804259
18450;2632.127105344215;530.5368057827095;7932.242689
18500;2634.8941206898207;530.8205747699469;7953.579464
18550;2629.424560006175;531.0840636049148;7975.017214
18600;2626.6291613004123;531.7036119763303;7996.450144
18650;2623.8533551378723;532.03939251501;8017.858899
18700;2613.9221878705166;532.7764309173202;8038.989597
18750;2630.907422611916;533.5470152699655;8060.357188
18800;2672.064597699668;533.4480847674433;8081.833628
18850;2675.3368336800427;533.481027667306;8103.544673
18900;2668.0004722927843;533.5272608307066;8125.32612
18950;2682.852404239471;534.2714323244828;8146.905039
19000;2674.659791730708;535.3208550360988;8168.246995
19050;2669.322984012522;536.6497507323747;8189.441117
19100;2683.753572029928;537.1055627840095;8210.981126
19150;2674.519961052005;537.8607713082031;8232.597037
19200;2676.0856618910143;538.8018058449886;8254.206461
19250;2714.5184172008676;539.5007748246517;8275.765829
19300;2761.3463476168545;539.9441978692435;8297.200692
19350;2738.361067980973;539.7909679063962;8318.95278
19400;2725.635688340624;540.0749620861304;8340.60549
19450;2756.0408644443974;540.3667847537514;8362.267235
19500;2760.051596047271;540.7747660249057;8383.984252
19550;2607.8812374910053;541.5163397488527;8404.630001
19600;2606.047934474503;542.1118458918808;8426.049504
19650;2603.604927001874;541.8461749590465;8447.768627
19700;2601.2756320576173;542.3266678134836;8468.919599
19750;2601.4573025917575;542.8391194601686;8490.450029
19800;2607.56892896556;542.8721311871578;8512.109592
19850;2606.038106110779;542.5948946704452;8533.927444
19900;2609.8141227288506;542.8668225680156;8555.294197
19950;2599.8195005135776;543.1040455038083;8576.785263
20000;2613.1814603448984;543.3630633327077;8598.352881
20000;2610.3172835513255;543.3630633327077;8600.116556
