0;-15.085622782268093;-17.905981194726017;0.629092
50;27.87701622728693;12.321923668143796;36.887754
100;28.231607042338513;11.07832738936351;73.184127
150;27.911875338740195;11.304716719312939;110.414966
200;32.39512595965296;11.297882695672525;146.57165
250;37.976578651270934;11.368222062853084;182.655338
300;37.92177061665541;11.833682097221923;219.283793
350;37.520203241376265;11.971031795271976;254.58926
400;37.8355181353129;11.730995879379716;290.925917
450;37.28489399135984;11.394561393188932;327.735329
500;42.12402559481088;11.052374497840693;363.698059
550;42.30827495066523;11.528512230331089;399.604869
600;42.949249705067196;12.037068311463068;434.826265
650;42.54434290207558;11.929320899309005;470.395393
700;42.44102165679089;12.181758712116732;506.85152
750;42.342841454972216;12.111233379477675;542.830763
800;43.7485782133781;11.838273911271184;579.076654
850;42.31128677119321;11.800124803154072;614.926918
900;41.92979726258837;12.035770848003219;649.92545
950;42.43741075714381;12.159555102785504;685.001808
1000;42.345929189201115;12.301953041735798;720.044964
1050;47.747600517166326;12.789099271274246;754.472832
1100;47.455676502027245;13.187286147053335;788.96215
1150;47.66909816269529;13.917478665951602;824.041034
1200;47.8298543819855;14.413574629710519;859.056339
1250;47.63182416614801;14.909055957370867;894.083332
1300;48.272321311606184;15.437479768837127;929.060665
1350;48.69683682196543;15.995790986854514;963.412468
1400;47.211942164159055;16.334581541559007;998.46299
1450;47.596457953065894;16.771819069290395;1033.431888
1500;47.20333107049413;17.103130398385332;1068.390282
1550;48.39388238867386;17.388430391868948;1102.745917
1600;48.365594472366176;17.60085940309273;1137.724912
1650;47.991636467968604;17.649261768871185;1172.791064
1700;48.52135036380573;17.96667985797791;1207.140578
1750;48.705631396293214;18.299267426987697;1242.184451
1800;49.57364808022132;18.60645730363259;1278.632211
1850;49.19781474622814;18.9571442809436;1316.53787
1900;49.054403704863155;19.07476096435296;1353.138202
1950;48.91043108405471;19.270487321966662;1389.348786
2000;49.10423370140727;19.429872513066073;1424.801834
2050;49.15671302632423;19.468696585830745;1459.836897
2100;49.612040198186904;19.660440083690073;1494.181952
2150;51.36181311780507;19.816907957666643;1528.778844
2200;51.37082917499632;20.097171210328465;1565.374716
2250;51.20450477471085;20.41882764895931;1600.672691
2300;51.93398390804549;20.608051672671497;1635.849835
2350;51.555294643484466;20.70752631560567;1670.240155
2400;52.16747400175145;20.884902107105376;1706.797911
2450;50.85644852197339;20.935906828543587;1742.723715
2500;51.34446455744176;21.068066836371386;1778.440077
2550;51.1468883708829;20.99002888423811;1813.698754
2600;50.92495986875174;20.99138512751179;1850.821013
2650;51.060113524059936;21.13360090989443;1888.62237
2700;51.090374587556056;21.068530358777892;1925.426714
2750;50.62897104107018;21.058018748525377;1960.768615
2800;49.64680684728542;21.094725775597254;1997.138311
2850;37.72862418930674;21.041705878618664;2034.326618
2900;40.054847999401375;20.898286193320317;2068.955691
2950;43.326998335051705;20.711490130564883;2103.65921
3000;48.765392780675214;20.865293398227738;2139.228394
3050;48.598988743785185;21.098151312511625;2175.264153
3100;48.94323723798078;21.363539877271492;2211.743333
3150;48.62590254567188;21.66356313100505;2250.088252
3200;48.24555302421877;21.92989828176819;2287.044612
3250;49.41381847524044;22.096677069224093;2325.008822
3300;49.25373986094819;22.22688504597497;2363.059243
3350;49.66850773361973;22.34075394341324;2399.92137
3400;49.25829952486706;22.53192545732631;2436.955434
3450;50.07635640766016;22.678580551184957;2473.700935
3500;50.504770013363334;22.915575786285025;2509.798223
3550;50.987450175493315;23.1093196828862;2544.674726
3600;50.83300471531142;23.315730042719366;2580.661675
3650;47.76577690173878;23.467417146160777;2615.41765
3700;51.53963533583503;23.65475929646177;2649.705046
3750;52.66855513477547;23.7597433303843;2684.104538
3800;51.939528443258496;23.87335594698096;2719.578646
3850;52.381238109783354;23.916400341240504;2755.886102
3900;52.6885303453426;23.878079650285738;2790.918957
3950;52.052791578641425;23.804730937572575;2825.944906
4000;51.84432869719054;23.88227409742838;2860.232376
4050;52.1915369491578;23.92424016355523;2895.164512
4100;57.18284353310323;23.874469507431467;2929.502085
4150;57.42649078306084;23.69502071669286;2964.602773
4200;57.836939850015014;23.546868861231115;2999.691622
4250;57.94327445189206;23.482786063831174;3034.660016
4300;59.04132821760553;23.4656921174389;3069.861992
4350;62.329585573872166;23.522929815863815;3104.263461
4400;62.880234551763294;23.48618334965506;3139.581122
4450;60.630598056265;23.41880776149611;3176.645537
4500;59.87988886489269;23.348007920792114;3212.571983
4550;58.70863510515353;23.269786117431693;3250.229539
4600;60.70958002662214;23.2006414341732;3285.352203
4650;61.18725773082585;23.114851999261184;3320.847705
4700;61.425963618226604;23.147741803057606;3356.710689
4750;60.43212446135787;22.891428296083447;3391.844651
4800;61.512554086072484;22.772904721638188;3427.746538
4850;62.57727364461867;22.7084925197791;3463.336122
4900;61.90748918201929;22.7378037928531;3498.403558
4950;63.848181052805906;22.745945555758333;3534.566611
5000;65.81294271777854;22.74129825611679;3569.134152
5050;65.42619163201114;22.726693865089803;3607.913968
5100;66.07221113864588;22.675406859598354;3642.754331
5150;65.21234339449144;22.590605635178278;3679.058484
5200;65.30144649608683;22.574925465578595;3714.507048
5250;66.20443527376311;22.63127807913403;3749.442143
5300;65.56963514145275;22.63030814310808;3784.685966
5350;66.44256323704491;22.72395395845627;3820.289675
5400;65.29195587348521;22.73948240437341;3855.408715
5450;64.51098678068031;22.75826311688664;3891.761427
5500;65.66552578290361;22.844149477643118;3927.139308
5550;67.39197077763292;22.897272826466256;3961.24985
5600;67.44297153941321;22.902467453457206;3995.587514
5650;112.32040581904883;22.860650591525086;4027.514626
5700;113.18373600527353;22.505943422116733;4056.237192
5750;132.7462017124766;22.09657117533361;4085.742697
5800;160.52052991069155;21.8347961110654;4117.375121
5850;188.93549026582562;21.612190964849958;4146.87641
5900;183.3313871855873;21.358153953869138;4176.025108
5950;185.90653497488816;21.054715022488917;4205.359676
6000;220.89886460943868;20.995104249370726;4234.178225
6050;214.11973231687938;21.26223124947225;4262.073171
6100;215.46461522584403;21.222446317881296;4290.811686
6150;219.71587281997617;21.12152239539548;4319.555243
6200;220.2198030483903;21.017112396145905;4348.461536
6250;219.42245932084933;21.03550690294797;4376.65321
6300;219.06648733912752;20.899244456955472;4406.039219
6350;219.6503634772872;20.797146771161223;4434.671549
6400;219.4811968272628;20.685344924853542;4463.313744
6450;223.48466589722932;20.49518563887768;4491.777216
6500;222.77900240134085;20.31238141084179;4522.725476
6550;214.87752578516435;20.14943133419695;4553.575532
6600;217.99310494756355;19.974988861246864;4584.81644
6650;231.65029008848035;19.715639946861113;4615.270896
6700;218.6941605049855;19.52886742568727;4645.971403
6750;222.12208600259586;19.263330308514465;4677.031068
6800;133.52579372975538;19.044094715704276;4707.636656
6850;193.97389261966143;18.81582947422281;4735.891766
6900;258.9750421751169;18.643518571827975;4764.762548
6950;263.8474349694925;18.502719704657757;4794.116185
7000;263.928728957899;18.392665656675895;4823.724393
7050;263.8187571560782;18.259863929524855;4853.196043
7100;263.6306386772694;18.188307887636693;4883.456015
7150;263.86161235153924;18.103976100000494;4913.315871
7200;269.6143571028428;18.048024116611703;4943.201092
7250;269.6031496078377;17.964833555167353;4972.973574
7300;270.10753916127175;17.918350250007574;5002.207193
7350;270.2555094971756;17.914659024135215;5032.256017
7400;270.132320724746;17.89381489824904;5061.826348
7450;284.3895677629827;17.754319853509937;5092.277433
7500;282.62246434125603;17.61797118363326;5122.134385
7550;284.334787181864;17.460322463333426;5152.13247
7600;285.55246234637417;17.41267584829037;5182.345813
7650;283.6357978072352;17.326063548109087;5213.070875
7700;283.776452893575;17.193000678989165;5244.030548
7750;283.87023012821714;17.122014829944547;5275.007617
7800;279.90742363297255;16.999209137640296;5305.050729
7850;279.154714087947;16.972275064785098;5335.620572
7900;279.97533786320747;16.958092918078393;5365.326778
7950;280.5381623417245;16.83137745692403;5395.676554
8000;279.1558925140059;16.75513661570492;5425.839549
8050;280.13638620301396;16.743889967240268;5455.669392
8100;275.8073010526097;16.73290572206481;5484.813394
8150;275.224983746443;16.789935442809437;5514.021258
8200;275.1109013859496;16.680828943780664;5543.491235
8250;275.2627027188559;16.70419870182749;5572.861496
8300;275.4845232771311;16.61708619346215;5602.137265
8350;275.4026384079712;16.593293979510783;5632.148103
8400;275.4755124225319;16.574833965255394;5662.010674
8450;275.33896811745103;16.480835072966464;5691.183706
8500;275.056919337009;16.446778844335928;5720.922536
8550;275.49839119135294;16.415005229995035;5750.676353
8600;275.2127735328385;16.320250800332023;5780.294037
8650;277.8773558411006;16.28012541543224;5809.952286
8700;278.03003770198376;16.342653857235668;5839.683351
8750;278.04302244903676;16.220162405240465;5869.628855
8800;277.4969716674129;16.153438809714718;5900.103567
8850;277.8055870604456;16.114739603392085;5929.582919
8900;277.5410301018946;16.032043673663015;5959.581482
8950;277.50851526194856;15.91699135225677;5989.652972
9000;277.7842583261196;15.812747835661481;6019.927754
9050;277.78269506350074;15.733606744278545;6049.7754
9100;277.7293157191287;15.695176466945547;6081.040097
9150;277.8544582014709;15.670261825908224;6111.252806
9200;277.25460051725804;15.617929344829834;6142.132847
9250;277.7973524987244;15.553651118667242;6172.576149
9300;277.9348594097498;15.446974839379989;6203.541731
9350;278.0259050213828;15.347500279224489;6234.317421
9400;277.8947450911066;15.251506957160125;6265.13034
9450;278.14456636974626;15.187376178518955;6296.045664
9500;277.74242701501043;15.146868845409188;6326.221099
9550;277.6627881594159;15.210954942617706;6356.395118
9600;277.7199838966377;15.182578889016867;6387.403677
9650;278.02212210611486;15.098578498443377;6420.059872
9700;277.7378317541263;15.035313353701984;6450.406359
9750;277.60503086386154;14.949912682640274;6481.099303
9800;277.73109585652844;14.83172119071785;6511.217324
9850;277.8580698962893;14.78262310347996;6542.463353
9900;277.6320380289965;14.729902695590825;6574.606006
9950;277.8240064380571;14.65643909066032;6604.412577
10000;277.6982157797922;14.65317899208607;6634.598972
10050;277.7928989039311;14.647310054524688;6664.536741
10100;277.61021703943146;14.613601794732931;6695.461618
10150;277.68100660124435;14.6109405652802;6725.341241
10200;277.67898593725124;14.595984155316652;6755.77614
10250;277.6814043996695;14.468018164573136;6786.108048
10300;277.80395662911707;14.395032146420355;6816.190907
10350;277.82491590885525;14.312178389455944;6847.175739
10400;277.8542182610776;14.256136549109515;6877.801096
10450;278.0278889590027;14.195589536788022;6908.494706
10500;277.6696948525676;14.229710089831647;6938.052116
10550;277.9466384969374;14.169428374480624;6967.905778
10600;277.6602361687847;14.095353999073364;6998.340434
10650;278.00665524122303;14.014848474030778;7028.332422
10700;277.4596622624954;13.944562029190903;7059.387687
10750;277.56813919654826;13.91527464869525;7089.858072
10800;277.5359030070678;13.854807396110331;7121.386264
10850;278.00456777394265;13.824316728226576;7150.919237
10900;277.73797171375213;13.827078771856893;7181.645276
10950;277.6544120156417;13.779609836859814;7212.710435
11000;277.61860838328846;13.704502143112196;7243.38373
11050;277.97865810661824;13.644178784938147;7274.281435
11100;277.774533648675;13.614079169808118;7304.547046
11150;277.55445048854375;13.577050050603662;7336.302373
11200;277.72750606294346;13.576524810510147;7366.682657
11250;277.7627833324645;13.56041529542749;7396.905559
11300;277.6013183292486;13.523236692632842;7427.084251
11350;277.5156175585666;13.477292095621374;7458.092513
11400;277.68784442411305;13.393601474668301;7488.609103
11450;277.74532615230453;13.333704189105116;7520.064578
11500;277.9907323164382;13.248183634824676;7551.301719
11550;277.9923380503786;13.192129314981281;7583.134282
11600;277.9495381619019;13.101185659331234;7614.11198
11650;277.7507828080141;13.021683117887033;7645.291349
11700;277.6784420811468;12.971523341077072;7676.505933
11750;277.6128209224402;12.879757916918281;7707.37461
11800;278.0071563377254;12.7782900033672;7738.127126
11850;277.885319743671;12.719726885513408;7768.935892
11900;278.00988912050417;12.631364452723648;7799.697533
11950;277.56859725609087;12.630176730996705;7831.682498
12000;277.73201976826647;12.615267029729468;7863.500804
12050;277.7216613702436;12.600264673178962;7894.845147
12100;277.6700513492437;12.58493904460449;7924.997808
12150;277.6353922701968;12.504406404705767;7955.508048
12200;277.83525590524647;12.431638263887415;7985.776627
12250;277.9493322244528;12.419773768395983;8016.021135
12300;277.68620422585064;12.371603210277645;8046.133645
12350;277.67674752157984;12.297318690043655;8077.263711
12400;278.0099786105999;12.2329788458165;8107.414735
12450;278.09502376827646;12.210366338974195;8136.840375
12500;277.6983660937671;12.220396246058506;8166.459038
12550;277.79586557498004;12.147597569646015;8197.018572
12600;277.77740137802596;12.108156419444708;8227.696999
12650;277.51769253380377;12.098651757215144;8257.793556
12700;277.54344498800674;12.061326052901562;8288.396447
12750;277.78099458661364;12.03119990012692;8319.237035
12800;277.71720509561476;12.014943277267466;8349.672488
12850;277.9367731993472;11.973197055053031;8381.882229
12900;277.4969308649913;11.958129443929357;8413.978776
12950;277.54417203515806;11.929116363324326;8446.889593
13000;277.5964795083999;11.96089109817207;8476.827278
13050;277.6814066241336;11.972906682897168;8506.67803
13100;277.82721957680843;11.92347941066241;8536.900786
13150;278.04322815108264;11.935400109896934;8568.05271
13200;277.95103234182244;11.890346243059279;8598.934278
13250;277.5172704462614;11.84581768836223;8630.852878
13300;277.8767096511093;11.864968415200417;8660.843528
13350;277.45642256092594;11.85112577042608;8692.041897
13400;278.0778064014046;11.844187949083649;8721.248191
13450;277.5884251081294;11.827262093852655;8753.26937
13500;277.8927115063337;11.82378313666434;8784.086122
13550;277.9524043664906;11.768084397545225;8814.663999
13600;277.8874477637027;11.756543708696789;8845.530783
13650;277.68887936280845;11.694635604425448;8875.535043
13700;278.12659521715705;11.649911907697202;8906.167975
13750;277.55946802220257;11.611711145693837;8937.005761
13800;277.71924287248754;11.59792795928915;8967.269937
13850;277.7689145436196;11.585481483195656;8998.463016
13900;277.7198852113719;11.568219407976734;9029.091735
13950;277.7005290951543;11.550105949336492;9059.069087
14000;277.63591868769157;11.489230459217556;9089.285486
14050;277.6587152104198;11.478397594214055;9119.252458
14100;278.035710552773;11.458824568251583;9149.48407
14150;277.6449705836583;11.436173519993499;9180.018287
14200;278.1141535883831;11.375933121167915;9209.692885
14250;277.83518464628315;11.355487166494258;9239.296428
14300;277.96164414050554;11.317947995685115;9269.06343
14350;277.8104159380881;11.321739989021678;9301.014359
14400;277.66339120763837;11.31718427068086;9330.921921
14450;277.4057628562594;11.284576741507326;9361.544461
14500;277.7345467144576;11.281510412771116;9391.620143
14550;277.6883527654668;11.312520667128847;9421.072364
14600;277.94905572146155;11.298371205636178;9451.526035
14650;277.9598272848181;11.295712754127432;9480.657392
14700;277.9262923885554;11.280555491521948;9510.749072
14750;277.91238091156816;11.255655057164178;9541.486365
14800;277.81179181378116;11.204171441139124;9571.573992
14850;278.144399413499;11.162388079911139;9602.008048
14900;277.6437578717772;11.123366559756564;9631.6807
14950;277.7193720614602;11.135478798986153;9661.365647
15000;278.0324878024352;11.126483015889116;9691.279808
15050;278.0783524129917;11.09562609972278;9720.900553
15100;277.8324299432614;11.118282924868968;9750.389615
15150;277.83035388897014;11.093616741127104;9780.346518
15200;277.7519267622622;11.03321296614612;9810.901791
15250;277.85154551248047;11.011677209064732;9840.949231
15300;277.7355340955411;10.972194915935885;9871.380371
15350;277.73390664743823;10.934135498157476;9901.451026
15400;277.65860532410824;10.909211227783214;9931.68342
15450;277.6153670572605;10.863544054325091;9961.525465
15500;277.63607681645595;10.889695885279346;9991.549518
15550;277.57732861676993;10.84785900210766;10021.599403
15600;277.7256326363431;10.833585187339878;10051.806556
15650;277.56431263976333;10.819984439089838;10081.706795
15700;277.8800275157537;10.768448954005182;10111.334895
15750;277.974679879323;10.789682782596971;10140.799341
15800;277.7945976443439;10.814047860563523;10170.909921
15850;277.76647123476783;10.76428944073987;10201.358721
15900;277.91002026919466;10.718449611541281;10231.005408
15950;277.8166989504179;10.711358307929288;10261.050881
16000;277.61806228036835;10.691229152543677;10291.288051
16050;277.8557259090852;10.669870257341076;10321.47302
16100;277.83506755096965;10.627005357161172;10351.6108
16150;277.7119311895675;10.626544796930903;10381.84412
16200;277.6997064556839;10.615263330202021;10414.603616
16250;277.9793880853524;10.643796141782666;10445.753021
16300;277.8160799671972;10.631909480078345;10475.548369
16350;277.91746880247376;10.617866509727424;10506.310932
16400;277.77991637684244;10.588904390519088;10536.517208
16450;277.71732529821725;10.55267030553736;10567.029442
16500;277.83030525801735;10.52537440495583;10598.897415
16550;277.6492589136792;10.478127393825561;10629.270633
16600;278.126568879798;10.457310714121908;10660.753177
16650;277.847015720468;10.416717553192791;10691.543884
16700;277.867150260911;10.377939057333663;10722.214858
16750;279.0890568908002;10.38157299886909;10752.807343
16800;279.2041761484414;10.334738834581383;10783.486406
16850;279.57517611017624;10.278408079534612;10814.622906
16900;279.5389854654418;10.239411379598828;10846.248416
16950;278.9387528165484;10.18834975147023;10877.141652
17000;279.3199745055398;10.119296285934796;10907.378017
17050;279.0955790970266;10.12654991510328;10937.492741
17100;279.33795433760423;10.092955501348536;10967.283483
17150;279.23894392122537;10.078402647516842;10997.236449
17200;279.4476084194419;10.051593558582677;11028.482646
17250;279.15624797009065;10.013827403108865;11059.048146
17300;279.44285824428005;9.989590091338517;11089.572919
17350;279.24210751331293;9.932894415881192;11120.366044
17400;279.28276221277787;9.899113093124821;11150.694287
17450;279.0498943262367;9.842953092262814;11181.144607
17500;279.762510276704;9.839339100017181;11211.656389
17550;279.6863581102609;9.836131031849154;11241.97206
17600;279.55256996963965;9.802171849297112;11271.803395
17650;279.08230127230553;9.776476936292896;11302.747076
17700;278.91623990319505;9.770253794372714;11333.403011
17750;279.4252012733887;9.745414130276888;11363.854905
17800;279.5120636921522;9.739108429036383;11394.5553
17850;279.4304247593823;9.714890334703373;11425.547142
17900;279.21002251366764;9.660251763697374;11456.741722
17950;279.57139740394547;9.640398484307477;11487.817731
18000;278.9457138054148;9.605056158451049;11518.492589
18050;279.57322494084127;9.541893094855102;11548.766084
18100;279.214212489135;9.50324609155215;11579.567499
18150;279.0402218127112;9.477626497483218;11610.410481
18200;279.1398107491227;9.417987173362153;11641.718925
18250;279.1332975035027;9.380700555424804;11671.301541
18300;279.168892131838;9.372882106006848;11700.785314
18350;279.27130167337;9.325355847108378;11729.926684
18400;279.26263014764476;9.273208169166848;11759.778704
18450;279.0874036568937;9.259353775560323;11789.164798
18500;279.2116462768287;9.227876053166739;11819.053703
18550;279.4378686230985;9.2180426238148;11849.448381
18600;279.50178992697187;9.191568672157628;11879.022882
18650;279.297286033759;9.20001680503208;11907.99713
18700;279.1209226906911;9.160417346715123;11937.649515
18750;278.8863171720326;9.10600425853832;11967.270433
18800;279.0805865159969;9.061376696881869;11998.028361
18850;279.0866117964281;9.06543677000524;12027.397811
18900;279.02055846148914;9.042210435909873;12057.666751
18950;279.36138699993734;9.005566778275861;12087.875655
19000;279.2324835848602;8.967759298122743;12118.872139
19050;279.6353796573055;8.929796080111272;12148.803188
19100;279.2329413422858;8.91304199335711;12179.000361
19150;279.1766881569655;8.865848085344854;12209.080819
19200;279.5306998828274;8.830924748503078;12241.164868
19250;279.3799695936679;8.809682528433619;12270.689349
19300;278.97917744423995;8.774225013981242;12302.018728
19350;278.9431234056422;8.75166427213197;12332.134255
19400;279.2916111208259;8.7195473966371;12361.565097
19450;279.4493045298017;8.727523810041852;12391.484688
19500;279.3287332687197;8.732818985967212;12421.234265
19550;278.9095491450612;8.709773957566478;12451.298265
19600;279.41312905314066;8.709887881607726;12480.920586
19650;279.41762666338195;8.671312356325505;12510.881445
19700;279.1767198947732;8.626218046023764;12540.583499
19750;279.351414843957;8.60383073101329;12571.985949
19800;279.2192597766816;8.567458774484322;12601.86698
19850;279.6311255513915;8.543961741788596;12632.220025
19900;278.9858416805868;8.524019307028956;12662.434737
19950;279.5132688774344;8.485436036296598;12692.49649
20000;279.12357696120006;8.458481175525286;12722.687384
20050;279.01742507721855;8.437157752325945;12752.80676
20100;279.4592771127422;8.434564865726786;12782.752771
20150;279.47164252699935;8.397678503109319;12812.310341
20200;279.2974933874794;8.371707126063209;12841.407174
20250;279.0341763708577;8.336203830361333;12872.21608
20300;278.86662469344515;8.3010319489233;12902.401795
20350;279.46179317893404;8.259644590379581;12932.374261
20400;278.9286421791015;8.232466044701306;12962.361125
20450;279.5401673326729;8.204292214342141;12992.627662
20500;279.44228848706894;8.144411300626958;13022.541583
20550;279.3681460083126;8.132155249716552;13053.392741
20600;279.49928408635503;8.103746176214939;13083.362899
20650;279.42000364999984;8.064025239043186;13113.518696
20700;279.296319650241;8.054644969236321;13143.107254
20750;279.2044467677699;8.027412552224172;13172.805252
20800;279.62160171750867;7.992265089707179;13202.361349
20850;278.9887431942014;7.940190919136141;13232.836767
20900;279.0169397140325;7.8817214311303045;13262.049003
20950;279.04245703257226;7.880019345609694;13292.989157
21000;279.3341857757095;7.843156544622771;13322.89553
21050;279.46068271928243;7.830105886680973;13352.839165
21100;279.30923553478146;7.820200821176128;13382.279609
21150;279.37657554201024;7.825942493595391;13412.450924
21200;278.80903548143715;7.802679944947861;13442.415536
21250;279.11248591368263;7.743840596183621;13472.291452
21300;278.89221868723683;7.726396308347727;13501.364231
21350;279.1448580309186;7.697252874554477;13531.453296
21400;279.1625189063946;7.68178409348027;13561.146271
21450;279.49853360165656;7.667963190808792;13591.2376
21500;279.02170741976346;7.652696985206771;13621.14346
21550;279.5621415988153;7.640713691832708;13651.600941
21600;279.18653096993023;7.617237450205052;13681.977669
21650;279.36611753319966;7.584051884979523;13711.958087
21700;279.2006858573657;7.5408755294442535;13742.057751
21750;279.61592803188864;7.543496574852908;13771.835801
21800;278.9614261543468;7.517307937974965;13801.843121
21850;279.46358561542615;7.474944124206114;13831.499556
21900;279.4174833204526;7.464616880129064;13861.159026
21950;279.6040512793703;7.471358179811137;13891.401873
22000;279.5895252402646;7.4433459267478685;13921.190233
22050;279.5108267814335;7.446268600792585;13951.18283
22100;278.84663645490474;7.436727286178075;13982.043117
22150;279.526847201037;7.417712479057894;14012.333597
22200;279.5098272050012;7.4066943368961855;14041.538923
22250;279.3158425668722;7.387362692021219;14071.770993
22300;279.3606352983638;7.3621306026035525;14101.904814
22350;279.27438194802284;7.330855641628059;14132.278038
22400;279.1414926833724;7.304790995361996;14162.412479
22450;279.50176296384853;7.28580238596324;14193.118563
22500;278.7720052062507;7.264359256434941;14222.88116
22550;279.7442984401172;7.245633462468846;14252.82862
22600;279.55975356223973;7.227680766775071;14282.580489
22650;279.24424500324386;7.219576453813324;14312.943091
22700;279.30897342618425;7.194361138521315;14343.289541
22750;279.4228814708572;7.1866190916150865;14372.993418
22800;279.05868836636915;7.160257939162402;14402.561407
22850;279.0391310809235;7.129254663685739;14432.719907
22900;279.2668977180068;7.10292001303596;14462.683437
22950;279.3808748293941;7.051227809131286;14492.433362
23000;279.3752458011904;7.028773850215522;14522.568912
23050;279.4019402022518;6.99722306260536;14552.581791
23100;279.7417588524444;6.972724513316895;14582.727115
23150;279.3324303375211;6.931416412259823;14612.967883
23200;279.4859465439381;6.907514093148852;14642.613986
23250;279.3927088621995;6.88786107583424;14672.464523
23300;279.48245476680904;6.8641226277532335;14701.784518
23350;278.9056687848556;6.865823851316861;14732.342285
23400;279.37109207195573;6.84828553339855;14762.283025
23450;279.5143907340565;6.815535984363621;14792.142677
23500;279.23017022496873;6.813368676160285;14822.418725
23550;279.52391813596466;6.8086810397750455;14852.400033
23600;279.440495410575;6.7697409647440745;14881.7786
23650;279.52958063025363;6.76573648761261;14912.60815
23700;279.41176006577143;6.77746136615062;14942.634372
23750;279.4848990330453;6.774668776235715;14972.320695
23800;279.48983061241864;6.763667416799647;15002.485413
23850;279.0888776522252;6.738119719437926;15033.574306
23900;279.1738655289415;6.728104179326688;15063.462061
23950;279.2402620590681;6.698821412766128;15093.251898
24000;279.5162559946434;6.695631744149722;15123.432981
24050;279.5512464537024;6.682848357738769;15154.007265
24100;279.1861776903034;6.658219627151804;15184.94529
24150;279.37701786607005;6.669677384927823;15215.104375
24200;279.26089612025373;6.636309033777187;15244.444354
24250;279.5715047762709;6.613982258611333;15274.529393
24300;279.13747783284333;6.585005262882604;15304.734355
24350;279.4447966985145;6.577599748100384;15334.935349
24400;278.67628669891945;6.582264481650335;15365.268303
24450;279.17422768637647;6.560358532481938;15395.471231
24500;279.25093562858115;6.53877942782483;15425.448789
24550;279.4084218693991;6.536576857436118;15455.839342
24600;279.52142099421013;6.511755076091382;15486.187771
24650;279.37917108353844;6.505665321351973;15515.439035
24700;279.086435660973;6.487377934142549;15545.363073
24750;279.43694600521957;6.472618126990319;15574.621438
24800;278.8685142189861;6.460789714557896;15603.999681
24850;279.4033239538701;6.438610342994729;15633.250259
24900;279.4568824179659;6.4332838762074775;15662.218823
24950;279.59215832761055;6.395568453516343;15692.059856
25000;278.96469993828646;6.370499461632712;15720.861249
25000;279.47739262392037;6.370499461632712;15723.112732
