Improvement after: 0 steps, with return -14.847632891376838, Elapsed: 0.471842
Improvement after: 4 steps, with return -11.863211044625283, Elapsed: 4.967891
Improvement after: 7 steps, with return -10.522230282073984, Elapsed: 6.491394
Improvement after: 8 steps, with return -1.5887514062909365, Elapsed: 6.976725
Improvement after: 29 steps, with return 3.1986837501682417, Elapsed: 17.654023
Reevaluate after: 80 steps, with return -16.614855171134966
Improvement after: 81 steps, with return -13.181836663249722, Elapsed: 45.699211
Improvement after: 83 steps, with return 0.42039535888984825, Elapsed: 46.612971
Improvement after: 91 steps, with return 7.421698473915171, Elapsed: 50.312367
Improvement after: 128 steps, with return 25.919383637711054, Elapsed: 71.510757
Improvement after: 173 steps, with return 34.58631124191076, Elapsed: 103.45408
Improvement after: 182 steps, with return 37.94828248216462, Elapsed: 109.199029
Improvement after: 189 steps, with return 38.64344367237994, Elapsed: 113.515206
Improvement after: 193 steps, with return 45.33659716213639, Elapsed: 115.827095
Improvement after: 205 steps, with return 60.06922840047927, Elapsed: 125.906347
Improvement after: 214 steps, with return 61.231210280468204, Elapsed: 131.026653
Improvement after: 223 steps, with return 62.3561452185174, Elapsed: 136.059538
Improvement after: 227 steps, with return 68.09856296182605, Elapsed: 138.391146
Improvement after: 233 steps, with return 90.10680484148635, Elapsed: 141.977919
Improvement after: 256 steps, with return 92.40557472271723, Elapsed: 158.078822
Reevaluate after: 307 steps, with return 95.82780039241585
Reevaluate after: 358 steps, with return 97.25902492906616
Reevaluate after: 409 steps, with return 97.92131495458379
Reevaluate after: 460 steps, with return 97.834592137061
Reevaluate after: 511 steps, with return 95.02509906836424
Improvement after: 528 steps, with return 97.26721472375118, Elapsed: 333.70572
Improvement after: 541 steps, with return 99.23544274047508, Elapsed: 341.206656
Reevaluate after: 592 steps, with return 82.96852174010456
Improvement after: 628 steps, with return 90.64909190429087, Elapsed: 397.12535
Improvement after: 630 steps, with return 96.57268631670017, Elapsed: 398.268147
Improvement after: 632 steps, with return 98.0392452339598, Elapsed: 399.298338
Improvement after: 636 steps, with return 98.0619852413019, Elapsed: 401.737328
Improvement after: 641 steps, with return 99.90532244081369, Elapsed: 404.67341
Reevaluate after: 692 steps, with return 101.0858986573887
Reevaluate after: 743 steps, with return 99.88684027623883
Reevaluate after: 794 steps, with return 99.92592644264957
Improvement after: 808 steps, with return 105.99613431598554, Elapsed: 522.43294
Improvement after: 843 steps, with return 112.3377678957414, Elapsed: 543.879937
Improvement after: 850 steps, with return 114.9406312047561, Elapsed: 548.191484
Improvement after: 861 steps, with return 117.21620966135427, Elapsed: 557.932429
Improvement after: 906 steps, with return 122.68011044341881, Elapsed: 587.260019
Reevaluate after: 957 steps, with return 124.44223600911491
Reevaluate after: 1008 steps, with return 118.74406801575579
Reevaluate after: 1059 steps, with return 120.5436046169162
Improvement after: 1068 steps, with return 120.77792780195333, Elapsed: 689.823609
Improvement after: 1100 steps, with return 130.43144566990537, Elapsed: 707.898555
Reevaluate after: 1151 steps, with return 119.32980860931939
Improvement after: 1198 steps, with return 119.79415034991098, Elapsed: 768.995079
Reevaluate after: 1249 steps, with return 120.77686927978297
Reevaluate after: 1300 steps, with return 121.61172470223046
Improvement after: 1334 steps, with return 123.15377587594227, Elapsed: 854.883345
Reevaluate after: 1385 steps, with return 122.26457270159658
Reevaluate after: 1436 steps, with return 122.8358028856361
Reevaluate after: 1487 steps, with return 122.66961810323687
Reevaluate after: 1538 steps, with return 121.68457888839757
Reevaluate after: 1589 steps, with return 121.64451035245361
Reevaluate after: 1640 steps, with return 121.15567230797869
Reevaluate after: 1691 steps, with return 121.39026489145677
Reevaluate after: 1742 steps, with return 122.71962322100384
Reevaluate after: 1793 steps, with return 121.74391694325143
Improvement after: 1798 steps, with return 123.27197410383044, Elapsed: 1155.543473
Reevaluate after: 1849 steps, with return 121.24791803476539
Reevaluate after: 1900 steps, with return 122.61965833856611
Reevaluate after: 1951 steps, with return 120.54603174217485
Reevaluate after: 2002 steps, with return 123.06239981645372
Reevaluate after: 2053 steps, with return 124.75646474823095
Reevaluate after: 2104 steps, with return 119.03317697784234
Reevaluate after: 2155 steps, with return 118.60169137088512
Reevaluate after: 2206 steps, with return 121.88687086961156
Reevaluate after: 2257 steps, with return 125.0848557704505
Reevaluate after: 2308 steps, with return 118.57271779731505
Reevaluate after: 2359 steps, with return 124.42944651374698
Reevaluate after: 2410 steps, with return 112.87407967937665
Improvement after: 2424 steps, with return 121.74632641850886, Elapsed: 1578.790019
Improvement after: 2463 steps, with return 121.78507973358928, Elapsed: 1604.29264
Reevaluate after: 2514 steps, with return 120.47260778786315
Reevaluate after: 2565 steps, with return 121.20747418986366
Reevaluate after: 2616 steps, with return 121.50377032483576
Reevaluate after: 2667 steps, with return 117.69767723460738
Reevaluate after: 2718 steps, with return 119.48403503841351
Reevaluate after: 2769 steps, with return 121.23640310809056
Reevaluate after: 2820 steps, with return 121.14019156651041
Reevaluate after: 2871 steps, with return 121.09136579559117
Improvement after: 2920 steps, with return 124.24389113745902, Elapsed: 1912.743659
Reevaluate after: 2971 steps, with return 125.37884362029968
Reevaluate after: 3022 steps, with return 127.51383596245714
Reevaluate after: 3073 steps, with return 125.84904999808205
Reevaluate after: 3124 steps, with return 128.5213027135864
Reevaluate after: 3175 steps, with return 127.75180883968196
Reevaluate after: 3226 steps, with return 126.22912986124228
Reevaluate after: 3277 steps, with return 127.93573832128907
Reevaluate after: 3328 steps, with return 127.25736820140601
Improvement after: 3329 steps, with return 133.73934521730058, Elapsed: 2188.585014
Reevaluate after: 3380 steps, with return 133.4134060073616
Reevaluate after: 3431 steps, with return 133.2908649586581
Reevaluate after: 3482 steps, with return 134.63432848471794
Reevaluate after: 3533 steps, with return 134.4020577928166
Reevaluate after: 3584 steps, with return 132.81217083742436
Reevaluate after: 3635 steps, with return 131.64475953009543
Reevaluate after: 3686 steps, with return 133.22787901938074
Reevaluate after: 3737 steps, with return 128.36285461257862
Reevaluate after: 3788 steps, with return 134.7602912238524
Reevaluate after: 3839 steps, with return 134.17355712549755
Reevaluate after: 3890 steps, with return 132.47617250214387
Reevaluate after: 3941 steps, with return 133.35972891333788
Reevaluate after: 3992 steps, with return 132.94999926900118
Reevaluate after: 4043 steps, with return 133.11277796284926
Reevaluate after: 4094 steps, with return 133.38664574567377
Reevaluate after: 4145 steps, with return 132.9025574169616
Reevaluate after: 4196 steps, with return 132.60098838906023
Reevaluate after: 4247 steps, with return 131.07247640218722
Reevaluate after: 4298 steps, with return 132.23863649244262
Reevaluate after: 4349 steps, with return 132.28130623184205
Reevaluate after: 4400 steps, with return 132.48176424191485
Reevaluate after: 4451 steps, with return 133.90930208245248
Reevaluate after: 4502 steps, with return 131.9565175945432
Reevaluate after: 4553 steps, with return 131.81481684298174
Reevaluate after: 4604 steps, with return 130.90322035309924
Reevaluate after: 4655 steps, with return 132.81178962325603
Reevaluate after: 4706 steps, with return 132.27495050442127
Reevaluate after: 4757 steps, with return 133.28473656313145
Reevaluate after: 4808 steps, with return 130.88334601321563
Reevaluate after: 4859 steps, with return 132.2520641223752
Reevaluate after: 4910 steps, with return 131.79970961488328
Reevaluate after: 4961 steps, with return 132.0820979309
Reevaluate after: 5012 steps, with return 133.5769955209765
Reevaluate after: 5063 steps, with return 131.95128955800493
Reevaluate after: 5114 steps, with return 132.81191982895763
Reevaluate after: 5165 steps, with return 131.9850480424869
Reevaluate after: 5216 steps, with return 132.41462721393196
Reevaluate after: 5267 steps, with return 133.74236452730707
Reevaluate after: 5318 steps, with return 132.06585909346705
Reevaluate after: 5369 steps, with return 131.54966834252343
Reevaluate after: 5420 steps, with return 132.5235598818032
Reevaluate after: 5471 steps, with return 133.61858730912223
Reevaluate after: 5522 steps, with return 130.78126605175967
Reevaluate after: 5573 steps, with return 133.39837111979696
Reevaluate after: 5624 steps, with return 129.64424899803254
Reevaluate after: 5675 steps, with return 130.1402924392217
Reevaluate after: 5726 steps, with return 132.57177147632842
Reevaluate after: 5777 steps, with return 129.64789155025235
Improvement after: 5822 steps, with return 133.44063448731882, Elapsed: 3885.203965
Reevaluate after: 5873 steps, with return 130.6382554491929
Reevaluate after: 5924 steps, with return 133.85410386542702
Reevaluate after: 5975 steps, with return 135.7619607317807
Reevaluate after: 6026 steps, with return 135.35704905583867
Reevaluate after: 6077 steps, with return 134.467948426853
Reevaluate after: 6128 steps, with return 135.5485749696764
Reevaluate after: 6179 steps, with return 129.60431761105696
Reevaluate after: 6230 steps, with return 133.04124238544188
Reevaluate after: 6281 steps, with return 131.51110159074636
Reevaluate after: 6332 steps, with return 131.46246233103386
Reevaluate after: 6383 steps, with return 133.60033257251538
Reevaluate after: 6434 steps, with return 132.20264739077103
Reevaluate after: 6485 steps, with return 132.04173570323292
Reevaluate after: 6536 steps, with return 133.6626005931896
Reevaluate after: 6587 steps, with return 132.7988358020061
Reevaluate after: 6638 steps, with return 130.66900114245607
Reevaluate after: 6689 steps, with return 133.4584708370604
Reevaluate after: 6740 steps, with return 132.37277167911822
Reevaluate after: 6791 steps, with return 135.15194019615473
Reevaluate after: 6842 steps, with return 130.88864208464977
Reevaluate after: 6893 steps, with return 131.7676655782899
Reevaluate after: 6944 steps, with return 135.40105914839643
Reevaluate after: 6995 steps, with return 131.40069924738617
Reevaluate after: 7046 steps, with return 127.40390875691712
Reevaluate after: 7097 steps, with return 133.91325641159483
Reevaluate after: 7148 steps, with return 133.09349915532076
Reevaluate after: 7199 steps, with return 123.10144552734945
Reevaluate after: 7250 steps, with return 134.90119940564648
Reevaluate after: 7301 steps, with return 130.94124557144596
Reevaluate after: 7352 steps, with return 129.91088831084988
Reevaluate after: 7403 steps, with return 136.02178975212863
Reevaluate after: 7454 steps, with return 132.87681614057266
Reevaluate after: 7505 steps, with return 132.8461665691948
Reevaluate after: 7556 steps, with return 136.09052922399576
Reevaluate after: 7607 steps, with return 135.7228932866582
Reevaluate after: 7658 steps, with return 136.3194204130613
Reevaluate after: 7709 steps, with return 135.60563593096174
Reevaluate after: 7760 steps, with return 128.13065351413005
Reevaluate after: 7811 steps, with return 132.40329629082936
Reevaluate after: 7862 steps, with return 134.38966482284195
Reevaluate after: 7913 steps, with return 135.08574921371107
Reevaluate after: 7964 steps, with return 130.60383642574885
Reevaluate after: 8015 steps, with return 131.02452038830302
Reevaluate after: 8066 steps, with return 130.7910592125023
Reevaluate after: 8117 steps, with return 132.05600786236238
Reevaluate after: 8168 steps, with return 134.38905734088863
Reevaluate after: 8219 steps, with return 132.45206422693295
Reevaluate after: 8270 steps, with return 131.95212707960712
Reevaluate after: 8321 steps, with return 135.7474049534122
Reevaluate after: 8372 steps, with return 134.47444958840242
Reevaluate after: 8423 steps, with return 132.47154277531146
Reevaluate after: 8474 steps, with return 131.32760408502554
Reevaluate after: 8525 steps, with return 134.4535498298808
Reevaluate after: 8576 steps, with return 133.70793731430345
Reevaluate after: 8627 steps, with return 133.40144094432483
Reevaluate after: 8678 steps, with return 133.72693952729733
Reevaluate after: 8729 steps, with return 133.4087596096323
Reevaluate after: 8780 steps, with return 135.02497646231885
Reevaluate after: 8831 steps, with return 132.61069171718424
Reevaluate after: 8882 steps, with return 131.9605105155937
Reevaluate after: 8933 steps, with return 136.10417452731173
Reevaluate after: 8984 steps, with return 135.55997988161488
Reevaluate after: 9035 steps, with return 133.92585105630596
Reevaluate after: 9086 steps, with return 134.9994358267586
Reevaluate after: 9137 steps, with return 134.67908362877102
Reevaluate after: 9188 steps, with return 132.87381959174152
Reevaluate after: 9239 steps, with return 134.28920248778974
Reevaluate after: 9290 steps, with return 136.2142483202934
Reevaluate after: 9341 steps, with return 133.6464226868638
Reevaluate after: 9392 steps, with return 133.7296628424407
Reevaluate after: 9443 steps, with return 133.9629938553838
Reevaluate after: 9494 steps, with return 136.128895460318
Reevaluate after: 9545 steps, with return 129.16456550684995
Reevaluate after: 9596 steps, with return 132.18260078791656
Reevaluate after: 9647 steps, with return 135.31670431460165
Reevaluate after: 9698 steps, with return 135.25980847305715
Reevaluate after: 9749 steps, with return 132.5316198342613
Reevaluate after: 9800 steps, with return 132.17627324387644
Reevaluate after: 9851 steps, with return 134.93095131208642
Reevaluate after: 9902 steps, with return 127.36520759985942
Reevaluate after: 9953 steps, with return 134.34965589094293
Reevaluate after: 10004 steps, with return 134.53901147104307
Reevaluate after: 10055 steps, with return 134.88397764931182
Reevaluate after: 10106 steps, with return 135.51429947337343
Reevaluate after: 10157 steps, with return 131.48569394699305
Reevaluate after: 10208 steps, with return 132.27332934680757
Reevaluate after: 10259 steps, with return 135.58629647892047
Reevaluate after: 10310 steps, with return 135.98825391018408
Reevaluate after: 10361 steps, with return 133.5510938870541
Reevaluate after: 10412 steps, with return 135.07628445259027
Reevaluate after: 10463 steps, with return 134.8803285419599
Reevaluate after: 10514 steps, with return 131.62590824188823
Reevaluate after: 10565 steps, with return 132.55674404859616
Reevaluate after: 10616 steps, with return 129.94873949120998
Reevaluate after: 10667 steps, with return 131.9640297742559
Reevaluate after: 10718 steps, with return 135.2870127690359
Reevaluate after: 10769 steps, with return 135.56530028322547
Reevaluate after: 10820 steps, with return 130.13418726981425
Reevaluate after: 10871 steps, with return 131.17986103151654
Reevaluate after: 10922 steps, with return 133.51425478210422
Reevaluate after: 10973 steps, with return 134.04591520128366
Reevaluate after: 11024 steps, with return 134.23487917445567
Reevaluate after: 11075 steps, with return 130.11968224994635
Improvement after: 11078 steps, with return 131.77367789677072, Elapsed: 7369.726838
Reevaluate after: 11129 steps, with return 129.87796113053304
Reevaluate after: 11180 steps, with return 131.6147426949332
Reevaluate after: 11231 steps, with return 131.43818684911326
Reevaluate after: 11282 steps, with return 132.14408239649887
Reevaluate after: 11333 steps, with return 131.96761147020476
Reevaluate after: 11384 steps, with return 131.67728626777298
Reevaluate after: 11435 steps, with return 131.16130433552814
Reevaluate after: 11486 steps, with return 130.37732337459738
Reevaluate after: 11537 steps, with return 131.17362380740371
Reevaluate after: 11588 steps, with return 131.4353453337484
Reevaluate after: 11639 steps, with return 130.7911139317186
Reevaluate after: 11690 steps, with return 132.40928241875082
Reevaluate after: 11741 steps, with return 132.15464883777614
Reevaluate after: 11792 steps, with return 131.07890857664756
Reevaluate after: 11843 steps, with return 131.23005568219278
Reevaluate after: 11894 steps, with return 132.27555769401295
Reevaluate after: 11945 steps, with return 132.5689041806057
Reevaluate after: 11996 steps, with return 132.1961380388015
Reevaluate after: 12047 steps, with return 131.81465313210182
Reevaluate after: 12098 steps, with return 131.03869469125874
Reevaluate after: 12149 steps, with return 130.47203131405507
Reevaluate after: 12200 steps, with return 131.46925354378794
Reevaluate after: 12251 steps, with return 132.59853725991624
Reevaluate after: 12302 steps, with return 131.4332182354626
Reevaluate after: 12353 steps, with return 131.8581571670257
Reevaluate after: 12404 steps, with return 131.5442462679486
Reevaluate after: 12455 steps, with return 131.29336294064555
Reevaluate after: 12506 steps, with return 132.2110970090244
Reevaluate after: 12557 steps, with return 131.48989650817384
Reevaluate after: 12608 steps, with return 130.94390707660682
Reevaluate after: 12659 steps, with return 132.23506597820085
Reevaluate after: 12710 steps, with return 132.33618693702385
Reevaluate after: 12761 steps, with return 132.67016970123996
Reevaluate after: 12812 steps, with return 132.1887229030212
Reevaluate after: 12863 steps, with return 131.48808173274261
Reevaluate after: 12914 steps, with return 131.21613533417423
Reevaluate after: 12965 steps, with return 131.18337524219936
Reevaluate after: 13016 steps, with return 131.97245089806458
Reevaluate after: 13067 steps, with return 130.1408216739232
Reevaluate after: 13118 steps, with return 131.04156581138557
Reevaluate after: 13169 steps, with return 132.06245183085386
Reevaluate after: 13220 steps, with return 132.73799426204843
Reevaluate after: 13271 steps, with return 132.33301524386417
Reevaluate after: 13322 steps, with return 131.4135186804274
Reevaluate after: 13373 steps, with return 130.55281238526595
Reevaluate after: 13424 steps, with return 131.4121346950417
Reevaluate after: 13475 steps, with return 131.01314410880997
Reevaluate after: 13526 steps, with return 131.09217829133516
Reevaluate after: 13577 steps, with return 130.37688365564716
Reevaluate after: 13628 steps, with return 131.63243451554635
Reevaluate after: 13679 steps, with return 130.69566639349225
Reevaluate after: 13730 steps, with return 131.12547529793693
Reevaluate after: 13781 steps, with return 132.78706146923318
Reevaluate after: 13832 steps, with return 131.62017808149727
Reevaluate after: 13883 steps, with return 131.20169455958506
Reevaluate after: 13934 steps, with return 130.04881220625848
Reevaluate after: 13985 steps, with return 131.50045189686233
Reevaluate after: 14036 steps, with return 131.52950446015336
Reevaluate after: 14087 steps, with return 131.98607173299055
Reevaluate after: 14138 steps, with return 131.09856728645724
Reevaluate after: 14189 steps, with return 130.73628704541625
Reevaluate after: 14240 steps, with return 131.39393118943545
Reevaluate after: 14291 steps, with return 132.25040922726512
Reevaluate after: 14342 steps, with return 131.27698845678285
Reevaluate after: 14393 steps, with return 131.41754469295896
Reevaluate after: 14444 steps, with return 131.6590781765845
Reevaluate after: 14495 steps, with return 131.7076550464926
Reevaluate after: 14546 steps, with return 131.75879164847436
Reevaluate after: 14597 steps, with return 130.62747886886217
Reevaluate after: 14648 steps, with return 131.24922766338597
Reevaluate after: 14699 steps, with return 130.2772131749755
Reevaluate after: 14750 steps, with return 131.90114686967746
Reevaluate after: 14801 steps, with return 131.41115022327614
Reevaluate after: 14852 steps, with return 131.60827309513365
Reevaluate after: 14903 steps, with return 131.93839640876928
Reevaluate after: 14954 steps, with return 131.46055425337292
Reevaluate after: 15005 steps, with return 132.37012628334944
Reevaluate after: 15056 steps, with return 131.27174282548054
Reevaluate after: 15107 steps, with return 132.12898079610218
Reevaluate after: 15158 steps, with return 132.30940926995893
Reevaluate after: 15209 steps, with return 131.1474587944277
Reevaluate after: 15260 steps, with return 131.62700220918623
Reevaluate after: 15311 steps, with return 132.7079497785725
Reevaluate after: 15362 steps, with return 131.28584599155815
Reevaluate after: 15413 steps, with return 129.63801813198864
Reevaluate after: 15464 steps, with return 131.9445930466477
Reevaluate after: 15515 steps, with return 131.52496287535502
Reevaluate after: 15566 steps, with return 131.21733977633178
Reevaluate after: 15617 steps, with return 132.3223389387452
Reevaluate after: 15668 steps, with return 130.96133149425464
Reevaluate after: 15719 steps, with return 131.42304612888842
Reevaluate after: 15770 steps, with return 131.7363858435221
Reevaluate after: 15821 steps, with return 130.8000510387551
Reevaluate after: 15872 steps, with return 131.07555422406506
Reevaluate after: 15923 steps, with return 132.08457956439761
Reevaluate after: 15974 steps, with return 131.52046750520847
Reevaluate after: 16025 steps, with return 131.5253849812328
Reevaluate after: 16076 steps, with return 131.62199681008394
Reevaluate after: 16127 steps, with return 131.69510873798566
Reevaluate after: 16178 steps, with return 131.21424809443883
Reevaluate after: 16229 steps, with return 131.24837693833422
Reevaluate after: 16280 steps, with return 131.27730411112913
Reevaluate after: 16331 steps, with return 131.4574732458892
Reevaluate after: 16382 steps, with return 131.7174920534775
Reevaluate after: 16433 steps, with return 132.08242299804192
Reevaluate after: 16484 steps, with return 131.31873204790912
Reevaluate after: 16535 steps, with return 131.26559841615543
Reevaluate after: 16586 steps, with return 131.78124195011657
Reevaluate after: 16637 steps, with return 131.9882401729489
Reevaluate after: 16688 steps, with return 131.44362077763884
Reevaluate after: 16739 steps, with return 132.21707577751818
Reevaluate after: 16790 steps, with return 130.6836619283613
Reevaluate after: 16841 steps, with return 131.82386732459898
Reevaluate after: 16892 steps, with return 130.39932517742287
Reevaluate after: 16943 steps, with return 132.8538568739244
Reevaluate after: 16994 steps, with return 131.81838047232705
Reevaluate after: 17045 steps, with return 130.24173963357867
Reevaluate after: 17096 steps, with return 130.14964287630133
Reevaluate after: 17147 steps, with return 131.76763598746842
Reevaluate after: 17198 steps, with return 130.91210135469055
Reevaluate after: 17249 steps, with return 130.88822731849876
Reevaluate after: 17300 steps, with return 132.10564574256392
Reevaluate after: 17351 steps, with return 131.76328790431975
Reevaluate after: 17402 steps, with return 131.3682808201762
Reevaluate after: 17453 steps, with return 132.09631539629362
Reevaluate after: 17504 steps, with return 131.06749146337623
Reevaluate after: 17555 steps, with return 131.5816866960593
Reevaluate after: 17606 steps, with return 130.53121698966498
Reevaluate after: 17657 steps, with return 131.2057669931532
Reevaluate after: 17708 steps, with return 131.86022893319645
Reevaluate after: 17759 steps, with return 131.45819680419402
Reevaluate after: 17810 steps, with return 131.83597925637923
Reevaluate after: 17861 steps, with return 129.74698413334923
Reevaluate after: 17912 steps, with return 132.17887968013753
Reevaluate after: 17963 steps, with return 132.32240318970702
Reevaluate after: 18014 steps, with return 131.3247496105094
Reevaluate after: 18065 steps, with return 131.90802525164594
Reevaluate after: 18116 steps, with return 132.10685207380973
Reevaluate after: 18167 steps, with return 130.54880472732268
Reevaluate after: 18218 steps, with return 132.1154276074113
Reevaluate after: 18269 steps, with return 131.7711828299378
Reevaluate after: 18320 steps, with return 131.5450355985658
Reevaluate after: 18371 steps, with return 131.53041556565182
Reevaluate after: 18422 steps, with return 131.8764915590319
Reevaluate after: 18473 steps, with return 131.5894996984568
Reevaluate after: 18524 steps, with return 130.94015931331666
Reevaluate after: 18575 steps, with return 131.762390216232
Reevaluate after: 18626 steps, with return 131.85843486387307
Reevaluate after: 18677 steps, with return 132.21323508099422
Reevaluate after: 18728 steps, with return 131.3824589619533
Reevaluate after: 18779 steps, with return 132.38490849782622
Reevaluate after: 18830 steps, with return 130.66113472134344
Reevaluate after: 18881 steps, with return 131.03930456669463
Reevaluate after: 18932 steps, with return 131.00737520111366
Reevaluate after: 18983 steps, with return 131.22079171064556
Reevaluate after: 19034 steps, with return 131.69113352660264
Reevaluate after: 19085 steps, with return 131.77708028723933
Reevaluate after: 19136 steps, with return 131.602292818579
Reevaluate after: 19187 steps, with return 132.35054155233482
Reevaluate after: 19238 steps, with return 131.4958915438784
Reevaluate after: 19289 steps, with return 130.42534218564847
Reevaluate after: 19340 steps, with return 130.80508040511103
Reevaluate after: 19391 steps, with return 130.66460167119047
Reevaluate after: 19442 steps, with return 132.33014493836836
Reevaluate after: 19493 steps, with return 131.92166071322782
Reevaluate after: 19544 steps, with return 132.35502030127162
Reevaluate after: 19595 steps, with return 131.48765489229658
Reevaluate after: 19646 steps, with return 130.93462012562003
Reevaluate after: 19697 steps, with return 130.22027427269128
Reevaluate after: 19748 steps, with return 131.030471483217
Reevaluate after: 19799 steps, with return 132.15297652348397
Reevaluate after: 19850 steps, with return 132.05084569722794
Reevaluate after: 19901 steps, with return 131.6497131847846
Reevaluate after: 19952 steps, with return 132.7919676557862
Reevaluate after: 20003 steps, with return 132.42131481740188
Reevaluate after: 20054 steps, with return 131.9216372099527
Reevaluate after: 20105 steps, with return 131.9755202532653
Reevaluate after: 20156 steps, with return 131.6199408844554
Reevaluate after: 20207 steps, with return 131.63793909377551
Reevaluate after: 20258 steps, with return 132.07473443472176
Reevaluate after: 20309 steps, with return 132.06967642022033
Reevaluate after: 20360 steps, with return 131.0808225849517
Reevaluate after: 20411 steps, with return 131.900626356769
Reevaluate after: 20462 steps, with return 133.19864020696986
Reevaluate after: 20513 steps, with return 130.9431194436439
Reevaluate after: 20564 steps, with return 131.5176985629269
Reevaluate after: 20615 steps, with return 131.56363507304098
Reevaluate after: 20666 steps, with return 131.12916509443434
Reevaluate after: 20717 steps, with return 130.7439813060662
Reevaluate after: 20768 steps, with return 130.66311899295513
Reevaluate after: 20819 steps, with return 131.82700159670836
Reevaluate after: 20870 steps, with return 131.94156962254934
Reevaluate after: 20921 steps, with return 132.2272802378191
Reevaluate after: 20972 steps, with return 132.44463679090765
Reevaluate after: 21023 steps, with return 131.91135502248375
Reevaluate after: 21074 steps, with return 132.78188104454915
Reevaluate after: 21125 steps, with return 131.75941743716106
Reevaluate after: 21176 steps, with return 132.61350543839458
Reevaluate after: 21227 steps, with return 133.13216405922716
Reevaluate after: 21278 steps, with return 131.4459840389256
Reevaluate after: 21329 steps, with return 132.88255340976076
Reevaluate after: 21380 steps, with return 131.28490478958807
Reevaluate after: 21431 steps, with return 131.39177319081062
Reevaluate after: 21482 steps, with return 132.12105595414
Reevaluate after: 21533 steps, with return 131.2488120622539
Reevaluate after: 21584 steps, with return 131.16662165862687
Reevaluate after: 21635 steps, with return 131.7663727359414
Reevaluate after: 21686 steps, with return 131.48606558425575
Reevaluate after: 21737 steps, with return 130.94333675052073
Reevaluate after: 21788 steps, with return 132.07944438941976
Reevaluate after: 21839 steps, with return 129.78883694865462
Reevaluate after: 21890 steps, with return 131.10431389934226
Reevaluate after: 21941 steps, with return 132.13615954600277
Reevaluate after: 21992 steps, with return 132.04713768857658
Reevaluate after: 22043 steps, with return 130.8488859972353
Reevaluate after: 22094 steps, with return 131.31279815328912
Reevaluate after: 22145 steps, with return 132.4584159356436
Reevaluate after: 22196 steps, with return 132.07428433127603
Reevaluate after: 22247 steps, with return 130.93750531159586
Reevaluate after: 22298 steps, with return 131.9178730508436
Reevaluate after: 22349 steps, with return 131.11802791123296
Reevaluate after: 22400 steps, with return 132.27091108836024
Reevaluate after: 22451 steps, with return 130.9181241761376
Reevaluate after: 22502 steps, with return 132.5227049524083
Reevaluate after: 22553 steps, with return 131.61958347476806
Reevaluate after: 22604 steps, with return 131.13670627766237
Reevaluate after: 22655 steps, with return 131.85612525320582
Reevaluate after: 22706 steps, with return 131.0723537919152
Reevaluate after: 22757 steps, with return 132.28523176815503
Reevaluate after: 22808 steps, with return 131.48161595424523
Reevaluate after: 22859 steps, with return 130.75377170385846
Reevaluate after: 22910 steps, with return 131.57217127422155
Reevaluate after: 22961 steps, with return 129.70437587898545
Reevaluate after: 23012 steps, with return 132.2457120310354
Reevaluate after: 23063 steps, with return 131.59815724453773
Reevaluate after: 23114 steps, with return 130.62492662901494
Reevaluate after: 23165 steps, with return 130.84741586962264
Reevaluate after: 23216 steps, with return 131.59340049258134
Reevaluate after: 23267 steps, with return 131.79485909485507
Reevaluate after: 23318 steps, with return 130.22376895522854
Reevaluate after: 23369 steps, with return 130.18441540028974
Reevaluate after: 23420 steps, with return 130.34237249680146
Reevaluate after: 23471 steps, with return 131.8616312116182
Reevaluate after: 23522 steps, with return 130.53766702458947
Reevaluate after: 23573 steps, with return 131.6060511174942
Reevaluate after: 23624 steps, with return 131.25825553085014
Reevaluate after: 23675 steps, with return 130.82422074566716
Reevaluate after: 23726 steps, with return 131.74867123165308
Reevaluate after: 23777 steps, with return 130.11871595849644
Reevaluate after: 23828 steps, with return 131.35070088129956
Reevaluate after: 23879 steps, with return 132.04287586190856
Reevaluate after: 23930 steps, with return 131.4693918623148
Reevaluate after: 23981 steps, with return 132.02418420899494
Reevaluate after: 24032 steps, with return 131.16136387873738
Reevaluate after: 24083 steps, with return 130.68719611559158
Reevaluate after: 24134 steps, with return 131.29189600097638
Reevaluate after: 24185 steps, with return 131.67187951489353
Reevaluate after: 24236 steps, with return 131.372325318667
Reevaluate after: 24287 steps, with return 131.48870361965007
Reevaluate after: 24338 steps, with return 130.30349062501747
Reevaluate after: 24389 steps, with return 131.14662016296074
Reevaluate after: 24440 steps, with return 132.23678616063836
Reevaluate after: 24491 steps, with return 132.85550316433526
Reevaluate after: 24542 steps, with return 130.33059531680942
Reevaluate after: 24593 steps, with return 131.81485481680687
Reevaluate after: 24644 steps, with return 132.21646388365176
Reevaluate after: 24695 steps, with return 131.02609606588248
Reevaluate after: 24746 steps, with return 132.3781461293903
Reevaluate after: 24797 steps, with return 131.55699452845397
Reevaluate after: 24848 steps, with return 131.21402826458788
Reevaluate after: 24899 steps, with return 131.3740730957006
Reevaluate after: 24950 steps, with return 133.03167477324436
Total steps done: 25000
