0;-819.4610249076428;-974.5662988554374;0.464863
50;-295.818072582615;-969.9991874039445;24.936684
100;-219.96439828973257;-831.0368333531434;49.621014
150;534.8738732625442;-799.2448685739827;72.482624
200;520.0049437371553;-805.9280262404067;95.30983
250;645.7860941823598;-797.370642206555;117.574083
300;1193.0114233814907;-767.7679017020013;140.200684
350;1194.4410453632308;-758.2851145011559;162.504694
400;1178.5823943804596;-755.4501771412566;184.952927
450;1209.0595339039992;-751.1624469453783;207.38492
500;1185.978956464333;-731.8686977490903;229.880324
550;1190.0714096144795;-737.3107531638398;252.160836
600;1209.6552545647762;-736.1171186896706;274.339259
650;1365.8078946373455;-718.6457454591637;296.704358
700;1286.2765023144289;-708.9065123536238;318.716807
750;1426.4049683800652;-690.9590504439673;340.75988
800;1433.8966380285244;-692.0553981834829;362.563944
850;1442.1843453327251;-679.8303218719235;384.792532
900;1328.591428013721;-672.692826324698;406.151323
950;1552.0206934653845;-659.9844926081258;427.493913
1000;1466.3655387080726;-663.099130195425;448.859853
1050;1736.8508577256177;-652.6373719464893;469.582672
1100;1730.0375771787917;-644.8658900105975;490.407518
1150;1723.7941479461672;-635.0421609032512;511.095001
1200;1728.4545317727107;-631.9512561031896;532.16916
1250;1728.3153861568926;-631.1921693850086;553.021913
1300;1677.7030282371684;-631.3529926714403;573.697598
1350;1676.1727420657712;-632.4170099074233;594.795981
1400;1683.3420969905678;-627.3391106523824;615.809816
1450;1665.7716333081144;-627.4633613336905;636.674192
1500;2082.3829690749185;-616.2096373040005;657.681592
1550;2040.1959738279497;-603.9405413918009;678.74769
1600;2077.7434363424586;-597.5869414228024;699.742618
1650;2072.1851926806876;-587.2852052798667;720.786845
1700;2150.989084185985;-576.0850941292788;741.438256
1750;2285.6380876929493;-547.2961285083018;761.631302
1800;2284.9055470662647;-525.4290336052853;782.726965
1850;2283.534430672389;-501.2287001444486;803.303404
1900;2283.7129759646414;-484.6906649023413;824.362402
1950;2356.9292789077945;-463.06685781164003;844.703117
2000;2533.3461425430564;-440.87269646000266;864.828718
2050;2543.798632055607;-418.85727132618064;885.269999
2100;2543.2663334866693;-395.6351464551362;905.72215
2150;2539.703895498668;-375.1729685975197;926.336584
2200;2596.166806391761;-358.43223306427217;946.613589
2250;2612.0705363809448;-341.0202407635723;966.921997
2300;2444.2688888189195;-331.27570737945086;987.165067
2350;2352.208273142318;-306.37560141787867;1006.702834
2400;1901.890577367309;-290.6661754848694;1026.30243
2450;1872.1194489386305;-285.0760703972891;1045.889761
2500;1827.4340662005495;-277.839007957294;1065.125919
2550;1907.8403108968537;-266.2037866624467;1084.618361
2600;1776.2083556884033;-252.84913229388266;1103.937329
2650;1752.349310311556;-254.04370224245764;1124.091934
2700;1955.6751804678815;-245.7378688033583;1143.925026
2750;2031.0452854431444;-239.84044977140337;1163.550008
2800;2264.81088228026;-228.576846550263;1183.314748
2850;3083.8296588804683;-215.20840826572658;1202.967009
2900;3123.1252265149883;-217.96446939841908;1222.638807
2950;2850.8572832082587;-213.86301042013585;1242.05115
3000;2826.62180029088;-203.5136133214147;1261.433433
3050;2781.9665232409093;-197.90384418798342;1281.554276
3100;2823.230572280944;-192.1602880090357;1301.420387
3150;2818.0290976715064;-194.91728437806748;1321.504652
3200;2823.7478043077276;-187.2143783612555;1340.971866
3250;2892.2892106850713;-177.68481403344435;1360.861873
3300;2927.940594271602;-165.85847424004615;1380.676319
3350;2867.8152287101325;-158.0446987954114;1400.336041
3400;2757.512237793282;-150.51903105235752;1419.915669
3450;2862.1111814648093;-144.4524175992562;1439.912467
3500;2916.611956867612;-135.04125078296835;1459.675295
3550;2905.1115469715464;-127.10074297161114;1479.442132
3600;2829.9835336129704;-124.29964216704438;1499.029851
3650;2944.431744556022;-126.29647980521065;1519.123086
3700;2862.486375636143;-128.7026436638746;1539.254487
3750;2941.0971879915537;-127.09799193155297;1559.081307
3800;3039.6484052265405;-125.45574114551555;1579.070419
3850;2954.7685941979516;-133.1597716195158;1599.147942
3900;2881.8548523799345;-140.64529150529347;1619.500888
3950;2269.7985226969886;-143.45114024097236;1639.857508
4000;2261.4216173632403;-145.27881371553173;1660.394957
4050;3080.820235564889;-143.14731696769664;1680.153725
4100;3068.8783360945654;-143.42082263333737;1700.087596
4150;3108.5145918898693;-149.13746332347853;1720.24536
4200;2859.1510801027475;-153.04911016032793;1740.48013
4250;3034.106066342529;-152.76596360481147;1760.245839
4300;3088.7011965551314;-155.39015017565436;1780.434008
4350;3110.7617461212503;-156.75289939503605;1800.714494
4400;2922.159324387278;-161.35597783707192;1821.109417
4450;3103.398067248624;-165.3463493217648;1841.466574
4500;3090.2952791680273;-169.39953234923078;1861.843199
4550;2999.0879158077933;-169.99001219783779;1881.877784
4600;3065.7614256555507;-174.00413114266476;1902.079182
4650;3043.9692347435207;-177.01111513467842;1922.501287
4700;2964.2760087073216;-173.01248402222453;1942.310093
4750;2952.9131060482027;-176.0581234283327;1962.033061
4800;3094.5245611379305;-182.99919790082575;1982.097003
4850;1036.537577799254;-185.64653478215862;2002.218851
4900;1866.2849716758335;-184.73159008472223;2021.873693
4950;2270.351873742041;-190.7837880851052;2041.781371
5000;2274.995264194105;-198.73564111379238;2061.658578
5050;2267.4581580587333;-210.3119001289324;2081.870934
5100;2268.3428953425614;-224.36442820817882;2102.182694
5150;2272.68315299615;-242.9127341215446;2122.578384
5200;2630.4328278287703;-245.64907672559767;2142.07551
5250;2631.9950129299264;-252.2959538075538;2162.224533
5300;2695.2640360313644;-258.0432542611047;2182.287623
5350;1975.7483812768362;-259.2541945459109;2202.400502
5400;2142.3337644668954;-262.6187532774491;2222.417048
5450;1822.133634798214;-261.53774447538547;2241.970083
5500;1994.3833688830073;-256.2098650159845;2261.786191
5550;2038.9748251212673;-256.2764282810957;2282.088132
5600;2038.35916873806;-256.8668796902422;2302.337235
5650;1997.9274844303966;-255.0863009532078;2322.584791
5700;1999.4273911691128;-253.29418431959752;2342.688891
5750;2231.6825538746766;-252.63629300719617;2362.504225
5800;2031.3536481547799;-250.68622106290331;2382.366082
5850;2458.9162631444183;-245.8308587115013;2402.172906
5900;2100.201395918068;-240.02895222224512;2422.130972
5950;2361.000208465176;-232.57383970971085;2441.440963
6000;3243.6081794041015;-225.116447131699;2460.387046
6050;3228.9536746102162;-216.72406552225777;2479.662425
6100;3023.273693101218;-212.11143039627825;2499.401848
6150;3261.877692870007;-208.2330725358611;2518.755104
6200;2581.4097663490656;-205.23192054062832;2538.860903
6250;2517.4025771238903;-200.46331610577724;2557.936204
6300;2622.636297856077;-195.80281203665663;2577.517226
6350;2607.05836974009;-195.69236421222715;2597.209347
6400;2502.233524162787;-195.02362673553802;2616.673196
6450;2534.1124877460475;-191.97112587255546;2636.206433
6500;2610.6297467539075;-192.0233215398473;2655.846354
6550;2224.6344294835058;-190.0030073944136;2675.501003
6600;2499.3138402828286;-187.37575989044132;2695.695604
6650;2955.783990640311;-180.93336371061673;2715.106202
6700;2835.9099855371755;-171.72504882706318;2734.700802
6750;2850.8387645148964;-164.05459938987136;2754.297999
6800;2934.067602170744;-157.69690087460882;2774.433276
6850;3009.0568871547066;-156.8564330920241;2794.412973
6900;2784.079260760292;-152.92420308956105;2814.280108
6950;2652.1107879848673;-149.1820356842133;2834.155625
7000;2781.522619513724;-146.08599567793814;2854.131071
7050;2913.9044280176026;-144.06256433539264;2874.093998
7100;2996.293692828173;-140.73259735498098;2893.728269
7150;3088.75506104021;-137.3297019846198;2913.634633
7200;3027.340879887021;-135.08639532610556;2933.411739
7250;3076.4892971339677;-134.67266357431248;2953.379177
7300;3073.8068821869824;-138.47588801514615;2973.412061
7350;3048.4295934205893;-137.56805367081353;2993.450958
7400;3018.46542872663;-132.6252541141411;3013.311319
7450;3194.5320401480913;-129.3365738950325;3032.973789
7500;2964.798307020945;-123.29255473532031;3052.675452
7550;2962.2223490077745;-119.54686102177538;3072.510429
7600;3048.627911190278;-115.9309268267803;3092.450632
7650;3196.9247514652934;-110.92195752591822;3112.422962
7700;3045.8772138911177;-104.94573447011237;3132.308647
7750;2700.2514298431524;-106.26267864183633;3152.403337
7800;3008.963672036162;-101.64263071072554;3172.414363
7850;2928.9204677048783;-99.13620154973843;3192.207324
7900;2801.5061244495273;-96.40983384685423;3212.008846
7950;2992.0752661223837;-94.14152636290403;3231.72447
8000;2966.6913021340047;-91.28543502598862;3251.775543
8050;2966.064448845995;-87.67629307544999;3271.695296
8100;2947.2864909293176;-84.59593637458693;3291.667523
8150;2929.550795479917;-81.00876900585556;3311.247444
8200;3031.4802565131295;-78.80700101984938;3331.204908
8250;2982.3833407962607;-77.8832609000221;3350.693707
8300;2449.4463726634463;-75.13037248547936;3370.299302
8350;2782.3062507282943;-71.53901839451709;3390.247165
8400;2930.042106772145;-69.72133015329507;3409.782981
8450;2197.0075233349908;-68.44521681512137;3429.173173
8500;2174.927618666167;-66.82717021320884;3448.966272
8550;2553.1413802790435;-62.846905655614144;3469.444043
8600;2556.9755576417306;-58.625345030961725;3489.56177
8650;2555.0511683351288;-52.20732714497287;3509.653212
8700;2753.8009058665116;-46.530906914340875;3529.191165
8750;2746.3128531773095;-40.996121812612905;3548.92941
8800;2667.2660838430256;-32.5218298386451;3568.211389
8850;2866.5607970959436;-26.199477351855126;3587.321093
8900;2760.407564534184;-19.728826755345768;3606.59145
8950;3042.996761430747;-14.50892924253689;3625.826962
9000;2954.3093202319114;-7.319184355622783;3644.949396
9050;2781.443150789282;-1.683665688840107;3663.98759
9100;2669.9349735613855;2.529775620780314;3683.194276
9150;2952.6621958099504;8.542125650848137;3702.588258
9200;3311.3739753032314;16.671625478865455;3722.075032
9250;3290.1534614761977;24.008092732059257;3741.341537
9300;3354.2213932847594;31.741327571066314;3760.95716
9350;3572.3110714498594;38.78175490439681;3780.078587
9400;3387.657510744418;44.103342322119104;3799.380768
9450;3374.7509030298083;51.52406969552568;3818.92788
9500;2986.8608235191064;58.06533636695712;3837.782245
9550;3479.608665725064;63.512714435405094;3856.821295
9600;3008.8935473436495;67.30752616018472;3875.885749
9650;1772.0554481182166;71.25983274089329;3895.378507
9700;3187.1133632394562;77.41507410396464;3913.827437
9750;2926.5941110311605;83.47784370593797;3932.78697
9800;3393.5634444847483;91.06927740276916;3950.93721
9850;3450.8430011306045;97.07288195216242;3969.824366
9900;3521.347803761266;103.41262640222655;3987.975804
9950;3185.2767246493645;109.32865527524916;4006.742703
10000;3516.563717454874;117.10608431621313;4025.725834
10050;3250.161848711892;123.21670471426275;4045.083425
10100;2635.423361410335;127.57334648324643;4064.238833
10150;2979.4554880487726;134.2916187502189;4082.823202
10200;3109.1882833595923;142.92060857732503;4101.487018
10250;2986.28822589665;149.33770380499786;4120.628423
10300;3237.7747761052133;154.11692043287204;4139.890748
10350;2754.9790462796295;159.0418628812075;4158.670991
10400;2673.606348601994;164.48785392322523;4177.950745
10450;2736.8127864322114;171.328848369843;4197.163495
10500;2630.4061089846377;176.6834769007881;4216.416034
10550;3019.495115040727;181.42700793702954;4236.151637
10600;3221.083701438247;189.13533308657696;4255.578747
10650;3351.2008435868174;195.4553408794175;4275.067673
10700;3323.5530531724035;200.0182112341547;4294.456453
10750;3222.0562857820723;205.44373000613558;4313.999308
10800;3242.735775332455;209.97523948253823;4333.879209
10850;3382.2138950651192;213.30679699896447;4353.390584
10900;3353.8599944747325;215.59408524743006;4372.906806
10950;3091.6810225970803;219.04228468029453;4392.668323
11000;2769.8006056774543;223.26668392435505;4412.079876
11050;2677.2668754551555;227.89882811118378;4431.78345
11100;3027.2858778124246;234.0312291548355;4451.101268
11150;3128.7434177168225;240.69252768744187;4470.778527
11200;3288.7813078974646;246.41925335520568;4489.798937
11250;3242.347567572372;253.39474419233358;4509.169913
11300;3053.433605284409;257.33497106602704;4528.815347
11350;3094.686800616201;261.4307385080956;4548.258174
11400;3269.870790444435;266.6150247241383;4567.702165
11450;3189.0109319041567;270.63372796714435;4587.408286
11500;3228.9429899238185;275.35381977659335;4606.825311
11550;3374.7848917733954;280.23982025249427;4626.44697
11600;3285.901871475289;285.7836416422747;4645.771812
11650;3286.2685959361925;290.6863171563506;4665.560992
11700;3443.99789644273;295.4672095651578;4684.879327
11750;3441.4110948281445;300.19778548253413;4704.319237
11800;3600.798454980273;303.7572264512317;4723.816852
11850;3054.1114621845654;308.16406890140354;4743.451091
11900;3339.78617547226;312.4632947742995;4763.453606
11950;3203.098184006162;314.14990622135355;4783.967137
12000;2666.097306932161;316.5006749524435;4803.548069
12050;2861.02807259991;318.63591553359754;4823.879703
12100;2327.255072598721;322.96785107914917;4843.205853
12150;2843.6960208713535;326.03042030920716;4862.430189
12200;2971.4676560589123;327.88253744693253;4881.731943
12250;2397.4738360227034;331.0456395563546;4901.254075
12300;1221.6458214663583;330.69618208027146;4920.927155
12350;1855.2072233476629;330.8924181346614;4941.197743
12400;1922.3148016280632;333.7676987762704;4961.518369
12450;2185.7029195594723;338.05035740614886;4981.424622
12500;2810.5177065124035;343.02676473267456;5000.551191
12550;2375.2576923023375;347.7125020922862;5020.114557
12600;2997.575726960256;353.0310699538776;5039.353436
12650;3093.614338385453;358.735565311791;5058.322062
12700;3140.2521260378558;364.1785341304339;5077.186976
12750;3378.2259593696213;369.9298304462672;5096.64096
12800;3307.338412480696;374.8354532820815;5115.783733
12850;3466.505319411533;379.1204431929099;5134.712009
12900;3618.951661921112;383.9546815993597;5154.070067
12950;3624.8954167736047;388.4041326439882;5173.108324
13000;3399.6628272209373;392.9340751166192;5192.437515
13050;3524.0554282116454;396.3610283599308;5211.873031
13100;3385.8033565041264;398.67335129457297;5231.495796
13150;3309.00992009752;401.18754771290236;5251.169188
13200;3256.4218639370497;404.3365923777486;5270.679589
13250;3445.061953078174;407.6359846464966;5289.673025
13300;3418.000771308687;411.46987537776494;5308.900978
13350;3414.212336553452;415.4047159136248;5327.702152
13400;3595.129744497255;419.68448349889417;5347.197016
13450;3310.4491566863107;424.0758613986362;5366.771906
13500;3450.6550851131005;428.43461850211594;5386.254922
13550;2859.784981213236;430.2223886522318;5406.151342
13600;2894.0822066971346;433.297707708504;5425.983653
13650;3169.8258019579557;436.82849975987307;5445.620231
13700;3234.8222142578497;441.2253788871627;5464.733305
13750;3242.4594465661353;446.11706910012873;5484.256839
13800;3236.460137908422;450.144722437842;5503.686513
13850;3241.3212039173654;453.7887342595862;5523.096848
13900;3172.7286428867665;455.4969503511035;5542.664581
13950;3177.2529240153717;459.740759763485;5562.19461
14000;3241.840580025519;462.7876224204414;5581.890159
14050;3235.182989534828;465.8220862182102;5601.299056
14100;3093.688892826922;468.1057711718587;5620.39299
14150;3245.020215731331;470.7775193238184;5639.671463
14200;3292.305306684205;474.4600825582095;5658.693602
14250;3444.0907286583974;479.08374982566556;5677.832489
14300;3469.0975873582547;484.16821853855646;5696.350755
14350;3461.260579343324;487.57594973088794;5715.349475
14400;3469.986846201168;491.8377631889244;5734.556178
14450;3496.7999904379435;496.6565835794763;5753.467198
14500;3322.705579250704;500.1257002910852;5772.763403
14550;3543.4883329220816;503.1045512444649;5791.98576
14600;3346.0994487232115;506.9503442985568;5811.158764
14650;3414.419905354333;510.4892296958846;5830.45613
14700;3658.140275693081;514.7041718256157;5849.250502
14750;3661.8591253857508;519.9144105238938;5868.723508
14800;3667.730014901328;523.5392404424542;5887.810576
14850;3545.0238522119867;526.0919827658686;5907.312104
14900;3644.8995514442545;527.778747679671;5926.782194
14950;3577.179364517253;529.0015017576164;5946.725922
15000;3658.5443472600905;531.4631612939711;5966.386504
15050;3628.7248303444694;534.5686302840777;5985.663398
15100;3662.276077714418;536.0949417735526;6005.43734
15150;3637.0157043455088;539.5276426560341;6025.085452
15200;3620.8198099629544;540.8889615463748;6044.537152
15250;3661.7497393667213;543.084761416558;6063.876802
15300;3601.176521875973;545.4482622528209;6083.340824
15350;3592.008435936721;548.4342451506259;6102.064624
15400;3293.5592337537364;550.3797856617414;6121.103718
15450;2982.9415020812403;552.4451611263758;6140.081461
15500;3135.010509171436;556.0715810058873;6159.31267
15550;2927.7042290781264;560.0225150419606;6178.722451
15600;3035.0633135149255;563.6026517490069;6198.527339
15650;2742.5224040166086;566.535547107385;6218.2249
15700;3104.3321828814737;569.7450059136598;6238.006717
15750;3296.5679123711825;573.2811848848651;6257.262737
15800;3245.7508337392555;576.7578779242334;6276.457036
15850;3253.958578750868;579.3679767538088;6296.031635
15900;3245.2634032944898;582.6183771634627;6315.577703
15950;3143.5903654427257;585.2821180240202;6335.242333
16000;3370.7848271386397;588.2785991675443;6354.896846
16050;3363.815545836792;592.3311438591891;6373.8497
16100;3355.401398665264;595.2140597498618;6393.467549
16150;3360.116330467219;598.0270274752447;6413.133481
16200;3358.7757816434923;601.0033721024363;6433.151405
16250;3362.9463762160494;603.6611676764651;6452.764038
16300;3577.72366080135;606.9919063535017;6472.100004
16350;3481.1326747503936;607.9226339608088;6492.09325
16400;3434.5808946219836;610.0135916035508;6511.765076
16450;3486.2365701457265;612.190054026824;6531.508674
16500;3533.594009913705;613.8491644808116;6551.354716
16550;3225.1836380716272;616.7497500698627;6570.657579
16600;3484.230127004835;620.2131146614856;6590.475297
16650;2871.5296185253114;624.6376135913835;6610.033648
16700;3152.121516548444;627.0995083889187;6629.114429
16750;3244.7775433790484;630.0430338310156;6648.39606
16800;2967.283514895451;632.7752093756385;6668.018406
16850;3159.3616074567162;635.394607289066;6687.281267
16900;3286.8176540210684;638.1744665071609;6706.723953
16950;3174.2471413122853;641.4275678823898;6725.741229
17000;3468.384414922026;644.5662741415778;6745.163958
17050;3165.6056996616308;647.2766965771729;6764.380465
17100;3163.71518892352;649.9982798613328;6784.218948
17150;3667.9979831850023;653.4806603448247;6804.228012
17200;3936.6184850902237;655.7000485576183;6823.656671
17250;3773.84846664295;658.5715679461895;6842.912179
17300;3715.268254980859;661.4627901812995;6862.349938
17350;3630.587711532715;664.5724964173405;6881.957634
17400;3747.109807079895;668.0835460309262;6901.24844
17450;3539.0252542522935;672.0360135097364;6920.964122
17500;3796.1962456864076;677.0125191252007;6940.140391
17550;3617.84453154536;681.5498236022873;6959.784747
17600;3783.704158384592;685.2823961105834;6979.348319
17650;3836.705749276311;688.8450564412201;6998.559531
17700;3923.7716456833214;690.6466437685577;7018.534297
17750;3591.1025687998826;693.3161641280757;7038.555887
17800;3743.46947102667;695.8970809719552;7058.615866
17850;3792.760962243122;697.2182950255919;7078.50016
17900;3448.270169561284;697.093717773513;7098.929941
17950;3273.880894264169;699.4222028503185;7118.042038
18000;3434.5371086318705;702.7528894180122;7137.157621
18050;3914.5291646145765;706.2740707003906;7156.27039
18100;3428.335742634964;708.0605508457587;7175.539359
18150;3172.5437974732404;710.6302759151458;7194.550712
18200;3261.573704393108;712.973991290347;7213.285622
18250;3211.783104095703;714.8841937214027;7232.613437
18300;3460.481333803344;718.3920457609033;7251.364774
18350;3560.5563309826484;720.849738905525;7270.116026
18400;3310.0749115544227;723.7091879853944;7289.165439
18450;3495.633594228441;725.8165870806072;7308.552813
18500;3508.2068479220156;726.8140832154564;7328.211809
18550;3334.127774394168;726.9081026007779;7347.707615
18600;3414.9198347276756;728.1083822722588;7367.151407
18650;3477.8595173080416;730.4234504688997;7386.365797
18700;3499.39130865323;733.0750373420982;7406.057446
18750;2688.345026682141;734.3457318912089;7425.454779
18800;3069.989039132985;736.4164057589536;7444.739561
18850;3041.5418184763507;737.9732574437506;7463.945046
18900;3000.1395368794037;739.3369994178594;7483.632341
18950;3468.33906021719;741.547256173342;7502.823183
19000;3332.042779511325;742.5659208639773;7522.886881
19050;3336.2142090861516;743.1885127630177;7542.349185
19100;3068.0016851408036;745.2451641649562;7561.763211
19150;3251.898232042841;747.1045254881772;7581.469704
19200;3458.4954766118126;750.6827081202655;7600.111974
19250;3410.810932012128;754.2708772142645;7619.130793
19300;3179.2800815446494;758.0429368592248;7637.898161
19350;2950.0614307378896;759.5261963914584;7656.593826
19400;3479.892088523985;760.4544964609834;7676.428517
19450;3637.593630190968;762.9705211836364;7695.52911
19500;3679.81966606999;765.8728810035674;7715.217353
19550;3582.059944310432;767.6809569679092;7734.998113
19600;3409.0185921864527;769.9301178797938;7754.697994
19650;3480.6021945048064;772.8571163699355;7774.394894
19700;3545.336852949951;775.5143547477373;7794.162878
19750;3630.44883879678;778.1062639292542;7813.882349
19800;3511.5242993310876;781.457565470845;7833.101638
19850;3424.5570023127693;783.9090600961871;7853.094257
19900;3327.1699564433884;785.8195886560484;7872.984624
19950;3231.90647135324;787.2746280467366;7892.750394
20000;3671.264709999567;790.526420897093;7911.910776
20000;3553.6085317571783;790.526420897093;7913.569931
